

================================================================
== Vivado HLS Report for 'svm_classifier_Block_proc'
================================================================
* Date:           Sun Mar 11 20:17:51 2018

* Version:        2016.2 (Build 1577090 on Thu Jun 02 16:59:10 MDT 2016)
* Project:        svm_classifier_prj
* Solution:       solution1
* Product family: zynq
* Target device:  xc7z020clg484-1


================================================================
== Performance Estimates
================================================================
+ Timing (ns): 
    * Summary: 
    +--------+-------+----------+------------+
    |  Clock | Target| Estimated| Uncertainty|
    +--------+-------+----------+------------+
    |ap_clk  |  10.00|      4.38|        1.25|
    +--------+-------+----------+------------+

+ Latency (clock cycles): 
    * Summary: 
    +-----+-----+-----+-----+---------+
    |  Latency  |  Interval | Pipeline|
    | min | max | min | max |   Type  |
    +-----+-----+-----+-----+---------+
    |    0|    0|    0|    0|   none  |
    +-----+-----+-----+-----+---------+

    + Detail: 
        * Instance: 
        N/A

        * Loop: 
        N/A



================================================================
== Utilization Estimates
================================================================
* Summary: 
+-----------------+---------+-------+--------+-------+
|       Name      | BRAM_18K| DSP48E|   FF   |  LUT  |
+-----------------+---------+-------+--------+-------+
|DSP              |        -|      -|       -|      -|
|Expression       |        -|      -|       0|      1|
|FIFO             |        -|      -|       -|      -|
|Instance         |        -|      -|       -|      -|
|Memory           |        -|      -|       -|      -|
|Multiplexer      |        -|      -|       -|    209|
|Register         |        -|      -|     210|      -|
+-----------------+---------+-------+--------+-------+
|Total            |        0|      0|     210|    210|
+-----------------+---------+-------+--------+-------+
|Available        |      280|    220|  106400|  53200|
+-----------------+---------+-------+--------+-------+
|Utilization (%)  |        0|      0|   ~0   |   ~0  |
+-----------------+---------+-------+--------+-------+

+ Detail: 
    * Instance: 
    N/A

    * DSP48: 
    N/A

    * Memory: 
    N/A

    * FIFO: 
    N/A

    * Expression: 
    +--------------+----------+-------+---+----+------------+------------+
    | Variable Name| Operation| DSP48E| FF| LUT| Bitwidth P0| Bitwidth P1|
    +--------------+----------+-------+---+----+------------+------------+
    |ap_sig_54     |    or    |      0|  0|   1|           1|           1|
    +--------------+----------+-------+---+----+------------+------------+
    |Total         |          |      0|  0|   1|           1|           1|
    +--------------+----------+-------+---+----+------------+------------+

    * Multiplexer: 
    +--------------+----+-----------+-----+-----------+
    |     Name     | LUT| Input Size| Bits| Total Bits|
    +--------------+----+-----------+-----+-----------+
    |ap_return_0   |  13|          2|   13|         26|
    |ap_return_1   |  13|          2|   13|         26|
    |ap_return_10  |  13|          2|   13|         26|
    |ap_return_11  |  13|          2|   13|         26|
    |ap_return_12  |  13|          2|   13|         26|
    |ap_return_13  |  13|          2|   13|         26|
    |ap_return_14  |  13|          2|   13|         26|
    |ap_return_15  |  13|          2|   13|         26|
    |ap_return_2   |  13|          2|   13|         26|
    |ap_return_3   |  13|          2|   13|         26|
    |ap_return_4   |  13|          2|   13|         26|
    |ap_return_5   |  13|          2|   13|         26|
    |ap_return_6   |  13|          2|   13|         26|
    |ap_return_7   |  13|          2|   13|         26|
    |ap_return_8   |  13|          2|   13|         26|
    |ap_return_9   |  13|          2|   13|         26|
    |in_V_blk_n    |   1|          2|    1|          2|
    +--------------+----+-----------+-----+-----------+
    |Total         | 209|         34|  209|        418|
    +--------------+----+-----------+-----+-----------+

    * Register: 
    +-------------------+----+----+-----+-----------+
    |        Name       | FF | LUT| Bits| Const Bits|
    +-------------------+----+----+-----+-----------+
    |ap_CS_fsm          |   1|   0|    1|          0|
    |ap_done_reg        |   1|   0|    1|          0|
    |ap_return_0_preg   |  13|   0|   13|          0|
    |ap_return_10_preg  |  13|   0|   13|          0|
    |ap_return_11_preg  |  13|   0|   13|          0|
    |ap_return_12_preg  |  13|   0|   13|          0|
    |ap_return_13_preg  |  13|   0|   13|          0|
    |ap_return_14_preg  |  13|   0|   13|          0|
    |ap_return_15_preg  |  13|   0|   13|          0|
    |ap_return_1_preg   |  13|   0|   13|          0|
    |ap_return_2_preg   |  13|   0|   13|          0|
    |ap_return_3_preg   |  13|   0|   13|          0|
    |ap_return_4_preg   |  13|   0|   13|          0|
    |ap_return_5_preg   |  13|   0|   13|          0|
    |ap_return_6_preg   |  13|   0|   13|          0|
    |ap_return_7_preg   |  13|   0|   13|          0|
    |ap_return_8_preg   |  13|   0|   13|          0|
    |ap_return_9_preg   |  13|   0|   13|          0|
    +-------------------+----+----+-----+-----------+
    |Total              | 210|   0|  210|          0|
    +-------------------+----+----+-----+-----------+



================================================================
== Interface
================================================================
* Summary: 
+--------------+-----+-----+------------+----------------------------+--------------+
|   RTL Ports  | Dir | Bits|  Protocol  |        Source Object       |    C Type    |
+--------------+-----+-----+------------+----------------------------+--------------+
|ap_clk        |  in |    1| ap_ctrl_hs | svm_classifier_Block__proc | return value |
|ap_rst        |  in |    1| ap_ctrl_hs | svm_classifier_Block__proc | return value |
|ap_start      |  in |    1| ap_ctrl_hs | svm_classifier_Block__proc | return value |
|ap_done       | out |    1| ap_ctrl_hs | svm_classifier_Block__proc | return value |
|ap_continue   |  in |    1| ap_ctrl_hs | svm_classifier_Block__proc | return value |
|ap_idle       | out |    1| ap_ctrl_hs | svm_classifier_Block__proc | return value |
|ap_ready      | out |    1| ap_ctrl_hs | svm_classifier_Block__proc | return value |
|ap_return_0   | out |   13| ap_ctrl_hs | svm_classifier_Block__proc | return value |
|ap_return_1   | out |   13| ap_ctrl_hs | svm_classifier_Block__proc | return value |
|ap_return_2   | out |   13| ap_ctrl_hs | svm_classifier_Block__proc | return value |
|ap_return_3   | out |   13| ap_ctrl_hs | svm_classifier_Block__proc | return value |
|ap_return_4   | out |   13| ap_ctrl_hs | svm_classifier_Block__proc | return value |
|ap_return_5   | out |   13| ap_ctrl_hs | svm_classifier_Block__proc | return value |
|ap_return_6   | out |   13| ap_ctrl_hs | svm_classifier_Block__proc | return value |
|ap_return_7   | out |   13| ap_ctrl_hs | svm_classifier_Block__proc | return value |
|ap_return_8   | out |   13| ap_ctrl_hs | svm_classifier_Block__proc | return value |
|ap_return_9   | out |   13| ap_ctrl_hs | svm_classifier_Block__proc | return value |
|ap_return_10  | out |   13| ap_ctrl_hs | svm_classifier_Block__proc | return value |
|ap_return_11  | out |   13| ap_ctrl_hs | svm_classifier_Block__proc | return value |
|ap_return_12  | out |   13| ap_ctrl_hs | svm_classifier_Block__proc | return value |
|ap_return_13  | out |   13| ap_ctrl_hs | svm_classifier_Block__proc | return value |
|ap_return_14  | out |   13| ap_ctrl_hs | svm_classifier_Block__proc | return value |
|ap_return_15  | out |   13| ap_ctrl_hs | svm_classifier_Block__proc | return value |
|in_V_dout     |  in |  256|   ap_fifo  |            in_V            |    pointer   |
|in_V_empty_n  |  in |    1|   ap_fifo  |            in_V            |    pointer   |
|in_V_read     | out |    1|   ap_fifo  |            in_V            |    pointer   |
+--------------+-----+-----+------------+----------------------------+--------------+

