

================================================================
== Vivado HLS Report for 'svm_classifier_getTanh'
================================================================
* Date:           Sun Mar 11 20:17:53 2018

* Version:        2016.2 (Build 1577090 on Thu Jun 02 16:59:10 MDT 2016)
* Project:        svm_classifier_prj
* Solution:       solution1
* Product family: zynq
* Target device:  xc7z020clg484-1


================================================================
== Performance Estimates
================================================================
+ Timing (ns): 
    * Summary: 
    +--------+-------+----------+------------+
    |  Clock | Target| Estimated| Uncertainty|
    +--------+-------+----------+------------+
    |ap_clk  |  10.00|      8.61|        1.25|
    +--------+-------+----------+------------+

+ Latency (clock cycles): 
    * Summary: 
    +-----+-----+-----+-----+----------+
    |  Latency  |  Interval | Pipeline |
    | min | max | min | max |   Type   |
    +-----+-----+-----+-----+----------+
    |   21|   21|    1|    1| function |
    +-----+-----+-----+-----+----------+

    + Detail: 
        * Instance: 
        N/A

        * Loop: 
        N/A



================================================================
== Utilization Estimates
================================================================
* Summary: 
+-----------------+---------+-------+--------+-------+
|       Name      | BRAM_18K| DSP48E|   FF   |  LUT  |
+-----------------+---------+-------+--------+-------+
|DSP              |        -|      -|       -|      -|
|Expression       |        -|      -|       0|    719|
|FIFO             |        -|      -|       -|      -|
|Instance         |        -|      0|     368|    800|
|Memory           |        0|      -|      18|      2|
|Multiplexer      |        -|      -|       -|     16|
|Register         |        -|      -|     411|      9|
+-----------------+---------+-------+--------+-------+
|Total            |        0|      0|     797|   1546|
+-----------------+---------+-------+--------+-------+
|Available        |      280|    220|  106400|  53200|
+-----------------+---------+-------+--------+-------+
|Utilization (%)  |        0|      0|   ~0   |      2|
+-----------------+---------+-------+--------+-------+

+ Detail: 
    * Instance: 
    +--------------------------------------+-----------------------------------+---------+-------+-----+-----+
    |               Instance               |               Module              | BRAM_18K| DSP48E|  FF | LUT |
    +--------------------------------------+-----------------------------------+---------+-------+-----+-----+
    |svm_classifier_mul_12s_9ns_21_1_U3    |svm_classifier_mul_12s_9ns_21_1    |        0|      0|    0|  108|
    |svm_classifier_mul_12s_9ns_21_1_U4    |svm_classifier_mul_12s_9ns_21_1    |        0|      0|    0|  108|
    |svm_classifier_mul_12s_9ns_21_1_U5    |svm_classifier_mul_12s_9ns_21_1    |        0|      0|    0|  108|
    |svm_classifier_mul_12s_9ns_21_1_U6    |svm_classifier_mul_12s_9ns_21_1    |        0|      0|    0|  108|
    |svm_classifier_sdiv_13ns_8s_13_17_U7  |svm_classifier_sdiv_13ns_8s_13_17  |        0|      0|  368|  368|
    +--------------------------------------+-----------------------------------+---------+-------+-----+-----+
    |Total                                 |                                   |        0|      0|  368|  800|
    +--------------------------------------+-----------------------------------+---------+-------+-----+-----+

    * DSP48: 
    N/A

    * Memory: 
    +--------------+-----------------------------------+---------+---+----+------+-----+------+-------------+
    |    Memory    |               Module              | BRAM_18K| FF| LUT| Words| Bits| Banks| W*Bits*Banks|
    +--------------+-----------------------------------+---------+---+----+------+-----+------+-------------+
    |cosh_lut_V_U  |svm_classifier_getTanh_cosh_lut_V  |        0|  9|   1|     6|    9|     1|           54|
    |sinh_lut_V_U  |svm_classifier_getTanh_sinh_lut_V  |        0|  9|   1|     6|    9|     1|           54|
    +--------------+-----------------------------------+---------+---+----+------+-----+------+-------------+
    |Total         |                                   |        0| 18|   2|    12|   18|     2|          108|
    +--------------+-----------------------------------+---------+---+----+------+-----+------+-------------+

    * FIFO: 
    N/A

    * Expression: 
    +-------------------------------------+----------+-------+---+----+------------+------------+
    |            Variable Name            | Operation| DSP48E| FF| LUT| Bitwidth P0| Bitwidth P1|
    +-------------------------------------+----------+-------+---+----+------------+------------+
    |p_Val2_109_1_fu_443_p2               |     +    |      0|  0|  13|          13|          13|
    |p_Val2_109_2_fu_503_p2               |     +    |      0|  0|  13|          13|          13|
    |p_Val2_109_3_fu_694_p2               |     +    |      0|  0|  15|          15|          15|
    |p_Val2_109_4_fu_775_p2               |     +    |      0|  0|  15|          15|          15|
    |p_Val2_109_5_fu_870_p2               |     +    |      0|  0|  15|          15|          15|
    |p_Val2_112_1_fu_456_p2               |     +    |      0|  0|  13|          13|          13|
    |p_Val2_112_2_fu_554_p2               |     +    |      0|  0|  14|          14|          14|
    |p_Val2_112_3_fu_733_p2               |     +    |      0|  0|  14|          14|          14|
    |p_Val2_112_4_fu_818_p2               |     +    |      0|  0|  14|          14|          14|
    |p_Val2_112_5_fu_904_p2               |     +    |      0|  0|  14|          14|          14|
    |ret_V_1_fu_247_p2                    |     +    |      0|  0|   7|           1|           7|
    |tmp_33_fu_1009_p2                    |     +    |      0|  0|  16|          16|          16|
    |tmp_40_fu_1013_p2                    |     +    |      0|  0|  16|          16|          16|
    |mf15_2_fu_513_p2                     |     -    |      0|  0|  14|           1|          14|
    |mf15_3_fu_570_p2                     |     -    |      0|  0|  14|           1|          14|
    |mf15_4_fu_781_p2                     |     -    |      0|  0|  15|           1|          15|
    |mf15_5_fu_830_p2                     |     -    |      0|  0|  15|           1|          15|
    |mf_2_fu_466_p2                       |     -    |      0|  0|  13|           1|          13|
    |mf_3_fu_560_p2                       |     -    |      0|  0|  14|           1|          14|
    |mf_4_fu_738_p2                       |     -    |      0|  0|  14|           1|          14|
    |mf_5_fu_824_p2                       |     -    |      0|  0|  14|           1|          14|
    |p_Val2_10_fu_1060_p2                 |     -    |      0|  0|   8|           1|           8|
    |p_Val2_114_1_fu_353_p2               |     -    |      0|  0|  21|          21|          21|
    |p_Val2_114_2_fu_397_p2               |     -    |      0|  0|  21|          21|          21|
    |p_Val2_114_3_fu_604_p2               |     -    |      0|  0|  21|          21|          21|
    |p_Val2_114_4_fu_648_p2               |     -    |      0|  0|  21|          21|          21|
    |p_Val2_1_fu_309_p2                   |     -    |      0|  0|  21|          21|          21|
    |p_Val2_s_fu_199_p2                   |     -    |      0|  0|  16|           1|          16|
    |theta_in_V_assign_fu_276_p2          |     -    |      0|  0|  16|          16|          16|
    |ap_sig_311                           |    and   |      0|  0|   1|           1|           1|
    |tmp_1_fu_241_p2                      |   icmp   |      0|  0|   3|           9|           1|
    |tmp_s_fu_213_p2                      |   icmp   |      0|  0|   6|          16|          12|
    |OP2_V_18_1_fu_418_p3                 |  select  |      0|  0|  11|           1|          11|
    |ap_return                            |  select  |      0|  0|   8|           1|           8|
    |mf_1_fu_425_p3                       |  select  |      0|  0|  11|           1|          10|
    |p_1_fu_261_p3                        |  select  |      0|  0|   7|           1|           7|
    |p_Val2_s_29_fu_205_p3                |  select  |      0|  0|  16|           1|          16|
    |p_s_fu_253_p3                        |  select  |      0|  0|   7|           1|           7|
    |tmp_10_fu_492_p3                     |  select  |      0|  0|  10|           1|          10|
    |tmp_124_1_fu_432_p3                  |  select  |      0|  0|  11|           1|          11|
    |tmp_1326_1_cast_cast_cast_fu_449_p3  |  select  |      0|  0|  12|           1|          12|
    |tmp_1388_1_cast_cast_cast_fu_345_p3  |  select  |      0|  0|  19|           1|          19|
    |tmp_1388_2_cast_cast_cast_fu_389_p3  |  select  |      0|  0|  19|           1|          19|
    |tmp_1388_3_cast_cast_cast_fu_597_p3  |  select  |      0|  0|  19|           1|          19|
    |tmp_1388_4_cast_cast_cast_fu_640_p3  |  select  |      0|  0|  19|           1|          19|
    |tmp_1388_cast_cast_cast_fu_301_p3    |  select  |      0|  0|  19|           1|          19|
    |tmp_15_fu_543_p3                     |  select  |      0|  0|  11|           1|          11|
    |tmp_19_fu_683_p3                     |  select  |      0|  0|  10|           1|          10|
    |tmp_29_v_fu_764_p3                   |  select  |      0|  0|  10|           1|          10|
    |tmp_34_fu_722_p3                     |  select  |      0|  0|  10|           1|          10|
    |tmp_36_v_fu_859_p3                   |  select  |      0|  0|   9|           1|           9|
    |tmp_43_fu_807_p3                     |  select  |      0|  0|  11|           1|          11|
    |tmp_49_fu_893_p3                     |  select  |      0|  0|  10|           1|          10|
    |tmp_4_fu_411_p3                      |  select  |      0|  0|  13|           1|          13|
    +-------------------------------------+----------+-------+---+----+------------+------------+
    |Total                                |          |      0|  0| 719|         352|         722|
    +-------------------------------------+----------+-------+---+----+------------+------------+

    * Multiplexer: 
    +------------------------------------------+----+-----------+-----+-----------+
    |                   Name                   | LUT| Input Size| Bits| Total Bits|
    +------------------------------------------+----+-----------+-----+-----------+
    |ap_reg_phiprechg_p_Val2_9_reg_180pp0_it2  |   8|          2|    8|         16|
    |p_Val2_9_phi_fu_184_p4                    |   8|          2|    8|         16|
    +------------------------------------------+----+-----------+-----+-----------+
    |Total                                     |  16|          4|   16|         32|
    +------------------------------------------+----+-----------+-----+-----------+

    * Register: 
    +-------------------------------------------+----+----+-----+-----------+
    |                    Name                   | FF | LUT| Bits| Const Bits|
    +-------------------------------------------+----+----+-----+-----------+
    |ap_CS_fsm                                  |   1|   0|    1|          0|
    |ap_reg_phiprechg_p_Val2_9_reg_180pp0_it10  |   8|   0|    8|          0|
    |ap_reg_phiprechg_p_Val2_9_reg_180pp0_it11  |   8|   0|    8|          0|
    |ap_reg_phiprechg_p_Val2_9_reg_180pp0_it12  |   8|   0|    8|          0|
    |ap_reg_phiprechg_p_Val2_9_reg_180pp0_it13  |   8|   0|    8|          0|
    |ap_reg_phiprechg_p_Val2_9_reg_180pp0_it14  |   8|   0|    8|          0|
    |ap_reg_phiprechg_p_Val2_9_reg_180pp0_it15  |   8|   0|    8|          0|
    |ap_reg_phiprechg_p_Val2_9_reg_180pp0_it16  |   8|   0|    8|          0|
    |ap_reg_phiprechg_p_Val2_9_reg_180pp0_it17  |   8|   0|    8|          0|
    |ap_reg_phiprechg_p_Val2_9_reg_180pp0_it18  |   8|   0|    8|          0|
    |ap_reg_phiprechg_p_Val2_9_reg_180pp0_it19  |   8|   0|    8|          0|
    |ap_reg_phiprechg_p_Val2_9_reg_180pp0_it2   |   8|   0|    8|          0|
    |ap_reg_phiprechg_p_Val2_9_reg_180pp0_it20  |   8|   0|    8|          0|
    |ap_reg_phiprechg_p_Val2_9_reg_180pp0_it21  |   8|   0|    8|          0|
    |ap_reg_phiprechg_p_Val2_9_reg_180pp0_it3   |   8|   0|    8|          0|
    |ap_reg_phiprechg_p_Val2_9_reg_180pp0_it4   |   8|   0|    8|          0|
    |ap_reg_phiprechg_p_Val2_9_reg_180pp0_it5   |   8|   0|    8|          0|
    |ap_reg_phiprechg_p_Val2_9_reg_180pp0_it6   |   8|   0|    8|          0|
    |ap_reg_phiprechg_p_Val2_9_reg_180pp0_it7   |   8|   0|    8|          0|
    |ap_reg_phiprechg_p_Val2_9_reg_180pp0_it8   |   8|   0|    8|          0|
    |ap_reg_phiprechg_p_Val2_9_reg_180pp0_it9   |   8|   0|    8|          0|
    |ap_reg_ppiten_pp0_it1                      |   1|   0|    1|          0|
    |ap_reg_ppiten_pp0_it10                     |   1|   0|    1|          0|
    |ap_reg_ppiten_pp0_it11                     |   1|   0|    1|          0|
    |ap_reg_ppiten_pp0_it12                     |   1|   0|    1|          0|
    |ap_reg_ppiten_pp0_it13                     |   1|   0|    1|          0|
    |ap_reg_ppiten_pp0_it14                     |   1|   0|    1|          0|
    |ap_reg_ppiten_pp0_it15                     |   1|   0|    1|          0|
    |ap_reg_ppiten_pp0_it16                     |   1|   0|    1|          0|
    |ap_reg_ppiten_pp0_it17                     |   1|   0|    1|          0|
    |ap_reg_ppiten_pp0_it18                     |   1|   0|    1|          0|
    |ap_reg_ppiten_pp0_it19                     |   1|   0|    1|          0|
    |ap_reg_ppiten_pp0_it2                      |   1|   0|    1|          0|
    |ap_reg_ppiten_pp0_it20                     |   1|   0|    1|          0|
    |ap_reg_ppiten_pp0_it21                     |   1|   0|    1|          0|
    |ap_reg_ppiten_pp0_it3                      |   1|   0|    1|          0|
    |ap_reg_ppiten_pp0_it4                      |   1|   0|    1|          0|
    |ap_reg_ppiten_pp0_it5                      |   1|   0|    1|          0|
    |ap_reg_ppiten_pp0_it6                      |   1|   0|    1|          0|
    |ap_reg_ppiten_pp0_it7                      |   1|   0|    1|          0|
    |ap_reg_ppiten_pp0_it8                      |   1|   0|    1|          0|
    |ap_reg_ppiten_pp0_it9                      |   1|   0|    1|          0|
    |ap_reg_ppstg_tmp_31_reg_1117_pp0_iter2     |   1|   0|    1|          0|
    |ap_reg_ppstg_tmp_44_reg_1152_pp0_iter3     |   1|   0|    1|          0|
    |coscos_V_reg_1205                          |  16|   0|   16|          0|
    |cossin_V_reg_1200                          |  16|   0|   16|          0|
    |mf15_3_reg_1141                            |  14|   0|   14|          0|
    |mf15_5_reg_1175                            |  15|   0|   15|          0|
    |mf_3_reg_1136                              |  14|   0|   14|          0|
    |mf_5_reg_1170                              |  14|   0|   14|          0|
    |neg_reg_1073                               |   1|   0|    1|          0|
    |p_1_reg_1087                               |   7|   0|    7|          0|
    |p_Val2_109_2_reg_1124                      |  13|   0|   13|          0|
    |p_Val2_109_4_reg_1158                      |  15|   0|   15|          0|
    |p_Val2_112_2_reg_1130                      |  14|   0|   14|          0|
    |p_Val2_112_4_reg_1164                      |  14|   0|   14|          0|
    |p_Val2_114_2_reg_1112                      |  19|   0|   21|          2|
    |p_Val2_s_29_reg_1078                       |  16|   0|   16|          0|
    |sincos_V_reg_1190                          |  16|   0|   16|          0|
    |sinsin_V_reg_1195                          |  16|   0|   16|          0|
    |tmp_28_reg_1093                            |   1|   0|    1|          0|
    |tmp_29_reg_1100                            |   1|   0|    1|          0|
    |tmp_30_reg_1106                            |   1|   0|    1|          0|
    |tmp_31_reg_1117                            |   1|   0|    1|          0|
    |tmp_35_reg_1146                            |   1|   0|    1|          0|
    |tmp_44_reg_1152                            |   1|   0|    1|          0|
    |tmp_s_reg_1083                             |   1|   0|    1|          0|
    |neg_reg_1073                               |   0|   1|    1|          0|
    |p_1_reg_1087                               |   0|   7|    7|          0|
    |tmp_s_reg_1083                             |   0|   1|    1|          0|
    +-------------------------------------------+----+----+-----+-----------+
    |Total                                      | 411|   9|  422|          2|
    +-------------------------------------------+----+----+-----+-----------+



================================================================
== Interface
================================================================
* Summary: 
+------------+-----+-----+------------+------------------------+--------------+
|  RTL Ports | Dir | Bits|  Protocol  |      Source Object     |    C Type    |
+------------+-----+-----+------------+------------------------+--------------+
|ap_clk      |  in |    1| ap_ctrl_hs | svm_classifier_getTanh | return value |
|ap_rst      |  in |    1| ap_ctrl_hs | svm_classifier_getTanh | return value |
|ap_start    |  in |    1| ap_ctrl_hs | svm_classifier_getTanh | return value |
|ap_done     | out |    1| ap_ctrl_hs | svm_classifier_getTanh | return value |
|ap_idle     | out |    1| ap_ctrl_hs | svm_classifier_getTanh | return value |
|ap_ready    | out |    1| ap_ctrl_hs | svm_classifier_getTanh | return value |
|ap_return   | out |    8| ap_ctrl_hs | svm_classifier_getTanh | return value |
|theta_in_V  |  in |   16|   ap_none  |       theta_in_V       |    scalar    |
+------------+-----+-----+------------+------------------------+--------------+

