

================================================================
== Vivado HLS Report for 'svm_classifier_Block_preheader_0_proc1'
================================================================
* Date:           Sun Mar 11 20:18:42 2018

* Version:        2016.2 (Build 1577090 on Thu Jun 02 16:59:10 MDT 2016)
* Project:        svm_classifier_prj
* Solution:       solution1
* Product family: zynq
* Target device:  xc7z020clg484-1


================================================================
== Performance Estimates
================================================================
+ Timing (ns): 
    * Summary: 
    +--------+-------+----------+------------+
    |  Clock | Target| Estimated| Uncertainty|
    +--------+-------+----------+------------+
    |ap_clk  |  10.00|      7.16|        1.25|
    +--------+-------+----------+------------+

+ Latency (clock cycles): 
    * Summary: 
    +-----+-----+-----+-----+---------+
    |  Latency  |  Interval | Pipeline|
    | min | max | min | max |   Type  |
    +-----+-----+-----+-----+---------+
    |    1|    1|    1|    1|   none  |
    +-----+-----+-----+-----+---------+

    + Detail: 
        * Instance: 
        N/A

        * Loop: 
        N/A



================================================================
== Utilization Estimates
================================================================
* Summary: 
+-----------------+---------+-------+--------+-------+
|       Name      | BRAM_18K| DSP48E|   FF   |  LUT  |
+-----------------+---------+-------+--------+-------+
|DSP              |        -|      -|       -|      -|
|Expression       |        -|      -|       0|    200|
|FIFO             |        -|      -|       -|      -|
|Instance         |        -|      -|       -|      -|
|Memory           |        -|      -|       -|      -|
|Multiplexer      |        -|      -|       -|      1|
|Register         |        -|      -|      57|      -|
+-----------------+---------+-------+--------+-------+
|Total            |        0|      0|      57|    201|
+-----------------+---------+-------+--------+-------+
|Available        |      280|    220|  106400|  53200|
+-----------------+---------+-------+--------+-------+
|Utilization (%)  |        0|      0|   ~0   |   ~0  |
+-----------------+---------+-------+--------+-------+

+ Detail: 
    * Instance: 
    N/A

    * DSP48: 
    N/A

    * Memory: 
    N/A

    * FIFO: 
    N/A

    * Expression: 
    +-----------------------+----------+-------+---+----+------------+------------+
    |     Variable Name     | Operation| DSP48E| FF| LUT| Bitwidth P0| Bitwidth P1|
    +-----------------------+----------+-------+---+----+------------+------------+
    |p_Val2_80_s_fu_257_p2  |     +    |      0|  0|   9|          18|          18|
    |r_V_fu_266_p2          |     +    |      0|  0|  19|          19|          16|
    |tmp18_fu_175_p2        |     +    |      0|  0|   9|          18|          18|
    |tmp19_fu_163_p2        |     +    |      0|  0|   9|          18|          18|
    |tmp20_fu_169_p2        |     +    |      0|  0|  18|          18|          18|
    |tmp21_fu_199_p2        |     +    |      0|  0|   9|          18|          18|
    |tmp22_fu_181_p2        |     +    |      0|  0|   9|          18|          18|
    |tmp23_fu_193_p2        |     +    |      0|  0|   9|          18|          18|
    |tmp24_fu_187_p2        |     +    |      0|  0|   9|          18|          18|
    |tmp25_fu_247_p2        |     +    |      0|  0|   9|          18|          18|
    |tmp26_fu_217_p2        |     +    |      0|  0|   9|          18|          18|
    |tmp27_fu_205_p2        |     +    |      0|  0|  18|          18|          18|
    |tmp28_fu_211_p2        |     +    |      0|  0|  18|          18|          18|
    |tmp29_fu_241_p2        |     +    |      0|  0|   9|          18|          18|
    |tmp30_fu_223_p2        |     +    |      0|  0|   9|          18|          18|
    |tmp31_fu_235_p2        |     +    |      0|  0|   9|          18|          18|
    |tmp32_fu_229_p2        |     +    |      0|  0|   9|          18|          18|
    |tmp_fu_253_p2          |     +    |      0|  0|   9|          18|          18|
    |ap_sig_52              |    or    |      0|  0|   1|           1|           1|
    +-----------------------+----------+-------+---+----+------------+------------+
    |Total                  |          |      0|  0| 200|         326|         323|
    +-----------------------+----------+-------+---+----+------------+------------+

    * Multiplexer: 
    +-----------+----+-----------+-----+-----------+
    |    Name   | LUT| Input Size| Bits| Total Bits|
    +-----------+----+-----------+-----+-----------+
    |ap_NS_fsm  |   1|          3|    1|          3|
    +-----------+----+-----------+-----+-----------+
    |Total      |   1|          3|    1|          3|
    +-----------+----+-----------+-----+-----------+

    * Register: 
    +---------------+----+----+-----+-----------+
    |      Name     | FF | LUT| Bits| Const Bits|
    +---------------+----+----+-----+-----------+
    |ap_CS_fsm      |   2|   0|    2|          0|
    |ap_done_reg    |   1|   0|    1|          0|
    |tmp18_reg_281  |  18|   0|   18|          0|
    |tmp21_reg_286  |  18|   0|   18|          0|
    |tmp25_reg_291  |  18|   0|   18|          0|
    +---------------+----+----+-----+-----------+
    |Total          |  57|   0|   57|          0|
    +---------------+----+----+-----+-----------+



================================================================
== Interface
================================================================
* Summary: 
+--------------+-----+-----+------------+-----------------------------------------+--------------+
|   RTL Ports  | Dir | Bits|  Protocol  |              Source Object              |    C Type    |
+--------------+-----+-----+------------+-----------------------------------------+--------------+
|ap_clk        |  in |    1| ap_ctrl_hs | svm_classifier_Block_.preheader.0_proc1 | return value |
|ap_rst        |  in |    1| ap_ctrl_hs | svm_classifier_Block_.preheader.0_proc1 | return value |
|ap_start      |  in |    1| ap_ctrl_hs | svm_classifier_Block_.preheader.0_proc1 | return value |
|ap_done       | out |    1| ap_ctrl_hs | svm_classifier_Block_.preheader.0_proc1 | return value |
|ap_continue   |  in |    1| ap_ctrl_hs | svm_classifier_Block_.preheader.0_proc1 | return value |
|ap_idle       | out |    1| ap_ctrl_hs | svm_classifier_Block_.preheader.0_proc1 | return value |
|ap_ready      | out |    1| ap_ctrl_hs | svm_classifier_Block_.preheader.0_proc1 | return value |
|p_read        |  in |   18|   ap_none  |                  p_read                 |    scalar    |
|p_read1       |  in |   18|   ap_none  |                 p_read1                 |    scalar    |
|p_read2       |  in |   18|   ap_none  |                 p_read2                 |    scalar    |
|p_read3       |  in |   18|   ap_none  |                 p_read3                 |    scalar    |
|p_read4       |  in |   18|   ap_none  |                 p_read4                 |    scalar    |
|p_read5       |  in |   18|   ap_none  |                 p_read5                 |    scalar    |
|p_read6       |  in |   18|   ap_none  |                 p_read6                 |    scalar    |
|p_read7       |  in |   18|   ap_none  |                 p_read7                 |    scalar    |
|p_read8       |  in |   18|   ap_none  |                 p_read8                 |    scalar    |
|p_read9       |  in |   18|   ap_none  |                 p_read9                 |    scalar    |
|p_read10      |  in |   18|   ap_none  |                 p_read10                |    scalar    |
|p_read11      |  in |   18|   ap_none  |                 p_read11                |    scalar    |
|p_read12      |  in |   18|   ap_none  |                 p_read12                |    scalar    |
|p_read13      |  in |   18|   ap_none  |                 p_read13                |    scalar    |
|p_read14      |  in |   18|   ap_none  |                 p_read14                |    scalar    |
|p_read15      |  in |   18|   ap_none  |                 p_read15                |    scalar    |
|p_read16      |  in |   18|   ap_none  |                 p_read16                |    scalar    |
|p_read17      |  in |   18|   ap_none  |                 p_read17                |    scalar    |
|out_r         | out |    1|   ap_vld   |                  out_r                  |    pointer   |
|out_r_ap_vld  | out |    1|   ap_vld   |                  out_r                  |    pointer   |
+--------------+-----+-----+------------+-----------------------------------------+--------------+

