@I [HLS-0] Workspace C:/Users/about/Desktop/ADSD/CW2/svm_classifier_prj_Beta1.0_Ch9_For_Double_Core/svm_classifier_prj/solution1 opened at Fri Mar 16 00:07:37 +0000 2018
@I [HLS-100] Command "config_clock -quiet -name default -period 10 -default=false "
@I [SYN-201] Setting up clock 'default' with a period of 10ns.
@I [HLS-100] Command 'config_clock' returned 0; elapsed 0Total elapsed time: 0.870 sec.
@I [HLS-100] Command "open_platform DefaultPlatform "
@I [HLS-100] Command 'open_platform' returned 0; elapsed 0Total elapsed time: 0.873 sec.
@I [HLS-100] Command "import_lib C:/Xilinx/Vivado_HLS/2016.2/common/technology/xilinx/zynq/zynq "
@I [HLS-100] Command "source C:/Xilinx/Vivado_HLS/2016.2/common/technology/xilinx/common/xilinx.lib "
@I [HLS-100] Command "source C:/Xilinx/Vivado_HLS/2016.2/common/technology/xilinx/interface/xilinx_interface.lib "
@I [HLS-100] Command "source C:/Xilinx/Vivado_HLS/2016.2/common/technology/xilinx/interface/plb46.lib "
@I [HLS-100] Command 'ap_source' returned 0; elapsed 0.001Total elapsed time: 0.879 sec.
@I [HLS-100] Command "source C:/Xilinx/Vivado_HLS/2016.2/common/technology/xilinx/interface/fsl.lib "
@I [HLS-100] Command 'ap_source' returned 0; elapsed 0.002Total elapsed time: 0.881 sec.
@I [HLS-100] Command "source C:/Xilinx/Vivado_HLS/2016.2/common/technology/xilinx/interface/axi4.lib "
@I [HLS-100] Command 'ap_source' returned 0; elapsed 0.001Total elapsed time: 0.882 sec.
@I [HLS-100] Command "source C:/Xilinx/Vivado_HLS/2016.2/common/technology/xilinx/interface/maxi.lib "
@I [HLS-100] Command 'ap_source' returned 0; elapsed 0.001Total elapsed time: 0.884 sec.
@I [HLS-100] Command "source C:/Xilinx/Vivado_HLS/2016.2/common/technology/xilinx/interface/saxilite.lib "
@I [HLS-100] Command 'ap_source' returned 0; elapsed 0Total elapsed time: 0.885 sec.
@I [HLS-100] Command 'ap_source' returned 0; elapsed 0.009Total elapsed time: 0.887 sec.
@I [HLS-100] Command "source C:/Xilinx/Vivado_HLS/2016.2/common/technology/xilinx/common/dsp48.lib "
@I [HLS-100] Command 'ap_source' returned 0; elapsed 0.001Total elapsed time: 0.888 sec.
@I [HLS-100] Command "source C:/Xilinx/Vivado_HLS/2016.2/common/technology/xilinx/ip/dds_compiler.lib "
@I [HLS-100] Command 'ap_source' returned 0; elapsed 0Total elapsed time: 0.889 sec.
@I [HLS-100] Command "source C:/Xilinx/Vivado_HLS/2016.2/common/technology/xilinx/ip/xfft.lib "
@I [HLS-100] Command 'ap_source' returned 0; elapsed 0Total elapsed time: 0.889 sec.
@I [HLS-100] Command "source C:/Xilinx/Vivado_HLS/2016.2/common/technology/xilinx/ip/xfir.lib "
@I [HLS-100] Command 'ap_source' returned 0; elapsed 0.001Total elapsed time: 0.891 sec.
@I [HLS-100] Command 'ap_source' returned 0; elapsed 0.016Total elapsed time: 0.893 sec.
@I [HLS-100] Command "source C:/Xilinx/Vivado_HLS/2016.2/common/technology/xilinx/common/xilinx_old.lib "
@I [HLS-100] Command 'ap_source' returned 0; elapsed 0.001Total elapsed time: 0.895 sec.
@I [HLS-100] Command "source C:/Xilinx/Vivado_HLS/2016.2/common/technology/xilinx/common/xilinx_vivado.lib "
@I [HLS-100] Command 'ap_source' returned 0; elapsed 0.001Total elapsed time: 0.896 sec.
@I [HLS-100] Command "source C:/Xilinx/Vivado_HLS/2016.2/common/technology/xilinx/common/xilinx.hlp "
@I [HLS-100] Command "source C:/Xilinx/Vivado_HLS/2016.2/common/technology/xilinx/common/target_info.tcl "
@I [HLS-100] Command 'ap_source' returned 0; elapsed 0.001Total elapsed time: 0.901 sec.
@I [HLS-100] Command "source C:/Xilinx/Vivado_HLS/2016.2/common/technology/xilinx/interface/xilinx_interface.hlp "
@I [HLS-100] Command "source C:/Xilinx/Vivado_HLS/2016.2/common/technology/xilinx/interface/maxi.hlp "
@I [HLS-100] Command 'ap_source' returned 0; elapsed 0.001Total elapsed time: 0.903 sec.
@I [HLS-100] Command "source C:/Xilinx/Vivado_HLS/2016.2/common/technology/xilinx/interface/saxilite.hlp "
@I [HLS-100] Command 'ap_source' returned 0; elapsed 0Total elapsed time: 0.903 sec.
@I [HLS-100] Command 'ap_source' returned 0; elapsed 0.002Total elapsed time: 0.904 sec.
@I [HLS-100] Command "source C:/Xilinx/Vivado_HLS/2016.2/common/technology/xilinx/common/dsp48.hlp "
@I [HLS-100] Command 'ap_source' returned 0; elapsed 0.001Total elapsed time: 0.905 sec.
@I [HLS-100] Command 'ap_source' returned 0; elapsed 0.007Total elapsed time: 0.906 sec.
@I [HLS-100] Command "source C:/Xilinx/Vivado_HLS/2016.2/common/technology/xilinx/zynq/dsp48e1.hlp "
@I [HLS-100] Command 'ap_source' returned 0; elapsed 0Total elapsed time: 0.906 sec.
@I [HLS-100] Command "get_default_platform "
@I [HLS-100] Command 'get_default_platform' returned 0; elapsed 0Total elapsed time: 0.907 sec.
@I [HLS-100] Command "config_chip_info -quiet -resource  {SLICE 13300}  {LUT 53200}     {FF 106400} {DSP48E 220}   {BRAM 280}  "
@I [HLS-100] Command 'config_chip_info' returned 0; elapsed 0Total elapsed time: 0.907 sec.
@I [HLS-100] Command "config_chip_info -quiet -speed medium "
@I [HLS-100] Command 'config_chip_info' returned 0; elapsed 0Total elapsed time: 0.907 sec.
@I [HLS-100] Command 'import_lib' returned 0; elapsed 0.036Total elapsed time: 0.909 sec.
@I [HLS-100] Command "source C:/Xilinx/Vivado_HLS/2016.2/common/technology/xilinx/zynq/zynq.gen "
@I [HLS-100] Command "source C:/Xilinx/Vivado_HLS/2016.2/common/technology/xilinx/common/virtex.gen "
@I [HLS-100] Command "source C:/Xilinx/Vivado_HLS/2016.2/common/technology/xilinx/common/xilinx.gen "
@I [HLS-100] Command "source C:/Xilinx/Vivado_HLS/2016.2/common/technology/xilinx/interface/plb46.gen "
@I [HLS-100] Command 'ap_source' returned 0; elapsed 0.001Total elapsed time: 0.912 sec.
@I [HLS-100] Command "source C:/Xilinx/Vivado_HLS/2016.2/common/technology/xilinx/interface/fsl.gen "
@I [HLS-100] Command 'ap_source' returned 0; elapsed 0Total elapsed time: 0.913 sec.
@I [HLS-100] Command "source C:/Xilinx/Vivado_HLS/2016.2/common/technology/xilinx/interface/axi4.gen "
@I [HLS-100] Command 'ap_source' returned 0; elapsed 0.002Total elapsed time: 0.916 sec.
@I [HLS-100] Command "source C:/Xilinx/Vivado_HLS/2016.2/common/technology/xilinx/interface/nativeAXI4.gen "
@I [HLS-100] Command "source C:/Xilinx/Vivado_HLS/2016.2/common/technology/xilinx/interface/saxilite.gen "
@I [HLS-100] Command 'ap_source' returned 0; elapsed 0.006Total elapsed time: 0.921 sec.
@I [HLS-100] Command "source C:/Xilinx/Vivado_HLS/2016.2/common/technology/xilinx/interface/maxi.gen "
@I [HLS-100] Command 'ap_source' returned 0; elapsed 0.01Total elapsed time: 0.931 sec.
@I [HLS-100] Command 'ap_source' returned 0; elapsed 0.016Total elapsed time: 0.931 sec.
@I [HLS-100] Command "source C:/Xilinx/Vivado_HLS/2016.2/common/technology/xilinx/scripts/xilinxcoregen.gen "
@I [HLS-100] Command 'ap_source' returned 0; elapsed 0.014Total elapsed time: 0.946 sec.
@I [HLS-100] Command "source C:/Xilinx/Vivado_HLS/2016.2/common/technology/xilinx/interface/XilEDKCoreGen.gen "
@I [HLS-100] Command 'ap_source' returned 0; elapsed 0.009Total elapsed time: 0.956 sec.
@I [HLS-100] Command "source C:/Xilinx/Vivado_HLS/2016.2/common/technology/xilinx/ip/dds_compiler.gen "
@I [HLS-100] Command 'ap_source' returned 0; elapsed 0.004Total elapsed time: 0.961 sec.
@I [HLS-100] Command "source C:/Xilinx/Vivado_HLS/2016.2/common/technology/xilinx/ip/util.gen "
@I [HLS-100] Command 'ap_source' returned 0; elapsed 0.001Total elapsed time: 0.962 sec.
@I [HLS-100] Command "source C:/Xilinx/Vivado_HLS/2016.2/common/technology/xilinx/ip/xfft.gen "
@I [HLS-100] Command 'ap_source' returned 0; elapsed 0.111Total elapsed time: 1.73 sec.
@I [HLS-100] Command "source C:/Xilinx/Vivado_HLS/2016.2/common/technology/xilinx/ip/xfir.gen "
@I [HLS-100] Command 'ap_source' returned 0; elapsed 0.001Total elapsed time: 1.75 sec.
@I [HLS-100] Command 'ap_source' returned 0; elapsed 0.164Total elapsed time: 1.75 sec.
@I [HLS-100] Command "source C:/Xilinx/Vivado_HLS/2016.2/common/technology/xilinx/common/dsp48.gen "
@I [HLS-100] Command 'ap_source' returned 0; elapsed 0Total elapsed time: 1.77 sec.
@I [HLS-100] Command 'ap_source' returned 0; elapsed 0.167Total elapsed time: 1.77 sec.
@I [HLS-100] Command 'ap_source' returned 0; elapsed 0.169Total elapsed time: 1.78 sec.
@I [HLS-100] Command "open_platform DefaultPlatform "
@I [HLS-100] Command 'open_platform' returned 0; elapsed 0Total elapsed time: 1.78 sec.
@I [HLS-100] Command "import_lib C:/Xilinx/Vivado_HLS/2016.2/common/technology/xilinx/zynq/zynq_fpv6 "
@I [HLS-100] Command "source C:/Xilinx/Vivado_HLS/2016.2/common/technology/xilinx/common/xilinx_fpv7.lib "
@I [HLS-100] Command "source C:/Xilinx/Vivado_HLS/2016.2/common/technology/xilinx/common/xilinx_hp.lib "
@I [HLS-100] Command 'ap_source' returned 0; elapsed 0.001Total elapsed time: 1.80 sec.
@I [HLS-100] Command 'ap_source' returned 0; elapsed 0.002Total elapsed time: 1.81 sec.
@I [HLS-100] Command "source C:/Xilinx/Vivado_HLS/2016.2/common/technology/xilinx/common/xilinx_fpv.hlp "
@I [HLS-100] Command "source C:/Xilinx/Vivado_HLS/2016.2/common/technology/xilinx/common/xilinx.hlp "
@I [HLS-100] Command "source C:/Xilinx/Vivado_HLS/2016.2/common/technology/xilinx/common/target_info.tcl "
@I [HLS-100] Command 'ap_source' returned 0; elapsed 0.029Total elapsed time: 1.110 sec.
@I [HLS-100] Command "source C:/Xilinx/Vivado_HLS/2016.2/common/technology/xilinx/interface/xilinx_interface.hlp "
@I [HLS-100] Command "source C:/Xilinx/Vivado_HLS/2016.2/common/technology/xilinx/interface/maxi.hlp "
@I [HLS-100] Command 'ap_source' returned 0; elapsed 0Total elapsed time: 1.110 sec.
@I [HLS-100] Command "source C:/Xilinx/Vivado_HLS/2016.2/common/technology/xilinx/interface/saxilite.hlp "
@I [HLS-100] Command 'ap_source' returned 0; elapsed 0Total elapsed time: 1.110 sec.
@I [HLS-100] Command 'ap_source' returned 0; elapsed 0Total elapsed time: 1.110 sec.
@I [HLS-100] Command "source C:/Xilinx/Vivado_HLS/2016.2/common/technology/xilinx/common/dsp48.hlp "
@I [HLS-100] Command 'ap_source' returned 0; elapsed 0Total elapsed time: 1.110 sec.
@I [HLS-100] Command 'ap_source' returned 0; elapsed 0.038Total elapsed time: 1.119 sec.
@I [HLS-100] Command 'ap_source' returned 0; elapsed 0.039Total elapsed time: 1.120 sec.
@I [HLS-100] Command "source C:/Xilinx/Vivado_HLS/2016.2/common/technology/xilinx/zynq/zynq_hp.hlp "
@I [HLS-100] Command 'ap_source' returned 0; elapsed 0.001Total elapsed time: 1.121 sec.
@I [HLS-100] Command 'import_lib' returned 0; elapsed 0.054Total elapsed time: 1.132 sec.
@I [HLS-100] Command "source C:/Xilinx/Vivado_HLS/2016.2/common/technology/xilinx/zynq/zynq_fpv6.gen "
@I [HLS-100] Command "source C:/Xilinx/Vivado_HLS/2016.2/common/technology/xilinx/common/xilinx_fpv6.gen "
@I [HLS-100] Command 'ap_source' returned 0; elapsed 0.005Total elapsed time: 1.141 sec.
@I [HLS-100] Command 'ap_source' returned 0; elapsed 0.007Total elapsed time: 1.141 sec.
@I [HLS-100] Command "set_part xc7z020clg484-1 "
@I [HLS-100] Command "add_library xilinx/zynq/zynq:xc7z020:clg484:-1 "
@I [HLS-100] Command "get_default_platform "
@I [HLS-100] Command 'get_default_platform' returned 0; elapsed 0Total elapsed time: 1.151 sec.
@I [HLS-100] Command "license_isbetapart xc7z020 "
@I [HLS-100] Command 'license_isbetapart' returned 1; elapsed 0.027Total elapsed time: 1.180 sec.
@I [HLS-100] Command "get_default_platform "
@I [HLS-100] Command 'get_default_platform' returned 0; elapsed 0Total elapsed time: 1.187 sec.
@I [HLS-100] Command "config_chip_info -quiet -resource  {SLICE 13300}  {LUT 53200}     {FF 106400} {DSP48E 220}   {BRAM 280}  "
@I [HLS-100] Command 'config_chip_info' returned 0; elapsed 0Total elapsed time: 1.188 sec.
@I [HLS-100] Command "config_chip_info -quiet -speed slow "
@I [HLS-100] Command 'config_chip_info' returned 0; elapsed 0Total elapsed time: 1.191 sec.
@I [HLS-100] Command 'add_library' returned 0; elapsed 0.053Total elapsed time: 1.204 sec.
@I [HLS-100] Command "add_library xilinx/zynq/zynq_fpv6 "
@I [HLS-100] Command "get_default_platform "
@I [HLS-100] Command 'get_default_platform' returned 0; elapsed 0Total elapsed time: 1.207 sec.
@I [HLS-100] Command 'add_library' returned 0; elapsed 0.007Total elapsed time: 1.213 sec.
@I [HLS-10] Setting target device to 'xc7z020clg484-1'
@I [HLS-100] Command 'set_part' returned 0; elapsed 0.07Total elapsed time: 1.214 sec.
@I [HLS-100] Command "get_default_platform "
@I [HLS-100] Command 'get_default_platform' returned 0; elapsed 0Total elapsed time: 1.215 sec.
@I [HLS-100] Command "config_chip_info -quiet -resource  {SLICE 13300}  {LUT 53200}     {FF 106400} {DSP48E 220}   {BRAM 280}  "
@I [HLS-100] Command 'config_chip_info' returned 0; elapsed 0Total elapsed time: 1.216 sec.
@I [HLS-100] Command "config_chip_info -quiet -speed slow "
@I [HLS-100] Command 'config_chip_info' returned 0; elapsed 0Total elapsed time: 1.216 sec.
@I [HLS-100] Command 'open_solution' returned 0; elapsed 0.399Total elapsed time: 1.221 sec.
@I [HLS-100] Command "cosim_design "
@I [HLS-100] Command "source C:/Users/about/Desktop/ADSD/CW2/svm_classifier_prj_Beta1.0_Ch9_For_Double_Core/svm_classifier_prj/solution1/.autopilot/db/global.setting.tcl "
@I [HLS-100] Command 'ap_source' returned 0; elapsed 0.001Total elapsed time: 1.232 sec.
@I [HLS-100] Command "source C:/Users/about/Desktop/ADSD/CW2/svm_classifier_prj_Beta1.0_Ch9_For_Double_Core/svm_classifier_prj/solution1/.autopilot/db/global.setting.tcl "
@I [HLS-100] Command 'ap_source' returned 0; elapsed 0.001Total elapsed time: 1.250 sec.
@I [HLS-100] Command "source C:/Users/about/Desktop/ADSD/CW2/svm_classifier_prj_Beta1.0_Ch9_For_Double_Core/svm_classifier_prj/solution1/.autopilot/db/global.setting.tcl "
@I [HLS-100] Command 'ap_source' returned 0; elapsed 0.002Total elapsed time: 1.337 sec.
@I [HLS-100] Command "source C:/Xilinx/Vivado_HLS/2016.2/common/technology/generic/autopilot/common.gen "
@I [HLS-100] Command "source C:/Xilinx/Vivado_HLS/2016.2/common/technology/generic/autopilot/APCoreGen.gen "
@I [HLS-100] Command 'ap_source' returned 0; elapsed 0.001Total elapsed time: 1.340 sec.
@I [HLS-100] Command 'ap_source' returned 0; elapsed 0.001Total elapsed time: 1.340 sec.
@I [HLS-100] Command "source C:/Xilinx/Vivado_HLS/2016.2/common/technology/generic/autopilot/op.gen "
@I [HLS-100] Command 'ap_source' returned 0; elapsed 0Total elapsed time: 1.341 sec.
@I [HLS-100] Command "source C:/Xilinx/Vivado_HLS/2016.2/common/technology/generic/autopilot/op_simcore.gen "
@I [HLS-100] Command 'ap_source' returned 0; elapsed 0.001Total elapsed time: 1.343 sec.
@I [HLS-100] Command "source C:/Xilinx/Vivado_HLS/2016.2/common/technology/generic/autopilot/interface.gen "
@I [HLS-100] Command 'ap_source' returned 0; elapsed 0.001Total elapsed time: 1.344 sec.
@I [HLS-100] Command "source C:/Users/about/Desktop/ADSD/CW2/svm_classifier_prj_Beta1.0_Ch9_For_Double_Core/svm_classifier_prj/solution1/.autopilot/db/global.setting.tcl "
@I [HLS-100] Command 'ap_source' returned 0; elapsed 0.001Total elapsed time: 1.345 sec.
@I [HLS-100] Command "source C:/Xilinx/Vivado_HLS/2016.2/common/technology/xilinx/zynq/zynq.gen "
@I [HLS-100] Command "source C:/Xilinx/Vivado_HLS/2016.2/common/technology/xilinx/common/virtex.gen "
@I [HLS-100] Command "source C:/Xilinx/Vivado_HLS/2016.2/common/technology/xilinx/common/xilinx.gen "
@I [HLS-100] Command "source C:/Xilinx/Vivado_HLS/2016.2/common/technology/xilinx/interface/plb46.gen "
@I [HLS-100] Command 'ap_source' returned 0; elapsed 0.001Total elapsed time: 1.348 sec.
@I [HLS-100] Command "source C:/Xilinx/Vivado_HLS/2016.2/common/technology/xilinx/interface/fsl.gen "
@I [HLS-100] Command 'ap_source' returned 0; elapsed 0.001Total elapsed time: 1.349 sec.
@I [HLS-100] Command "source C:/Xilinx/Vivado_HLS/2016.2/common/technology/xilinx/interface/axi4.gen "
@I [HLS-100] Command 'ap_source' returned 0; elapsed 0.002Total elapsed time: 1.352 sec.
@I [HLS-100] Command "source C:/Xilinx/Vivado_HLS/2016.2/common/technology/xilinx/interface/nativeAXI4.gen "
@I [HLS-100] Command "source C:/Xilinx/Vivado_HLS/2016.2/common/technology/xilinx/interface/saxilite.gen "
@I [HLS-100] Command 'ap_source' returned 0; elapsed 0.004Total elapsed time: 1.356 sec.
@I [HLS-100] Command "source C:/Xilinx/Vivado_HLS/2016.2/common/technology/xilinx/interface/maxi.gen "
@I [HLS-100] Command 'ap_source' returned 0; elapsed 0Total elapsed time: 1.356 sec.
@I [HLS-100] Command 'ap_source' returned 0; elapsed 0.004Total elapsed time: 1.356 sec.
@I [HLS-100] Command "source C:/Xilinx/Vivado_HLS/2016.2/common/technology/xilinx/scripts/xilinxcoregen.gen "
@I [HLS-100] Command 'ap_source' returned 0; elapsed 0.014Total elapsed time: 1.371 sec.
@I [HLS-100] Command "source C:/Xilinx/Vivado_HLS/2016.2/common/technology/xilinx/interface/XilEDKCoreGen.gen "
@I [HLS-100] Command 'ap_source' returned 0; elapsed 0.016Total elapsed time: 1.387 sec.
@I [HLS-100] Command "source C:/Xilinx/Vivado_HLS/2016.2/common/technology/xilinx/ip/dds_compiler.gen "
@I [HLS-100] Command 'ap_source' returned 0; elapsed 0Total elapsed time: 1.387 sec.
@I [HLS-100] Command "source C:/Xilinx/Vivado_HLS/2016.2/common/technology/xilinx/ip/util.gen "
@I [HLS-100] Command 'ap_source' returned 0; elapsed 0Total elapsed time: 1.387 sec.
@I [HLS-100] Command "source C:/Xilinx/Vivado_HLS/2016.2/common/technology/xilinx/ip/xfft.gen "
@I [HLS-100] Command 'ap_source' returned 0; elapsed 0.1Total elapsed time: 1.487 sec.
@I [HLS-100] Command "source C:/Xilinx/Vivado_HLS/2016.2/common/technology/xilinx/ip/xfir.gen "
@I [HLS-100] Command 'ap_source' returned 0; elapsed 0Total elapsed time: 1.487 sec.
@I [HLS-100] Command 'ap_source' returned 0; elapsed 0.141Total elapsed time: 1.487 sec.
@I [HLS-100] Command "source C:/Xilinx/Vivado_HLS/2016.2/common/technology/xilinx/common/dsp48.gen "
@I [HLS-100] Command 'ap_source' returned 0; elapsed 0Total elapsed time: 1.487 sec.
@I [HLS-100] Command 'ap_source' returned 0; elapsed 0.141Total elapsed time: 1.487 sec.
@I [HLS-100] Command 'ap_source' returned 0; elapsed 0.141Total elapsed time: 1.487 sec.
@I [HLS-100] Command "source C:/Xilinx/Vivado_HLS/2016.2/common/technology/xilinx/zynq/zynq_fpv6.gen "
@I [HLS-100] Command "source C:/Xilinx/Vivado_HLS/2016.2/common/technology/xilinx/common/xilinx_fpv6.gen "
@I [HLS-100] Command 'ap_source' returned 0; elapsed 0Total elapsed time: 1.487 sec.
@I [HLS-100] Command 'ap_source' returned 0; elapsed 0Total elapsed time: 1.487 sec.
@I [HLS-100] Command "source C:/Users/about/Desktop/ADSD/CW2/svm_classifier_prj_Beta1.0_Ch9_For_Double_Core/svm_classifier_prj/solution1/.autopilot/db/global.setting.tcl "
@I [HLS-100] Command 'ap_source' returned 0; elapsed 0Total elapsed time: 1.521 sec.
@I [HLS-100] Command "source C:/Users/about/Desktop/ADSD/CW2/svm_classifier_prj_Beta1.0_Ch9_For_Double_Core/svm_classifier_prj/solution1/.autopilot/db/svm_classifier.rtl_wrap.cfg.tcl "
@I [HLS-100] Command 'ap_source' returned 0; elapsed 0Total elapsed time: 1.521 sec.
@I [HLS-100] Command "source C:/Users/about/Desktop/ADSD/CW2/svm_classifier_prj_Beta1.0_Ch9_For_Double_Core/svm_classifier_prj/solution1/.autopilot/db/svm_classifier.tbgen.tcl "
@I [HLS-100] Command 'ap_source' returned 0; elapsed 0.015Total elapsed time: 1.536 sec.
@I [HLS-100] Command "is_encrypted C:/Users/about/Desktop/ADSD/CW2/svm_classifier_prj_Beta1.0_Ch9_For_Double_Core/classifier.golden.out "
@I [HLS-100] Command 'is_encrypted' returned 0; elapsed 0.014Total elapsed time: 1.752 sec.
@I [HLS-100] Command "is_encrypted C:/Users/about/Desktop/ADSD/CW2/svm_classifier_prj_Beta1.0_Ch9_For_Double_Core/classifier_test.cpp "
@I [HLS-100] Command 'is_encrypted' returned 0; elapsed 0Total elapsed time: 1.752 sec.
@I [HLS-100] Command "is_encrypted C:/Users/about/Desktop/ADSD/CW2/svm_classifier_prj_Beta1.0_Ch9_For_Double_Core/testData.h "
@I [HLS-100] Command 'is_encrypted' returned 0; elapsed 0Total elapsed time: 1.753 sec.
@I [HLS-100] Command "is_encrypted C:/Users/about/Desktop/ADSD/CW2/svm_classifier_prj_Beta1.0_Ch9_For_Double_Core/SV.h "
@I [HLS-100] Command 'is_encrypted' returned 0; elapsed 0Total elapsed time: 1.753 sec.
@I [HLS-100] Command "is_encrypted C:/Users/about/Desktop/ADSD/CW2/svm_classifier_prj_Beta1.0_Ch9_For_Double_Core/alpha.h "
@I [HLS-100] Command 'is_encrypted' returned 0; elapsed 0Total elapsed time: 1.753 sec.
@I [HLS-100] Command "is_encrypted C:/Users/about/Desktop/ADSD/CW2/svm_classifier_prj_Beta1.0_Ch9_For_Double_Core/cordic_sinh_cosh.cpp "
@I [HLS-100] Command 'is_encrypted' returned 0; elapsed 0Total elapsed time: 1.754 sec.
@I [HLS-100] Command "is_encrypted C:/Users/about/Desktop/ADSD/CW2/svm_classifier_prj_Beta1.0_Ch9_For_Double_Core/dotProduct.cpp "
@I [HLS-100] Command 'is_encrypted' returned 0; elapsed 0Total elapsed time: 1.754 sec.
@I [HLS-100] Command "is_encrypted C:/Users/about/Desktop/ADSD/CW2/svm_classifier_prj_Beta1.0_Ch9_For_Double_Core/getKernel.cpp "
@I [HLS-100] Command 'is_encrypted' returned 0; elapsed 0Total elapsed time: 1.754 sec.
@I [HLS-100] Command "is_encrypted C:/Users/about/Desktop/ADSD/CW2/svm_classifier_prj_Beta1.0_Ch9_For_Double_Core/getTanh.cpp "
@I [HLS-100] Command 'is_encrypted' returned 0; elapsed 0Total elapsed time: 1.755 sec.
@I [HLS-100] Command "is_encrypted C:/Users/about/Desktop/ADSD/CW2/svm_classifier_prj_Beta1.0_Ch9_For_Double_Core/getTanh.h "
@I [HLS-100] Command 'is_encrypted' returned 0; elapsed 0Total elapsed time: 1.755 sec.
@I [HLS-100] Command "is_encrypted C:/Users/about/Desktop/ADSD/CW2/svm_classifier_prj_Beta1.0_Ch9_For_Double_Core/svm_classifier.cpp "
@I [HLS-100] Command 'is_encrypted' returned 0; elapsed 0.001Total elapsed time: 1.756 sec.
@I [HLS-100] Command "is_encrypted C:/Users/about/Desktop/ADSD/CW2/svm_classifier_prj_Beta1.0_Ch9_For_Double_Core/svm_classifier.h "
@I [HLS-100] Command 'is_encrypted' returned 0; elapsed 0Total elapsed time: 1.756 sec.
@I [HLS-100] Command "is_encrypted C:/Users/about/Desktop/ADSD/CW2/svm_classifier_prj_Beta1.0_Ch9_For_Double_Core/svm_data_type.h "
@I [HLS-100] Command 'is_encrypted' returned 0; elapsed 0Total elapsed time: 1.756 sec.
@I [HLS-100] Command "source C:/Users/about/Desktop/ADSD/CW2/svm_classifier_prj_Beta1.0_Ch9_For_Double_Core/svm_classifier_prj/solution1/.autopilot/db/svm_classifier.tbgen.tcl "
@I [HLS-100] Command 'ap_source' returned 0; elapsed 0Total elapsed time: 1.771 sec.
@I [HLS-100] Command "source C:/Users/about/Desktop/ADSD/CW2/svm_classifier_prj_Beta1.0_Ch9_For_Double_Core/svm_classifier_prj/solution1/.autopilot/db/svm_classifier.tbgen.tcl "
@I [HLS-100] Command 'ap_source' returned 0; elapsed 0Total elapsed time: 1.771 sec.
@I [COSIM-47] Using XSIM for RTL simulation.
@I [COSIM-14] Instrumenting C test bench ...
@I [HLS-100] Command "source C:/Users/about/Desktop/ADSD/CW2/svm_classifier_prj_Beta1.0_Ch9_For_Double_Core/svm_classifier_prj/solution1/.autopilot/db/svm_classifier.rtl_wrap.cfg.tcl "
@I [HLS-100] Command 'ap_source' returned 0; elapsed 0.002Total elapsed time: 1.959 sec.
@I [HLS-100] Command "source C:/Users/about/Desktop/ADSD/CW2/svm_classifier_prj_Beta1.0_Ch9_For_Double_Core/svm_classifier_prj/solution1/.autopilot/db/svm_classifier.rtl_wrap.cfg.tcl "
@I [HLS-100] Command 'ap_source' returned 0; elapsed 0.003Total elapsed time: 1.963 sec.
@I [HLS-100] Command "source C:/Users/about/Desktop/ADSD/CW2/svm_classifier_prj_Beta1.0_Ch9_For_Double_Core/svm_classifier_prj/solution1/.autopilot/db/svm_classifier.rtl_wrap.cfg.tcl "
@I [HLS-100] Command 'ap_source' returned 0; elapsed 0.003Total elapsed time: 1.966 sec.
@I [HLS-100] Command "source C:/Users/about/Desktop/ADSD/CW2/svm_classifier_prj_Beta1.0_Ch9_For_Double_Core/svm_classifier_prj/solution1/.autopilot/db/svm_classifier.tbgen.tcl "
@I [HLS-100] Command 'ap_source' returned 0; elapsed 0.003Total elapsed time: 1.969 sec.
@I [HLS-100] Command "source C:/Users/about/Desktop/ADSD/CW2/svm_classifier_prj_Beta1.0_Ch9_For_Double_Core/svm_classifier_prj/solution1/.autopilot/db/svm_classifier.tbgen.tcl "
@I [HLS-100] Command 'ap_source' returned 0; elapsed 0.002Total elapsed time: 1.971 sec.
@I [HLS-0] Marker-Pragma convertor: C:/Users/about/Desktop/ADSD/CW2/svm_classifier_prj_Beta1.0_Ch9_For_Double_Core/svm_classifier_prj/solution1/./sim/autowrap/testbench/classifier_test.cpp_pre.cpp C:/Users/about/Desktop/ADSD/CW2/svm_classifier_prj_Beta1.0_Ch9_For_Double_Core/svm_classifier_prj/solution1/./sim/autowrap/testbench/classifier_test.cpp_pre.cpp.line.cpp ./sim/autowrap/testbench/line.tmp 1
@I [HLS-0] Marker-Pragma convertor: ./sim/autowrap/testbench/classifier_test.cpp_pre.cpp.tb.cpp.line ./sim/autowrap/testbench/classifier_test.cpp_pre.cpp.tb.cpp ./sim/autowrap/testbench/line.tmp 0
@I [HLS-0] Marker-Pragma convertor: C:/Users/about/Desktop/ADSD/CW2/svm_classifier_prj_Beta1.0_Ch9_For_Double_Core/svm_classifier_prj/solution1/./sim/autowrap/testbench/cordic_sinh_cosh.cpp_pre.cpp C:/Users/about/Desktop/ADSD/CW2/svm_classifier_prj_Beta1.0_Ch9_For_Double_Core/svm_classifier_prj/solution1/./sim/autowrap/testbench/cordic_sinh_cosh.cpp_pre.cpp.line.cpp ./sim/autowrap/testbench/line.tmp 1
@I [HLS-0] Marker-Pragma convertor: ./sim/autowrap/testbench/cordic_sinh_cosh.cpp_pre.cpp.tb.cpp.line ./sim/autowrap/testbench/cordic_sinh_cosh.cpp_pre.cpp.tb.cpp ./sim/autowrap/testbench/line.tmp 0
@I [HLS-0] Marker-Pragma convertor: C:/Users/about/Desktop/ADSD/CW2/svm_classifier_prj_Beta1.0_Ch9_For_Double_Core/svm_classifier_prj/solution1/./sim/autowrap/testbench/dotProduct.cpp_pre.cpp C:/Users/about/Desktop/ADSD/CW2/svm_classifier_prj_Beta1.0_Ch9_For_Double_Core/svm_classifier_prj/solution1/./sim/autowrap/testbench/dotProduct.cpp_pre.cpp.line.cpp ./sim/autowrap/testbench/line.tmp 1
@I [HLS-0] Marker-Pragma convertor: ./sim/autowrap/testbench/dotProduct.cpp_pre.cpp.tb.cpp.line ./sim/autowrap/testbench/dotProduct.cpp_pre.cpp.tb.cpp ./sim/autowrap/testbench/line.tmp 0
@I [HLS-0] Marker-Pragma convertor: C:/Users/about/Desktop/ADSD/CW2/svm_classifier_prj_Beta1.0_Ch9_For_Double_Core/svm_classifier_prj/solution1/./sim/autowrap/testbench/getKernel.cpp_pre.cpp C:/Users/about/Desktop/ADSD/CW2/svm_classifier_prj_Beta1.0_Ch9_For_Double_Core/svm_classifier_prj/solution1/./sim/autowrap/testbench/getKernel.cpp_pre.cpp.line.cpp ./sim/autowrap/testbench/line.tmp 1
@I [HLS-0] Marker-Pragma convertor: ./sim/autowrap/testbench/getKernel.cpp_pre.cpp.tb.cpp.line ./sim/autowrap/testbench/getKernel.cpp_pre.cpp.tb.cpp ./sim/autowrap/testbench/line.tmp 0
@I [HLS-0] Marker-Pragma convertor: C:/Users/about/Desktop/ADSD/CW2/svm_classifier_prj_Beta1.0_Ch9_For_Double_Core/svm_classifier_prj/solution1/./sim/autowrap/testbench/getTanh.cpp_pre.cpp C:/Users/about/Desktop/ADSD/CW2/svm_classifier_prj_Beta1.0_Ch9_For_Double_Core/svm_classifier_prj/solution1/./sim/autowrap/testbench/getTanh.cpp_pre.cpp.line.cpp ./sim/autowrap/testbench/line.tmp 1
@I [HLS-0] Marker-Pragma convertor: ./sim/autowrap/testbench/getTanh.cpp_pre.cpp.tb.cpp.line ./sim/autowrap/testbench/getTanh.cpp_pre.cpp.tb.cpp ./sim/autowrap/testbench/line.tmp 0
@I [HLS-0] Marker-Pragma convertor: C:/Users/about/Desktop/ADSD/CW2/svm_classifier_prj_Beta1.0_Ch9_For_Double_Core/svm_classifier_prj/solution1/./sim/autowrap/testbench/svm_classifier.cpp_pre.cpp C:/Users/about/Desktop/ADSD/CW2/svm_classifier_prj_Beta1.0_Ch9_For_Double_Core/svm_classifier_prj/solution1/./sim/autowrap/testbench/svm_classifier.cpp_pre.cpp.line.cpp ./sim/autowrap/testbench/line.tmp 1
@I [HLS-0] Marker-Pragma convertor: ./sim/autowrap/testbench/svm_classifier.cpp_pre.cpp.tb.cpp.line ./sim/autowrap/testbench/svm_classifier.cpp_pre.cpp.tb.cpp ./sim/autowrap/testbench/line.tmp 0
@I [HLS-100] Command "source .run_sim.tcl "
@I [COSIM-302] Starting C TB testing ... 
@I [HLS-100] Command 'ap_source' returned 0; elapsed 23.258Total elapsed time: 167.93 sec.
@I [COSIM-333] Generating C post check test bench ...
@I [COSIM-12] Generating RTL test bench ...
@I [HLS-100] Command "source C:/Users/about/Desktop/ADSD/CW2/svm_classifier_prj_Beta1.0_Ch9_For_Double_Core/svm_classifier_prj/solution1/.autopilot/db/svm_classifier.tbgen.tcl "
@I [HLS-100] Command 'ap_source' returned 0; elapsed 0.001Total elapsed time: 167.186 sec.
@I [HLS-100] Command "source C:/Users/about/Desktop/ADSD/CW2/svm_classifier_prj_Beta1.0_Ch9_For_Double_Core/svm_classifier_prj/solution1/.autopilot/db/svm_classifier.tbgen.tcl "
@I [HLS-100] Command 'ap_source' returned 0; elapsed 0Total elapsed time: 167.186 sec.
@I [HLS-100] Command "source C:/Users/about/Desktop/ADSD/CW2/svm_classifier_prj_Beta1.0_Ch9_For_Double_Core/svm_classifier_prj/solution1/.autopilot/db/svm_classifier.tbgen.tcl "
@I [HLS-100] Command 'ap_source' returned 0; elapsed 0Total elapsed time: 167.186 sec.
@I [HLS-100] Command "source C:/Users/about/Desktop/ADSD/CW2/svm_classifier_prj_Beta1.0_Ch9_For_Double_Core/svm_classifier_prj/solution1/.autopilot/db/svm_classifier.tbgen.tcl "
@I [HLS-100] Command 'ap_source' returned 0; elapsed 0Total elapsed time: 167.186 sec.
@I [HLS-100] Command "source ../tv/cdatafile/ref.tcl "
@I [HLS-100] Command 'ap_source' returned 0; elapsed 0Total elapsed time: 167.186 sec.
@I [HLS-100] Command "source C:/Users/about/Desktop/ADSD/CW2/svm_classifier_prj_Beta1.0_Ch9_For_Double_Core/svm_classifier_prj/solution1/.autopilot/db/svm_classifier.tbgen.tcl "
@I [HLS-100] Command 'ap_source' returned 0; elapsed 0.011Total elapsed time: 167.197 sec.
@I [HLS-100] Command "source C:/Users/about/Desktop/ADSD/CW2/svm_classifier_prj_Beta1.0_Ch9_For_Double_Core/svm_classifier_prj/solution1/.autopilot/db/svm_classifier.tbgen.tcl "
@I [HLS-100] Command 'ap_source' returned 0; elapsed 0.001Total elapsed time: 167.199 sec.
@I [HLS-100] Command "source C:/Users/about/Desktop/ADSD/CW2/svm_classifier_prj_Beta1.0_Ch9_For_Double_Core/svm_classifier_prj/solution1/.autopilot/db/svm_classifier.tbgen.tcl "
@I [HLS-100] Command 'ap_source' returned 0; elapsed 0Total elapsed time: 167.199 sec.
@I [HLS-100] Command "source C:/Users/about/Desktop/ADSD/CW2/svm_classifier_prj_Beta1.0_Ch9_For_Double_Core/svm_classifier_prj/solution1/.autopilot/db/svm_classifier.tbgen.tcl "
@I [HLS-100] Command 'ap_source' returned 0; elapsed 0Total elapsed time: 167.199 sec.
@I [HLS-100] Command "source C:/Users/about/Desktop/ADSD/CW2/svm_classifier_prj_Beta1.0_Ch9_For_Double_Core/svm_classifier_prj/solution1/.autopilot/db/svm_classifier.tbgen.tcl "
@I [HLS-100] Command 'ap_source' returned 0; elapsed 0Total elapsed time: 167.199 sec.
@W [COSIM-376] This design mixes AXI slave interface and pipeline mode, which could potentially result in simulation dead-lock and/or get mismatching results.
@I [HLS-100] Command "source C:/Users/about/Desktop/ADSD/CW2/svm_classifier_prj_Beta1.0_Ch9_For_Double_Core/svm_classifier_prj/solution1/.autopilot/db/svm_classifier.tbgen.tcl "
@I [HLS-100] Command 'ap_source' returned 0; elapsed 0.001Total elapsed time: 167.221 sec.
@I [HLS-100] Command "source C:/Users/about/Desktop/ADSD/CW2/svm_classifier_prj_Beta1.0_Ch9_For_Double_Core/svm_classifier_prj/solution1/.autopilot/db/svm_classifier.tbgen.tcl "
@I [HLS-100] Command 'ap_source' returned 0; elapsed 0Total elapsed time: 167.221 sec.
@I [HLS-100] Command "source C:/Users/about/Desktop/ADSD/CW2/svm_classifier_prj_Beta1.0_Ch9_For_Double_Core/svm_classifier_prj/solution1/.autopilot/db/svm_classifier.tbgen.tcl "
@I [HLS-100] Command 'ap_source' returned 0; elapsed 0Total elapsed time: 167.221 sec.
@I [HLS-100] Command "source C:/Users/about/Desktop/ADSD/CW2/svm_classifier_prj_Beta1.0_Ch9_For_Double_Core/svm_classifier_prj/solution1/.autopilot/db/svm_classifier.tbgen.tcl "
@I [HLS-100] Command 'ap_source' returned 0; elapsed 0.006Total elapsed time: 167.256 sec.
@I [HLS-100] Command "source C:/Users/about/Desktop/ADSD/CW2/svm_classifier_prj_Beta1.0_Ch9_For_Double_Core/svm_classifier_prj/solution1/.autopilot/db/svm_classifier.tbgen.tcl "
@I [HLS-100] Command 'ap_source' returned 0; elapsed 0.005Total elapsed time: 167.303 sec.
@I [HLS-100] Command "source C:/Users/about/Desktop/ADSD/CW2/svm_classifier_prj_Beta1.0_Ch9_For_Double_Core/svm_classifier_prj/solution1/.autopilot/db/svm_classifier.tbgen.tcl "
@I [HLS-100] Command 'ap_source' returned 0; elapsed 0.002Total elapsed time: 167.317 sec.
@I [HLS-100] Command "source C:/Users/about/Desktop/ADSD/CW2/svm_classifier_prj_Beta1.0_Ch9_For_Double_Core/svm_classifier_prj/solution1/.autopilot/db/svm_classifier.tbgen.tcl "
@I [HLS-100] Command 'ap_source' returned 0; elapsed 0Total elapsed time: 167.317 sec.
@I [HLS-100] Command "source C:/Users/about/Desktop/ADSD/CW2/svm_classifier_prj_Beta1.0_Ch9_For_Double_Core/svm_classifier_prj/solution1/.autopilot/db/svm_classifier.tbgen.tcl "
@I [HLS-100] Command 'ap_source' returned 0; elapsed 0Total elapsed time: 167.317 sec.
@I [HLS-100] Command "source C:/Users/about/Desktop/ADSD/CW2/svm_classifier_prj_Beta1.0_Ch9_For_Double_Core/svm_classifier_prj/solution1/.autopilot/db/svm_classifier.tbgen.tcl "
@I [HLS-100] Command 'ap_source' returned 0; elapsed 0Total elapsed time: 167.317 sec.
@I [HLS-100] Command "source ../tv/cdatafile/ref.tcl "
@I [HLS-100] Command 'ap_source' returned 0; elapsed 0Total elapsed time: 167.317 sec.
@I [HLS-100] Command "source C:/Users/about/Desktop/ADSD/CW2/svm_classifier_prj_Beta1.0_Ch9_For_Double_Core/svm_classifier_prj/solution1/.autopilot/db/svm_classifier.tbgen.tcl "
@I [HLS-100] Command 'ap_source' returned 0; elapsed 0Total elapsed time: 167.317 sec.
@I [HLS-100] Command "source C:/Users/about/Desktop/ADSD/CW2/svm_classifier_prj_Beta1.0_Ch9_For_Double_Core/svm_classifier_prj/solution1/.autopilot/db/svm_classifier.tbgen.tcl "
@I [HLS-100] Command 'ap_source' returned 0; elapsed 0.015Total elapsed time: 167.332 sec.
@I [HLS-100] Command "source C:/Users/about/Desktop/ADSD/CW2/svm_classifier_prj_Beta1.0_Ch9_For_Double_Core/svm_classifier_prj/solution1/.autopilot/db/svm_classifier.tbgen.tcl "
@I [HLS-100] Command 'ap_source' returned 0; elapsed 0Total elapsed time: 167.332 sec.
@I [HLS-100] Command "source C:/Users/about/Desktop/ADSD/CW2/svm_classifier_prj_Beta1.0_Ch9_For_Double_Core/svm_classifier_prj/solution1/.autopilot/db/svm_classifier.tbgen.tcl "
@I [HLS-100] Command 'ap_source' returned 0; elapsed 0Total elapsed time: 167.332 sec.
@I [HLS-100] Command "source C:/Users/about/Desktop/ADSD/CW2/svm_classifier_prj_Beta1.0_Ch9_For_Double_Core/svm_classifier_prj/solution1/.autopilot/db/svm_classifier.tbgen.tcl "
@I [HLS-100] Command 'ap_source' returned 0; elapsed 0Total elapsed time: 167.332 sec.
@W [COSIM-376] This design mixes AXI slave interface and pipeline mode, which could potentially result in simulation dead-lock and/or get mismatching results.
@I [HLS-100] Command "source C:/Users/about/Desktop/ADSD/CW2/svm_classifier_prj_Beta1.0_Ch9_For_Double_Core/svm_classifier_prj/solution1/.autopilot/db/svm_classifier.tbgen.tcl "
@I [HLS-100] Command 'ap_source' returned 0; elapsed 0.001Total elapsed time: 167.351 sec.
@I [HLS-100] Command "source C:/Users/about/Desktop/ADSD/CW2/svm_classifier_prj_Beta1.0_Ch9_For_Double_Core/svm_classifier_prj/solution1/.autopilot/db/svm_classifier.tbgen.tcl "
@I [HLS-100] Command 'ap_source' returned 0; elapsed 0.002Total elapsed time: 167.365 sec.
@I [HLS-100] Command "source C:/Users/about/Desktop/ADSD/CW2/svm_classifier_prj_Beta1.0_Ch9_For_Double_Core/svm_classifier_prj/solution1/.autopilot/db/svm_classifier.tbgen.tcl "
@I [HLS-100] Command 'ap_source' returned 0; elapsed 0Total elapsed time: 167.365 sec.
@I [HLS-100] Command "source C:/Users/about/Desktop/ADSD/CW2/svm_classifier_prj_Beta1.0_Ch9_For_Double_Core/svm_classifier_prj/solution1/.autopilot/db/svm_classifier.tbgen.tcl "
@I [HLS-100] Command 'ap_source' returned 0; elapsed 0.002Total elapsed time: 167.395 sec.
@I [HLS-100] Command "source .run_sim.tcl "
@I [HLS-100] Command "source check_sim.tcl "
@I [HLS-100] Command 'ap_source' returned 0; elapsed 0.016Total elapsed time: 168.349 sec.
@I [HLS-100] Command "source .sim.status.tcl "
@I [HLS-100] Command 'ap_source' returned 0; elapsed 0Total elapsed time: 168.349 sec.
@I [COSIM-323] Starting verilog simulation. 
@I [COSIM-15] Starting XSIM ...
@I [COSIM-316] Starting C post checking ...
@I [HLS-100] Command 'ap_source' returned 0; elapsed 305.607Total elapsed time: 473.922 sec.
@I [COSIM-1000] *** C/RTL co-simulation finished: PASS ***
@I [HLS-100] Command 'cosim_design' returned 0; elapsed 472.956Total elapsed time: 474.180 sec.
@I [HLS-100] Command 'ap_source' returned 0; elapsed 473.367Total elapsed time: 474.181 sec.
@I [HLS-100] Command "cleanup_all "
@I [HLS-100] Command 'cleanup_all' returned 0; elapsed 0Total elapsed time: 474.182 sec.
