

================================================================
== Vivado HLS Report for 'svm_classifier'
================================================================
* Date:           Fri Mar 16 00:07:00 2018

* Version:        2016.2 (Build 1577090 on Thu Jun 02 16:59:10 MDT 2016)
* Project:        svm_classifier_prj
* Solution:       solution1
* Product family: zynq
* Target device:  xc7z020clg484-1


================================================================
== Performance Estimates
================================================================
+ Timing (ns): 
    * Summary: 
    +--------+-------+----------+------------+
    |  Clock | Target| Estimated| Uncertainty|
    +--------+-------+----------+------------+
    |ap_clk  |  10.00|      8.66|        1.25|
    +--------+-------+----------+------------+

+ Latency (clock cycles): 
    * Summary: 
    +-----+-----+-----+-----+----------+
    |  Latency  |  Interval | Pipeline |
    | min | max | min | max |   Type   |
    +-----+-----+-----+-----+----------+
    |  148|  148|  145|  145| dataflow |
    +-----+-----+-----+-----+----------+

    + Detail: 
        * Instance: 
        N/A

        * Loop: 
        N/A

============================================================
+ Verbose Summary: Synthesis Manager
============================================================
InlineROM: 1
ExposeGlobal: 0
============================================================
+ Verbose Summary: CDFG Model
============================================================
IsTopModel: 1
ResetActiveHigh: 1
IsCombinational: 2
IsDatapathOnly: 0
HasWiredReturn: 1
HasMFsm: 0
HasVarLatency: 1
IsPipeline: 0
IsRtlPipelined: 0
IsInstanceOverlapped: 0
IsDontTouch: 0
HasImplIP: 0
IsGatedGlobalClock: 0


============================================================
+ Verbose Summary: Schedule
============================================================
* Number of FSM states: 4
* Pipeline: 0
* Dataflow Pipeline: 1
  DF-Pipeline-0: Size = 4, States = { 1 2 3 4 }

* FSM state transitions: 
1 --> 
	2  / true
2 --> 
	3  / true
3 --> 
	4  / true
4 --> 
* FSM state operations: 

 <State 1>: 4.38ns
ST_1: in_V_channel [1/1] 0.00ns
codeRepl:0  %in_V_channel = alloca i256, align 8

ST_1: stg_6 [1/1] 4.38ns
codeRepl:10  call void @svm_classifier_svm_classifier.entry3(i256* %in_V, i256* %in_V_channel)


 <State 2>: 0.00ns
ST_2: tmp [1/1] 0.00ns
codeRepl:11  %tmp = call fastcc { i13, i13, i13, i13, i13, i13, i13, i13, i13, i13, i13, i13, i13, i13, i13, i13 } @svm_classifier_Block__proc(i256* nocapture %in_V_channel) readonly

ST_2: s_in_0_V_loc_channel [1/1] 0.00ns
codeRepl:12  %s_in_0_V_loc_channel = extractvalue { i13, i13, i13, i13, i13, i13, i13, i13, i13, i13, i13, i13, i13, i13, i13, i13 } %tmp, 0

ST_2: s_in_1_V_loc_channel [1/1] 0.00ns
codeRepl:13  %s_in_1_V_loc_channel = extractvalue { i13, i13, i13, i13, i13, i13, i13, i13, i13, i13, i13, i13, i13, i13, i13, i13 } %tmp, 1

ST_2: s_in_2_V_loc_channel [1/1] 0.00ns
codeRepl:14  %s_in_2_V_loc_channel = extractvalue { i13, i13, i13, i13, i13, i13, i13, i13, i13, i13, i13, i13, i13, i13, i13, i13 } %tmp, 2

ST_2: s_in_3_V_loc_channel [1/1] 0.00ns
codeRepl:15  %s_in_3_V_loc_channel = extractvalue { i13, i13, i13, i13, i13, i13, i13, i13, i13, i13, i13, i13, i13, i13, i13, i13 } %tmp, 3

ST_2: s_in_4_V_loc_channel [1/1] 0.00ns
codeRepl:16  %s_in_4_V_loc_channel = extractvalue { i13, i13, i13, i13, i13, i13, i13, i13, i13, i13, i13, i13, i13, i13, i13, i13 } %tmp, 4

ST_2: s_in_5_V_loc_channel [1/1] 0.00ns
codeRepl:17  %s_in_5_V_loc_channel = extractvalue { i13, i13, i13, i13, i13, i13, i13, i13, i13, i13, i13, i13, i13, i13, i13, i13 } %tmp, 5

ST_2: s_in_6_V_loc_channel [1/1] 0.00ns
codeRepl:18  %s_in_6_V_loc_channel = extractvalue { i13, i13, i13, i13, i13, i13, i13, i13, i13, i13, i13, i13, i13, i13, i13, i13 } %tmp, 6

ST_2: s_in_7_V_loc_channel [1/1] 0.00ns
codeRepl:19  %s_in_7_V_loc_channel = extractvalue { i13, i13, i13, i13, i13, i13, i13, i13, i13, i13, i13, i13, i13, i13, i13, i13 } %tmp, 7

ST_2: s_in_8_V_loc_channel [1/1] 0.00ns
codeRepl:20  %s_in_8_V_loc_channel = extractvalue { i13, i13, i13, i13, i13, i13, i13, i13, i13, i13, i13, i13, i13, i13, i13, i13 } %tmp, 8

ST_2: s_in_9_V_loc_channel [1/1] 0.00ns
codeRepl:21  %s_in_9_V_loc_channel = extractvalue { i13, i13, i13, i13, i13, i13, i13, i13, i13, i13, i13, i13, i13, i13, i13, i13 } %tmp, 9

ST_2: s_in_10_V_loc_channel [1/1] 0.00ns
codeRepl:22  %s_in_10_V_loc_channel = extractvalue { i13, i13, i13, i13, i13, i13, i13, i13, i13, i13, i13, i13, i13, i13, i13, i13 } %tmp, 10

ST_2: s_in_11_V_loc_channel [1/1] 0.00ns
codeRepl:23  %s_in_11_V_loc_channel = extractvalue { i13, i13, i13, i13, i13, i13, i13, i13, i13, i13, i13, i13, i13, i13, i13, i13 } %tmp, 11

ST_2: s_in_12_V_loc_channel [1/1] 0.00ns
codeRepl:24  %s_in_12_V_loc_channel = extractvalue { i13, i13, i13, i13, i13, i13, i13, i13, i13, i13, i13, i13, i13, i13, i13, i13 } %tmp, 12

ST_2: s_in_13_V_loc_channel [1/1] 0.00ns
codeRepl:25  %s_in_13_V_loc_channel = extractvalue { i13, i13, i13, i13, i13, i13, i13, i13, i13, i13, i13, i13, i13, i13, i13, i13 } %tmp, 13

ST_2: s_in_14_V_loc_channel [1/1] 0.00ns
codeRepl:26  %s_in_14_V_loc_channel = extractvalue { i13, i13, i13, i13, i13, i13, i13, i13, i13, i13, i13, i13, i13, i13, i13, i13 } %tmp, 14

ST_2: s_in_15_V_loc_channel [1/1] 0.00ns
codeRepl:27  %s_in_15_V_loc_channel = extractvalue { i13, i13, i13, i13, i13, i13, i13, i13, i13, i13, i13, i13, i13, i13, i13, i13 } %tmp, 15

ST_2: call_ret [2/2] 0.00ns
codeRepl:28  %call_ret = call fastcc { i18, i18, i18, i18, i18, i18, i18, i18, i18 } @svm_classifier_Loop_Sum_loop_proc1(i13 %s_in_0_V_loc_channel, i13 %s_in_1_V_loc_channel, i13 %s_in_2_V_loc_channel, i13 %s_in_3_V_loc_channel, i13 %s_in_4_V_loc_channel, i13 %s_in_5_V_loc_channel, i13 %s_in_6_V_loc_channel, i13 %s_in_7_V_loc_channel, i13 %s_in_8_V_loc_channel, i13 %s_in_9_V_loc_channel, i13 %s_in_10_V_loc_channel, i13 %s_in_11_V_loc_channel, i13 %s_in_12_V_loc_channel, i13 %s_in_13_V_loc_channel, i13 %s_in_14_V_loc_channel, i13 %s_in_15_V_loc_channel)


 <State 3>: 7.74ns
ST_3: call_ret [1/2] 0.00ns
codeRepl:28  %call_ret = call fastcc { i18, i18, i18, i18, i18, i18, i18, i18, i18 } @svm_classifier_Loop_Sum_loop_proc1(i13 %s_in_0_V_loc_channel, i13 %s_in_1_V_loc_channel, i13 %s_in_2_V_loc_channel, i13 %s_in_3_V_loc_channel, i13 %s_in_4_V_loc_channel, i13 %s_in_5_V_loc_channel, i13 %s_in_6_V_loc_channel, i13 %s_in_7_V_loc_channel, i13 %s_in_8_V_loc_channel, i13 %s_in_9_V_loc_channel, i13 %s_in_10_V_loc_channel, i13 %s_in_11_V_loc_channel, i13 %s_in_12_V_loc_channel, i13 %s_in_13_V_loc_channel, i13 %s_in_14_V_loc_channel, i13 %s_in_15_V_loc_channel)

ST_3: ch_sums_V_8_loc_channel [1/1] 0.00ns
codeRepl:29  %ch_sums_V_8_loc_channel = extractvalue { i18, i18, i18, i18, i18, i18, i18, i18, i18 } %call_ret, 0

ST_3: ch_sums_V_7_loc_channel [1/1] 0.00ns
codeRepl:30  %ch_sums_V_7_loc_channel = extractvalue { i18, i18, i18, i18, i18, i18, i18, i18, i18 } %call_ret, 1

ST_3: ch_sums_V_6_loc_channel [1/1] 0.00ns
codeRepl:31  %ch_sums_V_6_loc_channel = extractvalue { i18, i18, i18, i18, i18, i18, i18, i18, i18 } %call_ret, 2

ST_3: ch_sums_0_V_loc_channel [1/1] 0.00ns
codeRepl:32  %ch_sums_0_V_loc_channel = extractvalue { i18, i18, i18, i18, i18, i18, i18, i18, i18 } %call_ret, 3

ST_3: ch_sums_1_V_loc_channel [1/1] 0.00ns
codeRepl:33  %ch_sums_1_V_loc_channel = extractvalue { i18, i18, i18, i18, i18, i18, i18, i18, i18 } %call_ret, 4

ST_3: ch_sums_2_V_loc_channel [1/1] 0.00ns
codeRepl:34  %ch_sums_2_V_loc_channel = extractvalue { i18, i18, i18, i18, i18, i18, i18, i18, i18 } %call_ret, 5

ST_3: ch_sums_3_V_loc_channel [1/1] 0.00ns
codeRepl:35  %ch_sums_3_V_loc_channel = extractvalue { i18, i18, i18, i18, i18, i18, i18, i18, i18 } %call_ret, 6

ST_3: ch_sums_4_V_loc_channel [1/1] 0.00ns
codeRepl:36  %ch_sums_4_V_loc_channel = extractvalue { i18, i18, i18, i18, i18, i18, i18, i18, i18 } %call_ret, 7

ST_3: ch_sums_5_V_loc_channel [1/1] 0.00ns
codeRepl:37  %ch_sums_5_V_loc_channel = extractvalue { i18, i18, i18, i18, i18, i18, i18, i18, i18 } %call_ret, 8

ST_3: stg_35 [2/2] 7.74ns
codeRepl:38  call fastcc void @svm_classifier_Block_.preheader.0_proc1(i18 %ch_sums_1_V_loc_channel, i18 %ch_sums_0_V_loc_channel, i18 %ch_sums_2_V_loc_channel, i18 %ch_sums_3_V_loc_channel, i18 %ch_sums_4_V_loc_channel, i18 %ch_sums_5_V_loc_channel, i18 %ch_sums_V_6_loc_channel, i18 %ch_sums_V_7_loc_channel, i18 %ch_sums_V_8_loc_channel, i1* %out_r)


 <State 4>: 7.74ns
ST_4: stg_36 [1/1] 0.00ns
codeRepl:1  call void (...)* @_ssdm_op_SpecDataflowPipeline(i32 -1, [1 x i8]* @p_str41) nounwind

ST_4: stg_37 [1/1] 0.00ns
codeRepl:2  call void (...)* @_ssdm_op_SpecBitsMap(i256* %in_V), !map !7

ST_4: stg_38 [1/1] 0.00ns
codeRepl:3  call void (...)* @_ssdm_op_SpecBitsMap(i1* %out_r), !map !88

ST_4: stg_39 [1/1] 0.00ns
codeRepl:4  call void (...)* @_ssdm_op_SpecTopModule([15 x i8]* @svm_classifier_str) nounwind

ST_4: stg_40 [1/1] 0.00ns
codeRepl:5  call void (...)* @_ssdm_op_SpecInterface(i1* %out_r, [10 x i8]* @p_str543, i32 0, i32 0, i32 0, i32 0, [1 x i8]* @p_str41, [1 x i8]* @p_str41, [1 x i8]* @p_str41, i32 0, i32 0, i32 0, i32 0, [1 x i8]* @p_str41) nounwind

ST_4: stg_41 [1/1] 0.00ns
codeRepl:6  call void (...)* @_ssdm_op_SpecInterface(i32 0, [10 x i8]* @p_str543, i32 0, i32 0, i32 0, i32 0, [1 x i8]* @p_str41, [1 x i8]* @p_str41, [1 x i8]* @p_str41, i32 0, i32 0, i32 0, i32 0, [1 x i8]* @p_str41) nounwind

ST_4: stg_42 [1/1] 0.00ns
codeRepl:7  call void (...)* @_ssdm_op_SpecInterface(i256* %in_V, [10 x i8]* @p_str543, i32 0, i32 0, i32 0, i32 0, [1 x i8]* @p_str41, [1 x i8]* @p_str41, [1 x i8]* @p_str41, i32 0, i32 0, i32 0, i32 0, [1 x i8]* @p_str41) nounwind

ST_4: empty [1/1] 0.00ns
codeRepl:8  %empty = call i32 (...)* @_ssdm_op_SpecChannel([13 x i8]* @in_OC_V_channel_str, i32 1, [1 x i8]* @p_str, [1 x i8]* @p_str, i32 1, i32 0, i256* %in_V_channel, i256* %in_V_channel)

ST_4: stg_44 [1/1] 0.00ns
codeRepl:9  call void (...)* @_ssdm_op_SpecInterface(i256* %in_V_channel, [8 x i8]* @ap_fifo_str, i32 0, i32 0, i32 0, i32 0, [1 x i8]* @p_str, [1 x i8]* @p_str, [1 x i8]* @p_str, i32 2, i32 2, i32 16, i32 16, [1 x i8]* @p_str)

ST_4: stg_45 [1/2] 7.74ns
codeRepl:38  call fastcc void @svm_classifier_Block_.preheader.0_proc1(i18 %ch_sums_1_V_loc_channel, i18 %ch_sums_0_V_loc_channel, i18 %ch_sums_2_V_loc_channel, i18 %ch_sums_3_V_loc_channel, i18 %ch_sums_4_V_loc_channel, i18 %ch_sums_5_V_loc_channel, i18 %ch_sums_V_6_loc_channel, i18 %ch_sums_V_7_loc_channel, i18 %ch_sums_V_8_loc_channel, i1* %out_r)

ST_4: stg_46 [1/1] 0.00ns
codeRepl:39  ret void



============================================================
+ Verbose Summary: Binding
============================================================
STG Binding: 
---------------- STG Properties BEGIN ----------------
- Is combinational: 0
- Is one-state seq: 0
- Is datapath-only: 0
- Is clock enabled: 0
- Is pipelined: 0
- Is top level: 1
Port [ Return ] is wired: 1; IO mode=ap_ctrl_hs:ce=0
Port [ in_V]:  wired=1; compound=0; hidden=0; nouse=0; global=0; static=0; extern=0; dir=0; type=0; pingpong=0; private_global=0; IO mode=ap_none:ce=0
Port [ out_r]:  wired=1; compound=0; hidden=0; nouse=0; global=0; static=0; extern=0; dir=1; type=0; pingpong=0; private_global=0; IO mode=ap_vld:ce=0
Port [ SVs_V_0]:  wired=0; compound=1; hidden=1; nouse=1; global=1; static=0; extern=0; dir=0; type=1; pingpong=0; private_global=0; linkage=0; visibility=0; MemPort=[1]; IO mode=ap_memory:ce=0
Port [ sinh_lut_V]:  wired=0; compound=1; hidden=1; nouse=1; global=1; static=1; extern=0; dir=0; type=1; pingpong=0; private_global=0; linkage=7; visibility=0; MemPort=[1]; IO mode=ap_memory:ce=0
Port [ cosh_lut_V]:  wired=0; compound=1; hidden=1; nouse=1; global=1; static=1; extern=0; dir=0; type=1; pingpong=0; private_global=0; linkage=7; visibility=0; MemPort=[1]; IO mode=ap_memory:ce=0
Port [ alpha_V_0]:  wired=0; compound=1; hidden=1; nouse=1; global=1; static=0; extern=0; dir=0; type=1; pingpong=0; private_global=0; linkage=0; visibility=0; MemPort=[1]; IO mode=ap_memory:ce=0
Port [ SVs_V_1]:  wired=0; compound=1; hidden=1; nouse=1; global=1; static=0; extern=0; dir=0; type=1; pingpong=0; private_global=0; linkage=0; visibility=0; MemPort=[1]; IO mode=ap_memory:ce=0
Port [ alpha_V_1]:  wired=0; compound=1; hidden=1; nouse=1; global=1; static=0; extern=0; dir=0; type=1; pingpong=0; private_global=0; linkage=0; visibility=0; MemPort=[1]; IO mode=ap_memory:ce=0
Port [ SVs_V_2]:  wired=0; compound=1; hidden=1; nouse=1; global=1; static=0; extern=0; dir=0; type=1; pingpong=0; private_global=0; linkage=0; visibility=0; MemPort=[1]; IO mode=ap_memory:ce=0
Port [ alpha_V_2]:  wired=0; compound=1; hidden=1; nouse=1; global=1; static=0; extern=0; dir=0; type=1; pingpong=0; private_global=0; linkage=0; visibility=0; MemPort=[1]; IO mode=ap_memory:ce=0
Port [ SVs_V_3]:  wired=0; compound=1; hidden=1; nouse=1; global=1; static=0; extern=0; dir=0; type=1; pingpong=0; private_global=0; linkage=0; visibility=0; MemPort=[1]; IO mode=ap_memory:ce=0
Port [ alpha_V_3]:  wired=0; compound=1; hidden=1; nouse=1; global=1; static=0; extern=0; dir=0; type=1; pingpong=0; private_global=0; linkage=0; visibility=0; MemPort=[1]; IO mode=ap_memory:ce=0
Port [ SVs_V_4]:  wired=0; compound=1; hidden=1; nouse=1; global=1; static=0; extern=0; dir=0; type=1; pingpong=0; private_global=0; linkage=0; visibility=0; MemPort=[1]; IO mode=ap_memory:ce=0
Port [ alpha_V_4]:  wired=0; compound=1; hidden=1; nouse=1; global=1; static=0; extern=0; dir=0; type=1; pingpong=0; private_global=0; linkage=0; visibility=0; MemPort=[1]; IO mode=ap_memory:ce=0
Port [ SVs_V_5]:  wired=0; compound=1; hidden=1; nouse=1; global=1; static=0; extern=0; dir=0; type=1; pingpong=0; private_global=0; linkage=0; visibility=0; MemPort=[1]; IO mode=ap_memory:ce=0
Port [ alpha_V_5]:  wired=0; compound=1; hidden=1; nouse=1; global=1; static=0; extern=0; dir=0; type=1; pingpong=0; private_global=0; linkage=0; visibility=0; MemPort=[1]; IO mode=ap_memory:ce=0
Port [ SVs_V_6]:  wired=0; compound=1; hidden=1; nouse=1; global=1; static=0; extern=0; dir=0; type=1; pingpong=0; private_global=0; linkage=0; visibility=0; MemPort=[1]; IO mode=ap_memory:ce=0
Port [ alpha_V_6]:  wired=0; compound=1; hidden=1; nouse=1; global=1; static=0; extern=0; dir=0; type=1; pingpong=0; private_global=0; linkage=0; visibility=0; MemPort=[1]; IO mode=ap_memory:ce=0
Port [ SVs_V_7]:  wired=0; compound=1; hidden=1; nouse=1; global=1; static=0; extern=0; dir=0; type=1; pingpong=0; private_global=0; linkage=0; visibility=0; MemPort=[1]; IO mode=ap_memory:ce=0
Port [ alpha_V_7]:  wired=0; compound=1; hidden=1; nouse=1; global=1; static=0; extern=0; dir=0; type=1; pingpong=0; private_global=0; linkage=0; visibility=0; MemPort=[1]; IO mode=ap_memory:ce=0
Port [ SVs_V_8]:  wired=0; compound=1; hidden=1; nouse=1; global=1; static=0; extern=0; dir=0; type=1; pingpong=0; private_global=0; linkage=0; visibility=0; MemPort=[1]; IO mode=ap_memory:ce=0
Port [ alpha_V_8]:  wired=0; compound=1; hidden=1; nouse=1; global=1; static=0; extern=0; dir=0; type=1; pingpong=0; private_global=0; linkage=0; visibility=0; MemPort=[1]; IO mode=ap_memory:ce=0
---------------- STG Properties END ------------------

---------------- Datapath Model BEGIN ----------------

<LifeTime>
<method=bitvector/>
in_V_channel            (alloca              ) [ 01111]
stg_6                   (call                ) [ 00000]
tmp                     (call                ) [ 00000]
s_in_0_V_loc_channel    (extractvalue        ) [ 00010]
s_in_1_V_loc_channel    (extractvalue        ) [ 00010]
s_in_2_V_loc_channel    (extractvalue        ) [ 00010]
s_in_3_V_loc_channel    (extractvalue        ) [ 00010]
s_in_4_V_loc_channel    (extractvalue        ) [ 00010]
s_in_5_V_loc_channel    (extractvalue        ) [ 00010]
s_in_6_V_loc_channel    (extractvalue        ) [ 00010]
s_in_7_V_loc_channel    (extractvalue        ) [ 00010]
s_in_8_V_loc_channel    (extractvalue        ) [ 00010]
s_in_9_V_loc_channel    (extractvalue        ) [ 00010]
s_in_10_V_loc_channel   (extractvalue        ) [ 00010]
s_in_11_V_loc_channel   (extractvalue        ) [ 00010]
s_in_12_V_loc_channel   (extractvalue        ) [ 00010]
s_in_13_V_loc_channel   (extractvalue        ) [ 00010]
s_in_14_V_loc_channel   (extractvalue        ) [ 00010]
s_in_15_V_loc_channel   (extractvalue        ) [ 00010]
call_ret                (call                ) [ 00000]
ch_sums_V_8_loc_channel (extractvalue        ) [ 00001]
ch_sums_V_7_loc_channel (extractvalue        ) [ 00001]
ch_sums_V_6_loc_channel (extractvalue        ) [ 00001]
ch_sums_0_V_loc_channel (extractvalue        ) [ 00001]
ch_sums_1_V_loc_channel (extractvalue        ) [ 00001]
ch_sums_2_V_loc_channel (extractvalue        ) [ 00001]
ch_sums_3_V_loc_channel (extractvalue        ) [ 00001]
ch_sums_4_V_loc_channel (extractvalue        ) [ 00001]
ch_sums_5_V_loc_channel (extractvalue        ) [ 00001]
stg_36                  (specdataflowpipeline) [ 00000]
stg_37                  (specbitsmap         ) [ 00000]
stg_38                  (specbitsmap         ) [ 00000]
stg_39                  (spectopmodule       ) [ 00000]
stg_40                  (specinterface       ) [ 00000]
stg_41                  (specinterface       ) [ 00000]
stg_42                  (specinterface       ) [ 00000]
empty                   (specchannel         ) [ 00000]
stg_44                  (specinterface       ) [ 00000]
stg_45                  (call                ) [ 00000]
stg_46                  (ret                 ) [ 00000]
</LifeTime>

<model>

<comp_list>
<comp id="0" class="1000" name="in_V">
<pin_list>
<pin id="1" dir="1" index="0" bw="1" slack="0"/>
</pin_list>
<bind>
<StgValue><ssdm name="in_V"/></StgValue>
</bind>
</comp>

<comp id="2" class="1000" name="out_r">
<pin_list>
<pin id="3" dir="1" index="0" bw="1" slack="0"/>
</pin_list>
<bind>
<StgValue><ssdm name="out_r"/></StgValue>
</bind>
</comp>

<comp id="4" class="1000" name="SVs_V_0">
<pin_list>
<pin id="5" dir="1" index="0" bw="1" slack="0"/>
</pin_list>
<bind>
<StgValue><ssdm name="SVs_V_0"/><MemPortTyVec>1 </MemPortTyVec>
</StgValue>
</bind>
</comp>

<comp id="6" class="1000" name="sinh_lut_V">
<pin_list>
<pin id="7" dir="1" index="0" bw="1" slack="0"/>
</pin_list>
<bind>
<StgValue><ssdm name="sinh_lut_V"/><MemPortTyVec>1 </MemPortTyVec>
</StgValue>
</bind>
</comp>

<comp id="8" class="1000" name="cosh_lut_V">
<pin_list>
<pin id="9" dir="1" index="0" bw="1" slack="0"/>
</pin_list>
<bind>
<StgValue><ssdm name="cosh_lut_V"/><MemPortTyVec>1 </MemPortTyVec>
</StgValue>
</bind>
</comp>

<comp id="10" class="1000" name="alpha_V_0">
<pin_list>
<pin id="11" dir="1" index="0" bw="1" slack="0"/>
</pin_list>
<bind>
<StgValue><ssdm name="alpha_V_0"/><MemPortTyVec>1 </MemPortTyVec>
</StgValue>
</bind>
</comp>

<comp id="12" class="1000" name="SVs_V_1">
<pin_list>
<pin id="13" dir="1" index="0" bw="1" slack="0"/>
</pin_list>
<bind>
<StgValue><ssdm name="SVs_V_1"/><MemPortTyVec>1 </MemPortTyVec>
</StgValue>
</bind>
</comp>

<comp id="14" class="1000" name="alpha_V_1">
<pin_list>
<pin id="15" dir="1" index="0" bw="1" slack="0"/>
</pin_list>
<bind>
<StgValue><ssdm name="alpha_V_1"/><MemPortTyVec>1 </MemPortTyVec>
</StgValue>
</bind>
</comp>

<comp id="16" class="1000" name="SVs_V_2">
<pin_list>
<pin id="17" dir="1" index="0" bw="1" slack="0"/>
</pin_list>
<bind>
<StgValue><ssdm name="SVs_V_2"/><MemPortTyVec>1 </MemPortTyVec>
</StgValue>
</bind>
</comp>

<comp id="18" class="1000" name="alpha_V_2">
<pin_list>
<pin id="19" dir="1" index="0" bw="1" slack="0"/>
</pin_list>
<bind>
<StgValue><ssdm name="alpha_V_2"/><MemPortTyVec>1 </MemPortTyVec>
</StgValue>
</bind>
</comp>

<comp id="20" class="1000" name="SVs_V_3">
<pin_list>
<pin id="21" dir="1" index="0" bw="1" slack="0"/>
</pin_list>
<bind>
<StgValue><ssdm name="SVs_V_3"/><MemPortTyVec>1 </MemPortTyVec>
</StgValue>
</bind>
</comp>

<comp id="22" class="1000" name="alpha_V_3">
<pin_list>
<pin id="23" dir="1" index="0" bw="1" slack="0"/>
</pin_list>
<bind>
<StgValue><ssdm name="alpha_V_3"/><MemPortTyVec>1 </MemPortTyVec>
</StgValue>
</bind>
</comp>

<comp id="24" class="1000" name="SVs_V_4">
<pin_list>
<pin id="25" dir="1" index="0" bw="1" slack="0"/>
</pin_list>
<bind>
<StgValue><ssdm name="SVs_V_4"/><MemPortTyVec>1 </MemPortTyVec>
</StgValue>
</bind>
</comp>

<comp id="26" class="1000" name="alpha_V_4">
<pin_list>
<pin id="27" dir="1" index="0" bw="1" slack="0"/>
</pin_list>
<bind>
<StgValue><ssdm name="alpha_V_4"/><MemPortTyVec>1 </MemPortTyVec>
</StgValue>
</bind>
</comp>

<comp id="28" class="1000" name="SVs_V_5">
<pin_list>
<pin id="29" dir="1" index="0" bw="1" slack="0"/>
</pin_list>
<bind>
<StgValue><ssdm name="SVs_V_5"/><MemPortTyVec>1 </MemPortTyVec>
</StgValue>
</bind>
</comp>

<comp id="30" class="1000" name="alpha_V_5">
<pin_list>
<pin id="31" dir="1" index="0" bw="1" slack="0"/>
</pin_list>
<bind>
<StgValue><ssdm name="alpha_V_5"/><MemPortTyVec>1 </MemPortTyVec>
</StgValue>
</bind>
</comp>

<comp id="32" class="1000" name="SVs_V_6">
<pin_list>
<pin id="33" dir="1" index="0" bw="1" slack="0"/>
</pin_list>
<bind>
<StgValue><ssdm name="SVs_V_6"/><MemPortTyVec>1 </MemPortTyVec>
</StgValue>
</bind>
</comp>

<comp id="34" class="1000" name="alpha_V_6">
<pin_list>
<pin id="35" dir="1" index="0" bw="1" slack="0"/>
</pin_list>
<bind>
<StgValue><ssdm name="alpha_V_6"/><MemPortTyVec>1 </MemPortTyVec>
</StgValue>
</bind>
</comp>

<comp id="36" class="1000" name="SVs_V_7">
<pin_list>
<pin id="37" dir="1" index="0" bw="1" slack="0"/>
</pin_list>
<bind>
<StgValue><ssdm name="SVs_V_7"/><MemPortTyVec>1 </MemPortTyVec>
</StgValue>
</bind>
</comp>

<comp id="38" class="1000" name="alpha_V_7">
<pin_list>
<pin id="39" dir="1" index="0" bw="1" slack="0"/>
</pin_list>
<bind>
<StgValue><ssdm name="alpha_V_7"/><MemPortTyVec>1 </MemPortTyVec>
</StgValue>
</bind>
</comp>

<comp id="40" class="1000" name="SVs_V_8">
<pin_list>
<pin id="41" dir="1" index="0" bw="1" slack="0"/>
</pin_list>
<bind>
<StgValue><ssdm name="SVs_V_8"/><MemPortTyVec>1 </MemPortTyVec>
</StgValue>
</bind>
</comp>

<comp id="42" class="1000" name="alpha_V_8">
<pin_list>
<pin id="43" dir="1" index="0" bw="1" slack="0"/>
</pin_list>
<bind>
<StgValue><ssdm name="alpha_V_8"/><MemPortTyVec>1 </MemPortTyVec>
</StgValue>
</bind>
</comp>

<comp id="44" class="1001" name="const_44">
<pin_list>
<pin id="45" dir="1" index="0" bw="1" slack="0"/>
</pin_list>
<bind>
<StgValue><ssdm name=""/></StgValue>
</bind>
</comp>

<comp id="46" class="1001" name="const_46">
<pin_list>
<pin id="47" dir="1" index="0" bw="1" slack="0"/>
</pin_list>
<bind>
<StgValue><ssdm name="svm_classifier_svm_classifier.entry3"/></StgValue>
</bind>
</comp>

<comp id="48" class="1001" name="const_48">
<pin_list>
<pin id="49" dir="1" index="0" bw="1" slack="0"/>
</pin_list>
<bind>
<StgValue><ssdm name="svm_classifier_Block__proc"/></StgValue>
</bind>
</comp>

<comp id="50" class="1001" name="const_50">
<pin_list>
<pin id="51" dir="1" index="0" bw="1" slack="0"/>
</pin_list>
<bind>
<StgValue><ssdm name="svm_classifier_Loop_Sum_loop_proc1"/></StgValue>
</bind>
</comp>

<comp id="52" class="1001" name="const_52">
<pin_list>
<pin id="53" dir="1" index="0" bw="1" slack="0"/>
</pin_list>
<bind>
<StgValue><ssdm name="svm_classifier_Block_.preheader.0_proc1"/></StgValue>
</bind>
</comp>

<comp id="54" class="1001" name="const_54">
<pin_list>
<pin id="55" dir="1" index="0" bw="1" slack="2147483647"/>
</pin_list>
<bind>
<StgValue><ssdm name="_ssdm_op_SpecDataflowPipeline"/></StgValue>
</bind>
</comp>

<comp id="56" class="1001" name="const_56">
<pin_list>
<pin id="57" dir="1" index="0" bw="1" slack="2147483647"/>
</pin_list>
<bind>
<StgValue><ssdm name=""/></StgValue>
</bind>
</comp>

<comp id="58" class="1001" name="const_58">
<pin_list>
<pin id="59" dir="1" index="0" bw="1" slack="2147483647"/>
</pin_list>
<bind>
<StgValue><ssdm name="p_str41"/></StgValue>
</bind>
</comp>

<comp id="60" class="1001" name="const_60">
<pin_list>
<pin id="61" dir="1" index="0" bw="1" slack="2147483647"/>
</pin_list>
<bind>
<StgValue><ssdm name="_ssdm_op_SpecBitsMap"/></StgValue>
</bind>
</comp>

<comp id="62" class="1001" name="const_62">
<pin_list>
<pin id="63" dir="1" index="0" bw="1" slack="2147483647"/>
</pin_list>
<bind>
<StgValue><ssdm name="_ssdm_op_SpecTopModule"/></StgValue>
</bind>
</comp>

<comp id="64" class="1001" name="const_64">
<pin_list>
<pin id="65" dir="1" index="0" bw="1" slack="2147483647"/>
</pin_list>
<bind>
<StgValue><ssdm name="svm_classifier_str"/></StgValue>
</bind>
</comp>

<comp id="66" class="1001" name="const_66">
<pin_list>
<pin id="67" dir="1" index="0" bw="1" slack="2147483647"/>
</pin_list>
<bind>
<StgValue><ssdm name="_ssdm_op_SpecInterface"/></StgValue>
</bind>
</comp>

<comp id="68" class="1001" name="const_68">
<pin_list>
<pin id="69" dir="1" index="0" bw="1" slack="2147483647"/>
</pin_list>
<bind>
<StgValue><ssdm name="p_str543"/></StgValue>
</bind>
</comp>

<comp id="70" class="1001" name="const_70">
<pin_list>
<pin id="71" dir="1" index="0" bw="1" slack="2147483647"/>
</pin_list>
<bind>
<StgValue><ssdm name=""/></StgValue>
</bind>
</comp>

<comp id="72" class="1001" name="const_72">
<pin_list>
<pin id="73" dir="1" index="0" bw="1" slack="2147483647"/>
</pin_list>
<bind>
<StgValue><ssdm name="_ssdm_op_SpecChannel"/></StgValue>
</bind>
</comp>

<comp id="74" class="1001" name="const_74">
<pin_list>
<pin id="75" dir="1" index="0" bw="1" slack="2147483647"/>
</pin_list>
<bind>
<StgValue><ssdm name="in_OC_V_channel_str"/></StgValue>
</bind>
</comp>

<comp id="76" class="1001" name="const_76">
<pin_list>
<pin id="77" dir="1" index="0" bw="1" slack="2147483647"/>
</pin_list>
<bind>
<StgValue><ssdm name=""/></StgValue>
</bind>
</comp>

<comp id="78" class="1001" name="const_78">
<pin_list>
<pin id="79" dir="1" index="0" bw="1" slack="2147483647"/>
</pin_list>
<bind>
<StgValue><ssdm name="p_str"/></StgValue>
</bind>
</comp>

<comp id="80" class="1001" name="const_80">
<pin_list>
<pin id="81" dir="1" index="0" bw="1" slack="2147483647"/>
</pin_list>
<bind>
<StgValue><ssdm name="ap_fifo_str"/></StgValue>
</bind>
</comp>

<comp id="82" class="1001" name="const_82">
<pin_list>
<pin id="83" dir="1" index="0" bw="1" slack="2147483647"/>
</pin_list>
<bind>
<StgValue><ssdm name=""/></StgValue>
</bind>
</comp>

<comp id="84" class="1001" name="const_84">
<pin_list>
<pin id="85" dir="1" index="0" bw="1" slack="2147483647"/>
</pin_list>
<bind>
<StgValue><ssdm name=""/></StgValue>
</bind>
</comp>

<comp id="86" class="1004" name="in_V_channel_fu_86">
<pin_list>
<pin id="87" dir="0" index="0" bw="1" slack="0"/>
<pin id="88" dir="1" index="1" bw="256" slack="0"/>
</pin_list>
<bind>
<opcode="alloca(26) " fcode="alloca"/>
<opset="in_V_channel/1 "/>
</bind>
</comp>

<comp id="90" class="1004" name="grp_svm_classifier_Loop_Sum_loop_proc1_fu_90">
<pin_list>
<pin id="91" dir="0" index="0" bw="162" slack="0"/>
<pin id="92" dir="0" index="1" bw="13" slack="0"/>
<pin id="93" dir="0" index="2" bw="13" slack="0"/>
<pin id="94" dir="0" index="3" bw="13" slack="0"/>
<pin id="95" dir="0" index="4" bw="13" slack="0"/>
<pin id="96" dir="0" index="5" bw="13" slack="0"/>
<pin id="97" dir="0" index="6" bw="13" slack="0"/>
<pin id="98" dir="0" index="7" bw="13" slack="0"/>
<pin id="99" dir="0" index="8" bw="13" slack="0"/>
<pin id="100" dir="0" index="9" bw="13" slack="0"/>
<pin id="101" dir="0" index="10" bw="13" slack="0"/>
<pin id="102" dir="0" index="11" bw="13" slack="0"/>
<pin id="103" dir="0" index="12" bw="13" slack="0"/>
<pin id="104" dir="0" index="13" bw="13" slack="0"/>
<pin id="105" dir="0" index="14" bw="13" slack="0"/>
<pin id="106" dir="0" index="15" bw="13" slack="0"/>
<pin id="107" dir="0" index="16" bw="13" slack="0"/>
<pin id="108" dir="0" index="17" bw="239" slack="0"/>
<pin id="109" dir="0" index="18" bw="9" slack="0"/>
<pin id="110" dir="0" index="19" bw="9" slack="0"/>
<pin id="111" dir="0" index="20" bw="13" slack="0"/>
<pin id="112" dir="0" index="21" bw="239" slack="0"/>
<pin id="113" dir="0" index="22" bw="13" slack="0"/>
<pin id="114" dir="0" index="23" bw="239" slack="0"/>
<pin id="115" dir="0" index="24" bw="13" slack="0"/>
<pin id="116" dir="0" index="25" bw="239" slack="0"/>
<pin id="117" dir="0" index="26" bw="13" slack="0"/>
<pin id="118" dir="0" index="27" bw="239" slack="0"/>
<pin id="119" dir="0" index="28" bw="13" slack="0"/>
<pin id="120" dir="0" index="29" bw="239" slack="0"/>
<pin id="121" dir="0" index="30" bw="13" slack="0"/>
<pin id="122" dir="0" index="31" bw="238" slack="0"/>
<pin id="123" dir="0" index="32" bw="13" slack="0"/>
<pin id="124" dir="0" index="33" bw="239" slack="0"/>
<pin id="125" dir="0" index="34" bw="13" slack="0"/>
<pin id="126" dir="0" index="35" bw="239" slack="0"/>
<pin id="127" dir="0" index="36" bw="12" slack="0"/>
<pin id="128" dir="1" index="37" bw="162" slack="0"/>
</pin_list>
<bind>
<opcode="call(48) " fcode="call"/>
<opset="call_ret/2 "/>
</bind>
</comp>

<comp id="150" class="1004" name="grp_svm_classifier_Block_preheader_0_proc1_fu_150">
<pin_list>
<pin id="151" dir="0" index="0" bw="0" slack="0"/>
<pin id="152" dir="0" index="1" bw="18" slack="0"/>
<pin id="153" dir="0" index="2" bw="18" slack="0"/>
<pin id="154" dir="0" index="3" bw="18" slack="0"/>
<pin id="155" dir="0" index="4" bw="18" slack="0"/>
<pin id="156" dir="0" index="5" bw="18" slack="0"/>
<pin id="157" dir="0" index="6" bw="18" slack="0"/>
<pin id="158" dir="0" index="7" bw="18" slack="0"/>
<pin id="159" dir="0" index="8" bw="18" slack="0"/>
<pin id="160" dir="0" index="9" bw="18" slack="0"/>
<pin id="161" dir="0" index="10" bw="1" slack="0"/>
<pin id="162" dir="1" index="11" bw="0" slack="2147483647"/>
</pin_list>
<bind>
<opcode="call(48) " fcode="call"/>
<opset="stg_35/3 "/>
</bind>
</comp>

<comp id="165" class="1004" name="tmp_svm_classifier_Block_proc_fu_165">
<pin_list>
<pin id="166" dir="0" index="0" bw="208" slack="0"/>
<pin id="167" dir="0" index="1" bw="256" slack="1"/>
<pin id="168" dir="1" index="2" bw="208" slack="0"/>
</pin_list>
<bind>
<opcode="call(48) " fcode="call"/>
<opset="tmp/2 "/>
</bind>
</comp>

<comp id="170" class="1004" name="stg_6_svm_classifier_svm_classifier_entry3_fu_170">
<pin_list>
<pin id="171" dir="0" index="0" bw="0" slack="0"/>
<pin id="172" dir="0" index="1" bw="256" slack="0"/>
<pin id="173" dir="0" index="2" bw="256" slack="0"/>
<pin id="174" dir="1" index="3" bw="0" slack="2147483647"/>
</pin_list>
<bind>
<opcode="call(48) " fcode="call"/>
<opset="stg_6/1 "/>
</bind>
</comp>

<comp id="177" class="1004" name="s_in_0_V_loc_channel_fu_177">
<pin_list>
<pin id="178" dir="0" index="0" bw="208" slack="0"/>
<pin id="179" dir="1" index="1" bw="13" slack="0"/>
</pin_list>
<bind>
<opcode="extractvalue(56) " fcode="extractvalue"/>
<opset="s_in_0_V_loc_channel/2 "/>
</bind>
</comp>

<comp id="182" class="1004" name="s_in_1_V_loc_channel_fu_182">
<pin_list>
<pin id="183" dir="0" index="0" bw="208" slack="0"/>
<pin id="184" dir="1" index="1" bw="13" slack="0"/>
</pin_list>
<bind>
<opcode="extractvalue(56) " fcode="extractvalue"/>
<opset="s_in_1_V_loc_channel/2 "/>
</bind>
</comp>

<comp id="187" class="1004" name="s_in_2_V_loc_channel_fu_187">
<pin_list>
<pin id="188" dir="0" index="0" bw="208" slack="0"/>
<pin id="189" dir="1" index="1" bw="13" slack="0"/>
</pin_list>
<bind>
<opcode="extractvalue(56) " fcode="extractvalue"/>
<opset="s_in_2_V_loc_channel/2 "/>
</bind>
</comp>

<comp id="192" class="1004" name="s_in_3_V_loc_channel_fu_192">
<pin_list>
<pin id="193" dir="0" index="0" bw="208" slack="0"/>
<pin id="194" dir="1" index="1" bw="13" slack="0"/>
</pin_list>
<bind>
<opcode="extractvalue(56) " fcode="extractvalue"/>
<opset="s_in_3_V_loc_channel/2 "/>
</bind>
</comp>

<comp id="197" class="1004" name="s_in_4_V_loc_channel_fu_197">
<pin_list>
<pin id="198" dir="0" index="0" bw="208" slack="0"/>
<pin id="199" dir="1" index="1" bw="13" slack="0"/>
</pin_list>
<bind>
<opcode="extractvalue(56) " fcode="extractvalue"/>
<opset="s_in_4_V_loc_channel/2 "/>
</bind>
</comp>

<comp id="202" class="1004" name="s_in_5_V_loc_channel_fu_202">
<pin_list>
<pin id="203" dir="0" index="0" bw="208" slack="0"/>
<pin id="204" dir="1" index="1" bw="13" slack="0"/>
</pin_list>
<bind>
<opcode="extractvalue(56) " fcode="extractvalue"/>
<opset="s_in_5_V_loc_channel/2 "/>
</bind>
</comp>

<comp id="207" class="1004" name="s_in_6_V_loc_channel_fu_207">
<pin_list>
<pin id="208" dir="0" index="0" bw="208" slack="0"/>
<pin id="209" dir="1" index="1" bw="13" slack="0"/>
</pin_list>
<bind>
<opcode="extractvalue(56) " fcode="extractvalue"/>
<opset="s_in_6_V_loc_channel/2 "/>
</bind>
</comp>

<comp id="212" class="1004" name="s_in_7_V_loc_channel_fu_212">
<pin_list>
<pin id="213" dir="0" index="0" bw="208" slack="0"/>
<pin id="214" dir="1" index="1" bw="13" slack="0"/>
</pin_list>
<bind>
<opcode="extractvalue(56) " fcode="extractvalue"/>
<opset="s_in_7_V_loc_channel/2 "/>
</bind>
</comp>

<comp id="217" class="1004" name="s_in_8_V_loc_channel_fu_217">
<pin_list>
<pin id="218" dir="0" index="0" bw="208" slack="0"/>
<pin id="219" dir="1" index="1" bw="13" slack="0"/>
</pin_list>
<bind>
<opcode="extractvalue(56) " fcode="extractvalue"/>
<opset="s_in_8_V_loc_channel/2 "/>
</bind>
</comp>

<comp id="222" class="1004" name="s_in_9_V_loc_channel_fu_222">
<pin_list>
<pin id="223" dir="0" index="0" bw="208" slack="0"/>
<pin id="224" dir="1" index="1" bw="13" slack="0"/>
</pin_list>
<bind>
<opcode="extractvalue(56) " fcode="extractvalue"/>
<opset="s_in_9_V_loc_channel/2 "/>
</bind>
</comp>

<comp id="227" class="1004" name="s_in_10_V_loc_channel_fu_227">
<pin_list>
<pin id="228" dir="0" index="0" bw="208" slack="0"/>
<pin id="229" dir="1" index="1" bw="13" slack="0"/>
</pin_list>
<bind>
<opcode="extractvalue(56) " fcode="extractvalue"/>
<opset="s_in_10_V_loc_channel/2 "/>
</bind>
</comp>

<comp id="232" class="1004" name="s_in_11_V_loc_channel_fu_232">
<pin_list>
<pin id="233" dir="0" index="0" bw="208" slack="0"/>
<pin id="234" dir="1" index="1" bw="13" slack="0"/>
</pin_list>
<bind>
<opcode="extractvalue(56) " fcode="extractvalue"/>
<opset="s_in_11_V_loc_channel/2 "/>
</bind>
</comp>

<comp id="237" class="1004" name="s_in_12_V_loc_channel_fu_237">
<pin_list>
<pin id="238" dir="0" index="0" bw="208" slack="0"/>
<pin id="239" dir="1" index="1" bw="13" slack="0"/>
</pin_list>
<bind>
<opcode="extractvalue(56) " fcode="extractvalue"/>
<opset="s_in_12_V_loc_channel/2 "/>
</bind>
</comp>

<comp id="242" class="1004" name="s_in_13_V_loc_channel_fu_242">
<pin_list>
<pin id="243" dir="0" index="0" bw="208" slack="0"/>
<pin id="244" dir="1" index="1" bw="13" slack="0"/>
</pin_list>
<bind>
<opcode="extractvalue(56) " fcode="extractvalue"/>
<opset="s_in_13_V_loc_channel/2 "/>
</bind>
</comp>

<comp id="247" class="1004" name="s_in_14_V_loc_channel_fu_247">
<pin_list>
<pin id="248" dir="0" index="0" bw="208" slack="0"/>
<pin id="249" dir="1" index="1" bw="13" slack="0"/>
</pin_list>
<bind>
<opcode="extractvalue(56) " fcode="extractvalue"/>
<opset="s_in_14_V_loc_channel/2 "/>
</bind>
</comp>

<comp id="252" class="1004" name="s_in_15_V_loc_channel_fu_252">
<pin_list>
<pin id="253" dir="0" index="0" bw="208" slack="0"/>
<pin id="254" dir="1" index="1" bw="13" slack="0"/>
</pin_list>
<bind>
<opcode="extractvalue(56) " fcode="extractvalue"/>
<opset="s_in_15_V_loc_channel/2 "/>
</bind>
</comp>

<comp id="257" class="1004" name="ch_sums_V_8_loc_channel_fu_257">
<pin_list>
<pin id="258" dir="0" index="0" bw="162" slack="0"/>
<pin id="259" dir="1" index="1" bw="18" slack="0"/>
</pin_list>
<bind>
<opcode="extractvalue(56) " fcode="extractvalue"/>
<opset="ch_sums_V_8_loc_channel/3 "/>
</bind>
</comp>

<comp id="262" class="1004" name="ch_sums_V_7_loc_channel_fu_262">
<pin_list>
<pin id="263" dir="0" index="0" bw="162" slack="0"/>
<pin id="264" dir="1" index="1" bw="18" slack="0"/>
</pin_list>
<bind>
<opcode="extractvalue(56) " fcode="extractvalue"/>
<opset="ch_sums_V_7_loc_channel/3 "/>
</bind>
</comp>

<comp id="267" class="1004" name="ch_sums_V_6_loc_channel_fu_267">
<pin_list>
<pin id="268" dir="0" index="0" bw="162" slack="0"/>
<pin id="269" dir="1" index="1" bw="18" slack="0"/>
</pin_list>
<bind>
<opcode="extractvalue(56) " fcode="extractvalue"/>
<opset="ch_sums_V_6_loc_channel/3 "/>
</bind>
</comp>

<comp id="272" class="1004" name="ch_sums_0_V_loc_channel_fu_272">
<pin_list>
<pin id="273" dir="0" index="0" bw="162" slack="0"/>
<pin id="274" dir="1" index="1" bw="18" slack="0"/>
</pin_list>
<bind>
<opcode="extractvalue(56) " fcode="extractvalue"/>
<opset="ch_sums_0_V_loc_channel/3 "/>
</bind>
</comp>

<comp id="277" class="1004" name="ch_sums_1_V_loc_channel_fu_277">
<pin_list>
<pin id="278" dir="0" index="0" bw="162" slack="0"/>
<pin id="279" dir="1" index="1" bw="18" slack="0"/>
</pin_list>
<bind>
<opcode="extractvalue(56) " fcode="extractvalue"/>
<opset="ch_sums_1_V_loc_channel/3 "/>
</bind>
</comp>

<comp id="282" class="1004" name="ch_sums_2_V_loc_channel_fu_282">
<pin_list>
<pin id="283" dir="0" index="0" bw="162" slack="0"/>
<pin id="284" dir="1" index="1" bw="18" slack="0"/>
</pin_list>
<bind>
<opcode="extractvalue(56) " fcode="extractvalue"/>
<opset="ch_sums_2_V_loc_channel/3 "/>
</bind>
</comp>

<comp id="287" class="1004" name="ch_sums_3_V_loc_channel_fu_287">
<pin_list>
<pin id="288" dir="0" index="0" bw="162" slack="0"/>
<pin id="289" dir="1" index="1" bw="18" slack="0"/>
</pin_list>
<bind>
<opcode="extractvalue(56) " fcode="extractvalue"/>
<opset="ch_sums_3_V_loc_channel/3 "/>
</bind>
</comp>

<comp id="292" class="1004" name="ch_sums_4_V_loc_channel_fu_292">
<pin_list>
<pin id="293" dir="0" index="0" bw="162" slack="0"/>
<pin id="294" dir="1" index="1" bw="18" slack="0"/>
</pin_list>
<bind>
<opcode="extractvalue(56) " fcode="extractvalue"/>
<opset="ch_sums_4_V_loc_channel/3 "/>
</bind>
</comp>

<comp id="297" class="1004" name="ch_sums_5_V_loc_channel_fu_297">
<pin_list>
<pin id="298" dir="0" index="0" bw="162" slack="0"/>
<pin id="299" dir="1" index="1" bw="18" slack="0"/>
</pin_list>
<bind>
<opcode="extractvalue(56) " fcode="extractvalue"/>
<opset="ch_sums_5_V_loc_channel/3 "/>
</bind>
</comp>

<comp id="302" class="1005" name="in_V_channel_reg_302">
<pin_list>
<pin id="303" dir="0" index="0" bw="256" slack="0"/>
<pin id="304" dir="1" index="1" bw="256" slack="0"/>
</pin_list>
<bind>
<opset="in_V_channel "/>
</bind>
</comp>

<comp id="308" class="1005" name="s_in_0_V_loc_channel_reg_308">
<pin_list>
<pin id="309" dir="0" index="0" bw="13" slack="1"/>
<pin id="310" dir="1" index="1" bw="13" slack="1"/>
</pin_list>
<bind>
<opset="s_in_0_V_loc_channel "/>
</bind>
</comp>

<comp id="313" class="1005" name="s_in_1_V_loc_channel_reg_313">
<pin_list>
<pin id="314" dir="0" index="0" bw="13" slack="1"/>
<pin id="315" dir="1" index="1" bw="13" slack="1"/>
</pin_list>
<bind>
<opset="s_in_1_V_loc_channel "/>
</bind>
</comp>

<comp id="318" class="1005" name="s_in_2_V_loc_channel_reg_318">
<pin_list>
<pin id="319" dir="0" index="0" bw="13" slack="1"/>
<pin id="320" dir="1" index="1" bw="13" slack="1"/>
</pin_list>
<bind>
<opset="s_in_2_V_loc_channel "/>
</bind>
</comp>

<comp id="323" class="1005" name="s_in_3_V_loc_channel_reg_323">
<pin_list>
<pin id="324" dir="0" index="0" bw="13" slack="1"/>
<pin id="325" dir="1" index="1" bw="13" slack="1"/>
</pin_list>
<bind>
<opset="s_in_3_V_loc_channel "/>
</bind>
</comp>

<comp id="328" class="1005" name="s_in_4_V_loc_channel_reg_328">
<pin_list>
<pin id="329" dir="0" index="0" bw="13" slack="1"/>
<pin id="330" dir="1" index="1" bw="13" slack="1"/>
</pin_list>
<bind>
<opset="s_in_4_V_loc_channel "/>
</bind>
</comp>

<comp id="333" class="1005" name="s_in_5_V_loc_channel_reg_333">
<pin_list>
<pin id="334" dir="0" index="0" bw="13" slack="1"/>
<pin id="335" dir="1" index="1" bw="13" slack="1"/>
</pin_list>
<bind>
<opset="s_in_5_V_loc_channel "/>
</bind>
</comp>

<comp id="338" class="1005" name="s_in_6_V_loc_channel_reg_338">
<pin_list>
<pin id="339" dir="0" index="0" bw="13" slack="1"/>
<pin id="340" dir="1" index="1" bw="13" slack="1"/>
</pin_list>
<bind>
<opset="s_in_6_V_loc_channel "/>
</bind>
</comp>

<comp id="343" class="1005" name="s_in_7_V_loc_channel_reg_343">
<pin_list>
<pin id="344" dir="0" index="0" bw="13" slack="1"/>
<pin id="345" dir="1" index="1" bw="13" slack="1"/>
</pin_list>
<bind>
<opset="s_in_7_V_loc_channel "/>
</bind>
</comp>

<comp id="348" class="1005" name="s_in_8_V_loc_channel_reg_348">
<pin_list>
<pin id="349" dir="0" index="0" bw="13" slack="1"/>
<pin id="350" dir="1" index="1" bw="13" slack="1"/>
</pin_list>
<bind>
<opset="s_in_8_V_loc_channel "/>
</bind>
</comp>

<comp id="353" class="1005" name="s_in_9_V_loc_channel_reg_353">
<pin_list>
<pin id="354" dir="0" index="0" bw="13" slack="1"/>
<pin id="355" dir="1" index="1" bw="13" slack="1"/>
</pin_list>
<bind>
<opset="s_in_9_V_loc_channel "/>
</bind>
</comp>

<comp id="358" class="1005" name="s_in_10_V_loc_channel_reg_358">
<pin_list>
<pin id="359" dir="0" index="0" bw="13" slack="1"/>
<pin id="360" dir="1" index="1" bw="13" slack="1"/>
</pin_list>
<bind>
<opset="s_in_10_V_loc_channel "/>
</bind>
</comp>

<comp id="363" class="1005" name="s_in_11_V_loc_channel_reg_363">
<pin_list>
<pin id="364" dir="0" index="0" bw="13" slack="1"/>
<pin id="365" dir="1" index="1" bw="13" slack="1"/>
</pin_list>
<bind>
<opset="s_in_11_V_loc_channel "/>
</bind>
</comp>

<comp id="368" class="1005" name="s_in_12_V_loc_channel_reg_368">
<pin_list>
<pin id="369" dir="0" index="0" bw="13" slack="1"/>
<pin id="370" dir="1" index="1" bw="13" slack="1"/>
</pin_list>
<bind>
<opset="s_in_12_V_loc_channel "/>
</bind>
</comp>

<comp id="373" class="1005" name="s_in_13_V_loc_channel_reg_373">
<pin_list>
<pin id="374" dir="0" index="0" bw="13" slack="1"/>
<pin id="375" dir="1" index="1" bw="13" slack="1"/>
</pin_list>
<bind>
<opset="s_in_13_V_loc_channel "/>
</bind>
</comp>

<comp id="378" class="1005" name="s_in_14_V_loc_channel_reg_378">
<pin_list>
<pin id="379" dir="0" index="0" bw="13" slack="1"/>
<pin id="380" dir="1" index="1" bw="13" slack="1"/>
</pin_list>
<bind>
<opset="s_in_14_V_loc_channel "/>
</bind>
</comp>

<comp id="383" class="1005" name="s_in_15_V_loc_channel_reg_383">
<pin_list>
<pin id="384" dir="0" index="0" bw="13" slack="1"/>
<pin id="385" dir="1" index="1" bw="13" slack="1"/>
</pin_list>
<bind>
<opset="s_in_15_V_loc_channel "/>
</bind>
</comp>

<comp id="388" class="1005" name="ch_sums_V_8_loc_channel_reg_388">
<pin_list>
<pin id="389" dir="0" index="0" bw="18" slack="1"/>
<pin id="390" dir="1" index="1" bw="18" slack="1"/>
</pin_list>
<bind>
<opset="ch_sums_V_8_loc_channel "/>
</bind>
</comp>

<comp id="393" class="1005" name="ch_sums_V_7_loc_channel_reg_393">
<pin_list>
<pin id="394" dir="0" index="0" bw="18" slack="1"/>
<pin id="395" dir="1" index="1" bw="18" slack="1"/>
</pin_list>
<bind>
<opset="ch_sums_V_7_loc_channel "/>
</bind>
</comp>

<comp id="398" class="1005" name="ch_sums_V_6_loc_channel_reg_398">
<pin_list>
<pin id="399" dir="0" index="0" bw="18" slack="1"/>
<pin id="400" dir="1" index="1" bw="18" slack="1"/>
</pin_list>
<bind>
<opset="ch_sums_V_6_loc_channel "/>
</bind>
</comp>

<comp id="403" class="1005" name="ch_sums_0_V_loc_channel_reg_403">
<pin_list>
<pin id="404" dir="0" index="0" bw="18" slack="1"/>
<pin id="405" dir="1" index="1" bw="18" slack="1"/>
</pin_list>
<bind>
<opset="ch_sums_0_V_loc_channel "/>
</bind>
</comp>

<comp id="408" class="1005" name="ch_sums_1_V_loc_channel_reg_408">
<pin_list>
<pin id="409" dir="0" index="0" bw="18" slack="1"/>
<pin id="410" dir="1" index="1" bw="18" slack="1"/>
</pin_list>
<bind>
<opset="ch_sums_1_V_loc_channel "/>
</bind>
</comp>

<comp id="413" class="1005" name="ch_sums_2_V_loc_channel_reg_413">
<pin_list>
<pin id="414" dir="0" index="0" bw="18" slack="1"/>
<pin id="415" dir="1" index="1" bw="18" slack="1"/>
</pin_list>
<bind>
<opset="ch_sums_2_V_loc_channel "/>
</bind>
</comp>

<comp id="418" class="1005" name="ch_sums_3_V_loc_channel_reg_418">
<pin_list>
<pin id="419" dir="0" index="0" bw="18" slack="1"/>
<pin id="420" dir="1" index="1" bw="18" slack="1"/>
</pin_list>
<bind>
<opset="ch_sums_3_V_loc_channel "/>
</bind>
</comp>

<comp id="423" class="1005" name="ch_sums_4_V_loc_channel_reg_423">
<pin_list>
<pin id="424" dir="0" index="0" bw="18" slack="1"/>
<pin id="425" dir="1" index="1" bw="18" slack="1"/>
</pin_list>
<bind>
<opset="ch_sums_4_V_loc_channel "/>
</bind>
</comp>

<comp id="428" class="1005" name="ch_sums_5_V_loc_channel_reg_428">
<pin_list>
<pin id="429" dir="0" index="0" bw="18" slack="1"/>
<pin id="430" dir="1" index="1" bw="18" slack="1"/>
</pin_list>
<bind>
<opset="ch_sums_5_V_loc_channel "/>
</bind>
</comp>

</comp_list>

<net_list>
<net id="89"><net_src comp="44" pin="0"/><net_sink comp="86" pin=0"/></net>

<net id="129"><net_src comp="50" pin="0"/><net_sink comp="90" pin=0"/></net>

<net id="130"><net_src comp="4" pin="0"/><net_sink comp="90" pin=17"/></net>

<net id="131"><net_src comp="6" pin="0"/><net_sink comp="90" pin=18"/></net>

<net id="132"><net_src comp="8" pin="0"/><net_sink comp="90" pin=19"/></net>

<net id="133"><net_src comp="10" pin="0"/><net_sink comp="90" pin=20"/></net>

<net id="134"><net_src comp="12" pin="0"/><net_sink comp="90" pin=21"/></net>

<net id="135"><net_src comp="14" pin="0"/><net_sink comp="90" pin=22"/></net>

<net id="136"><net_src comp="16" pin="0"/><net_sink comp="90" pin=23"/></net>

<net id="137"><net_src comp="18" pin="0"/><net_sink comp="90" pin=24"/></net>

<net id="138"><net_src comp="20" pin="0"/><net_sink comp="90" pin=25"/></net>

<net id="139"><net_src comp="22" pin="0"/><net_sink comp="90" pin=26"/></net>

<net id="140"><net_src comp="24" pin="0"/><net_sink comp="90" pin=27"/></net>

<net id="141"><net_src comp="26" pin="0"/><net_sink comp="90" pin=28"/></net>

<net id="142"><net_src comp="28" pin="0"/><net_sink comp="90" pin=29"/></net>

<net id="143"><net_src comp="30" pin="0"/><net_sink comp="90" pin=30"/></net>

<net id="144"><net_src comp="32" pin="0"/><net_sink comp="90" pin=31"/></net>

<net id="145"><net_src comp="34" pin="0"/><net_sink comp="90" pin=32"/></net>

<net id="146"><net_src comp="36" pin="0"/><net_sink comp="90" pin=33"/></net>

<net id="147"><net_src comp="38" pin="0"/><net_sink comp="90" pin=34"/></net>

<net id="148"><net_src comp="40" pin="0"/><net_sink comp="90" pin=35"/></net>

<net id="149"><net_src comp="42" pin="0"/><net_sink comp="90" pin=36"/></net>

<net id="163"><net_src comp="52" pin="0"/><net_sink comp="150" pin=0"/></net>

<net id="164"><net_src comp="2" pin="0"/><net_sink comp="150" pin=10"/></net>

<net id="169"><net_src comp="48" pin="0"/><net_sink comp="165" pin=0"/></net>

<net id="175"><net_src comp="46" pin="0"/><net_sink comp="170" pin=0"/></net>

<net id="176"><net_src comp="0" pin="0"/><net_sink comp="170" pin=1"/></net>

<net id="180"><net_src comp="165" pin="2"/><net_sink comp="177" pin=0"/></net>

<net id="181"><net_src comp="177" pin="1"/><net_sink comp="90" pin=1"/></net>

<net id="185"><net_src comp="165" pin="2"/><net_sink comp="182" pin=0"/></net>

<net id="186"><net_src comp="182" pin="1"/><net_sink comp="90" pin=2"/></net>

<net id="190"><net_src comp="165" pin="2"/><net_sink comp="187" pin=0"/></net>

<net id="191"><net_src comp="187" pin="1"/><net_sink comp="90" pin=3"/></net>

<net id="195"><net_src comp="165" pin="2"/><net_sink comp="192" pin=0"/></net>

<net id="196"><net_src comp="192" pin="1"/><net_sink comp="90" pin=4"/></net>

<net id="200"><net_src comp="165" pin="2"/><net_sink comp="197" pin=0"/></net>

<net id="201"><net_src comp="197" pin="1"/><net_sink comp="90" pin=5"/></net>

<net id="205"><net_src comp="165" pin="2"/><net_sink comp="202" pin=0"/></net>

<net id="206"><net_src comp="202" pin="1"/><net_sink comp="90" pin=6"/></net>

<net id="210"><net_src comp="165" pin="2"/><net_sink comp="207" pin=0"/></net>

<net id="211"><net_src comp="207" pin="1"/><net_sink comp="90" pin=7"/></net>

<net id="215"><net_src comp="165" pin="2"/><net_sink comp="212" pin=0"/></net>

<net id="216"><net_src comp="212" pin="1"/><net_sink comp="90" pin=8"/></net>

<net id="220"><net_src comp="165" pin="2"/><net_sink comp="217" pin=0"/></net>

<net id="221"><net_src comp="217" pin="1"/><net_sink comp="90" pin=9"/></net>

<net id="225"><net_src comp="165" pin="2"/><net_sink comp="222" pin=0"/></net>

<net id="226"><net_src comp="222" pin="1"/><net_sink comp="90" pin=10"/></net>

<net id="230"><net_src comp="165" pin="2"/><net_sink comp="227" pin=0"/></net>

<net id="231"><net_src comp="227" pin="1"/><net_sink comp="90" pin=11"/></net>

<net id="235"><net_src comp="165" pin="2"/><net_sink comp="232" pin=0"/></net>

<net id="236"><net_src comp="232" pin="1"/><net_sink comp="90" pin=12"/></net>

<net id="240"><net_src comp="165" pin="2"/><net_sink comp="237" pin=0"/></net>

<net id="241"><net_src comp="237" pin="1"/><net_sink comp="90" pin=13"/></net>

<net id="245"><net_src comp="165" pin="2"/><net_sink comp="242" pin=0"/></net>

<net id="246"><net_src comp="242" pin="1"/><net_sink comp="90" pin=14"/></net>

<net id="250"><net_src comp="165" pin="2"/><net_sink comp="247" pin=0"/></net>

<net id="251"><net_src comp="247" pin="1"/><net_sink comp="90" pin=15"/></net>

<net id="255"><net_src comp="165" pin="2"/><net_sink comp="252" pin=0"/></net>

<net id="256"><net_src comp="252" pin="1"/><net_sink comp="90" pin=16"/></net>

<net id="260"><net_src comp="90" pin="37"/><net_sink comp="257" pin=0"/></net>

<net id="261"><net_src comp="257" pin="1"/><net_sink comp="150" pin=9"/></net>

<net id="265"><net_src comp="90" pin="37"/><net_sink comp="262" pin=0"/></net>

<net id="266"><net_src comp="262" pin="1"/><net_sink comp="150" pin=8"/></net>

<net id="270"><net_src comp="90" pin="37"/><net_sink comp="267" pin=0"/></net>

<net id="271"><net_src comp="267" pin="1"/><net_sink comp="150" pin=7"/></net>

<net id="275"><net_src comp="90" pin="37"/><net_sink comp="272" pin=0"/></net>

<net id="276"><net_src comp="272" pin="1"/><net_sink comp="150" pin=2"/></net>

<net id="280"><net_src comp="90" pin="37"/><net_sink comp="277" pin=0"/></net>

<net id="281"><net_src comp="277" pin="1"/><net_sink comp="150" pin=1"/></net>

<net id="285"><net_src comp="90" pin="37"/><net_sink comp="282" pin=0"/></net>

<net id="286"><net_src comp="282" pin="1"/><net_sink comp="150" pin=3"/></net>

<net id="290"><net_src comp="90" pin="37"/><net_sink comp="287" pin=0"/></net>

<net id="291"><net_src comp="287" pin="1"/><net_sink comp="150" pin=4"/></net>

<net id="295"><net_src comp="90" pin="37"/><net_sink comp="292" pin=0"/></net>

<net id="296"><net_src comp="292" pin="1"/><net_sink comp="150" pin=5"/></net>

<net id="300"><net_src comp="90" pin="37"/><net_sink comp="297" pin=0"/></net>

<net id="301"><net_src comp="297" pin="1"/><net_sink comp="150" pin=6"/></net>

<net id="305"><net_src comp="86" pin="1"/><net_sink comp="302" pin=0"/></net>

<net id="306"><net_src comp="302" pin="1"/><net_sink comp="170" pin=2"/></net>

<net id="307"><net_src comp="302" pin="1"/><net_sink comp="165" pin=1"/></net>

<net id="311"><net_src comp="177" pin="1"/><net_sink comp="308" pin=0"/></net>

<net id="312"><net_src comp="308" pin="1"/><net_sink comp="90" pin=1"/></net>

<net id="316"><net_src comp="182" pin="1"/><net_sink comp="313" pin=0"/></net>

<net id="317"><net_src comp="313" pin="1"/><net_sink comp="90" pin=2"/></net>

<net id="321"><net_src comp="187" pin="1"/><net_sink comp="318" pin=0"/></net>

<net id="322"><net_src comp="318" pin="1"/><net_sink comp="90" pin=3"/></net>

<net id="326"><net_src comp="192" pin="1"/><net_sink comp="323" pin=0"/></net>

<net id="327"><net_src comp="323" pin="1"/><net_sink comp="90" pin=4"/></net>

<net id="331"><net_src comp="197" pin="1"/><net_sink comp="328" pin=0"/></net>

<net id="332"><net_src comp="328" pin="1"/><net_sink comp="90" pin=5"/></net>

<net id="336"><net_src comp="202" pin="1"/><net_sink comp="333" pin=0"/></net>

<net id="337"><net_src comp="333" pin="1"/><net_sink comp="90" pin=6"/></net>

<net id="341"><net_src comp="207" pin="1"/><net_sink comp="338" pin=0"/></net>

<net id="342"><net_src comp="338" pin="1"/><net_sink comp="90" pin=7"/></net>

<net id="346"><net_src comp="212" pin="1"/><net_sink comp="343" pin=0"/></net>

<net id="347"><net_src comp="343" pin="1"/><net_sink comp="90" pin=8"/></net>

<net id="351"><net_src comp="217" pin="1"/><net_sink comp="348" pin=0"/></net>

<net id="352"><net_src comp="348" pin="1"/><net_sink comp="90" pin=9"/></net>

<net id="356"><net_src comp="222" pin="1"/><net_sink comp="353" pin=0"/></net>

<net id="357"><net_src comp="353" pin="1"/><net_sink comp="90" pin=10"/></net>

<net id="361"><net_src comp="227" pin="1"/><net_sink comp="358" pin=0"/></net>

<net id="362"><net_src comp="358" pin="1"/><net_sink comp="90" pin=11"/></net>

<net id="366"><net_src comp="232" pin="1"/><net_sink comp="363" pin=0"/></net>

<net id="367"><net_src comp="363" pin="1"/><net_sink comp="90" pin=12"/></net>

<net id="371"><net_src comp="237" pin="1"/><net_sink comp="368" pin=0"/></net>

<net id="372"><net_src comp="368" pin="1"/><net_sink comp="90" pin=13"/></net>

<net id="376"><net_src comp="242" pin="1"/><net_sink comp="373" pin=0"/></net>

<net id="377"><net_src comp="373" pin="1"/><net_sink comp="90" pin=14"/></net>

<net id="381"><net_src comp="247" pin="1"/><net_sink comp="378" pin=0"/></net>

<net id="382"><net_src comp="378" pin="1"/><net_sink comp="90" pin=15"/></net>

<net id="386"><net_src comp="252" pin="1"/><net_sink comp="383" pin=0"/></net>

<net id="387"><net_src comp="383" pin="1"/><net_sink comp="90" pin=16"/></net>

<net id="391"><net_src comp="257" pin="1"/><net_sink comp="388" pin=0"/></net>

<net id="392"><net_src comp="388" pin="1"/><net_sink comp="150" pin=9"/></net>

<net id="396"><net_src comp="262" pin="1"/><net_sink comp="393" pin=0"/></net>

<net id="397"><net_src comp="393" pin="1"/><net_sink comp="150" pin=8"/></net>

<net id="401"><net_src comp="267" pin="1"/><net_sink comp="398" pin=0"/></net>

<net id="402"><net_src comp="398" pin="1"/><net_sink comp="150" pin=7"/></net>

<net id="406"><net_src comp="272" pin="1"/><net_sink comp="403" pin=0"/></net>

<net id="407"><net_src comp="403" pin="1"/><net_sink comp="150" pin=2"/></net>

<net id="411"><net_src comp="277" pin="1"/><net_sink comp="408" pin=0"/></net>

<net id="412"><net_src comp="408" pin="1"/><net_sink comp="150" pin=1"/></net>

<net id="416"><net_src comp="282" pin="1"/><net_sink comp="413" pin=0"/></net>

<net id="417"><net_src comp="413" pin="1"/><net_sink comp="150" pin=3"/></net>

<net id="421"><net_src comp="287" pin="1"/><net_sink comp="418" pin=0"/></net>

<net id="422"><net_src comp="418" pin="1"/><net_sink comp="150" pin=4"/></net>

<net id="426"><net_src comp="292" pin="1"/><net_sink comp="423" pin=0"/></net>

<net id="427"><net_src comp="423" pin="1"/><net_sink comp="150" pin=5"/></net>

<net id="431"><net_src comp="297" pin="1"/><net_sink comp="428" pin=0"/></net>

<net id="432"><net_src comp="428" pin="1"/><net_sink comp="150" pin=6"/></net>

</net_list>

</model> 
---------------- Datapath Model END ------------------

* FSMD analyzer results:
  - Output states:
	Port: out_r | {3 4 }
 - Input state : 
	Port: svm_classifier : in_V | {1 }
	Port: svm_classifier : SVs_V_0 | {2 3 }
	Port: svm_classifier : sinh_lut_V | {2 3 }
	Port: svm_classifier : cosh_lut_V | {2 3 }
	Port: svm_classifier : alpha_V_0 | {2 3 }
	Port: svm_classifier : SVs_V_1 | {2 3 }
	Port: svm_classifier : alpha_V_1 | {2 3 }
	Port: svm_classifier : SVs_V_2 | {2 3 }
	Port: svm_classifier : alpha_V_2 | {2 3 }
	Port: svm_classifier : SVs_V_3 | {2 3 }
	Port: svm_classifier : alpha_V_3 | {2 3 }
	Port: svm_classifier : SVs_V_4 | {2 3 }
	Port: svm_classifier : alpha_V_4 | {2 3 }
	Port: svm_classifier : SVs_V_5 | {2 3 }
	Port: svm_classifier : alpha_V_5 | {2 3 }
	Port: svm_classifier : SVs_V_6 | {2 3 }
	Port: svm_classifier : alpha_V_6 | {2 3 }
	Port: svm_classifier : SVs_V_7 | {2 3 }
	Port: svm_classifier : alpha_V_7 | {2 3 }
	Port: svm_classifier : SVs_V_8 | {2 3 }
	Port: svm_classifier : alpha_V_8 | {2 3 }
  - Chain level:
	State 1
		stg_6 : 1
	State 2
		s_in_0_V_loc_channel : 1
		s_in_1_V_loc_channel : 1
		s_in_2_V_loc_channel : 1
		s_in_3_V_loc_channel : 1
		s_in_4_V_loc_channel : 1
		s_in_5_V_loc_channel : 1
		s_in_6_V_loc_channel : 1
		s_in_7_V_loc_channel : 1
		s_in_8_V_loc_channel : 1
		s_in_9_V_loc_channel : 1
		s_in_10_V_loc_channel : 1
		s_in_11_V_loc_channel : 1
		s_in_12_V_loc_channel : 1
		s_in_13_V_loc_channel : 1
		s_in_14_V_loc_channel : 1
		s_in_15_V_loc_channel : 1
		call_ret : 2
	State 3
		ch_sums_V_8_loc_channel : 1
		ch_sums_V_7_loc_channel : 1
		ch_sums_V_6_loc_channel : 1
		ch_sums_0_V_loc_channel : 1
		ch_sums_1_V_loc_channel : 1
		ch_sums_2_V_loc_channel : 1
		ch_sums_3_V_loc_channel : 1
		ch_sums_4_V_loc_channel : 1
		ch_sums_5_V_loc_channel : 1
		stg_35 : 2
	State 4


============================================================
+ Verbose Summary: Datapath Resource usage 
============================================================

* Functional unit list:
|----------|---------------------------------------------------|---------|---------|---------|---------|
| Operation|                  Functional Unit                  |  DSP48E |  Delay  |    FF   |   LUT   |
|----------|---------------------------------------------------|---------|---------|---------|---------|
|          |    grp_svm_classifier_Loop_Sum_loop_proc1_fu_90   |   108   |  89.547 |  11366  |  23527  |
|   call   | grp_svm_classifier_Block_preheader_0_proc1_fu_150 |    0    |    0    |    18   |   108   |
|          |        tmp_svm_classifier_Block_proc_fu_165       |    0    |    0    |    0    |    0    |
|          | stg_6_svm_classifier_svm_classifier_entry3_fu_170 |    0    |    0    |    0    |    0    |
|----------|---------------------------------------------------|---------|---------|---------|---------|
|          |            s_in_0_V_loc_channel_fu_177            |    0    |    0    |    0    |    0    |
|          |            s_in_1_V_loc_channel_fu_182            |    0    |    0    |    0    |    0    |
|          |            s_in_2_V_loc_channel_fu_187            |    0    |    0    |    0    |    0    |
|          |            s_in_3_V_loc_channel_fu_192            |    0    |    0    |    0    |    0    |
|          |            s_in_4_V_loc_channel_fu_197            |    0    |    0    |    0    |    0    |
|          |            s_in_5_V_loc_channel_fu_202            |    0    |    0    |    0    |    0    |
|          |            s_in_6_V_loc_channel_fu_207            |    0    |    0    |    0    |    0    |
|          |            s_in_7_V_loc_channel_fu_212            |    0    |    0    |    0    |    0    |
|          |            s_in_8_V_loc_channel_fu_217            |    0    |    0    |    0    |    0    |
|          |            s_in_9_V_loc_channel_fu_222            |    0    |    0    |    0    |    0    |
|          |            s_in_10_V_loc_channel_fu_227           |    0    |    0    |    0    |    0    |
|          |            s_in_11_V_loc_channel_fu_232           |    0    |    0    |    0    |    0    |
|extractvalue|            s_in_12_V_loc_channel_fu_237           |    0    |    0    |    0    |    0    |
|          |            s_in_13_V_loc_channel_fu_242           |    0    |    0    |    0    |    0    |
|          |            s_in_14_V_loc_channel_fu_247           |    0    |    0    |    0    |    0    |
|          |            s_in_15_V_loc_channel_fu_252           |    0    |    0    |    0    |    0    |
|          |           ch_sums_V_8_loc_channel_fu_257          |    0    |    0    |    0    |    0    |
|          |           ch_sums_V_7_loc_channel_fu_262          |    0    |    0    |    0    |    0    |
|          |           ch_sums_V_6_loc_channel_fu_267          |    0    |    0    |    0    |    0    |
|          |           ch_sums_0_V_loc_channel_fu_272          |    0    |    0    |    0    |    0    |
|          |           ch_sums_1_V_loc_channel_fu_277          |    0    |    0    |    0    |    0    |
|          |           ch_sums_2_V_loc_channel_fu_282          |    0    |    0    |    0    |    0    |
|          |           ch_sums_3_V_loc_channel_fu_287          |    0    |    0    |    0    |    0    |
|          |           ch_sums_4_V_loc_channel_fu_292          |    0    |    0    |    0    |    0    |
|          |           ch_sums_5_V_loc_channel_fu_297          |    0    |    0    |    0    |    0    |
|----------|---------------------------------------------------|---------|---------|---------|---------|
|   Total  |                                                   |   108   |  89.547 |  11384  |  23635  |
|----------|---------------------------------------------------|---------|---------|---------|---------|

Memories:
+----------+--------+--------+--------+
|          |  BRAM  |   FF   |   LUT  |
+----------+--------+--------+--------+
|  SVs_V_0 |    7   |    0   |    0   |
|  SVs_V_1 |    7   |    0   |    0   |
|  SVs_V_2 |    7   |    0   |    0   |
|  SVs_V_3 |    7   |    0   |    0   |
|  SVs_V_4 |    7   |    0   |    0   |
|  SVs_V_5 |    7   |    0   |    0   |
|  SVs_V_6 |    7   |    0   |    0   |
|  SVs_V_7 |    7   |    0   |    0   |
|  SVs_V_8 |    7   |    0   |    0   |
| alpha_V_0|    1   |    0   |    0   |
| alpha_V_1|    1   |    0   |    0   |
| alpha_V_2|    1   |    0   |    0   |
| alpha_V_3|    1   |    0   |    0   |
| alpha_V_4|    1   |    0   |    0   |
| alpha_V_5|    1   |    0   |    0   |
| alpha_V_6|    1   |    0   |    0   |
| alpha_V_7|    1   |    0   |    0   |
| alpha_V_8|    1   |    0   |    0   |
|cosh_lut_V|    0   |    9   |    1   |
|sinh_lut_V|    0   |    9   |    1   |
+----------+--------+--------+--------+
|   Total  |   72   |   18   |    2   |
+----------+--------+--------+--------+

* Register list:
+-------------------------------+--------+
|                               |   FF   |
+-------------------------------+--------+
|ch_sums_0_V_loc_channel_reg_403|   18   |
|ch_sums_1_V_loc_channel_reg_408|   18   |
|ch_sums_2_V_loc_channel_reg_413|   18   |
|ch_sums_3_V_loc_channel_reg_418|   18   |
|ch_sums_4_V_loc_channel_reg_423|   18   |
|ch_sums_5_V_loc_channel_reg_428|   18   |
|ch_sums_V_6_loc_channel_reg_398|   18   |
|ch_sums_V_7_loc_channel_reg_393|   18   |
|ch_sums_V_8_loc_channel_reg_388|   18   |
|      in_V_channel_reg_302     |   256  |
|  s_in_0_V_loc_channel_reg_308 |   13   |
| s_in_10_V_loc_channel_reg_358 |   13   |
| s_in_11_V_loc_channel_reg_363 |   13   |
| s_in_12_V_loc_channel_reg_368 |   13   |
| s_in_13_V_loc_channel_reg_373 |   13   |
| s_in_14_V_loc_channel_reg_378 |   13   |
| s_in_15_V_loc_channel_reg_383 |   13   |
|  s_in_1_V_loc_channel_reg_313 |   13   |
|  s_in_2_V_loc_channel_reg_318 |   13   |
|  s_in_3_V_loc_channel_reg_323 |   13   |
|  s_in_4_V_loc_channel_reg_328 |   13   |
|  s_in_5_V_loc_channel_reg_333 |   13   |
|  s_in_6_V_loc_channel_reg_338 |   13   |
|  s_in_7_V_loc_channel_reg_343 |   13   |
|  s_in_8_V_loc_channel_reg_348 |   13   |
|  s_in_9_V_loc_channel_reg_353 |   13   |
+-------------------------------+--------+
|             Total             |   626  |
+-------------------------------+--------+

* Multiplexer (MUX) list: 
|---------------------------------------------------|------|------|------|--------||---------||---------|
|                        Comp                       |  Pin | Size |  BW  | S x BW ||  Delay  ||   LUT   |
|---------------------------------------------------|------|------|------|--------||---------||---------|
|    grp_svm_classifier_Loop_Sum_loop_proc1_fu_90   |  p1  |   2  |  13  |   26   ||    13   |
|    grp_svm_classifier_Loop_Sum_loop_proc1_fu_90   |  p2  |   2  |  13  |   26   ||    13   |
|    grp_svm_classifier_Loop_Sum_loop_proc1_fu_90   |  p3  |   2  |  13  |   26   ||    13   |
|    grp_svm_classifier_Loop_Sum_loop_proc1_fu_90   |  p4  |   2  |  13  |   26   ||    13   |
|    grp_svm_classifier_Loop_Sum_loop_proc1_fu_90   |  p5  |   2  |  13  |   26   ||    13   |
|    grp_svm_classifier_Loop_Sum_loop_proc1_fu_90   |  p6  |   2  |  13  |   26   ||    13   |
|    grp_svm_classifier_Loop_Sum_loop_proc1_fu_90   |  p7  |   2  |  13  |   26   ||    13   |
|    grp_svm_classifier_Loop_Sum_loop_proc1_fu_90   |  p8  |   2  |  13  |   26   ||    13   |
|    grp_svm_classifier_Loop_Sum_loop_proc1_fu_90   |  p9  |   2  |  13  |   26   ||    13   |
|    grp_svm_classifier_Loop_Sum_loop_proc1_fu_90   |  p10 |   2  |  13  |   26   ||    13   |
|    grp_svm_classifier_Loop_Sum_loop_proc1_fu_90   |  p11 |   2  |  13  |   26   ||    13   |
|    grp_svm_classifier_Loop_Sum_loop_proc1_fu_90   |  p12 |   2  |  13  |   26   ||    13   |
|    grp_svm_classifier_Loop_Sum_loop_proc1_fu_90   |  p13 |   2  |  13  |   26   ||    13   |
|    grp_svm_classifier_Loop_Sum_loop_proc1_fu_90   |  p14 |   2  |  13  |   26   ||    13   |
|    grp_svm_classifier_Loop_Sum_loop_proc1_fu_90   |  p15 |   2  |  13  |   26   ||    13   |
|    grp_svm_classifier_Loop_Sum_loop_proc1_fu_90   |  p16 |   2  |  13  |   26   ||    13   |
| grp_svm_classifier_Block_preheader_0_proc1_fu_150 |  p1  |   2  |  18  |   36   ||    18   |
| grp_svm_classifier_Block_preheader_0_proc1_fu_150 |  p2  |   2  |  18  |   36   ||    18   |
| grp_svm_classifier_Block_preheader_0_proc1_fu_150 |  p3  |   2  |  18  |   36   ||    18   |
| grp_svm_classifier_Block_preheader_0_proc1_fu_150 |  p4  |   2  |  18  |   36   ||    18   |
| grp_svm_classifier_Block_preheader_0_proc1_fu_150 |  p5  |   2  |  18  |   36   ||    18   |
| grp_svm_classifier_Block_preheader_0_proc1_fu_150 |  p6  |   2  |  18  |   36   ||    18   |
| grp_svm_classifier_Block_preheader_0_proc1_fu_150 |  p7  |   2  |  18  |   36   ||    18   |
| grp_svm_classifier_Block_preheader_0_proc1_fu_150 |  p8  |   2  |  18  |   36   ||    18   |
| grp_svm_classifier_Block_preheader_0_proc1_fu_150 |  p9  |   2  |  18  |   36   ||    18   |
|---------------------------------------------------|------|------|------|--------||---------||---------|
|                       Total                       |      |      |      |   740  ||  39.275 ||   370   |
|---------------------------------------------------|------|------|------|--------||---------||---------|



* Summary:
+-----------+--------+--------+--------+--------+--------+
|           |  BRAM  | DSP48E |  Delay |   FF   |   LUT  |
+-----------+--------+--------+--------+--------+--------+
|  Function |    -   |   108  |   89   |  11384 |  23635 |
|   Memory  |   72   |    -   |    -   |   18   |    2   |
|Multiplexer|    -   |    -   |   39   |    -   |   370  |
|  Register |    -   |    -   |    -   |   626  |    -   |
+-----------+--------+--------+--------+--------+--------+
|   Total   |   72   |   108  |   128  |  12028 |  24007 |
+-----------+--------+--------+--------+--------+--------+
