

================================================================
== Vivado HLS Report for 'svm_classifier_Loop_Sum_loop_proc1'
================================================================
* Date:           Fri Mar 16 00:07:03 2018

* Version:        2016.2 (Build 1577090 on Thu Jun 02 16:59:10 MDT 2016)
* Project:        svm_classifier_prj
* Solution:       solution1
* Product family: zynq
* Target device:  xc7z020clg484-1


================================================================
== Performance Estimates
================================================================
+ Timing (ns): 
    * Summary: 
    +--------+-------+----------+------------+
    |  Clock | Target| Estimated| Uncertainty|
    +--------+-------+----------+------------+
    |ap_clk  |  10.00|      8.66|        1.25|
    +--------+-------+----------+------------+

+ Latency (clock cycles): 
    * Summary: 
    +-----+-----+-----+-----+---------+
    |  Latency  |  Interval | Pipeline|
    | min | max | min | max |   Type  |
    +-----+-----+-----+-----+---------+
    |  144|  144|  144|  144|   none  |
    +-----+-----+-----+-----+---------+

    + Detail: 
        * Instance: 
        +-----------------------------------+------------------------+-----+-----+-----+-----+----------+
        |                                   |                        |  Latency  |  Interval | Pipeline |
        |              Instance             |         Module         | min | max | min | max |   Type   |
        +-----------------------------------+------------------------+-----+-----+-----+-----+----------+
        |grp_svm_classifier_getTanh_fu_652  |svm_classifier_getTanh  |   21|   21|    1|    1| function |
        |grp_svm_classifier_getTanh_fu_661  |svm_classifier_getTanh  |   21|   21|    1|    1| function |
        |grp_svm_classifier_getTanh_fu_670  |svm_classifier_getTanh  |   21|   21|    1|    1| function |
        |grp_svm_classifier_getTanh_fu_679  |svm_classifier_getTanh  |   21|   21|    1|    1| function |
        |grp_svm_classifier_getTanh_fu_688  |svm_classifier_getTanh  |   21|   21|    1|    1| function |
        |grp_svm_classifier_getTanh_fu_697  |svm_classifier_getTanh  |   21|   21|    1|    1| function |
        |grp_svm_classifier_getTanh_fu_706  |svm_classifier_getTanh  |   21|   21|    1|    1| function |
        |grp_svm_classifier_getTanh_fu_715  |svm_classifier_getTanh  |   21|   21|    1|    1| function |
        |grp_svm_classifier_getTanh_fu_724  |svm_classifier_getTanh  |   21|   21|    1|    1| function |
        +-----------------------------------+------------------------+-----+-----+-----+-----+----------+

        * Loop: 
        +------------+-----+-----+----------+-----------+-----------+------+----------+
        |            |  Latency  | Iteration|  Initiation Interval  | Trip |          |
        |  Loop Name | min | max |  Latency |  achieved |   target  | Count| Pipelined|
        +------------+-----+-----+----------+-----------+-----------+------+----------+
        |- Sum_loop  |  142|  142|        27|          1|          1|   116|    yes   |
        +------------+-----+-----+----------+-----------+-----------+------+----------+



================================================================
== Utilization Estimates
================================================================
* Summary: 
+-----------------+---------+-------+--------+-------+
|       Name      | BRAM_18K| DSP48E|   FF   |  LUT  |
+-----------------+---------+-------+--------+-------+
|DSP              |        -|    108|       -|      -|
|Expression       |        -|      -|       0|   1670|
|FIFO             |        -|      -|       -|      -|
|Instance         |        0|      0|    7245|  21732|
|Memory           |       72|      -|       0|      0|
|Multiplexer      |        -|      -|       -|    183|
|Register         |        -|      -|    5418|      8|
+-----------------+---------+-------+--------+-------+
|Total            |       72|    108|   12663|  23593|
+-----------------+---------+-------+--------+-------+
|Available        |      280|    220|  106400|  53200|
+-----------------+---------+-------+--------+-------+
|Utilization (%)  |       25|     49|      11|     44|
+-----------------+---------+-------+--------+-------+

+ Detail: 
    * Instance: 
    +-------------------------------------+---------------------------------+---------+-------+-----+------+
    |               Instance              |              Module             | BRAM_18K| DSP48E|  FF |  LUT |
    +-------------------------------------+---------------------------------+---------+-------+-----+------+
    |grp_svm_classifier_getTanh_fu_652    |svm_classifier_getTanh           |        0|      0|  805|  1546|
    |grp_svm_classifier_getTanh_fu_661    |svm_classifier_getTanh           |        0|      0|  805|  1546|
    |grp_svm_classifier_getTanh_fu_670    |svm_classifier_getTanh           |        0|      0|  805|  1546|
    |grp_svm_classifier_getTanh_fu_679    |svm_classifier_getTanh           |        0|      0|  805|  1546|
    |grp_svm_classifier_getTanh_fu_688    |svm_classifier_getTanh           |        0|      0|  805|  1546|
    |grp_svm_classifier_getTanh_fu_697    |svm_classifier_getTanh           |        0|      0|  805|  1546|
    |grp_svm_classifier_getTanh_fu_706    |svm_classifier_getTanh           |        0|      0|  805|  1546|
    |grp_svm_classifier_getTanh_fu_715    |svm_classifier_getTanh           |        0|      0|  805|  1546|
    |grp_svm_classifier_getTanh_fu_724    |svm_classifier_getTanh           |        0|      0|  805|  1546|
    |svm_classifier_mul_12s_8s_20_1_U55   |svm_classifier_mul_12s_8s_20_1   |        0|      0|    0|    96|
    |svm_classifier_mul_13s_13s_26_1_U38  |svm_classifier_mul_13s_13s_26_1  |        0|      0|    0|   169|
    |svm_classifier_mul_13s_8s_21_1_U47   |svm_classifier_mul_13s_8s_21_1   |        0|      0|    0|   104|
    |svm_classifier_mul_13s_8s_21_1_U48   |svm_classifier_mul_13s_8s_21_1   |        0|      0|    0|   104|
    |svm_classifier_mul_13s_8s_21_1_U49   |svm_classifier_mul_13s_8s_21_1   |        0|      0|    0|   104|
    |svm_classifier_mul_13s_8s_21_1_U50   |svm_classifier_mul_13s_8s_21_1   |        0|      0|    0|   104|
    |svm_classifier_mul_13s_8s_21_1_U51   |svm_classifier_mul_13s_8s_21_1   |        0|      0|    0|   104|
    |svm_classifier_mul_13s_8s_21_1_U52   |svm_classifier_mul_13s_8s_21_1   |        0|      0|    0|   104|
    |svm_classifier_mul_13s_8s_21_1_U53   |svm_classifier_mul_13s_8s_21_1   |        0|      0|    0|   104|
    |svm_classifier_mul_13s_8s_21_1_U54   |svm_classifier_mul_13s_8s_21_1   |        0|      0|    0|   104|
    |svm_classifier_mul_14s_13s_27_1_U14  |svm_classifier_mul_14s_13s_27_1  |        0|      0|    0|   182|
    |svm_classifier_mul_14s_13s_27_1_U18  |svm_classifier_mul_14s_13s_27_1  |        0|      0|    0|   182|
    |svm_classifier_mul_14s_13s_27_1_U22  |svm_classifier_mul_14s_13s_27_1  |        0|      0|    0|   182|
    |svm_classifier_mul_14s_13s_27_1_U26  |svm_classifier_mul_14s_13s_27_1  |        0|      0|    0|   182|
    |svm_classifier_mul_14s_13s_27_1_U30  |svm_classifier_mul_14s_13s_27_1  |        0|      0|    0|   182|
    |svm_classifier_mul_14s_13s_27_1_U34  |svm_classifier_mul_14s_13s_27_1  |        0|      0|    0|   182|
    |svm_classifier_mul_14s_13s_27_1_U42  |svm_classifier_mul_14s_13s_27_1  |        0|      0|    0|   182|
    |svm_classifier_mul_14s_13s_27_1_U46  |svm_classifier_mul_14s_13s_27_1  |        0|      0|    0|   182|
    |svm_classifier_mul_15s_13s_28_1_U11  |svm_classifier_mul_15s_13s_28_1  |        0|      0|    0|   195|
    |svm_classifier_mul_15s_13s_28_1_U12  |svm_classifier_mul_15s_13s_28_1  |        0|      0|    0|   195|
    |svm_classifier_mul_15s_13s_28_1_U13  |svm_classifier_mul_15s_13s_28_1  |        0|      0|    0|   195|
    |svm_classifier_mul_15s_13s_28_1_U15  |svm_classifier_mul_15s_13s_28_1  |        0|      0|    0|   195|
    |svm_classifier_mul_15s_13s_28_1_U16  |svm_classifier_mul_15s_13s_28_1  |        0|      0|    0|   195|
    |svm_classifier_mul_15s_13s_28_1_U17  |svm_classifier_mul_15s_13s_28_1  |        0|      0|    0|   195|
    |svm_classifier_mul_15s_13s_28_1_U19  |svm_classifier_mul_15s_13s_28_1  |        0|      0|    0|   195|
    |svm_classifier_mul_15s_13s_28_1_U20  |svm_classifier_mul_15s_13s_28_1  |        0|      0|    0|   195|
    |svm_classifier_mul_15s_13s_28_1_U21  |svm_classifier_mul_15s_13s_28_1  |        0|      0|    0|   195|
    |svm_classifier_mul_15s_13s_28_1_U23  |svm_classifier_mul_15s_13s_28_1  |        0|      0|    0|   195|
    |svm_classifier_mul_15s_13s_28_1_U24  |svm_classifier_mul_15s_13s_28_1  |        0|      0|    0|   195|
    |svm_classifier_mul_15s_13s_28_1_U25  |svm_classifier_mul_15s_13s_28_1  |        0|      0|    0|   195|
    |svm_classifier_mul_15s_13s_28_1_U27  |svm_classifier_mul_15s_13s_28_1  |        0|      0|    0|   195|
    |svm_classifier_mul_15s_13s_28_1_U28  |svm_classifier_mul_15s_13s_28_1  |        0|      0|    0|   195|
    |svm_classifier_mul_15s_13s_28_1_U29  |svm_classifier_mul_15s_13s_28_1  |        0|      0|    0|   195|
    |svm_classifier_mul_15s_13s_28_1_U31  |svm_classifier_mul_15s_13s_28_1  |        0|      0|    0|   195|
    |svm_classifier_mul_15s_13s_28_1_U32  |svm_classifier_mul_15s_13s_28_1  |        0|      0|    0|   195|
    |svm_classifier_mul_15s_13s_28_1_U33  |svm_classifier_mul_15s_13s_28_1  |        0|      0|    0|   195|
    |svm_classifier_mul_15s_13s_28_1_U35  |svm_classifier_mul_15s_13s_28_1  |        0|      0|    0|   195|
    |svm_classifier_mul_15s_13s_28_1_U36  |svm_classifier_mul_15s_13s_28_1  |        0|      0|    0|   195|
    |svm_classifier_mul_15s_13s_28_1_U37  |svm_classifier_mul_15s_13s_28_1  |        0|      0|    0|   195|
    |svm_classifier_mul_15s_13s_28_1_U39  |svm_classifier_mul_15s_13s_28_1  |        0|      0|    0|   195|
    |svm_classifier_mul_15s_13s_28_1_U40  |svm_classifier_mul_15s_13s_28_1  |        0|      0|    0|   195|
    |svm_classifier_mul_15s_13s_28_1_U41  |svm_classifier_mul_15s_13s_28_1  |        0|      0|    0|   195|
    |svm_classifier_mul_15s_13s_28_1_U43  |svm_classifier_mul_15s_13s_28_1  |        0|      0|    0|   195|
    |svm_classifier_mul_15s_13s_28_1_U44  |svm_classifier_mul_15s_13s_28_1  |        0|      0|    0|   195|
    |svm_classifier_mul_15s_13s_28_1_U45  |svm_classifier_mul_15s_13s_28_1  |        0|      0|    0|   195|
    +-------------------------------------+---------------------------------+---------+-------+-----+------+
    |Total                                |                                 |        0|      0| 7245| 21732|
    +-------------------------------------+---------------------------------+---------+-------+-----+------+

    * DSP48: 
    +------------------------------------------+-------------------------------------+-----------+
    |                 Instance                 |                Module               | Expression|
    +------------------------------------------+-------------------------------------+-----------+
    |svm_classifier_mul_mul_13s_15s_26_1_U56   |svm_classifier_mul_mul_13s_15s_26_1  |  i0 * i1  |
    |svm_classifier_mul_mul_13s_15s_26_1_U57   |svm_classifier_mul_mul_13s_15s_26_1  |  i0 * i1  |
    |svm_classifier_mul_mul_13s_15s_26_1_U58   |svm_classifier_mul_mul_13s_15s_26_1  |  i0 * i1  |
    |svm_classifier_mul_mul_13s_15s_26_1_U59   |svm_classifier_mul_mul_13s_15s_26_1  |  i0 * i1  |
    |svm_classifier_mul_mul_13s_15s_26_1_U60   |svm_classifier_mul_mul_13s_15s_26_1  |  i0 * i1  |
    |svm_classifier_mul_mul_13s_15s_26_1_U61   |svm_classifier_mul_mul_13s_15s_26_1  |  i0 * i1  |
    |svm_classifier_mul_mul_13s_15s_26_1_U62   |svm_classifier_mul_mul_13s_15s_26_1  |  i0 * i1  |
    |svm_classifier_mul_mul_13s_15s_26_1_U63   |svm_classifier_mul_mul_13s_15s_26_1  |  i0 * i1  |
    |svm_classifier_mul_mul_13s_15s_26_1_U64   |svm_classifier_mul_mul_13s_15s_26_1  |  i0 * i1  |
    |svm_classifier_mul_mul_13s_15s_26_1_U65   |svm_classifier_mul_mul_13s_15s_26_1  |  i0 * i1  |
    |svm_classifier_mul_mul_13s_15s_26_1_U66   |svm_classifier_mul_mul_13s_15s_26_1  |  i0 * i1  |
    |svm_classifier_mul_mul_13s_15s_26_1_U67   |svm_classifier_mul_mul_13s_15s_26_1  |  i0 * i1  |
    |svm_classifier_mul_mul_13s_15s_26_1_U68   |svm_classifier_mul_mul_13s_15s_26_1  |  i0 * i1  |
    |svm_classifier_mul_mul_13s_15s_26_1_U69   |svm_classifier_mul_mul_13s_15s_26_1  |  i0 * i1  |
    |svm_classifier_mul_mul_13s_15s_26_1_U70   |svm_classifier_mul_mul_13s_15s_26_1  |  i0 * i1  |
    |svm_classifier_mul_mul_13s_15s_26_1_U71   |svm_classifier_mul_mul_13s_15s_26_1  |  i0 * i1  |
    |svm_classifier_mul_mul_13s_15s_26_1_U72   |svm_classifier_mul_mul_13s_15s_26_1  |  i0 * i1  |
    |svm_classifier_mul_mul_13s_15s_26_1_U73   |svm_classifier_mul_mul_13s_15s_26_1  |  i0 * i1  |
    |svm_classifier_mul_mul_13s_15s_26_1_U74   |svm_classifier_mul_mul_13s_15s_26_1  |  i0 * i1  |
    |svm_classifier_mul_mul_13s_15s_26_1_U75   |svm_classifier_mul_mul_13s_15s_26_1  |  i0 * i1  |
    |svm_classifier_mul_mul_13s_15s_26_1_U76   |svm_classifier_mul_mul_13s_15s_26_1  |  i0 * i1  |
    |svm_classifier_mul_mul_13s_15s_26_1_U77   |svm_classifier_mul_mul_13s_15s_26_1  |  i0 * i1  |
    |svm_classifier_mul_mul_13s_15s_26_1_U78   |svm_classifier_mul_mul_13s_15s_26_1  |  i0 * i1  |
    |svm_classifier_mul_mul_13s_15s_26_1_U80   |svm_classifier_mul_mul_13s_15s_26_1  |  i0 * i1  |
    |svm_classifier_mul_mul_13s_15s_26_1_U84   |svm_classifier_mul_mul_13s_15s_26_1  |  i0 * i1  |
    |svm_classifier_mul_mul_13s_15s_26_1_U87   |svm_classifier_mul_mul_13s_15s_26_1  |  i0 * i1  |
    |svm_classifier_mul_mul_13s_15s_26_1_U88   |svm_classifier_mul_mul_13s_15s_26_1  |  i0 * i1  |
    |svm_classifier_mul_mul_13s_15s_26_1_U89   |svm_classifier_mul_mul_13s_15s_26_1  |  i0 * i1  |
    |svm_classifier_mul_mul_13s_15s_26_1_U90   |svm_classifier_mul_mul_13s_15s_26_1  |  i0 * i1  |
    |svm_classifier_mul_mul_13s_15s_26_1_U91   |svm_classifier_mul_mul_13s_15s_26_1  |  i0 * i1  |
    |svm_classifier_mul_mul_13s_15s_26_1_U92   |svm_classifier_mul_mul_13s_15s_26_1  |  i0 * i1  |
    |svm_classifier_mul_mul_13s_15s_26_1_U94   |svm_classifier_mul_mul_13s_15s_26_1  |  i0 * i1  |
    |svm_classifier_mul_mul_13s_15s_26_1_U96   |svm_classifier_mul_mul_13s_15s_26_1  |  i0 * i1  |
    |svm_classifier_mul_mul_13s_15s_26_1_U98   |svm_classifier_mul_mul_13s_15s_26_1  |  i0 * i1  |
    |svm_classifier_mul_mul_13s_15s_26_1_U99   |svm_classifier_mul_mul_13s_15s_26_1  |  i0 * i1  |
    |svm_classifier_mul_mul_13s_15s_26_1_U106  |svm_classifier_mul_mul_13s_15s_26_1  |  i0 * i1  |
    |svm_classifier_mul_mul_13s_15s_26_1_U107  |svm_classifier_mul_mul_13s_15s_26_1  |  i0 * i1  |
    |svm_classifier_mul_mul_13s_15s_26_1_U108  |svm_classifier_mul_mul_13s_15s_26_1  |  i0 * i1  |
    |svm_classifier_mul_mul_13s_15s_26_1_U109  |svm_classifier_mul_mul_13s_15s_26_1  |  i0 * i1  |
    |svm_classifier_mul_mul_13s_15s_26_1_U112  |svm_classifier_mul_mul_13s_15s_26_1  |  i0 * i1  |
    |svm_classifier_mul_mul_13s_15s_26_1_U113  |svm_classifier_mul_mul_13s_15s_26_1  |  i0 * i1  |
    |svm_classifier_mul_mul_13s_15s_26_1_U114  |svm_classifier_mul_mul_13s_15s_26_1  |  i0 * i1  |
    |svm_classifier_mul_mul_13s_15s_26_1_U115  |svm_classifier_mul_mul_13s_15s_26_1  |  i0 * i1  |
    |svm_classifier_mul_mul_13s_15s_26_1_U116  |svm_classifier_mul_mul_13s_15s_26_1  |  i0 * i1  |
    |svm_classifier_mul_mul_13s_15s_26_1_U117  |svm_classifier_mul_mul_13s_15s_26_1  |  i0 * i1  |
    |svm_classifier_mul_mul_13s_15s_26_1_U118  |svm_classifier_mul_mul_13s_15s_26_1  |  i0 * i1  |
    |svm_classifier_mul_mul_13s_15s_26_1_U119  |svm_classifier_mul_mul_13s_15s_26_1  |  i0 * i1  |
    |svm_classifier_mul_mul_13s_15s_26_1_U120  |svm_classifier_mul_mul_13s_15s_26_1  |  i0 * i1  |
    |svm_classifier_mul_mul_13s_15s_26_1_U121  |svm_classifier_mul_mul_13s_15s_26_1  |  i0 * i1  |
    |svm_classifier_mul_mul_13s_15s_26_1_U122  |svm_classifier_mul_mul_13s_15s_26_1  |  i0 * i1  |
    |svm_classifier_mul_mul_13s_15s_26_1_U123  |svm_classifier_mul_mul_13s_15s_26_1  |  i0 * i1  |
    |svm_classifier_mul_mul_13s_15s_26_1_U124  |svm_classifier_mul_mul_13s_15s_26_1  |  i0 * i1  |
    |svm_classifier_mul_mul_13s_15s_26_1_U125  |svm_classifier_mul_mul_13s_15s_26_1  |  i0 * i1  |
    |svm_classifier_mul_mul_13s_15s_26_1_U126  |svm_classifier_mul_mul_13s_15s_26_1  |  i0 * i1  |
    |svm_classifier_mul_mul_13s_15s_26_1_U127  |svm_classifier_mul_mul_13s_15s_26_1  |  i0 * i1  |
    |svm_classifier_mul_mul_13s_15s_26_1_U128  |svm_classifier_mul_mul_13s_15s_26_1  |  i0 * i1  |
    |svm_classifier_mul_mul_13s_15s_26_1_U129  |svm_classifier_mul_mul_13s_15s_26_1  |  i0 * i1  |
    |svm_classifier_mul_mul_13s_15s_26_1_U130  |svm_classifier_mul_mul_13s_15s_26_1  |  i0 * i1  |
    |svm_classifier_mul_mul_13s_15s_26_1_U131  |svm_classifier_mul_mul_13s_15s_26_1  |  i0 * i1  |
    |svm_classifier_mul_mul_13s_15s_26_1_U132  |svm_classifier_mul_mul_13s_15s_26_1  |  i0 * i1  |
    |svm_classifier_mul_mul_13s_15s_26_1_U133  |svm_classifier_mul_mul_13s_15s_26_1  |  i0 * i1  |
    |svm_classifier_mul_mul_13s_15s_26_1_U134  |svm_classifier_mul_mul_13s_15s_26_1  |  i0 * i1  |
    |svm_classifier_mul_mul_13s_15s_26_1_U135  |svm_classifier_mul_mul_13s_15s_26_1  |  i0 * i1  |
    |svm_classifier_mul_mul_13s_15s_26_1_U136  |svm_classifier_mul_mul_13s_15s_26_1  |  i0 * i1  |
    |svm_classifier_mul_mul_13s_15s_26_1_U137  |svm_classifier_mul_mul_13s_15s_26_1  |  i0 * i1  |
    |svm_classifier_mul_mul_13s_15s_26_1_U138  |svm_classifier_mul_mul_13s_15s_26_1  |  i0 * i1  |
    |svm_classifier_mul_mul_13s_15s_26_1_U139  |svm_classifier_mul_mul_13s_15s_26_1  |  i0 * i1  |
    |svm_classifier_mul_mul_13s_15s_26_1_U140  |svm_classifier_mul_mul_13s_15s_26_1  |  i0 * i1  |
    |svm_classifier_mul_mul_13s_15s_26_1_U141  |svm_classifier_mul_mul_13s_15s_26_1  |  i0 * i1  |
    |svm_classifier_mul_mul_13s_15s_26_1_U142  |svm_classifier_mul_mul_13s_15s_26_1  |  i0 * i1  |
    |svm_classifier_mul_mul_13s_15s_26_1_U143  |svm_classifier_mul_mul_13s_15s_26_1  |  i0 * i1  |
    |svm_classifier_mul_mul_13s_15s_26_1_U144  |svm_classifier_mul_mul_13s_15s_26_1  |  i0 * i1  |
    |svm_classifier_mul_mul_15s_13s_26_1_U79   |svm_classifier_mul_mul_15s_13s_26_1  |  i0 * i1  |
    |svm_classifier_mul_mul_15s_13s_26_1_U81   |svm_classifier_mul_mul_15s_13s_26_1  |  i0 * i1  |
    |svm_classifier_mul_mul_15s_13s_26_1_U82   |svm_classifier_mul_mul_15s_13s_26_1  |  i0 * i1  |
    |svm_classifier_mul_mul_15s_13s_26_1_U83   |svm_classifier_mul_mul_15s_13s_26_1  |  i0 * i1  |
    |svm_classifier_mul_mul_15s_13s_26_1_U85   |svm_classifier_mul_mul_15s_13s_26_1  |  i0 * i1  |
    |svm_classifier_mul_mul_15s_13s_26_1_U86   |svm_classifier_mul_mul_15s_13s_26_1  |  i0 * i1  |
    |svm_classifier_mul_mul_15s_13s_26_1_U93   |svm_classifier_mul_mul_15s_13s_26_1  |  i0 * i1  |
    |svm_classifier_mul_mul_15s_13s_26_1_U95   |svm_classifier_mul_mul_15s_13s_26_1  |  i0 * i1  |
    |svm_classifier_mul_mul_15s_13s_26_1_U97   |svm_classifier_mul_mul_15s_13s_26_1  |  i0 * i1  |
    |svm_classifier_mul_mul_15s_13s_26_1_U100  |svm_classifier_mul_mul_15s_13s_26_1  |  i0 * i1  |
    |svm_classifier_mul_mul_15s_13s_26_1_U101  |svm_classifier_mul_mul_15s_13s_26_1  |  i0 * i1  |
    |svm_classifier_mul_mul_15s_13s_26_1_U102  |svm_classifier_mul_mul_15s_13s_26_1  |  i0 * i1  |
    |svm_classifier_mul_mul_15s_13s_26_1_U103  |svm_classifier_mul_mul_15s_13s_26_1  |  i0 * i1  |
    |svm_classifier_mul_mul_15s_13s_26_1_U104  |svm_classifier_mul_mul_15s_13s_26_1  |  i0 * i1  |
    |svm_classifier_mul_mul_15s_13s_26_1_U105  |svm_classifier_mul_mul_15s_13s_26_1  |  i0 * i1  |
    |svm_classifier_mul_mul_15s_13s_26_1_U110  |svm_classifier_mul_mul_15s_13s_26_1  |  i0 * i1  |
    |svm_classifier_mul_mul_15s_13s_26_1_U111  |svm_classifier_mul_mul_15s_13s_26_1  |  i0 * i1  |
    |svm_classifier_mul_mul_15s_13s_26_1_U145  |svm_classifier_mul_mul_15s_13s_26_1  |  i0 * i1  |
    |svm_classifier_mul_mul_15s_13s_26_1_U146  |svm_classifier_mul_mul_15s_13s_26_1  |  i0 * i1  |
    |svm_classifier_mul_mul_15s_13s_26_1_U147  |svm_classifier_mul_mul_15s_13s_26_1  |  i0 * i1  |
    |svm_classifier_mul_mul_15s_13s_26_1_U148  |svm_classifier_mul_mul_15s_13s_26_1  |  i0 * i1  |
    |svm_classifier_mul_mul_15s_13s_26_1_U149  |svm_classifier_mul_mul_15s_13s_26_1  |  i0 * i1  |
    |svm_classifier_mul_mul_15s_13s_26_1_U150  |svm_classifier_mul_mul_15s_13s_26_1  |  i0 * i1  |
    |svm_classifier_mul_mul_15s_13s_26_1_U151  |svm_classifier_mul_mul_15s_13s_26_1  |  i0 * i1  |
    |svm_classifier_mul_mul_15s_13s_26_1_U152  |svm_classifier_mul_mul_15s_13s_26_1  |  i0 * i1  |
    |svm_classifier_mul_mul_15s_13s_26_1_U153  |svm_classifier_mul_mul_15s_13s_26_1  |  i0 * i1  |
    |svm_classifier_mul_mul_15s_13s_26_1_U154  |svm_classifier_mul_mul_15s_13s_26_1  |  i0 * i1  |
    |svm_classifier_mul_mul_15s_13s_26_1_U155  |svm_classifier_mul_mul_15s_13s_26_1  |  i0 * i1  |
    |svm_classifier_mul_mul_15s_13s_26_1_U156  |svm_classifier_mul_mul_15s_13s_26_1  |  i0 * i1  |
    |svm_classifier_mul_mul_15s_13s_26_1_U157  |svm_classifier_mul_mul_15s_13s_26_1  |  i0 * i1  |
    |svm_classifier_mul_mul_15s_13s_26_1_U158  |svm_classifier_mul_mul_15s_13s_26_1  |  i0 * i1  |
    |svm_classifier_mul_mul_15s_13s_26_1_U159  |svm_classifier_mul_mul_15s_13s_26_1  |  i0 * i1  |
    |svm_classifier_mul_mul_15s_13s_26_1_U160  |svm_classifier_mul_mul_15s_13s_26_1  |  i0 * i1  |
    |svm_classifier_mul_mul_15s_13s_26_1_U161  |svm_classifier_mul_mul_15s_13s_26_1  |  i0 * i1  |
    |svm_classifier_mul_mul_15s_13s_26_1_U162  |svm_classifier_mul_mul_15s_13s_26_1  |  i0 * i1  |
    |svm_classifier_mul_mul_15s_13s_26_1_U163  |svm_classifier_mul_mul_15s_13s_26_1  |  i0 * i1  |
    +------------------------------------------+-------------------------------------+-----------+

    * Memory: 
    +-------------+----------------------------------------------+---------+---+----+------+-----+------+-------------+
    |    Memory   |                    Module                    | BRAM_18K| FF| LUT| Words| Bits| Banks| W*Bits*Banks|
    +-------------+----------------------------------------------+---------+---+----+------+-----+------+-------------+
    |SVs_V_0_U    |svm_classifier_Loop_Sum_loop_proc1_SVs_V_0    |        7|  0|   0|   117|  239|     1|        27963|
    |SVs_V_1_U    |svm_classifier_Loop_Sum_loop_proc1_SVs_V_1    |        7|  0|   0|   117|  239|     1|        27963|
    |SVs_V_2_U    |svm_classifier_Loop_Sum_loop_proc1_SVs_V_2    |        7|  0|   0|   117|  239|     1|        27963|
    |SVs_V_3_U    |svm_classifier_Loop_Sum_loop_proc1_SVs_V_3    |        7|  0|   0|   117|  239|     1|        27963|
    |SVs_V_4_U    |svm_classifier_Loop_Sum_loop_proc1_SVs_V_4    |        7|  0|   0|   117|  239|     1|        27963|
    |SVs_V_5_U    |svm_classifier_Loop_Sum_loop_proc1_SVs_V_5    |        7|  0|   0|   117|  239|     1|        27963|
    |SVs_V_6_U    |svm_classifier_Loop_Sum_loop_proc1_SVs_V_6    |        7|  0|   0|   116|  238|     1|        27608|
    |SVs_V_7_U    |svm_classifier_Loop_Sum_loop_proc1_SVs_V_7    |        7|  0|   0|   116|  239|     1|        27724|
    |SVs_V_8_U    |svm_classifier_Loop_Sum_loop_proc1_SVs_V_8    |        7|  0|   0|   116|  239|     1|        27724|
    |alpha_V_0_U  |svm_classifier_Loop_Sum_loop_proc1_alpha_V_0  |        1|  0|   0|   117|   13|     1|         1521|
    |alpha_V_1_U  |svm_classifier_Loop_Sum_loop_proc1_alpha_V_1  |        1|  0|   0|   117|   13|     1|         1521|
    |alpha_V_2_U  |svm_classifier_Loop_Sum_loop_proc1_alpha_V_2  |        1|  0|   0|   117|   13|     1|         1521|
    |alpha_V_3_U  |svm_classifier_Loop_Sum_loop_proc1_alpha_V_3  |        1|  0|   0|   117|   13|     1|         1521|
    |alpha_V_4_U  |svm_classifier_Loop_Sum_loop_proc1_alpha_V_4  |        1|  0|   0|   117|   13|     1|         1521|
    |alpha_V_5_U  |svm_classifier_Loop_Sum_loop_proc1_alpha_V_5  |        1|  0|   0|   117|   13|     1|         1521|
    |alpha_V_6_U  |svm_classifier_Loop_Sum_loop_proc1_alpha_V_6  |        1|  0|   0|   116|   13|     1|         1508|
    |alpha_V_7_U  |svm_classifier_Loop_Sum_loop_proc1_alpha_V_7  |        1|  0|   0|   116|   13|     1|         1508|
    |alpha_V_8_U  |svm_classifier_Loop_Sum_loop_proc1_alpha_V_8  |        1|  0|   0|   116|   12|     1|         1392|
    +-------------+----------------------------------------------+---------+---+----+------+-----+------+-------------+
    |Total        |                                              |       72|  0|   0|  2100| 2266|    18|       264368|
    +-------------+----------------------------------------------+---------+---+----+------+-----+------+-------------+

    * FIFO: 
    N/A

    * Expression: 
    +----------------------------+----------+-------+---+----+------------+------------+
    |        Variable Name       | Operation| DSP48E| FF| LUT| Bitwidth P0| Bitwidth P1|
    +----------------------------+----------+-------+---+----+------------+------------+
    |ch_sums_0_V_fu_4926_p2      |     +    |      0|  0|  18|          18|          18|
    |ch_sums_1_V_fu_4958_p2      |     +    |      0|  0|  18|          18|          18|
    |ch_sums_2_V_fu_4990_p2      |     +    |      0|  0|  18|          18|          18|
    |ch_sums_3_V_fu_5022_p2      |     +    |      0|  0|  18|          18|          18|
    |ch_sums_4_V_fu_5054_p2      |     +    |      0|  0|  18|          18|          18|
    |ch_sums_5_V_fu_5086_p2      |     +    |      0|  0|  18|          18|          18|
    |ch_sums_6_V_fu_5118_p2      |     +    |      0|  0|  18|          18|          18|
    |ch_sums_7_V_fu_5150_p2      |     +    |      0|  0|  18|          18|          18|
    |ch_sums_8_V_fu_5182_p2      |     +    |      0|  0|  18|          18|          18|
    |i_1_8_fu_826_p2             |     +    |      0|  0|  11|           4|          11|
    |indvars_iv_next7_fu_820_p2  |     +    |      0|  0|   7|           1|           7|
    |p_Val2_40_fu_4230_p2        |     +    |      0|  0|   9|          15|          15|
    |p_Val2_6955_1_fu_4304_p2    |     +    |      0|  0|   9|          15|          15|
    |p_Val2_6955_2_fu_4378_p2    |     +    |      0|  0|   9|          15|          15|
    |p_Val2_6955_3_fu_4452_p2    |     +    |      0|  0|   9|          15|          15|
    |p_Val2_6955_4_fu_4526_p2    |     +    |      0|  0|   9|          15|          15|
    |p_Val2_6955_5_fu_4600_p2    |     +    |      0|  0|   9|          15|          15|
    |p_Val2_6955_6_fu_4674_p2    |     +    |      0|  0|   9|          15|          15|
    |p_Val2_6955_7_fu_4748_p2    |     +    |      0|  0|   9|          15|          15|
    |p_Val2_6955_8_fu_4822_p2    |     +    |      0|  0|   9|          15|          15|
    |tmp100_fu_4550_p2           |     +    |      0|  0|  15|          15|          15|
    |tmp101_fu_4594_p2           |     +    |      0|  0|   9|          15|          15|
    |tmp102_fu_4574_p2           |     +    |      0|  0|   9|          15|          15|
    |tmp103_fu_4566_p2           |     +    |      0|  0|  15|          15|          15|
    |tmp104_fu_4570_p2           |     +    |      0|  0|   9|          15|          15|
    |tmp105_fu_4588_p2           |     +    |      0|  0|   9|          15|          15|
    |tmp106_fu_4580_p2           |     +    |      0|  0|  15|          15|          15|
    |tmp107_fu_4584_p2           |     +    |      0|  0|   9|          15|          15|
    |tmp108_fu_4634_p2           |     +    |      0|  0|   9|          15|          15|
    |tmp109_fu_4614_p2           |     +    |      0|  0|   9|          15|          15|
    |tmp110_fu_4606_p2           |     +    |      0|  0|   9|          15|          15|
    |tmp111_fu_4610_p2           |     +    |      0|  0|  15|          15|          15|
    |tmp112_fu_4628_p2           |     +    |      0|  0|   9|          15|          15|
    |tmp113_fu_4620_p2           |     +    |      0|  0|   9|          15|          15|
    |tmp114_fu_4624_p2           |     +    |      0|  0|  15|          15|          15|
    |tmp115_fu_4668_p2           |     +    |      0|  0|   9|          15|          15|
    |tmp116_fu_4648_p2           |     +    |      0|  0|   9|          15|          15|
    |tmp117_fu_4640_p2           |     +    |      0|  0|  15|          15|          15|
    |tmp118_fu_4644_p2           |     +    |      0|  0|  15|          15|          15|
    |tmp119_fu_4662_p2           |     +    |      0|  0|   9|          15|          15|
    |tmp120_fu_4654_p2           |     +    |      0|  0|   9|          15|          15|
    |tmp121_fu_4658_p2           |     +    |      0|  0|  15|          15|          15|
    |tmp122_fu_4708_p2           |     +    |      0|  0|   9|          15|          15|
    |tmp123_fu_4688_p2           |     +    |      0|  0|   9|          15|          15|
    |tmp124_fu_4680_p2           |     +    |      0|  0|   9|          15|          15|
    |tmp125_fu_4684_p2           |     +    |      0|  0|  15|          15|          15|
    |tmp126_fu_4702_p2           |     +    |      0|  0|   9|          15|          15|
    |tmp127_fu_4694_p2           |     +    |      0|  0|   9|          15|          15|
    |tmp128_fu_4698_p2           |     +    |      0|  0|  15|          15|          15|
    |tmp129_fu_4742_p2           |     +    |      0|  0|   9|          15|          15|
    |tmp130_fu_4722_p2           |     +    |      0|  0|   9|          15|          15|
    |tmp131_fu_4714_p2           |     +    |      0|  0|  15|          15|          15|
    |tmp132_fu_4718_p2           |     +    |      0|  0|  15|          15|          15|
    |tmp133_fu_4736_p2           |     +    |      0|  0|   9|          15|          15|
    |tmp134_fu_4728_p2           |     +    |      0|  0|   9|          15|          15|
    |tmp135_fu_4732_p2           |     +    |      0|  0|  15|          15|          15|
    |tmp136_fu_4782_p2           |     +    |      0|  0|   9|          15|          15|
    |tmp137_fu_4762_p2           |     +    |      0|  0|   9|          15|          15|
    |tmp138_fu_4754_p2           |     +    |      0|  0|   9|          15|          15|
    |tmp139_fu_4758_p2           |     +    |      0|  0|  15|          15|          15|
    |tmp140_fu_4776_p2           |     +    |      0|  0|   9|          15|          15|
    |tmp141_fu_4768_p2           |     +    |      0|  0|   9|          15|          15|
    |tmp142_fu_4772_p2           |     +    |      0|  0|  15|          15|          15|
    |tmp143_fu_4816_p2           |     +    |      0|  0|   9|          15|          15|
    |tmp144_fu_4796_p2           |     +    |      0|  0|   9|          15|          15|
    |tmp145_fu_4788_p2           |     +    |      0|  0|  15|          15|          15|
    |tmp146_fu_4792_p2           |     +    |      0|  0|  15|          15|          15|
    |tmp147_fu_4810_p2           |     +    |      0|  0|   9|          15|          15|
    |tmp148_fu_4802_p2           |     +    |      0|  0|   9|          15|          15|
    |tmp149_fu_4806_p2           |     +    |      0|  0|  15|          15|          15|
    |tmp25_fu_4170_p2            |     +    |      0|  0|   9|          15|          15|
    |tmp26_fu_4162_p2            |     +    |      0|  0|  15|          15|          15|
    |tmp27_fu_4166_p2            |     +    |      0|  0|   9|          15|          15|
    |tmp28_fu_4184_p2            |     +    |      0|  0|   9|          15|          15|
    |tmp29_fu_4176_p2            |     +    |      0|  0|  15|          15|          15|
    |tmp30_fu_4180_p2            |     +    |      0|  0|  15|          15|          15|
    |tmp31_fu_4224_p2            |     +    |      0|  0|   9|          15|          15|
    |tmp32_fu_4204_p2            |     +    |      0|  0|   9|          15|          15|
    |tmp33_fu_4196_p2            |     +    |      0|  0|  15|          15|          15|
    |tmp34_fu_4200_p2            |     +    |      0|  0|   9|          15|          15|
    |tmp35_fu_4218_p2            |     +    |      0|  0|   9|          15|          15|
    |tmp36_fu_4210_p2            |     +    |      0|  0|  15|          15|          15|
    |tmp37_fu_4214_p2            |     +    |      0|  0|   9|          15|          15|
    |tmp38_fu_4264_p2            |     +    |      0|  0|   9|          15|          15|
    |tmp39_fu_4244_p2            |     +    |      0|  0|   9|          15|          15|
    |tmp40_fu_4236_p2            |     +    |      0|  0|  15|          15|          15|
    |tmp41_fu_4240_p2            |     +    |      0|  0|   9|          15|          15|
    |tmp42_fu_4258_p2            |     +    |      0|  0|   9|          15|          15|
    |tmp43_fu_4250_p2            |     +    |      0|  0|  15|          15|          15|
    |tmp44_fu_4254_p2            |     +    |      0|  0|  15|          15|          15|
    |tmp45_fu_4298_p2            |     +    |      0|  0|   9|          15|          15|
    |tmp46_fu_4278_p2            |     +    |      0|  0|   9|          15|          15|
    |tmp47_fu_4270_p2            |     +    |      0|  0|  15|          15|          15|
    |tmp48_fu_4274_p2            |     +    |      0|  0|   9|          15|          15|
    |tmp49_fu_4292_p2            |     +    |      0|  0|   9|          15|          15|
    |tmp50_fu_4284_p2            |     +    |      0|  0|  15|          15|          15|
    |tmp51_fu_4288_p2            |     +    |      0|  0|   9|          15|          15|
    |tmp52_fu_4338_p2            |     +    |      0|  0|   9|          15|          15|
    |tmp53_fu_4318_p2            |     +    |      0|  0|   9|          15|          15|
    |tmp54_fu_4310_p2            |     +    |      0|  0|  15|          15|          15|
    |tmp55_fu_4314_p2            |     +    |      0|  0|   9|          15|          15|
    |tmp56_fu_4332_p2            |     +    |      0|  0|   9|          15|          15|
    |tmp57_fu_4324_p2            |     +    |      0|  0|  15|          15|          15|
    |tmp58_fu_4328_p2            |     +    |      0|  0|  15|          15|          15|
    |tmp59_fu_4372_p2            |     +    |      0|  0|   9|          15|          15|
    |tmp60_fu_4352_p2            |     +    |      0|  0|   9|          15|          15|
    |tmp61_fu_4344_p2            |     +    |      0|  0|  15|          15|          15|
    |tmp62_fu_4348_p2            |     +    |      0|  0|   9|          15|          15|
    |tmp63_fu_4366_p2            |     +    |      0|  0|   9|          15|          15|
    |tmp64_fu_4358_p2            |     +    |      0|  0|  15|          15|          15|
    |tmp65_fu_4362_p2            |     +    |      0|  0|   9|          15|          15|
    |tmp66_fu_4412_p2            |     +    |      0|  0|   9|          15|          15|
    |tmp67_fu_4392_p2            |     +    |      0|  0|   9|          15|          15|
    |tmp68_fu_4384_p2            |     +    |      0|  0|  15|          15|          15|
    |tmp69_fu_4388_p2            |     +    |      0|  0|   9|          15|          15|
    |tmp70_fu_4406_p2            |     +    |      0|  0|   9|          15|          15|
    |tmp71_fu_4398_p2            |     +    |      0|  0|  15|          15|          15|
    |tmp72_fu_4402_p2            |     +    |      0|  0|  15|          15|          15|
    |tmp73_fu_4446_p2            |     +    |      0|  0|   9|          15|          15|
    |tmp74_fu_4426_p2            |     +    |      0|  0|   9|          15|          15|
    |tmp75_fu_4418_p2            |     +    |      0|  0|  15|          15|          15|
    |tmp76_fu_4422_p2            |     +    |      0|  0|   9|          15|          15|
    |tmp77_fu_4440_p2            |     +    |      0|  0|   9|          15|          15|
    |tmp78_fu_4432_p2            |     +    |      0|  0|  15|          15|          15|
    |tmp79_fu_4436_p2            |     +    |      0|  0|   9|          15|          15|
    |tmp80_fu_4486_p2            |     +    |      0|  0|   9|          15|          15|
    |tmp81_fu_4466_p2            |     +    |      0|  0|   9|          15|          15|
    |tmp82_fu_4458_p2            |     +    |      0|  0|  15|          15|          15|
    |tmp83_fu_4462_p2            |     +    |      0|  0|   9|          15|          15|
    |tmp84_fu_4480_p2            |     +    |      0|  0|   9|          15|          15|
    |tmp85_fu_4472_p2            |     +    |      0|  0|  15|          15|          15|
    |tmp86_fu_4476_p2            |     +    |      0|  0|  15|          15|          15|
    |tmp87_fu_4520_p2            |     +    |      0|  0|   9|          15|          15|
    |tmp88_fu_4500_p2            |     +    |      0|  0|   9|          15|          15|
    |tmp89_fu_4492_p2            |     +    |      0|  0|  15|          15|          15|
    |tmp90_fu_4496_p2            |     +    |      0|  0|   9|          15|          15|
    |tmp91_fu_4514_p2            |     +    |      0|  0|   9|          15|          15|
    |tmp92_fu_4506_p2            |     +    |      0|  0|  15|          15|          15|
    |tmp93_fu_4510_p2            |     +    |      0|  0|   9|          15|          15|
    |tmp94_fu_4560_p2            |     +    |      0|  0|   9|          15|          15|
    |tmp95_fu_4540_p2            |     +    |      0|  0|   9|          15|          15|
    |tmp96_fu_4532_p2            |     +    |      0|  0|  15|          15|          15|
    |tmp97_fu_4536_p2            |     +    |      0|  0|   9|          15|          15|
    |tmp98_fu_4554_p2            |     +    |      0|  0|   9|          15|          15|
    |tmp99_fu_4546_p2            |     +    |      0|  0|  15|          15|          15|
    |tmp_fu_4190_p2              |     +    |      0|  0|   9|          15|          15|
    |exitcond1_6_fu_814_p2       |   icmp   |      0|  0|   4|          11|          11|
    |ap_sig_207                  |    or    |      0|  0|   1|           1|           1|
    +----------------------------+----------+-------+---+----+------------+------------+
    |Total                       |          |      0|  0|1670|        2204|        2217|
    +----------------------------+----------+-------+---+----+------------+------------+

    * Multiplexer: 
    +-------------------------+----+-----------+-----+-----------+
    |           Name          | LUT| Input Size| Bits| Total Bits|
    +-------------------------+----+-----------+-----+-----------+
    |ap_NS_fsm                |   1|          4|    1|          4|
    |ap_reg_ppiten_pp0_it1    |   1|          2|    1|          2|
    |ap_reg_ppiten_pp0_it26   |   1|          2|    1|          2|
    |ch_sums_V_1_reg_630      |  18|          2|   18|         36|
    |ch_sums_V_2_reg_619      |  18|          2|   18|         36|
    |ch_sums_V_3_reg_608      |  18|          2|   18|         36|
    |ch_sums_V_4_reg_597      |  18|          2|   18|         36|
    |ch_sums_V_5_reg_586      |  18|          2|   18|         36|
    |ch_sums_V_6_out_reg_574  |  18|          2|   18|         36|
    |ch_sums_V_7_out_reg_562  |  18|          2|   18|         36|
    |ch_sums_V_8_out_reg_550  |  18|          2|   18|         36|
    |ch_sums_V_reg_641        |  18|          2|   18|         36|
    |i_reg_539                |  11|          2|   11|         22|
    |indvars_iv2_reg_528      |   7|          2|    7|         14|
    +-------------------------+----+-----------+-----+-----------+
    |Total                    | 183|         30|  183|        368|
    +-------------------------+----+-----------+-----+-----------+

    * Register: 
    +---------------------------------------------------+----+----+-----+-----------+
    |                        Name                       | FF | LUT| Bits| Const Bits|
    +---------------------------------------------------+----+----+-----+-----------+
    |OP2_V_10_cast_reg_6014                             |  26|   0|   26|          0|
    |OP2_V_11_cast_reg_6027                             |  26|   0|   26|          0|
    |OP2_V_1_cast_reg_5897                              |  26|   0|   26|          0|
    |OP2_V_1_reg_6053                                   |  28|   0|   28|          0|
    |OP2_V_2_cast_reg_5910                              |  26|   0|   26|          0|
    |OP2_V_2_reg_6066                                   |  28|   0|   28|          0|
    |OP2_V_3_cast1_reg_6079                             |  26|   0|   26|          0|
    |OP2_V_3_cast2_reg_6084                             |  27|   0|   27|          0|
    |OP2_V_3_cast_reg_5923                              |  26|   0|   26|          0|
    |OP2_V_4_cast_reg_5936                              |  26|   0|   26|          0|
    |OP2_V_5_cast_reg_5949                              |  26|   0|   26|          0|
    |OP2_V_6_cast_reg_5962                              |  26|   0|   26|          0|
    |OP2_V_7_cast_reg_5975                              |  26|   0|   26|          0|
    |OP2_V_8_cast_reg_5988                              |  26|   0|   26|          0|
    |OP2_V_9_cast_reg_6001                              |  26|   0|   26|          0|
    |OP2_V_cast_reg_5884                                |  26|   0|   26|          0|
    |OP2_V_s_reg_6040                                   |  28|   0|   28|          0|
    |alpha_V_0_load_reg_7703                            |  13|   0|   13|          0|
    |alpha_V_1_load_reg_7713                            |  13|   0|   13|          0|
    |alpha_V_2_load_reg_7723                            |  13|   0|   13|          0|
    |alpha_V_3_load_reg_7733                            |  13|   0|   13|          0|
    |alpha_V_4_load_reg_7743                            |  13|   0|   13|          0|
    |alpha_V_5_load_reg_7753                            |  13|   0|   13|          0|
    |alpha_V_6_load_reg_7763                            |  13|   0|   13|          0|
    |alpha_V_7_load_reg_7773                            |  13|   0|   13|          0|
    |alpha_V_8_load_reg_7783                            |  12|   0|   12|          0|
    |ap_CS_fsm                                          |   3|   0|    3|          0|
    |ap_done_reg                                        |   1|   0|    1|          0|
    |ap_reg_grp_svm_classifier_getTanh_fu_652_ap_start  |   1|   0|    1|          0|
    |ap_reg_grp_svm_classifier_getTanh_fu_661_ap_start  |   1|   0|    1|          0|
    |ap_reg_grp_svm_classifier_getTanh_fu_670_ap_start  |   1|   0|    1|          0|
    |ap_reg_grp_svm_classifier_getTanh_fu_679_ap_start  |   1|   0|    1|          0|
    |ap_reg_grp_svm_classifier_getTanh_fu_688_ap_start  |   1|   0|    1|          0|
    |ap_reg_grp_svm_classifier_getTanh_fu_697_ap_start  |   1|   0|    1|          0|
    |ap_reg_grp_svm_classifier_getTanh_fu_706_ap_start  |   1|   0|    1|          0|
    |ap_reg_grp_svm_classifier_getTanh_fu_715_ap_start  |   1|   0|    1|          0|
    |ap_reg_grp_svm_classifier_getTanh_fu_724_ap_start  |   1|   0|    1|          0|
    |ap_reg_ppiten_pp0_it0                              |   1|   0|    1|          0|
    |ap_reg_ppiten_pp0_it1                              |   1|   0|    1|          0|
    |ap_reg_ppiten_pp0_it10                             |   1|   0|    1|          0|
    |ap_reg_ppiten_pp0_it11                             |   1|   0|    1|          0|
    |ap_reg_ppiten_pp0_it12                             |   1|   0|    1|          0|
    |ap_reg_ppiten_pp0_it13                             |   1|   0|    1|          0|
    |ap_reg_ppiten_pp0_it14                             |   1|   0|    1|          0|
    |ap_reg_ppiten_pp0_it15                             |   1|   0|    1|          0|
    |ap_reg_ppiten_pp0_it16                             |   1|   0|    1|          0|
    |ap_reg_ppiten_pp0_it17                             |   1|   0|    1|          0|
    |ap_reg_ppiten_pp0_it18                             |   1|   0|    1|          0|
    |ap_reg_ppiten_pp0_it19                             |   1|   0|    1|          0|
    |ap_reg_ppiten_pp0_it2                              |   1|   0|    1|          0|
    |ap_reg_ppiten_pp0_it20                             |   1|   0|    1|          0|
    |ap_reg_ppiten_pp0_it21                             |   1|   0|    1|          0|
    |ap_reg_ppiten_pp0_it22                             |   1|   0|    1|          0|
    |ap_reg_ppiten_pp0_it23                             |   1|   0|    1|          0|
    |ap_reg_ppiten_pp0_it24                             |   1|   0|    1|          0|
    |ap_reg_ppiten_pp0_it25                             |   1|   0|    1|          0|
    |ap_reg_ppiten_pp0_it26                             |   1|   0|    1|          0|
    |ap_reg_ppiten_pp0_it3                              |   1|   0|    1|          0|
    |ap_reg_ppiten_pp0_it4                              |   1|   0|    1|          0|
    |ap_reg_ppiten_pp0_it5                              |   1|   0|    1|          0|
    |ap_reg_ppiten_pp0_it6                              |   1|   0|    1|          0|
    |ap_reg_ppiten_pp0_it7                              |   1|   0|    1|          0|
    |ap_reg_ppiten_pp0_it8                              |   1|   0|    1|          0|
    |ap_reg_ppiten_pp0_it9                              |   1|   0|    1|          0|
    |ch_sums_0_V_reg_7788                               |  18|   0|   18|          0|
    |ch_sums_1_V_reg_7794                               |  18|   0|   18|          0|
    |ch_sums_2_V_reg_7800                               |  18|   0|   18|          0|
    |ch_sums_3_V_reg_7806                               |  18|   0|   18|          0|
    |ch_sums_4_V_reg_7812                               |  18|   0|   18|          0|
    |ch_sums_5_V_reg_7818                               |  18|   0|   18|          0|
    |ch_sums_V_1_reg_630                                |  18|   0|   18|          0|
    |ch_sums_V_2_reg_619                                |  18|   0|   18|          0|
    |ch_sums_V_3_reg_608                                |  18|   0|   18|          0|
    |ch_sums_V_4_reg_597                                |  18|   0|   18|          0|
    |ch_sums_V_5_reg_586                                |  18|   0|   18|          0|
    |ch_sums_V_6_out_reg_574                            |  18|   0|   18|          0|
    |ch_sums_V_7_out_reg_562                            |  18|   0|   18|          0|
    |ch_sums_V_8_out_reg_550                            |  18|   0|   18|          0|
    |ch_sums_V_reg_641                                  |  18|   0|   18|          0|
    |exitcond1_6_reg_6139                               |   1|   0|    1|          0|
    |i_reg_539                                          |  11|   0|   11|          0|
    |indvars_iv2_reg_528                                |   7|   0|    7|          0|
    |newIndex1_reg_6096                                 |   7|   0|   64|         57|
    |p_Val2_13_reg_6888                                 |  15|   0|   15|          0|
    |p_Val2_15_reg_6893                                 |  15|   0|   15|          0|
    |p_Val2_17_reg_6898                                 |  15|   0|   15|          0|
    |p_Val2_19_reg_6903                                 |  15|   0|   15|          0|
    |p_Val2_32_1_reg_6973                               |  15|   0|   15|          0|
    |p_Val2_32_2_reg_7053                               |  15|   0|   15|          0|
    |p_Val2_32_3_reg_7133                               |  15|   0|   15|          0|
    |p_Val2_32_4_reg_7213                               |  15|   0|   15|          0|
    |p_Val2_32_5_reg_7293                               |  15|   0|   15|          0|
    |p_Val2_32_6_reg_7373                               |  15|   0|   15|          0|
    |p_Val2_32_7_reg_7453                               |  15|   0|   15|          0|
    |p_Val2_32_8_reg_7533                               |  15|   0|   15|          0|
    |p_Val2_32_reg_6908                                 |  15|   0|   15|          0|
    |p_Val2_33_1_reg_6978                               |  15|   0|   15|          0|
    |p_Val2_33_2_reg_7058                               |  15|   0|   15|          0|
    |p_Val2_33_3_reg_7138                               |  15|   0|   15|          0|
    |p_Val2_33_4_reg_7218                               |  15|   0|   15|          0|
    |p_Val2_33_5_reg_7298                               |  15|   0|   15|          0|
    |p_Val2_33_6_reg_7378                               |  15|   0|   15|          0|
    |p_Val2_33_7_reg_7458                               |  15|   0|   15|          0|
    |p_Val2_33_8_reg_7538                               |  15|   0|   15|          0|
    |p_Val2_33_reg_6913                                 |  15|   0|   15|          0|
    |p_Val2_34_reg_6918                                 |  15|   0|   15|          0|
    |p_Val2_35_1_reg_6983                               |  15|   0|   15|          0|
    |p_Val2_35_2_reg_7063                               |  15|   0|   15|          0|
    |p_Val2_35_3_reg_7143                               |  15|   0|   15|          0|
    |p_Val2_35_4_reg_7223                               |  15|   0|   15|          0|
    |p_Val2_35_5_reg_7303                               |  15|   0|   15|          0|
    |p_Val2_35_6_reg_7383                               |  15|   0|   15|          0|
    |p_Val2_35_7_reg_7463                               |  15|   0|   15|          0|
    |p_Val2_35_8_reg_7543                               |  15|   0|   15|          0|
    |p_Val2_35_reg_6923                                 |  15|   0|   15|          0|
    |p_Val2_36_reg_6928                                 |  15|   0|   15|          0|
    |p_Val2_37_1_reg_6988                               |  15|   0|   15|          0|
    |p_Val2_37_2_reg_7068                               |  15|   0|   15|          0|
    |p_Val2_37_3_reg_7148                               |  15|   0|   15|          0|
    |p_Val2_37_4_reg_7228                               |  15|   0|   15|          0|
    |p_Val2_37_5_reg_7308                               |  15|   0|   15|          0|
    |p_Val2_37_6_reg_7388                               |  15|   0|   15|          0|
    |p_Val2_37_7_reg_7468                               |  15|   0|   15|          0|
    |p_Val2_37_8_reg_7548                               |  15|   0|   15|          0|
    |p_Val2_37_reg_6933                                 |  15|   0|   15|          0|
    |p_Val2_38_reg_6938                                 |  15|   0|   15|          0|
    |p_Val2_39_1_reg_6993                               |  15|   0|   15|          0|
    |p_Val2_39_2_reg_7073                               |  15|   0|   15|          0|
    |p_Val2_39_3_reg_7153                               |  15|   0|   15|          0|
    |p_Val2_39_4_reg_7233                               |  15|   0|   15|          0|
    |p_Val2_39_5_reg_7313                               |  15|   0|   15|          0|
    |p_Val2_39_6_reg_7393                               |  15|   0|   15|          0|
    |p_Val2_39_7_reg_7473                               |  15|   0|   15|          0|
    |p_Val2_39_8_reg_7553                               |  15|   0|   15|          0|
    |p_Val2_39_reg_6943                                 |  15|   0|   15|          0|
    |p_Val2_40_reg_7608                                 |  15|   0|   15|          0|
    |p_Val2_41_1_reg_6998                               |  15|   0|   15|          0|
    |p_Val2_41_2_reg_7078                               |  15|   0|   15|          0|
    |p_Val2_41_3_reg_7158                               |  15|   0|   15|          0|
    |p_Val2_41_4_reg_7238                               |  15|   0|   15|          0|
    |p_Val2_41_5_reg_7318                               |  15|   0|   15|          0|
    |p_Val2_41_6_reg_7398                               |  15|   0|   15|          0|
    |p_Val2_41_7_reg_7478                               |  15|   0|   15|          0|
    |p_Val2_41_8_reg_7558                               |  15|   0|   15|          0|
    |p_Val2_43_1_reg_7003                               |  15|   0|   15|          0|
    |p_Val2_43_2_reg_7083                               |  15|   0|   15|          0|
    |p_Val2_43_3_reg_7163                               |  15|   0|   15|          0|
    |p_Val2_43_4_reg_7243                               |  15|   0|   15|          0|
    |p_Val2_43_5_reg_7323                               |  15|   0|   15|          0|
    |p_Val2_43_6_reg_7403                               |  15|   0|   15|          0|
    |p_Val2_43_7_reg_7483                               |  15|   0|   15|          0|
    |p_Val2_43_8_reg_7563                               |  15|   0|   15|          0|
    |p_Val2_45_1_reg_7008                               |  15|   0|   15|          0|
    |p_Val2_45_2_reg_7088                               |  15|   0|   15|          0|
    |p_Val2_45_3_reg_7168                               |  15|   0|   15|          0|
    |p_Val2_45_4_reg_7248                               |  15|   0|   15|          0|
    |p_Val2_45_5_reg_7328                               |  15|   0|   15|          0|
    |p_Val2_45_6_reg_7408                               |  15|   0|   15|          0|
    |p_Val2_45_7_reg_7488                               |  15|   0|   15|          0|
    |p_Val2_45_8_reg_7568                               |  15|   0|   15|          0|
    |p_Val2_47_1_reg_7013                               |  15|   0|   15|          0|
    |p_Val2_47_2_reg_7093                               |  15|   0|   15|          0|
    |p_Val2_47_3_reg_7173                               |  15|   0|   15|          0|
    |p_Val2_47_4_reg_7253                               |  15|   0|   15|          0|
    |p_Val2_47_5_reg_7333                               |  15|   0|   15|          0|
    |p_Val2_47_6_reg_7413                               |  15|   0|   15|          0|
    |p_Val2_47_7_reg_7493                               |  15|   0|   15|          0|
    |p_Val2_47_8_reg_7573                               |  15|   0|   15|          0|
    |p_Val2_49_1_reg_7018                               |  15|   0|   15|          0|
    |p_Val2_49_2_reg_7098                               |  15|   0|   15|          0|
    |p_Val2_49_3_reg_7178                               |  15|   0|   15|          0|
    |p_Val2_49_4_reg_7258                               |  15|   0|   15|          0|
    |p_Val2_49_5_reg_7338                               |  15|   0|   15|          0|
    |p_Val2_49_6_reg_7418                               |  15|   0|   15|          0|
    |p_Val2_49_7_reg_7498                               |  15|   0|   15|          0|
    |p_Val2_49_8_reg_7578                               |  15|   0|   15|          0|
    |p_Val2_51_1_reg_7023                               |  15|   0|   15|          0|
    |p_Val2_51_2_reg_7103                               |  15|   0|   15|          0|
    |p_Val2_51_3_reg_7183                               |  15|   0|   15|          0|
    |p_Val2_51_4_reg_7263                               |  15|   0|   15|          0|
    |p_Val2_51_5_reg_7343                               |  15|   0|   15|          0|
    |p_Val2_51_6_reg_7423                               |  15|   0|   15|          0|
    |p_Val2_51_7_reg_7503                               |  15|   0|   15|          0|
    |p_Val2_51_8_reg_7583                               |  15|   0|   15|          0|
    |p_Val2_61_1_reg_6968                               |  15|   0|   15|          0|
    |p_Val2_61_2_reg_7048                               |  15|   0|   15|          0|
    |p_Val2_61_3_reg_7128                               |  15|   0|   15|          0|
    |p_Val2_61_4_reg_7208                               |  15|   0|   15|          0|
    |p_Val2_61_5_reg_7288                               |  15|   0|   15|          0|
    |p_Val2_61_6_reg_7368                               |  15|   0|   15|          0|
    |p_Val2_61_7_reg_7448                               |  15|   0|   15|          0|
    |p_Val2_61_8_reg_7528                               |  15|   0|   15|          0|
    |p_Val2_6955_1_reg_7613                             |  15|   0|   15|          0|
    |p_Val2_6955_2_reg_7618                             |  15|   0|   15|          0|
    |p_Val2_6955_3_reg_7623                             |  15|   0|   15|          0|
    |p_Val2_6955_4_reg_7628                             |  15|   0|   15|          0|
    |p_Val2_6955_5_reg_7633                             |  15|   0|   15|          0|
    |p_Val2_6955_6_reg_7638                             |  15|   0|   15|          0|
    |p_Val2_6955_7_reg_7643                             |  15|   0|   15|          0|
    |p_Val2_6955_8_reg_7648                             |  15|   0|   15|          0|
    |parameter_k_V_0_1_reg_7708                         |   8|   0|    8|          0|
    |parameter_k_V_0_2_reg_7718                         |   8|   0|    8|          0|
    |parameter_k_V_0_3_reg_7728                         |   8|   0|    8|          0|
    |parameter_k_V_0_4_reg_7738                         |   8|   0|    8|          0|
    |parameter_k_V_0_5_reg_7748                         |   8|   0|    8|          0|
    |parameter_k_V_0_6_reg_7758                         |   8|   0|    8|          0|
    |parameter_k_V_0_7_reg_7768                         |   8|   0|    8|          0|
    |parameter_k_V_0_8_reg_7778                         |   8|   0|    8|          0|
    |parameter_k_V_reg_7698                             |   8|   0|    8|          0|
    |tmp_100_reg_6463                                   |  15|   0|   15|          0|
    |tmp_101_reg_6468                                   |  15|   0|   15|          0|
    |tmp_102_reg_7188                                   |  15|   0|   15|          0|
    |tmp_103_reg_6473                                   |  15|   0|   15|          0|
    |tmp_104_reg_7193                                   |  15|   0|   15|          0|
    |tmp_105_reg_6478                                   |  15|   0|   15|          0|
    |tmp_107_reg_7198                                   |  15|   0|   15|          0|
    |tmp_108_reg_6483                                   |  14|   0|   14|          0|
    |tmp_109_reg_7203                                   |  15|   0|   15|          0|
    |tmp_111_reg_6493                                   |  15|   0|   15|          0|
    |tmp_112_reg_6328                                   |  15|   0|   15|          0|
    |tmp_113_reg_6498                                   |  15|   0|   15|          0|
    |tmp_114_reg_6503                                   |  15|   0|   15|          0|
    |tmp_115_reg_6508                                   |  15|   0|   15|          0|
    |tmp_116_reg_6513                                   |  15|   0|   15|          0|
    |tmp_117_reg_6518                                   |  15|   0|   15|          0|
    |tmp_118_reg_6523                                   |  15|   0|   15|          0|
    |tmp_119_reg_6528                                   |  15|   0|   15|          0|
    |tmp_120_reg_6533                                   |  15|   0|   15|          0|
    |tmp_121_reg_6538                                   |  15|   0|   15|          0|
    |tmp_122_reg_6543                                   |  15|   0|   15|          0|
    |tmp_123_reg_6548                                   |  15|   0|   15|          0|
    |tmp_124_reg_7268                                   |  15|   0|   15|          0|
    |tmp_125_reg_6553                                   |  15|   0|   15|          0|
    |tmp_126_reg_7273                                   |  15|   0|   15|          0|
    |tmp_127_reg_6558                                   |  15|   0|   15|          0|
    |tmp_128_reg_7278                                   |  15|   0|   15|          0|
    |tmp_129_reg_6563                                   |  14|   0|   14|          0|
    |tmp_131_reg_7283                                   |  15|   0|   15|          0|
    |tmp_133_reg_6573                                   |  15|   0|   15|          0|
    |tmp_134_reg_6408                                   |  15|   0|   15|          0|
    |tmp_135_reg_6578                                   |  15|   0|   15|          0|
    |tmp_136_reg_6583                                   |  15|   0|   15|          0|
    |tmp_137_reg_6588                                   |  15|   0|   15|          0|
    |tmp_138_reg_6593                                   |  15|   0|   15|          0|
    |tmp_139_reg_6598                                   |  15|   0|   15|          0|
    |tmp_140_reg_6603                                   |  15|   0|   15|          0|
    |tmp_141_reg_6608                                   |  15|   0|   15|          0|
    |tmp_142_reg_6613                                   |  15|   0|   15|          0|
    |tmp_143_reg_6618                                   |  15|   0|   15|          0|
    |tmp_144_reg_6623                                   |  15|   0|   15|          0|
    |tmp_145_reg_6628                                   |  15|   0|   15|          0|
    |tmp_146_reg_7348                                   |  15|   0|   15|          0|
    |tmp_147_reg_6633                                   |  15|   0|   15|          0|
    |tmp_148_reg_7353                                   |  15|   0|   15|          0|
    |tmp_149_reg_6638                                   |  15|   0|   15|          0|
    |tmp_150_reg_7358                                   |  15|   0|   15|          0|
    |tmp_151_reg_6643                                   |  14|   0|   14|          0|
    |tmp_152_reg_7363                                   |  15|   0|   15|          0|
    |tmp_156_reg_6653                                   |  15|   0|   15|          0|
    |tmp_157_reg_6488                                   |  15|   0|   15|          0|
    |tmp_158_reg_6658                                   |  15|   0|   15|          0|
    |tmp_159_reg_6663                                   |  15|   0|   15|          0|
    |tmp_160_reg_6668                                   |  15|   0|   15|          0|
    |tmp_161_reg_6673                                   |  15|   0|   15|          0|
    |tmp_162_reg_6678                                   |  15|   0|   15|          0|
    |tmp_163_reg_6683                                   |  15|   0|   15|          0|
    |tmp_164_reg_6688                                   |  15|   0|   15|          0|
    |tmp_165_reg_6693                                   |  15|   0|   15|          0|
    |tmp_166_reg_6698                                   |  15|   0|   15|          0|
    |tmp_167_reg_6703                                   |  15|   0|   15|          0|
    |tmp_168_reg_6708                                   |  15|   0|   15|          0|
    |tmp_169_reg_7428                                   |  15|   0|   15|          0|
    |tmp_170_reg_6713                                   |  15|   0|   15|          0|
    |tmp_171_reg_7433                                   |  15|   0|   15|          0|
    |tmp_172_reg_6718                                   |  15|   0|   15|          0|
    |tmp_173_reg_7438                                   |  15|   0|   15|          0|
    |tmp_174_reg_6723                                   |  13|   0|   13|          0|
    |tmp_175_reg_7443                                   |  15|   0|   15|          0|
    |tmp_178_reg_6733                                   |  15|   0|   15|          0|
    |tmp_179_reg_6568                                   |  15|   0|   15|          0|
    |tmp_180_reg_6738                                   |  15|   0|   15|          0|
    |tmp_181_reg_6743                                   |  15|   0|   15|          0|
    |tmp_182_reg_6748                                   |  15|   0|   15|          0|
    |tmp_183_reg_6753                                   |  15|   0|   15|          0|
    |tmp_184_reg_6758                                   |  15|   0|   15|          0|
    |tmp_185_reg_6763                                   |  15|   0|   15|          0|
    |tmp_186_reg_6768                                   |  15|   0|   15|          0|
    |tmp_187_reg_6773                                   |  15|   0|   15|          0|
    |tmp_188_reg_6778                                   |  15|   0|   15|          0|
    |tmp_189_reg_6783                                   |  15|   0|   15|          0|
    |tmp_190_reg_6788                                   |  15|   0|   15|          0|
    |tmp_191_reg_7508                                   |  15|   0|   15|          0|
    |tmp_192_reg_6793                                   |  15|   0|   15|          0|
    |tmp_193_reg_7513                                   |  15|   0|   15|          0|
    |tmp_194_reg_6798                                   |  15|   0|   15|          0|
    |tmp_195_reg_7518                                   |  15|   0|   15|          0|
    |tmp_196_reg_6803                                   |  14|   0|   14|          0|
    |tmp_197_reg_7523                                   |  15|   0|   15|          0|
    |tmp_200_reg_6813                                   |  15|   0|   15|          0|
    |tmp_201_reg_6648                                   |  15|   0|   15|          0|
    |tmp_202_reg_6818                                   |  15|   0|   15|          0|
    |tmp_203_reg_6823                                   |  15|   0|   15|          0|
    |tmp_204_reg_6828                                   |  15|   0|   15|          0|
    |tmp_205_reg_6833                                   |  15|   0|   15|          0|
    |tmp_206_reg_6838                                   |  15|   0|   15|          0|
    |tmp_207_reg_6843                                   |  15|   0|   15|          0|
    |tmp_208_reg_6848                                   |  15|   0|   15|          0|
    |tmp_209_reg_6853                                   |  15|   0|   15|          0|
    |tmp_210_reg_6858                                   |  15|   0|   15|          0|
    |tmp_211_reg_6863                                   |  15|   0|   15|          0|
    |tmp_212_reg_6868                                   |  15|   0|   15|          0|
    |tmp_213_reg_7588                                   |  15|   0|   15|          0|
    |tmp_214_reg_6873                                   |  15|   0|   15|          0|
    |tmp_215_reg_7593                                   |  15|   0|   15|          0|
    |tmp_216_reg_6878                                   |  15|   0|   15|          0|
    |tmp_217_reg_7598                                   |  15|   0|   15|          0|
    |tmp_218_reg_6883                                   |  14|   0|   14|          0|
    |tmp_219_reg_7603                                   |  15|   0|   15|          0|
    |tmp_222_reg_6728                                   |  15|   0|   15|          0|
    |tmp_223_reg_6808                                   |  15|   0|   15|          0|
    |tmp_26_reg_6173                                    |  15|   0|   15|          0|
    |tmp_27_reg_6178                                    |  15|   0|   15|          0|
    |tmp_28_reg_6183                                    |  15|   0|   15|          0|
    |tmp_29_reg_6188                                    |  15|   0|   15|          0|
    |tmp_30_reg_6193                                    |  15|   0|   15|          0|
    |tmp_31_reg_6198                                    |  15|   0|   15|          0|
    |tmp_32_reg_6203                                    |  15|   0|   15|          0|
    |tmp_33_reg_6208                                    |  15|   0|   15|          0|
    |tmp_34_reg_6213                                    |  15|   0|   15|          0|
    |tmp_35_reg_6218                                    |  15|   0|   15|          0|
    |tmp_36_reg_6223                                    |  15|   0|   15|          0|
    |tmp_37_reg_6228                                    |  15|   0|   15|          0|
    |tmp_38_reg_6948                                    |  15|   0|   15|          0|
    |tmp_39_reg_6233                                    |  15|   0|   15|          0|
    |tmp_40_reg_6953                                    |  15|   0|   15|          0|
    |tmp_41_reg_6238                                    |  15|   0|   15|          0|
    |tmp_42_reg_6958                                    |  15|   0|   15|          0|
    |tmp_43_reg_6243                                    |  14|   0|   14|          0|
    |tmp_44_reg_6963                                    |  15|   0|   15|          0|
    |tmp_46_reg_6253                                    |  15|   0|   15|          0|
    |tmp_47_reg_6258                                    |  15|   0|   15|          0|
    |tmp_48_reg_6263                                    |  15|   0|   15|          0|
    |tmp_49_reg_6268                                    |  15|   0|   15|          0|
    |tmp_50_reg_6273                                    |  15|   0|   15|          0|
    |tmp_51_reg_6278                                    |  15|   0|   15|          0|
    |tmp_52_reg_6283                                    |  15|   0|   15|          0|
    |tmp_53_reg_6288                                    |  15|   0|   15|          0|
    |tmp_54_reg_6293                                    |  15|   0|   15|          0|
    |tmp_56_reg_6298                                    |  15|   0|   15|          0|
    |tmp_57_reg_6303                                    |  15|   0|   15|          0|
    |tmp_58_reg_6308                                    |  15|   0|   15|          0|
    |tmp_59_reg_7028                                    |  15|   0|   15|          0|
    |tmp_60_reg_6313                                    |  15|   0|   15|          0|
    |tmp_61_reg_7033                                    |  15|   0|   15|          0|
    |tmp_62_reg_6318                                    |  15|   0|   15|          0|
    |tmp_63_reg_7038                                    |  15|   0|   15|          0|
    |tmp_64_reg_6323                                    |  14|   0|   14|          0|
    |tmp_65_reg_7043                                    |  15|   0|   15|          0|
    |tmp_67_reg_6333                                    |  15|   0|   15|          0|
    |tmp_68_reg_6168                                    |  15|   0|   15|          0|
    |tmp_69_reg_6338                                    |  15|   0|   15|          0|
    |tmp_70_reg_6343                                    |  15|   0|   15|          0|
    |tmp_71_reg_6348                                    |  15|   0|   15|          0|
    |tmp_72_reg_6353                                    |  15|   0|   15|          0|
    |tmp_73_reg_6358                                    |  15|   0|   15|          0|
    |tmp_74_reg_6363                                    |  15|   0|   15|          0|
    |tmp_75_reg_6368                                    |  15|   0|   15|          0|
    |tmp_76_reg_6373                                    |  15|   0|   15|          0|
    |tmp_77_reg_6378                                    |  15|   0|   15|          0|
    |tmp_78_reg_6383                                    |  15|   0|   15|          0|
    |tmp_80_reg_6388                                    |  15|   0|   15|          0|
    |tmp_81_reg_7108                                    |  15|   0|   15|          0|
    |tmp_82_reg_6393                                    |  15|   0|   15|          0|
    |tmp_83_reg_7113                                    |  15|   0|   15|          0|
    |tmp_84_reg_6398                                    |  15|   0|   15|          0|
    |tmp_85_reg_7118                                    |  15|   0|   15|          0|
    |tmp_86_reg_6403                                    |  14|   0|   14|          0|
    |tmp_87_reg_7123                                    |  15|   0|   15|          0|
    |tmp_89_reg_6413                                    |  15|   0|   15|          0|
    |tmp_90_reg_6248                                    |  15|   0|   15|          0|
    |tmp_91_reg_6418                                    |  15|   0|   15|          0|
    |tmp_92_reg_6423                                    |  15|   0|   15|          0|
    |tmp_93_reg_6428                                    |  15|   0|   15|          0|
    |tmp_94_reg_6433                                    |  15|   0|   15|          0|
    |tmp_95_reg_6438                                    |  15|   0|   15|          0|
    |tmp_96_reg_6443                                    |  15|   0|   15|          0|
    |tmp_97_reg_6448                                    |  15|   0|   15|          0|
    |tmp_98_reg_6453                                    |  15|   0|   15|          0|
    |tmp_99_reg_6458                                    |  15|   0|   15|          0|
    |exitcond1_6_reg_6139                               |   0|   1|    1|          0|
    |newIndex1_reg_6096                                 |   0|   7|   64|         57|
    +---------------------------------------------------+----+----+-----+-----------+
    |Total                                              |5418|   8| 5540|        114|
    +---------------------------------------------------+----+----+-----+-----------+



================================================================
== Interface
================================================================
* Summary: 
+-------------+-----+-----+------------+------------------------------------+--------------+
|  RTL Ports  | Dir | Bits|  Protocol  |            Source Object           |    C Type    |
+-------------+-----+-----+------------+------------------------------------+--------------+
|ap_clk       |  in |    1| ap_ctrl_hs | svm_classifier_Loop_Sum_loop_proc1 | return value |
|ap_rst       |  in |    1| ap_ctrl_hs | svm_classifier_Loop_Sum_loop_proc1 | return value |
|ap_start     |  in |    1| ap_ctrl_hs | svm_classifier_Loop_Sum_loop_proc1 | return value |
|ap_done      | out |    1| ap_ctrl_hs | svm_classifier_Loop_Sum_loop_proc1 | return value |
|ap_continue  |  in |    1| ap_ctrl_hs | svm_classifier_Loop_Sum_loop_proc1 | return value |
|ap_idle      | out |    1| ap_ctrl_hs | svm_classifier_Loop_Sum_loop_proc1 | return value |
|ap_ready     | out |    1| ap_ctrl_hs | svm_classifier_Loop_Sum_loop_proc1 | return value |
|ap_return_0  | out |   18| ap_ctrl_hs | svm_classifier_Loop_Sum_loop_proc1 | return value |
|ap_return_1  | out |   18| ap_ctrl_hs | svm_classifier_Loop_Sum_loop_proc1 | return value |
|ap_return_2  | out |   18| ap_ctrl_hs | svm_classifier_Loop_Sum_loop_proc1 | return value |
|ap_return_3  | out |   18| ap_ctrl_hs | svm_classifier_Loop_Sum_loop_proc1 | return value |
|ap_return_4  | out |   18| ap_ctrl_hs | svm_classifier_Loop_Sum_loop_proc1 | return value |
|ap_return_5  | out |   18| ap_ctrl_hs | svm_classifier_Loop_Sum_loop_proc1 | return value |
|ap_return_6  | out |   18| ap_ctrl_hs | svm_classifier_Loop_Sum_loop_proc1 | return value |
|ap_return_7  | out |   18| ap_ctrl_hs | svm_classifier_Loop_Sum_loop_proc1 | return value |
|ap_return_8  | out |   18| ap_ctrl_hs | svm_classifier_Loop_Sum_loop_proc1 | return value |
|p_read       |  in |   13|   ap_none  |               p_read               |    scalar    |
|p_read1      |  in |   13|   ap_none  |               p_read1              |    scalar    |
|p_read2      |  in |   13|   ap_none  |               p_read2              |    scalar    |
|p_read3      |  in |   13|   ap_none  |               p_read3              |    scalar    |
|p_read4      |  in |   13|   ap_none  |               p_read4              |    scalar    |
|p_read5      |  in |   13|   ap_none  |               p_read5              |    scalar    |
|p_read6      |  in |   13|   ap_none  |               p_read6              |    scalar    |
|p_read7      |  in |   13|   ap_none  |               p_read7              |    scalar    |
|p_read8      |  in |   13|   ap_none  |               p_read8              |    scalar    |
|p_read9      |  in |   13|   ap_none  |               p_read9              |    scalar    |
|p_read10     |  in |   13|   ap_none  |              p_read10              |    scalar    |
|p_read11     |  in |   13|   ap_none  |              p_read11              |    scalar    |
|p_read12     |  in |   13|   ap_none  |              p_read12              |    scalar    |
|p_read13     |  in |   13|   ap_none  |              p_read13              |    scalar    |
|p_read14     |  in |   13|   ap_none  |              p_read14              |    scalar    |
|p_read15     |  in |   13|   ap_none  |              p_read15              |    scalar    |
+-------------+-----+-----+------------+------------------------------------+--------------+

