#
# A fatal error has been detected by the Java Runtime Environment:
#
#  EXCEPTION_UNCAUGHT_CXX_EXCEPTION (0xe06d7363) at pc=0x000007fefcd4a06d, pid=3308, tid=10580
#
# JRE version: Java(TM) SE Runtime Environment (8.0_66-b18) (build 1.8.0_66-b18)
# Java VM: Java HotSpot(TM) 64-Bit Server VM (25.66-b18 mixed mode windows-amd64 compressed oops)
# Problematic frame:
# C  [KERNELBASE.dll+0x1a06d]
#
# Failed to write core dump. Minidumps are not enabled by default on client versions of Windows
#
# If you would like to submit a bug report, please visit:
#   http://bugreport.java.com/bugreport/crash.jsp
#

---------------  T H R E A D  ---------------

Current thread (0x0000000014040800):  VMThread [stack: 0x0000000016110000,0x0000000016210000] [id=10580]

siginfo: ExceptionCode=0xe06d7363, ExceptionInformation=0x0000000019930520 0x000000001620f4c8 0x000007fef3192cb8 0x000007fef30e0000 

Registers:
RAX=0x0000000061083f11, RBX=0x000007fef3192cb8, RCX=0x000000001620ed10, RDX=0x00000000000000d0
RSP=0x000000001620f320, RBP=0x000000001620f450, RSI=0x00000000ffffffff, RDI=0x0000000017acd7e0
R8 =0x0000000000000000, R9 =0x0000000000000000, R10=0x000007fef30e0000, R11=0x000000001620f360
R12=0x0000000000000001, R13=0x0000000000000008, R14=0x0000000000000000, R15=0xffffffffffffffff
RIP=0x000007fefcd4a06d, EFLAGS=0x0000000000000206

Top of Stack: (sp=0x000000001620f320)
0x000000001620f320:   000007fef3192cb8 00000000ffffffff
0x000000001620f330:   0000000017acd7e0 000000000036b800
0x000000001620f340:   00000001e06d7363 0000000000000000
0x000000001620f350:   000007fefcd4a06d 000007fe00000004
0x000000001620f360:   0000000019930520 000000001620f4c8
0x000000001620f370:   000007fef3192cb8 000007fef30e0000
0x000000001620f380:   0000000000000000 000000001620f408
0x000000001620f390:   0000000000000028 0000000017acd7d0
0x000000001620f3a0:   0000000017a79a70 0000000000000000
0x000000001620f3b0:   000007fffffa8000 0000000076d25c37
0x000000001620f3c0:   0000000000000000 0000000000000008
0x000000001620f3d0:   0000000000000001 0000000017acd7e0
0x000000001620f3e0:   00000000ffffffff 000007fef313e92c
0x000000001620f3f0:   000007fef3192cb8 000000001620f460
0x000000001620f400:   0000000000000001 000007fef30e00f8
0x000000001620f410:   00000001e06d7363 0000000000000000 

Instructions: (pc=0x000007fefcd4a06d)
0x000007fefcd4a04d:   54 24 24 48 89 4c 24 28 4d 85 c9 0f 85 6a 03 00
0x000007fefcd4a05d:   00 89 4c 24 38 48 8d 4c 24 20 ff 15 33 02 03 00
0x000007fefcd4a06d:   48 81 c4 c8 00 00 00 c3 90 90 90 90 90 90 90 90
0x000007fefcd4a07d:   90 90 90 48 83 ec 28 65 48 8b 04 25 30 00 00 00 


Register to memory mapping:

RAX=0x0000000061083f11 is an unknown value
RBX=0x000007fef3192cb8 is an unknown value
RCX=0x000000001620ed10 is an unknown value
RDX=0x00000000000000d0 is an unknown value
RSP=0x000000001620f320 is an unknown value
RBP=0x000000001620f450 is an unknown value
RSI=0x00000000ffffffff is an unallocated location in the heap
RDI=0x0000000017acd7e0 is an unknown value
R8 =0x0000000000000000 is an unknown value
R9 =0x0000000000000000 is an unknown value
R10=0x000007fef30e0000 is an unknown value
R11=0x000000001620f360 is an unknown value
R12=0x0000000000000001 is an unknown value
R13=0x0000000000000008 is an unknown value
R14=0x0000000000000000 is an unknown value
R15=0xffffffffffffffff is an unknown value


Stack: [0x0000000016110000,0x0000000016210000],  sp=0x000000001620f320,  free space=1020k
Native frames: (J=compiled Java code, j=interpreted, Vv=VM code, C=native code)
C  [KERNELBASE.dll+0x1a06d]
C  [MSVCR110.dll+0x5e92c]
C  [MSVCR110.dll+0x1315c]
C  [MSVCR110.dll+0x136a9]
C  [MSVCR110.dll+0x13e9c]
C  [MSVCR110.dll+0x239e]
C  [MSVCR110.dll+0xaf9e]
C  [MSVCP110.dll+0x397b9]
C  [librdi_common.dll+0x182316]
C  [librdi_common.dll+0x180fab]
C  0x000007feeb4a2400
C  0x000007feeb4a2682
C  [ntdll.dll+0x375eb]
C  [ntdll.dll+0x3c040]
C  [MSVCR100.dll+0x20ccd]
V  [jvm.dll+0x210cc5]
V  [jvm.dll+0x249897]
V  [jvm.dll+0x248b36]
V  [jvm.dll+0x248fd1]
V  [jvm.dll+0x2491ee]
V  [jvm.dll+0x29a0fa]
C  [MSVCR100.dll+0x21d9f]
C  [MSVCR100.dll+0x21e3b]
C  [kernel32.dll+0x159cd]
C  [ntdll.dll+0x5383d]

VM_Operation (0x000000000012f4c0): Exit, mode: safepoint, requested by thread 0x00000000027fa000


---------------  P R O C E S S  ---------------

Java Threads: ( => current thread )
  0x00000000181db800 JavaThread "pool-2-thread-4" [_thread_blocked, id=11140, stack(0x0000000029770000,0x0000000029870000)]
  0x000000001aa42000 JavaThread "pool-2-thread-3" [_thread_blocked, id=6500, stack(0x0000000028a10000,0x0000000028b10000)]
  0x000000001aa3e800 JavaThread "pool-2-thread-2" [_thread_blocked, id=9528, stack(0x0000000027d10000,0x0000000027e10000)]
  0x000000001c3fb000 JavaThread "pool-2-thread-1" [_thread_blocked, id=6496, stack(0x0000000021c90000,0x0000000021d90000)]
  0x000000001c3f9000 JavaThread "Thread-236" daemon [_thread_blocked, id=10104, stack(0x0000000028610000,0x0000000028710000)]
  0x000000001984d800 JavaThread "TCF Channel Transmitter" daemon [_thread_blocked, id=7728, stack(0x00000000262b0000,0x00000000263b0000)]
  0x000000001984c000 JavaThread "TCF Channel Receiver" daemon [_thread_in_native, id=10304, stack(0x0000000025e80000,0x0000000025f80000)]
  0x000000001984b000 JavaThread "Process monitor" daemon [_thread_in_native, id=9340, stack(0x0000000025ac0000,0x0000000025bc0000)]
  0x000000001984a800 JavaThread "Input Stream Monitor" daemon [_thread_blocked, id=9412, stack(0x00000000259c0000,0x0000000025ac0000)]
  0x0000000019849800 JavaThread "Output Stream Monitor" daemon [_thread_in_native, id=10924, stack(0x00000000258c0000,0x00000000259c0000)]
  0x0000000019849000 JavaThread "Output Stream Monitor" daemon [_thread_in_native, id=10668, stack(0x00000000257c0000,0x00000000258c0000)]
  0x000000001b1b3800 JavaThread "TCF Locator DNS Lookup" daemon [_thread_blocked, id=672, stack(0x0000000023320000,0x0000000023420000)]
  0x000000001b1b3000 JavaThread "TCF Locator Timer" daemon [_thread_blocked, id=1304, stack(0x0000000023220000,0x0000000023320000)]
  0x000000001b1b2000 JavaThread "TCF Locator Receiver" daemon [_thread_in_native, id=7152, stack(0x0000000023120000,0x0000000023220000)]
  0x000000001b1b0800 JavaThread "TCF Timer Dispatcher" daemon [_thread_blocked, id=1580, stack(0x0000000022f20000,0x0000000023020000)]
  0x000000001b4f0800 JavaThread "EMF Reference Cleaner" daemon [_thread_blocked, id=7424, stack(0x000000001dfe0000,0x000000001e0e0000)]
  0x0000000016ce6800 JavaThread "SeedGenerator Thread" daemon [_thread_blocked, id=9852, stack(0x00000000175b0000,0x00000000176b0000)]
  0x0000000015281800 JavaThread "Service Thread" daemon [_thread_blocked, id=8104, stack(0x0000000016ae0000,0x0000000016be0000)]
  0x0000000015228800 JavaThread "C1 CompilerThread3" daemon [_thread_blocked, id=9648, stack(0x00000000169e0000,0x0000000016ae0000)]
  0x0000000015223000 JavaThread "C2 CompilerThread2" daemon [_thread_blocked, id=9520, stack(0x00000000168e0000,0x00000000169e0000)]
  0x000000001521b800 JavaThread "C2 CompilerThread1" daemon [_thread_blocked, id=10504, stack(0x00000000167e0000,0x00000000168e0000)]
  0x0000000015219800 JavaThread "C2 CompilerThread0" daemon [_thread_blocked, id=11016, stack(0x00000000166e0000,0x00000000167e0000)]
  0x0000000015210800 JavaThread "Attach Listener" daemon [_thread_blocked, id=10664, stack(0x00000000165e0000,0x00000000166e0000)]
  0x000000001404d000 JavaThread "Finalizer" daemon [_thread_blocked, id=7504, stack(0x0000000016310000,0x0000000016410000)]
  0x0000000014046000 JavaThread "Reference Handler" daemon [_thread_blocked, id=10992, stack(0x0000000016210000,0x0000000016310000)]
  0x00000000027fa000 JavaThread "main" [_thread_blocked, id=1680, stack(0x0000000000030000,0x0000000000130000)]

Other Threads:
=>0x0000000014040800 VMThread [stack: 0x0000000016110000,0x0000000016210000] [id=10580]

VM state:at safepoint (shutting down)

VM Mutex/Monitor currently owned by a thread:  ([mutex/lock_event])
[0x00000000027f8980] Threads_lock - owner thread: 0x0000000014040800

Heap:
 PSYoungGen      total 127488K, used 35362K [0x00000000f5580000, 0x00000000ff100000, 0x0000000100000000)
  eden space 102912K, 30% used [0x00000000f5580000,0x00000000f73d9488,0x00000000fba00000)
  from space 24576K, 17% used [0x00000000fd900000,0x00000000fdd2f768,0x00000000ff100000)
  to   space 28160K, 0% used [0x00000000fba00000,0x00000000fba00000,0x00000000fd580000)
 ParOldGen       total 125440K, used 72461K [0x00000000e0000000, 0x00000000e7a80000, 0x00000000f5580000)
  object space 125440K, 57% used [0x00000000e0000000,0x00000000e46c3690,0x00000000e7a80000)
 Metaspace       used 100250K, capacity 108112K, committed 108416K, reserved 1142784K
  class space    used 11636K, capacity 14121K, committed 14208K, reserved 1048576K

Card table byte_map: [0x0000000011c50000,0x0000000011d60000] byte_map_base: 0x0000000011550000

Marking Bits: (ParMarkBitMap*) 0x0000000054caa5b0
 Begin Bits: [0x0000000012560000, 0x0000000012d60000)
 End Bits:   [0x0000000012d60000, 0x0000000013560000)

Polling page: 0x00000000004a0000

CodeCache: size=245760Kb used=68131Kb max_used=68364Kb free=177628Kb
 bounds [0x0000000002890000, 0x0000000006be0000, 0x0000000011890000]
 total_blobs=18511 nmethods=17578 adapters=837
 compilation: enabled

Compilation events (10 events):
Event: 8794.972 Thread 0x0000000015228800 23639   !   3       org.eclipse.osgi.storage.BundleInfo$Generation::close (34 bytes)
Event: 8794.973 Thread 0x0000000015228800 nmethod 23639 0x0000000002fc7dd0 code [0x0000000002fc7f40, 0x0000000002fc8368]
Event: 8794.973 Thread 0x0000000015219800 23642       4       org.eclipse.osgi.container.ModuleDatabase::readLock (11 bytes)
Event: 8794.974 Thread 0x0000000015228800 23641  s    3       java.util.Hashtable::clear (38 bytes)
Event: 8794.975 Thread 0x0000000015228800 nmethod 23641 0x0000000002be3810 code [0x0000000002be3980, 0x0000000002be3e50]
Event: 8794.976 Thread 0x0000000015228800 23640       1       org.eclipse.osgi.storage.Storage::getModuleDatabase (5 bytes)
Event: 8794.977 Thread 0x0000000015228800 nmethod 23640 0x00000000040bb2d0 code [0x00000000040bb420, 0x00000000040bb530]
Event: 8794.977 Thread 0x0000000015219800 nmethod 23642 0x0000000003438c50 code [0x0000000003438de0, 0x00000000034391f0]
Event: 8794.978 Thread 0x0000000015228800 23643   !   3       org.eclipse.osgi.container.ModuleDatabase::getRevisionsTimestamp (25 bytes)
Event: 8794.979 Thread 0x0000000015228800 nmethod 23643 0x0000000003371490 code [0x00000000033716a0, 0x00000000033723d8]

GC Heap History (10 events):
Event: 3560.252 GC heap before
{Heap before GC invocations=126 (full 43):
 PSYoungGen      total 142848K, used 121293K [0x00000000f5580000, 0x0000000100000000, 0x0000000100000000)
  eden space 113152K, 90% used [0x00000000f5580000,0x00000000fb8f68a0,0x00000000fc400000)
  from space 29696K, 65% used [0x00000000fe200000,0x00000000ff4fcb68,0x00000000fff00000)
  to   space 30720K, 0% used [0x00000000fc400000,0x00000000fc400000,0x00000000fe200000)
 ParOldGen       total 125440K, used 96071K [0x00000000e0000000, 0x00000000e7a80000, 0x00000000f5580000)
  object space 125440K, 76% used [0x00000000e0000000,0x00000000e5dd1df8,0x00000000e7a80000)
 Metaspace       used 99564K, capacity 107514K, committed 107904K, reserved 1142784K
  class space    used 11584K, capacity 14118K, committed 14208K, reserved 1048576K
Event: 3560.280 GC heap after
Heap after GC invocations=126 (full 43):
 PSYoungGen      total 128000K, used 14760K [0x00000000f5580000, 0x00000000ffe80000, 0x0000000100000000)
  eden space 113152K, 0% used [0x00000000f5580000,0x00000000f5580000,0x00000000fc400000)
  from space 14848K, 99% used [0x00000000fc400000,0x00000000fd26a340,0x00000000fd280000)
  to   space 29696K, 0% used [0x00000000fe180000,0x00000000fe180000,0x00000000ffe80000)
 ParOldGen       total 125440K, used 96071K [0x00000000e0000000, 0x00000000e7a80000, 0x00000000f5580000)
  object space 125440K, 76% used [0x00000000e0000000,0x00000000e5dd1df8,0x00000000e7a80000)
 Metaspace       used 99564K, capacity 107514K, committed 107904K, reserved 1142784K
  class space    used 11584K, capacity 14118K, committed 14208K, reserved 1048576K
}
Event: 3560.280 GC heap before
{Heap before GC invocations=127 (full 44):
 PSYoungGen      total 128000K, used 14760K [0x00000000f5580000, 0x00000000ffe80000, 0x0000000100000000)
  eden space 113152K, 0% used [0x00000000f5580000,0x00000000f5580000,0x00000000fc400000)
  from space 14848K, 99% used [0x00000000fc400000,0x00000000fd26a340,0x00000000fd280000)
  to   space 29696K, 0% used [0x00000000fe180000,0x00000000fe180000,0x00000000ffe80000)
 ParOldGen       total 125440K, used 96071K [0x00000000e0000000, 0x00000000e7a80000, 0x00000000f5580000)
  object space 125440K, 76% used [0x00000000e0000000,0x00000000e5dd1df8,0x00000000e7a80000)
 Metaspace       used 99564K, capacity 107514K, committed 107904K, reserved 1142784K
  class space    used 11584K, capacity 14118K, committed 14208K, reserved 1048576K
Event: 3560.555 GC heap after
Heap after GC invocations=127 (full 44):
 PSYoungGen      total 128000K, used 0K [0x00000000f5580000, 0x00000000ffe80000, 0x0000000100000000)
  eden space 113152K, 0% used [0x00000000f5580000,0x00000000f5580000,0x00000000fc400000)
  from space 14848K, 0% used [0x00000000fc400000,0x00000000fc400000,0x00000000fd280000)
  to   space 29696K, 0% used [0x00000000fe180000,0x00000000fe180000,0x00000000ffe80000)
 ParOldGen       total 125440K, used 72445K [0x00000000e0000000, 0x00000000e7a80000, 0x00000000f5580000)
  object space 125440K, 57% used [0x00000000e0000000,0x00000000e46bf690,0x00000000e7a80000)
 Metaspace       used 99564K, capacity 107514K, committed 107904K, reserved 1142784K
  class space    used 11584K, capacity 14118K, committed 14208K, reserved 1048576K
}
Event: 3912.953 GC heap before
{Heap before GC invocations=128 (full 44):
 PSYoungGen      total 128000K, used 113152K [0x00000000f5580000, 0x00000000ffe80000, 0x0000000100000000)
  eden space 113152K, 100% used [0x00000000f5580000,0x00000000fc400000,0x00000000fc400000)
  from space 14848K, 0% used [0x00000000fc400000,0x00000000fc400000,0x00000000fd280000)
  to   space 29696K, 0% used [0x00000000fe180000,0x00000000fe180000,0x00000000ffe80000)
 ParOldGen       total 125440K, used 72445K [0x00000000e0000000, 0x00000000e7a80000, 0x00000000f5580000)
  object space 125440K, 57% used [0x00000000e0000000,0x00000000e46bf690,0x00000000e7a80000)
 Metaspace       used 99695K, capacity 107706K, committed 107904K, reserved 1142784K
  class space    used 11585K, capacity 14118K, committed 14208K, reserved 1048576K
Event: 3912.966 GC heap after
Heap after GC invocations=128 (full 44):
 PSYoungGen      total 135168K, used 3485K [0x00000000f5580000, 0x00000000ffa80000, 0x0000000100000000)
  eden space 109568K, 0% used [0x00000000f5580000,0x00000000f5580000,0x00000000fc080000)
  from space 25600K, 13% used [0x00000000fe180000,0x00000000fe4e7768,0x00000000ffa80000)
  to   space 29696K, 0% used [0x00000000fc080000,0x00000000fc080000,0x00000000fdd80000)
 ParOldGen       total 125440K, used 72453K [0x00000000e0000000, 0x00000000e7a80000, 0x00000000f5580000)
  object space 125440K, 57% used [0x00000000e0000000,0x00000000e46c1690,0x00000000e7a80000)
 Metaspace       used 99695K, capacity 107706K, committed 107904K, reserved 1142784K
  class space    used 11585K, capacity 14118K, committed 14208K, reserved 1048576K
}
Event: 6913.494 GC heap before
{Heap before GC invocations=129 (full 44):
 PSYoungGen      total 135168K, used 113053K [0x00000000f5580000, 0x00000000ffa80000, 0x0000000100000000)
  eden space 109568K, 100% used [0x00000000f5580000,0x00000000fc080000,0x00000000fc080000)
  from space 25600K, 13% used [0x00000000fe180000,0x00000000fe4e7768,0x00000000ffa80000)
  to   space 29696K, 0% used [0x00000000fc080000,0x00000000fc080000,0x00000000fdd80000)
 ParOldGen       total 125440K, used 72453K [0x00000000e0000000, 0x00000000e7a80000, 0x00000000f5580000)
  object space 125440K, 57% used [0x00000000e0000000,0x00000000e46c1690,0x00000000e7a80000)
 Metaspace       used 99735K, capacity 107770K, committed 108160K, reserved 1142784K
  class space    used 11585K, capacity 14118K, committed 14208K, reserved 1048576K
Event: 6913.507 GC heap after
Heap after GC invocations=129 (full 44):
 PSYoungGen      total 112640K, used 6189K [0x00000000f5580000, 0x00000000ff500000, 0x0000000100000000)
  eden space 105984K, 0% used [0x00000000f5580000,0x00000000f5580000,0x00000000fbd00000)
  from space 6656K, 92% used [0x00000000fc080000,0x00000000fc68b798,0x00000000fc700000)
  to   space 28672K, 0% used [0x00000000fd900000,0x00000000fd900000,0x00000000ff500000)
 ParOldGen       total 125440K, used 72453K [0x00000000e0000000, 0x00000000e7a80000, 0x00000000f5580000)
  object space 125440K, 57% used [0x00000000e0000000,0x00000000e46c1690,0x00000000e7a80000)
 Metaspace       used 99735K, capacity 107770K, committed 108160K, reserved 1142784K
  class space    used 11585K, capacity 14118K, committed 14208K, reserved 1048576K
}
Event: 8792.536 GC heap before
{Heap before GC invocations=130 (full 44):
 PSYoungGen      total 112640K, used 112173K [0x00000000f5580000, 0x00000000ff500000, 0x0000000100000000)
  eden space 105984K, 100% used [0x00000000f5580000,0x00000000fbd00000,0x00000000fbd00000)
  from space 6656K, 92% used [0x00000000fc080000,0x00000000fc68b798,0x00000000fc700000)
  to   space 28672K, 0% used [0x00000000fd900000,0x00000000fd900000,0x00000000ff500000)
 ParOldGen       total 125440K, used 72453K [0x00000000e0000000, 0x00000000e7a80000, 0x00000000f5580000)
  object space 125440K, 57% used [0x00000000e0000000,0x00000000e46c1690,0x00000000e7a80000)
 Metaspace       used 99812K, capacity 107770K, committed 108160K, reserved 1142784K
  class space    used 11589K, capacity 14118K, committed 14208K, reserved 1048576K
Event: 8792.543 GC heap after
Heap after GC invocations=130 (full 44):
 PSYoungGen      total 127488K, used 4285K [0x00000000f5580000, 0x00000000ff100000, 0x0000000100000000)
  eden space 102912K, 0% used [0x00000000f5580000,0x00000000f5580000,0x00000000fba00000)
  from space 24576K, 17% used [0x00000000fd900000,0x00000000fdd2f768,0x00000000ff100000)
  to   space 28160K, 0% used [0x00000000fba00000,0x00000000fba00000,0x00000000fd580000)
 ParOldGen       total 125440K, used 72461K [0x00000000e0000000, 0x00000000e7a80000, 0x00000000f5580000)
  object space 125440K, 57% used [0x00000000e0000000,0x00000000e46c3690,0x00000000e7a80000)
 Metaspace       used 99812K, capacity 107770K, committed 108160K, reserved 1142784K
  class space    used 11589K, capacity 14118K, committed 14208K, reserved 1048576K
}

Deoptimization events (10 events):
Event: 8794.761 Thread 0x000000001c3fa800 Uncommon trap: reason=unstable_if action=reinterpret pc=0x00000000065ee754 method=org.eclipse.osgi.internal.loader.sources.PackageSource.isServiceAssignableTo(Lorg/osgi/framework/Bundle;Lorg/osgi/framework/Bundle;Ljava/lang/String;Ljava/lang/Class;Lorg/ecl‡9›n-Á@
Event: 8794.860 Thread 0x000000001c3fa800 Uncommon trap: reason=unstable_if action=reinterpret pc=0x000000000405b11c method=java.io.DataOutputStream.writeUTF(Ljava/lang/String;Ljava/io/DataOutput;)I @ 37
Event: 8794.947 Thread 0x000000001b4f1800 Uncommon trap: reason=unstable_if action=reinterpret pc=0x000000000433791c method=org.eclipse.osgi.framework.eventmgr.EventManager$EventThread.getNextEvent()Lorg/eclipse/osgi/framework/eventmgr/EventManager$EventThread$Queued; @ 15
Event: 8794.947 Thread 0x00000000181d8800 Uncommon trap: reason=unstable_if action=reinterpret pc=0x00000000067fe5a0 method=org.eclipse.core.internal.jobs.JobManager.nextJob()Lorg/eclipse/core/runtime/jobs/Job; @ 80
Event: 8794.948 Thread 0x00000000181d8800 Uncommon trap: reason=unstable_if action=reinterpret pc=0x0000000005e72a44 method=org.eclipse.core.internal.jobs.WorkerPool.startJob(Lorg/eclipse/core/internal/jobs/Worker;)Lorg/eclipse/core/internal/jobs/InternalJob; @ 177
Event: 8794.948 Thread 0x000000001b21c800 Uncommon trap: reason=unstable_if action=reinterpret pc=0x0000000005e72a44 method=org.eclipse.core.internal.jobs.WorkerPool.startJob(Lorg/eclipse/core/internal/jobs/Worker;)Lorg/eclipse/core/internal/jobs/InternalJob; @ 177
Event: 8794.948 Thread 0x000000001aa40800 Uncommon trap: reason=unstable_if action=reinterpret pc=0x0000000005e72a44 method=org.eclipse.core.internal.jobs.WorkerPool.startJob(Lorg/eclipse/core/internal/jobs/Worker;)Lorg/eclipse/core/internal/jobs/InternalJob; @ 177
Event: 8794.948 Thread 0x000000001b21e800 Uncommon trap: reason=unstable_if action=reinterpret pc=0x0000000005e72a44 method=org.eclipse.core.internal.jobs.WorkerPool.startJob(Lorg/eclipse/core/internal/jobs/Worker;)Lorg/eclipse/core/internal/jobs/InternalJob; @ 177
Event: 8794.969 Thread 0x000000001c3fa800 Uncommon trap: reason=unstable_if action=reinterpret pc=0x0000000003be52dc method=sun.reflect.UnsafeStaticObjectFieldAccessorImpl.set(Ljava/lang/Object;Ljava/lang/Object;)V @ 13
Event: 8794.972 Thread 0x0000000017e7f000 Uncommon trap: reason=unstable_if action=reinterpret pc=0x000000000433791c method=org.eclipse.osgi.framework.eventmgr.EventManager$EventThread.getNextEvent()Lorg/eclipse/osgi/framework/eventmgr/EventManager$EventThread$Queued; @ 15

Internal exceptions (10 events):
Event: 8792.807 Thread 0x00000000027fa000 Implicit null exception at 0x0000000003852130 to 0x0000000003852189
Event: 8793.735 Thread 0x000000001aa40800 Implicit null exception at 0x0000000006ab43a7 to 0x0000000006ab59c5
Event: 8793.920 Thread 0x000000001d2bf800 Exception <a 'java/lang/InterruptedException'> (0x00000000f6b33668) thrown at [C:\re\workspace\8-2-build-windows-amd64-cygwin\jdk8u66\5298\hotspot\src\share\vm\runtime\objectMonitor.cpp, line 1683]
Event: 8794.623 Thread 0x0000000017488000 Implicit null exception at 0x0000000002e2c722 to 0x0000000002e2c875
Event: 8794.947 Thread 0x000000001b4f1800 Exception <a 'java/lang/InterruptedException'> (0x00000000f6679160) thrown at [C:\re\workspace\8-2-build-windows-amd64-cygwin\jdk8u66\5298\hotspot\src\share\vm\runtime\objectMonitor.cpp, line 1683]
Event: 8794.969 Thread 0x000000001c3fa800 Implicit null exception at 0x0000000003be4ed7 to 0x0000000003be52c9
Event: 8794.969 Thread 0x0000000017488000 Exception <a 'java/lang/InterruptedException'> (0x00000000f709f200) thrown at [C:\re\workspace\8-2-build-windows-amd64-cygwin\jdk8u66\5298\hotspot\src\share\vm\runtime\objectMonitor.cpp, line 1683]
Event: 8794.972 Thread 0x0000000017e7f000 Exception <a 'java/lang/InterruptedException'> (0x00000000f5772cb0) thrown at [C:\re\workspace\8-2-build-windows-amd64-cygwin\jdk8u66\5298\hotspot\src\share\vm\runtime\objectMonitor.cpp, line 1683]
Event: 8794.972 Thread 0x0000000017489000 Exception <a 'java/lang/InterruptedException'> (0x00000000f7213e48) thrown at [C:\re\workspace\8-2-build-windows-amd64-cygwin\jdk8u66\5298\hotspot\src\share\vm\runtime\objectMonitor.cpp, line 1683]
Event: 8794.972 Thread 0x0000000017cd3000 Exception <a 'java/lang/InterruptedException'> (0x00000000f7221a40) thrown at [C:\re\workspace\8-2-build-windows-amd64-cygwin\jdk8u66\5298\hotspot\src\share\vm\runtime\objectMonitor.cpp, line 1683]

Events (10 events):
Event: 8794.977 Thread 0x000000001c3fa800 Thread exited: 0x000000001c3fa800
Event: 8794.977 Thread 0x0000000015228800 flushing nmethod 0x00000000044856d0
Event: 8794.977 Thread 0x0000000015228800 flushing nmethod 0x00000000044d43d0
Event: 8794.977 Thread 0x0000000015228800 flushing nmethod 0x00000000044d61d0
Event: 8794.978 Thread 0x0000000015228800 flushing nmethod 0x000000000456fb90
Event: 8794.978 Thread 0x0000000015228800 flushing nmethod 0x000000000463e290
Event: 8794.978 Thread 0x0000000015228800 flushing nmethod 0x0000000004659410
Event: 8794.979 Thread 0x0000000015228800 flushing nmethod 0x0000000004821350
Event: 8794.979 Thread 0x000000001520e800 Thread exited: 0x000000001520e800
Event: 8794.979 Executing VM operation: Exit


Dynamic libraries:
0x0000000000400000 - 0x000000000044f000 	C:\Xilinx\SDK\2016.2\eclipse\win64.o\eclipse.exe
0x0000000076d10000 - 0x0000000076eaf000 	C:\windows\SYSTEM32\ntdll.dll
0x0000000076af0000 - 0x0000000076c0f000 	C:\windows\system32\kernel32.dll
0x000007fefcd30000 - 0x000007fefcd9a000 	C:\windows\system32\KERNELBASE.dll
0x00000000746e0000 - 0x0000000074769000 	C:\windows\System32\SYSFER.DLL
0x0000000076c10000 - 0x0000000076d0a000 	C:\windows\system32\USER32.dll
0x000007fefe560000 - 0x000007fefe5c7000 	C:\windows\system32\GDI32.dll
0x000007fefcda0000 - 0x000007fefcdae000 	C:\windows\system32\LPK.dll
0x000007fefdbe0000 - 0x000007fefdcab000 	C:\windows\system32\USP10.dll
0x000007fefdb40000 - 0x000007fefdbdf000 	C:\windows\system32\msvcrt.dll
0x000007fefb3d0000 - 0x000007fefb5c4000 	C:\windows\WinSxS\amd64_microsoft.windows.common-controls_6595b64144ccf1df_6.0.7601.23403_none_e36ad4593102f066\COMCTL32.dll
0x000007fefdf70000 - 0x000007fefdfe1000 	C:\windows\system32\SHLWAPI.dll
0x000007fefe700000 - 0x000007fefe72e000 	C:\windows\system32\IMM32.DLL
0x000007fefee50000 - 0x000007fefef59000 	C:\windows\system32\MSCTF.dll
0x0000000072000000 - 0x0000000072012000 	C:\Xilinx\SDK\2016.2\eclipse\win64.o\plugins\org.eclipse.equinox.launcher.win32.win32.x86_64_1.1.300.v20150602-1417\eclipse_1611.dll
0x000007fefe5d0000 - 0x000007fefe6ab000 	C:\windows\system32\ADVAPI32.dll
0x000007fefe210000 - 0x000007fefe22f000 	C:\windows\SYSTEM32\sechost.dll
0x000007fefea60000 - 0x000007fefeb8d000 	C:\windows\system32\RPCRT4.dll
0x000007fefba60000 - 0x000007fefba6c000 	C:\windows\system32\VERSION.dll
0x000007fefb370000 - 0x000007fefb3c6000 	C:\windows\system32\uxtheme.dll
0x00000000544a0000 - 0x0000000054d29000 	C:\Xilinx\SDK\2016.2\tps\win64\jre\bin\server\jvm.dll
0x000007fef3cf0000 - 0x000007fef3cf9000 	C:\windows\system32\WSOCK32.dll
0x000007fefe6b0000 - 0x000007fefe6fd000 	C:\windows\system32\WS2_32.dll
0x000007fefeb90000 - 0x000007fefeb98000 	C:\windows\system32\NSI.dll
0x000007fefa900000 - 0x000007fefa93b000 	C:\windows\system32\WINMM.dll
0x0000000076eb0000 - 0x0000000076eb7000 	C:\windows\system32\PSAPI.DLL
0x0000000077620000 - 0x00000000776f2000 	C:\windows\system32\MSVCR100.dll
0x0000000054490000 - 0x000000005449f000 	C:\Xilinx\SDK\2016.2\tps\win64\jre\bin\verify.dll
0x0000000054460000 - 0x0000000054489000 	C:\Xilinx\SDK\2016.2\tps\win64\jre\bin\java.dll
0x0000000054440000 - 0x0000000054456000 	C:\Xilinx\SDK\2016.2\tps\win64\jre\bin\zip.dll
0x000007fefcdb0000 - 0x000007fefdb3b000 	C:\windows\system32\SHELL32.dll
0x000007fefdff0000 - 0x000007fefe1ed000 	C:\windows\system32\ole32.dll
0x000007fefc9e0000 - 0x000007fefc9ef000 	C:\windows\system32\profapi.dll
0x000007fefc290000 - 0x000007fefc2a8000 	C:\windows\system32\CRYPTSP.dll
0x000007fefbeb0000 - 0x000007fefbef7000 	C:\windows\system32\rsaenh.dll
0x000007fefca50000 - 0x000007fefca6f000 	C:\windows\system32\USERENV.dll
0x0000000054420000 - 0x000000005443a000 	C:\Xilinx\SDK\2016.2\tps\win64\jre\bin\net.dll
0x000007fefc230000 - 0x000007fefc285000 	C:\windows\system32\mswsock.dll
0x000007fefc220000 - 0x000007fefc227000 	C:\windows\System32\wship6.dll
0x000007fefa560000 - 0x000007fefa587000 	C:\windows\system32\IPHLPAPI.DLL
0x000007fefa540000 - 0x000007fefa54b000 	C:\windows\system32\WINNSI.DLL
0x000007fef9ec0000 - 0x000007fef9ed1000 	C:\windows\system32\dhcpcsvc6.DLL
0x000007fef9f40000 - 0x000007fef9f58000 	C:\windows\system32\dhcpcsvc.DLL
0x0000000054400000 - 0x0000000054411000 	C:\Xilinx\SDK\2016.2\tps\win64\jre\bin\nio.dll
0x000007fefc880000 - 0x000007fefc88f000 	C:\windows\system32\CRYPTBASE.dll
0x000007fefa880000 - 0x000007fefa895000 	C:\windows\system32\NLAapi.dll
0x000007fef9a70000 - 0x000007fef9a85000 	C:\windows\system32\napinsp.dll
0x000007fef9a90000 - 0x000007fef9aa9000 	C:\windows\system32\pnrpnsp.dll
0x000007fefbff0000 - 0x000007fefc04b000 	C:\windows\system32\DNSAPI.dll
0x000007fef8d50000 - 0x000007fef8d5b000 	C:\windows\System32\winrnr.dll
0x0000000073f60000 - 0x0000000073f6a000 	C:\Program Files\National Instruments\Shared\mDNS Responder\nimdnsNSP.dll
0x0000000073f50000 - 0x0000000073f60000 	C:\windows\system32\nimdnsResponder.dll
0x000007fef9a50000 - 0x000007fef9a67000 	C:\windows\system32\VCRUNTIME140.dll
0x000007fef9a40000 - 0x000007fef9a44000 	C:\windows\system32\api-ms-win-crt-runtime-l1-1-0.dll
0x000007fef9940000 - 0x000007fef9a34000 	C:\windows\system32\ucrtbase.DLL
0x000007fef9930000 - 0x000007fef9933000 	C:\windows\system32\api-ms-win-core-timezone-l1-1-0.dll
0x000007fef9920000 - 0x000007fef9923000 	C:\windows\system32\api-ms-win-core-file-l2-1-0.dll
0x000007fef9910000 - 0x000007fef9913000 	C:\windows\system32\api-ms-win-core-localization-l1-2-0.dll
0x000007fef9900000 - 0x000007fef9903000 	C:\windows\system32\api-ms-win-core-synch-l1-2-0.dll
0x000007fef98f0000 - 0x000007fef98f3000 	C:\windows\system32\api-ms-win-core-processthreads-l1-1-1.dll
0x000007fef98e0000 - 0x000007fef98e3000 	C:\windows\system32\api-ms-win-core-file-l1-2-0.dll
0x000007fef98d0000 - 0x000007fef98d4000 	C:\windows\system32\api-ms-win-crt-string-l1-1-0.dll
0x000007fef98c0000 - 0x000007fef98c3000 	C:\windows\system32\api-ms-win-crt-heap-l1-1-0.dll
0x000007fef98b0000 - 0x000007fef98b4000 	C:\windows\system32\api-ms-win-crt-stdio-l1-1-0.dll
0x000007fef98a0000 - 0x000007fef98a4000 	C:\windows\system32\api-ms-win-crt-convert-l1-1-0.dll
0x000007fefbb30000 - 0x000007fefbb37000 	C:\windows\System32\wshtcpip.dll
0x000007fef9890000 - 0x000007fef9898000 	C:\windows\system32\rasadhlp.dll
0x000007fef9f70000 - 0x000007fef9fc3000 	C:\windows\System32\fwpuclnt.dll
0x0000000018cd0000 - 0x0000000018d78000 	C:\Users\TEMP\.Xilinx\SDK\2016.2\org.eclipse.osgi\312\0\.cp\swt-win32-4527.dll
0x000007fefdcb0000 - 0x000007fefdd8a000 	C:\windows\system32\OLEAUT32.dll
0x000007fefedb0000 - 0x000007fefee47000 	C:\windows\system32\comdlg32.dll
0x000007feeb920000 - 0x000007feeb991000 	C:\windows\system32\WINSPOOL.DRV
0x000007fefe730000 - 0x000007fefea51000 	C:\windows\system32\WININET.dll
0x000007fefcbb0000 - 0x000007fefcbb4000 	C:\windows\system32\api-ms-win-downlevel-user32-l1-1-0.dll
0x000007fefca30000 - 0x000007fefca34000 	C:\windows\system32\api-ms-win-downlevel-shlwapi-l1-1-0.dll
0x000007fefcb00000 - 0x000007fefcb04000 	C:\windows\system32\api-ms-win-downlevel-version-l1-1-0.dll
0x000007fefcab0000 - 0x000007fefcab3000 	C:\windows\system32\api-ms-win-downlevel-normaliz-l1-1-0.dll
0x0000000076ec0000 - 0x0000000076ec3000 	C:\windows\system32\normaliz.DLL
0x000007fefe230000 - 0x000007fefe4fa000 	C:\windows\system32\iertutil.dll
0x000007fefca00000 - 0x000007fefca05000 	C:\windows\system32\api-ms-win-downlevel-advapi32-l1-1-0.dll
0x000007fefcbc0000 - 0x000007fefcd2d000 	C:\windows\system32\CRYPT32.dll
0x000007fefc9f0000 - 0x000007fefc9ff000 	C:\windows\system32\MSASN1.dll
0x000007fefae20000 - 0x000007fefae38000 	C:\windows\system32\dwmapi.dll
0x000007fefae40000 - 0x000007fefaf6c000 	C:\windows\system32\propsys.dll
0x000007fefef60000 - 0x000007fefeff9000 	C:\windows\system32\CLBCatQ.DLL
0x0000000002530000 - 0x000000000254e000 	C:\Users\TEMP\.Xilinx\SDK\2016.2\org.eclipse.osgi\312\0\.cp\swt-gdip-win32-4527.dll
0x000007fefb150000 - 0x000007fefb367000 	C:\windows\WinSxS\amd64_microsoft.windows.gdiplus_6595b64144ccf1df_1.1.7601.23894_none_145eb2808b8d6928\gdiplus.dll
0x000007fefac70000 - 0x000007fefadd1000 	C:\windows\system32\WindowsCodecs.dll
0x0000000180000000 - 0x0000000180012000 	C:\Users\TEMP\.Xilinx\SDK\2016.2\org.eclipse.osgi\126\0\.cp\os\win32\x86_64\localfile_1_0_0.dll
0x000007fedb2c0000 - 0x000007fedb314000 	C:\windows\system32\oleacc.dll
0x000007fee6e10000 - 0x000007fee6e17000 	C:\windows\system32\msimg32.dll
0x000007fefc930000 - 0x000007fefc944000 	C:\windows\system32\RpcRtRemote.dll
0x000007fefc820000 - 0x000007fefc877000 	C:\windows\system32\apphelp.dll
0x000007fefa440000 - 0x000007fefa451000 	C:\Users\TEMP\.Xilinx\SDK\2016.2\org.eclipse.osgi\129\0\.cp\jWinHttp-1.0.0.dll
0x000007fef9440000 - 0x000007fef94b1000 	C:\windows\system32\WINHTTP.dll
0x000007fef92a0000 - 0x000007fef9305000 	C:\windows\system32\webio.dll
0x000007fefc7b0000 - 0x000007fefc7d5000 	C:\windows\system32\SspiCli.dll
0x000007fefbd40000 - 0x000007fefbd4a000 	C:\windows\system32\credssp.dll
0x000007fefca70000 - 0x000007fefcaa6000 	C:\windows\system32\CFGMGR32.dll
0x000007fefa5a0000 - 0x000007fefa5af000 	C:\Xilinx\SDK\2016.2\lib\win64.o\librdi_repo_manager.dll
0x000007fefa410000 - 0x000007fefa43a000 	C:\Xilinx\SDK\2016.2\lib\win64.o\libisl_sysinfo.dll
0x000007fef30e0000 - 0x000007fef31b4000 	C:\windows\system32\MSVCR110.dll
0x000007fef31c0000 - 0x000007fef3267000 	C:\windows\system32\MSVCP110.dll
0x000007feca4c0000 - 0x000007fecaf00000 	C:\Xilinx\SDK\2016.2\lib\win64.o\librdi_common.dll
0x000007feca150000 - 0x000007feca4be000 	C:\Xilinx\SDK\2016.2\lib\win64.o\libCOIN-all.dll
0x000007fecf1b0000 - 0x000007fecf3cf000 	C:\Xilinx\SDK\2016.2\lib\win64.o\libXil_lmgr11.dll
0x000007fefabf0000 - 0x000007fefac06000 	C:\windows\system32\NETAPI32.dll
0x000007fefbe40000 - 0x000007fefbe4c000 	C:\windows\system32\netutils.dll
0x000007fefc050000 - 0x000007fefc073000 	C:\windows\system32\srvcli.dll
0x000007fefa8e0000 - 0x000007fefa8f5000 	C:\windows\system32\wkscli.dll
0x000007fefcac0000 - 0x000007fefcafb000 	C:\windows\system32\WINTRUST.dll
0x000007fef3d00000 - 0x000007fef3d10000 	C:\Xilinx\SDK\2016.2\lib\win64.o\libboost_date_time.dll
0x000007feea380000 - 0x000007feea3a4000 	C:\Xilinx\SDK\2016.2\lib\win64.o\libboost_filesystem.dll
0x000007fef2f80000 - 0x000007fef2f89000 	C:\Xilinx\SDK\2016.2\lib\win64.o\libboost_system.dll
0x000007fee9310000 - 0x000007fee9387000 	C:\Xilinx\SDK\2016.2\lib\win64.o\libboost_program_options.dll
0x000007fee8ec0000 - 0x000007fee8fc6000 	C:\Xilinx\SDK\2016.2\lib\win64.o\libboost_regex.dll
0x000007feeaee0000 - 0x000007feeaef3000 	C:\Xilinx\SDK\2016.2\lib\win64.o\libboost_signals.dll
0x000007fee9200000 - 0x000007fee921d000 	C:\Xilinx\SDK\2016.2\lib\win64.o\libboost_thread.dll
0x000007feee4d0000 - 0x000007feee4db000 	C:\Xilinx\SDK\2016.2\lib\win64.o\libboost_chrono.dll
0x000007feebc70000 - 0x000007feebc7b000 	C:\Xilinx\SDK\2016.2\lib\win64.o\libboost_xilinx.dll
0x000007fee9180000 - 0x000007fee9200000 	C:\Xilinx\SDK\2016.2\lib\win64.o\libhdlpsolve.dll
0x000007fee38c0000 - 0x000007fee395a000 	C:\Xilinx\SDK\2016.2\lib\win64.o\libhdxml.dll
0x000007fec9ce0000 - 0x000007feca145e00 	C:\Xilinx\SDK\2016.2\lib\win64.o\libisl_iostreams.dll
0x000007fee9160000 - 0x000007fee9176000 	C:\Xilinx\SDK\2016.2\lib\win64.o\libboost_iostreams.dll
0x000007fee80a0000 - 0x000007fee80c3000 	C:\Xilinx\SDK\2016.2\lib\win64.o\librdizlib.dll
0x000007fee3890000 - 0x000007fee38b3000 	C:\Xilinx\SDK\2016.2\lib\win64.o\libisl_iosutils.dll
0x000007fee8080000 - 0x000007fee8095000 	C:\Xilinx\SDK\2016.2\lib\win64.o\pthreadVC2.dll
0x000007fee0b20000 - 0x000007fee0b74000 	C:\Xilinx\SDK\2016.2\lib\win64.o\librdi_commonxillic.dll

VM Arguments:
jvm_args: -Dcom.xilinx.sdk.args.hwspec=H:/MATLAB/MATLAB_2/MATLAB/svm_vivado/songze/songze.sdk/design_1_wrapper.hdf -Xms64m -Xmx512m & 
java_command: <unknown>
java_class_path (initial): C:\Xilinx\SDK\2016.2\eclipse\win64.o\\plugins/org.eclipse.equinox.launcher_1.3.100.v20150511-1540.jar
Launcher Type: generic

Environment Variables:
USERNAME=jc9016
OS=Windows_NT
PROCESSOR_IDENTIFIER=Intel64 Family 6 Model 60 Stepping 3, GenuineIntel



---------------  S Y S T E M  ---------------

OS: Windows 7 , 64 bit Build 7601 (6.1.7601.24024)

CPU:total 8 (4 cores per cpu, 2 threads per core) family 6 model 60 stepping 3, cmov, cx8, fxsr, mmx, sse, sse2, sse3, ssse3, sse4.1, sse4.2, popcnt, avx, avx2, aes, clmul, erms, rtm, lzcnt, ht, tsc, tscinvbit, bmi1, bmi2

Memory: 4k page, physical 8298000k(1540684k free), swap 16594124k(8980280k free)

vm_info: Java HotSpot(TM) 64-Bit Server VM (25.66-b18) for windows-amd64 JRE (1.8.0_66-b18), built on Nov  9 2015 10:51:13 by "java_re" with MS VC++ 10.0 (VS2010)

time: Thu Mar 15 17:21:37 2018
elapsed time: 8795 seconds (0d 2h 26m 35s)

