Exception at PC 0x00007FFF92BF4008
Unable to capture context for thread 9228 in process 8332, can not generate back trace
Unable to capture context for thread 2976 in process 8332, can not generate back trace
Unable to capture context for thread 9680 in process 8332, can not generate back trace
Exception at PC 0x00007FFF92BF4008
Unable to capture context for thread 9680 in process 8332, can not generate back trace
Exception at PC 0x00007FFF3407BB93
Printing stacktrace...

Exception at PC 0x00007FFF92BF4008
Exception at PC 0x00007FFF92BF4008
Exception at PC 0x00007FFF92BF4008
Exception at PC 0x00007FFF92BF4008
Exception at PC 0x00007FFF92BF4008
Exception at PC 0x00007FFF92BF4008
Exception at PC 0x00007FFF92BF4008
Exception at PC 0x00007FFF92BF4008
Exception at PC 0x00007FFF92BF4008
Exception at PC 0x00007FFF92BF4008
Exception at PC 0x00007FFF92BF4008
Exception at PC 0x00007FFF92BF4008
Exception at PC 0x00007FFF92BF4008
Exception at PC 0x00007FFF92BF4008
Exception at PC 0x00007FFF92BF4008
[0]  [0x00007FFF3407BB93]
[1]  [0x00007FFF3407BB93]
[2]  [0x00007FFF3407B4A1]
[3]  [0x00007FFF3407B3EF]
[4]  [0x00007FFF340619FE]
[5]  [0x00007FFF34060ED1]
[6]  [0x00007FFF34060D76]
[7]  [0x00007FFF340079F6]
[8]  [0x00007FFF33FF7AFB]
[9]  [0x00007FFF3411E90A]
[10]  [0x00007FFF34139F87]
[11]  [0x00007FFF3413A05F]
[12] (BaseThreadInitThunk+0x14) [0x00007FFF964D1FE4]
[13] (RtlUserThreadStart+0x21) [0x00007FFF9667EFC1]
Done
Exception at PC 0x00007FFF92BF4008
