#-----------------------------------------------------------
# xsim v2016.2 (64-bit)
# SW Build 1577090 on Thu Jun  2 16:32:40 MDT 2016
# IP Build 1577682 on Fri Jun  3 12:00:54 MDT 2016
# Start of session at: Sun Mar 11 20:24:54 2018
# Process ID: 10340
# Current directory: H:/MATLAB/MATLAB_2/MATLAB/svm_classifier_prj_v6.2_Ch18/svm_classifier_prj_v6.2_Ch18/svm_classifier_prj/svm_classifier_prj/solution1/sim/verilog
# Command line: xsim.exe -mode tcl -source {xsim.dir/svm_classifier/xsim_script.tcl}
# Log file: H:/MATLAB/MATLAB_2/MATLAB/svm_classifier_prj_v6.2_Ch18/svm_classifier_prj_v6.2_Ch18/svm_classifier_prj/svm_classifier_prj/solution1/sim/verilog/xsim.log
# Journal file: H:/MATLAB/MATLAB_2/MATLAB/svm_classifier_prj_v6.2_Ch18/svm_classifier_prj_v6.2_Ch18/svm_classifier_prj/svm_classifier_prj/solution1/sim/verilog\xsim.jou
#-----------------------------------------------------------
source xsim.dir/svm_classifier/xsim_script.tcl
# xsim {svm_classifier} -autoloadwcfg -tclbatch {svm_classifier.tcl}
Vivado Simulator 2016.2
Time resolution is 1 ps
source svm_classifier.tcl
## run all
////////////////////////////////////////////////////////////////////////////////////
// Inter-Transaction Progress: Completed Transaction / Total Transaction
// Intra-Transaction Progress: Measured Latency / Latency Estimation * 100%
////////////////////////////////////////////////////////////////////////////////////
// RTL Simulation : 0 / 2000 [0.00%] @ "125000"
// RTL Simulation : 2000 / 2000 [0.00%] @ "3180135000"
////////////////////////////////////////////////////////////////////////////////////
$finish called at time : 3180175 ns : File "H:/MATLAB/MATLAB_2/MATLAB/svm_classifier_prj_v6.2_Ch18/svm_classifier_prj_v6.2_Ch18/svm_classifier_prj/svm_classifier_prj/solution1/sim/verilog/svm_classifier.autotb.v" Line 273
run: Time (s): cpu = 00:00:00 ; elapsed = 00:04:09 . Memory (MB): peak = 59.633 ; gain = 0.000
## quit
INFO: [Common 17-206] Exiting xsim at Sun Mar 11 20:29:05 2018...
