#-----------------------------------------------------------
# Vivado v2016.2 (64-bit)
# SW Build 1577090 on Thu Jun  2 16:32:40 MDT 2016
# IP Build 1577682 on Fri Jun  3 12:00:54 MDT 2016
# Start of session at: Thu Mar 15 14:54:29 2018
# Process ID: 7532
# Current directory: H:/MATLAB/MATLAB_2/MATLAB/svm_vivado/songze
# Command line: vivado.exe -gui_launcher_event rodinguilauncherevent5812 H:\MATLAB\MATLAB_2\MATLAB\svm_vivado\songze\songze.xpr
# Log file: H:/MATLAB/MATLAB_2/MATLAB/svm_vivado/songze/vivado.log
# Journal file: H:/MATLAB/MATLAB_2/MATLAB/svm_vivado/songze\vivado.jou
#-----------------------------------------------------------
start_gui
open_project H:/MATLAB/MATLAB_2/MATLAB/svm_vivado/songze/songze.xpr
Scanning sources...
Finished scanning sources
INFO: [IP_Flow 19-234] Refreshing IP repositories
INFO: [IP_Flow 19-1700] Loaded user IP repository 'h:/MATLAB/MATLAB_2/MATLAB/svch9/svm_classifier_prj_v7_Ch9_For_2cores/svm_classifier_prj/svm_classifier_prj/solution1/impl'.
INFO: [IP_Flow 19-2313] Loaded Vivado IP repository 'C:/Xilinx/Vivado/2016.2/data/ip'.
open_project: Time (s): cpu = 00:00:16 ; elapsed = 00:00:11 . Memory (MB): peak = 870.195 ; gain = 204.371
update_compile_order -fileset sources_1
launch_sdk -workspace H:/MATLAB/MATLAB_2/MATLAB/svm_vivado/songze/songze.sdk -hwspec H:/MATLAB/MATLAB_2/MATLAB/svm_vivado/songze/songze.sdk/design_1_wrapper.hdf
INFO: [Vivado 12-393] Launching SDK...
INFO: [Vivado 12-417] Running xsdk -workspace H:/MATLAB/MATLAB_2/MATLAB/svm_vivado/songze/songze.sdk -hwspec H:/MATLAB/MATLAB_2/MATLAB/svm_vivado/songze/songze.sdk/design_1_wrapper.hdf
INFO: [Vivado 12-3157] SDK launch initiated. Please check console for any further messages.
exit
INFO: [Common 17-206] Exiting Vivado at Thu Mar 15 14:55:04 2018...
