Comparing against reference data
*******************************************
PASS: The output matches the golden output!
*******************************************

C:\Users\about\Desktop\ADSD\svm_classifier_prj\svm_classifier_cascade_prj\solution1\sim\verilog>call xelab xil_defaultlib.apatb_svm_classifier_top -prj svm_classifier.prj --initfile "C:/Xilinx/Vivado/2016.2/bin/../data/xsim/ip/xsim_ip.ini" --lib "ieee_proposed=./ieee_proposed" -s svm_classifier  
INFO: [XSIM 43-3496] Using init file passed via -initfile option "C:/Xilinx/Vivado/2016.2/bin/../data/xsim/ip/xsim_ip.ini".
Vivado Simulator 2016.2
Copyright 1986-1999, 2001-2016 Xilinx, Inc. All Rights Reserved.
Running: C:/Xilinx/Vivado/2016.2/bin/unwrapped/win64.o/xelab.exe xil_defaultlib.apatb_svm_classifier_top -prj svm_classifier.prj --initfile C:/Xilinx/Vivado/2016.2/bin/../data/xsim/ip/xsim_ip.ini --lib ieee_proposed=./ieee_proposed -s svm_classifier 
Multi-threading is on. Using 2 slave threads.
INFO: [VRFC 10-2263] Analyzing Verilog file "C:/Users/about/Desktop/ADSD/svm_classifier_prj/svm_classifier_cascade_prj/solution1/sim/verilog/AESL_axi_slave_AXILiteS.v" into library xil_defaultlib
INFO: [VRFC 10-311] analyzing module AESL_axi_slave_AXILiteS
INFO: [VRFC 10-2263] Analyzing Verilog file "C:/Users/about/Desktop/ADSD/svm_classifier_prj/svm_classifier_cascade_prj/solution1/sim/verilog/svm_classifier.autotb.v" into library xil_defaultlib
INFO: [VRFC 10-311] analyzing module apatb_svm_classifier_top
INFO: [VRFC 10-2458] undeclared symbol ap_clk, assumed default net type wire [C:/Users/about/Desktop/ADSD/svm_classifier_prj/svm_classifier_cascade_prj/solution1/sim/verilog/svm_classifier.autotb.v:129]
INFO: [VRFC 10-2458] undeclared symbol ap_rst_n, assumed default net type wire [C:/Users/about/Desktop/ADSD/svm_classifier_prj/svm_classifier_cascade_prj/solution1/sim/verilog/svm_classifier.autotb.v:130]
INFO: [VRFC 10-2458] undeclared symbol ap_rst_n_n, assumed default net type wire [C:/Users/about/Desktop/ADSD/svm_classifier_prj/svm_classifier_cascade_prj/solution1/sim/verilog/svm_classifier.autotb.v:137]
INFO: [VRFC 10-2263] Analyzing Verilog file "C:/Users/about/Desktop/ADSD/svm_classifier_prj/svm_classifier_cascade_prj/solution1/sim/verilog/svm_classifier.v" into library xil_defaultlib
INFO: [VRFC 10-311] analyzing module svm_classifier
INFO: [VRFC 10-2263] Analyzing Verilog file "C:/Users/about/Desktop/ADSD/svm_classifier_prj/svm_classifier_cascade_prj/solution1/sim/verilog/svm_classifier_alpha_h_V_0.v" into library xil_defaultlib
INFO: [VRFC 10-311] analyzing module svm_classifier_alpha_h_V_0_rom
INFO: [VRFC 10-311] analyzing module svm_classifier_alpha_h_V_0
INFO: [VRFC 10-2263] Analyzing Verilog file "C:/Users/about/Desktop/ADSD/svm_classifier_prj/svm_classifier_cascade_prj/solution1/sim/verilog/svm_classifier_alpha_h_V_1.v" into library xil_defaultlib
INFO: [VRFC 10-311] analyzing module svm_classifier_alpha_h_V_1_rom
INFO: [VRFC 10-311] analyzing module svm_classifier_alpha_h_V_1
INFO: [VRFC 10-2263] Analyzing Verilog file "C:/Users/about/Desktop/ADSD/svm_classifier_prj/svm_classifier_cascade_prj/solution1/sim/verilog/svm_classifier_alpha_h_V_10.v" into library xil_defaultlib
INFO: [VRFC 10-311] analyzing module svm_classifier_alpha_h_V_10_rom
INFO: [VRFC 10-311] analyzing module svm_classifier_alpha_h_V_10
INFO: [VRFC 10-2263] Analyzing Verilog file "C:/Users/about/Desktop/ADSD/svm_classifier_prj/svm_classifier_cascade_prj/solution1/sim/verilog/svm_classifier_alpha_h_V_11.v" into library xil_defaultlib
INFO: [VRFC 10-311] analyzing module svm_classifier_alpha_h_V_11_rom
INFO: [VRFC 10-311] analyzing module svm_classifier_alpha_h_V_11
INFO: [VRFC 10-2263] Analyzing Verilog file "C:/Users/about/Desktop/ADSD/svm_classifier_prj/svm_classifier_cascade_prj/solution1/sim/verilog/svm_classifier_alpha_h_V_12.v" into library xil_defaultlib
INFO: [VRFC 10-311] analyzing module svm_classifier_alpha_h_V_12_rom
INFO: [VRFC 10-311] analyzing module svm_classifier_alpha_h_V_12
INFO: [VRFC 10-2263] Analyzing Verilog file "C:/Users/about/Desktop/ADSD/svm_classifier_prj/svm_classifier_cascade_prj/solution1/sim/verilog/svm_classifier_alpha_h_V_13.v" into library xil_defaultlib
INFO: [VRFC 10-311] analyzing module svm_classifier_alpha_h_V_13_rom
INFO: [VRFC 10-311] analyzing module svm_classifier_alpha_h_V_13
INFO: [VRFC 10-2263] Analyzing Verilog file "C:/Users/about/Desktop/ADSD/svm_classifier_prj/svm_classifier_cascade_prj/solution1/sim/verilog/svm_classifier_alpha_h_V_14.v" into library xil_defaultlib
INFO: [VRFC 10-311] analyzing module svm_classifier_alpha_h_V_14_rom
INFO: [VRFC 10-311] analyzing module svm_classifier_alpha_h_V_14
INFO: [VRFC 10-2263] Analyzing Verilog file "C:/Users/about/Desktop/ADSD/svm_classifier_prj/svm_classifier_cascade_prj/solution1/sim/verilog/svm_classifier_alpha_h_V_15.v" into library xil_defaultlib
INFO: [VRFC 10-311] analyzing module svm_classifier_alpha_h_V_15_rom
INFO: [VRFC 10-311] analyzing module svm_classifier_alpha_h_V_15
INFO: [VRFC 10-2263] Analyzing Verilog file "C:/Users/about/Desktop/ADSD/svm_classifier_prj/svm_classifier_cascade_prj/solution1/sim/verilog/svm_classifier_alpha_h_V_16.v" into library xil_defaultlib
INFO: [VRFC 10-311] analyzing module svm_classifier_alpha_h_V_16_rom
INFO: [VRFC 10-311] analyzing module svm_classifier_alpha_h_V_16
INFO: [VRFC 10-2263] Analyzing Verilog file "C:/Users/about/Desktop/ADSD/svm_classifier_prj/svm_classifier_cascade_prj/solution1/sim/verilog/svm_classifier_alpha_h_V_17.v" into library xil_defaultlib
INFO: [VRFC 10-311] analyzing module svm_classifier_alpha_h_V_17_rom
INFO: [VRFC 10-311] analyzing module svm_classifier_alpha_h_V_17
INFO: [VRFC 10-2263] Analyzing Verilog file "C:/Users/about/Desktop/ADSD/svm_classifier_prj/svm_classifier_cascade_prj/solution1/sim/verilog/svm_classifier_alpha_h_V_2.v" into library xil_defaultlib
INFO: [VRFC 10-311] analyzing module svm_classifier_alpha_h_V_2_rom
INFO: [VRFC 10-311] analyzing module svm_classifier_alpha_h_V_2
INFO: [VRFC 10-2263] Analyzing Verilog file "C:/Users/about/Desktop/ADSD/svm_classifier_prj/svm_classifier_cascade_prj/solution1/sim/verilog/svm_classifier_alpha_h_V_3.v" into library xil_defaultlib
INFO: [VRFC 10-311] analyzing module svm_classifier_alpha_h_V_3_rom
INFO: [VRFC 10-311] analyzing module svm_classifier_alpha_h_V_3
INFO: [VRFC 10-2263] Analyzing Verilog file "C:/Users/about/Desktop/ADSD/svm_classifier_prj/svm_classifier_cascade_prj/solution1/sim/verilog/svm_classifier_alpha_h_V_4.v" into library xil_defaultlib
INFO: [VRFC 10-311] analyzing module svm_classifier_alpha_h_V_4_rom
INFO: [VRFC 10-311] analyzing module svm_classifier_alpha_h_V_4
INFO: [VRFC 10-2263] Analyzing Verilog file "C:/Users/about/Desktop/ADSD/svm_classifier_prj/svm_classifier_cascade_prj/solution1/sim/verilog/svm_classifier_alpha_h_V_5.v" into library xil_defaultlib
INFO: [VRFC 10-311] analyzing module svm_classifier_alpha_h_V_5_rom
INFO: [VRFC 10-311] analyzing module svm_classifier_alpha_h_V_5
INFO: [VRFC 10-2263] Analyzing Verilog file "C:/Users/about/Desktop/ADSD/svm_classifier_prj/svm_classifier_cascade_prj/solution1/sim/verilog/svm_classifier_alpha_h_V_6.v" into library xil_defaultlib
INFO: [VRFC 10-311] analyzing module svm_classifier_alpha_h_V_6_rom
INFO: [VRFC 10-311] analyzing module svm_classifier_alpha_h_V_6
INFO: [VRFC 10-2263] Analyzing Verilog file "C:/Users/about/Desktop/ADSD/svm_classifier_prj/svm_classifier_cascade_prj/solution1/sim/verilog/svm_classifier_alpha_h_V_7.v" into library xil_defaultlib
INFO: [VRFC 10-311] analyzing module svm_classifier_alpha_h_V_7_rom
INFO: [VRFC 10-311] analyzing module svm_classifier_alpha_h_V_7
INFO: [VRFC 10-2263] Analyzing Verilog file "C:/Users/about/Desktop/ADSD/svm_classifier_prj/svm_classifier_cascade_prj/solution1/sim/verilog/svm_classifier_alpha_h_V_8.v" into library xil_defaultlib
INFO: [VRFC 10-311] analyzing module svm_classifier_alpha_h_V_8_rom
INFO: [VRFC 10-311] analyzing module svm_classifier_alpha_h_V_8
INFO: [VRFC 10-2263] Analyzing Verilog file "C:/Users/about/Desktop/ADSD/svm_classifier_prj/svm_classifier_cascade_prj/solution1/sim/verilog/svm_classifier_alpha_h_V_9.v" into library xil_defaultlib
INFO: [VRFC 10-311] analyzing module svm_classifier_alpha_h_V_9_rom
INFO: [VRFC 10-311] analyzing module svm_classifier_alpha_h_V_9
INFO: [VRFC 10-2263] Analyzing Verilog file "C:/Users/about/Desktop/ADSD/svm_classifier_prj/svm_classifier_cascade_prj/solution1/sim/verilog/svm_classifier_alpha_l_V_0.v" into library xil_defaultlib
INFO: [VRFC 10-311] analyzing module svm_classifier_alpha_l_V_0_rom
INFO: [VRFC 10-311] analyzing module svm_classifier_alpha_l_V_0
INFO: [VRFC 10-2263] Analyzing Verilog file "C:/Users/about/Desktop/ADSD/svm_classifier_prj/svm_classifier_cascade_prj/solution1/sim/verilog/svm_classifier_alpha_l_V_1.v" into library xil_defaultlib
INFO: [VRFC 10-311] analyzing module svm_classifier_alpha_l_V_1_rom
INFO: [VRFC 10-311] analyzing module svm_classifier_alpha_l_V_1
INFO: [VRFC 10-2263] Analyzing Verilog file "C:/Users/about/Desktop/ADSD/svm_classifier_prj/svm_classifier_cascade_prj/solution1/sim/verilog/svm_classifier_alpha_l_V_10.v" into library xil_defaultlib
INFO: [VRFC 10-311] analyzing module svm_classifier_alpha_l_V_10_rom
INFO: [VRFC 10-311] analyzing module svm_classifier_alpha_l_V_10
INFO: [VRFC 10-2263] Analyzing Verilog file "C:/Users/about/Desktop/ADSD/svm_classifier_prj/svm_classifier_cascade_prj/solution1/sim/verilog/svm_classifier_alpha_l_V_11.v" into library xil_defaultlib
INFO: [VRFC 10-311] analyzing module svm_classifier_alpha_l_V_11_rom
INFO: [VRFC 10-311] analyzing module svm_classifier_alpha_l_V_11
INFO: [VRFC 10-2263] Analyzing Verilog file "C:/Users/about/Desktop/ADSD/svm_classifier_prj/svm_classifier_cascade_prj/solution1/sim/verilog/svm_classifier_alpha_l_V_12.v" into library xil_defaultlib
INFO: [VRFC 10-311] analyzing module svm_classifier_alpha_l_V_12_rom
INFO: [VRFC 10-311] analyzing module svm_classifier_alpha_l_V_12
INFO: [VRFC 10-2263] Analyzing Verilog file "C:/Users/about/Desktop/ADSD/svm_classifier_prj/svm_classifier_cascade_prj/solution1/sim/verilog/svm_classifier_alpha_l_V_13.v" into library xil_defaultlib
INFO: [VRFC 10-311] analyzing module svm_classifier_alpha_l_V_13_rom
INFO: [VRFC 10-311] analyzing module svm_classifier_alpha_l_V_13
INFO: [VRFC 10-2263] Analyzing Verilog file "C:/Users/about/Desktop/ADSD/svm_classifier_prj/svm_classifier_cascade_prj/solution1/sim/verilog/svm_classifier_alpha_l_V_14.v" into library xil_defaultlib
INFO: [VRFC 10-311] analyzing module svm_classifier_alpha_l_V_14_rom
INFO: [VRFC 10-311] analyzing module svm_classifier_alpha_l_V_14
INFO: [VRFC 10-2263] Analyzing Verilog file "C:/Users/about/Desktop/ADSD/svm_classifier_prj/svm_classifier_cascade_prj/solution1/sim/verilog/svm_classifier_alpha_l_V_15.v" into library xil_defaultlib
INFO: [VRFC 10-311] analyzing module svm_classifier_alpha_l_V_15_rom
INFO: [VRFC 10-311] analyzing module svm_classifier_alpha_l_V_15
INFO: [VRFC 10-2263] Analyzing Verilog file "C:/Users/about/Desktop/ADSD/svm_classifier_prj/svm_classifier_cascade_prj/solution1/sim/verilog/svm_classifier_alpha_l_V_16.v" into library xil_defaultlib
INFO: [VRFC 10-311] analyzing module svm_classifier_alpha_l_V_16_rom
INFO: [VRFC 10-311] analyzing module svm_classifier_alpha_l_V_16
INFO: [VRFC 10-2263] Analyzing Verilog file "C:/Users/about/Desktop/ADSD/svm_classifier_prj/svm_classifier_cascade_prj/solution1/sim/verilog/svm_classifier_alpha_l_V_17.v" into library xil_defaultlib
INFO: [VRFC 10-311] analyzing module svm_classifier_alpha_l_V_17_rom
INFO: [VRFC 10-311] analyzing module svm_classifier_alpha_l_V_17
INFO: [VRFC 10-2263] Analyzing Verilog file "C:/Users/about/Desktop/ADSD/svm_classifier_prj/svm_classifier_cascade_prj/solution1/sim/verilog/svm_classifier_alpha_l_V_2.v" into library xil_defaultlib
INFO: [VRFC 10-311] analyzing module svm_classifier_alpha_l_V_2_rom
INFO: [VRFC 10-311] analyzing module svm_classifier_alpha_l_V_2
INFO: [VRFC 10-2263] Analyzing Verilog file "C:/Users/about/Desktop/ADSD/svm_classifier_prj/svm_classifier_cascade_prj/solution1/sim/verilog/svm_classifier_alpha_l_V_3.v" into library xil_defaultlib
INFO: [VRFC 10-311] analyzing module svm_classifier_alpha_l_V_3_rom
INFO: [VRFC 10-311] analyzing module svm_classifier_alpha_l_V_3
INFO: [VRFC 10-2263] Analyzing Verilog file "C:/Users/about/Desktop/ADSD/svm_classifier_prj/svm_classifier_cascade_prj/solution1/sim/verilog/svm_classifier_alpha_l_V_4.v" into library xil_defaultlib
INFO: [VRFC 10-311] analyzing module svm_classifier_alpha_l_V_4_rom
INFO: [VRFC 10-311] analyzing module svm_classifier_alpha_l_V_4
INFO: [VRFC 10-2263] Analyzing Verilog file "C:/Users/about/Desktop/ADSD/svm_classifier_prj/svm_classifier_cascade_prj/solution1/sim/verilog/svm_classifier_alpha_l_V_5.v" into library xil_defaultlib
INFO: [VRFC 10-311] analyzing module svm_classifier_alpha_l_V_5_rom
INFO: [VRFC 10-311] analyzing module svm_classifier_alpha_l_V_5
INFO: [VRFC 10-2263] Analyzing Verilog file "C:/Users/about/Desktop/ADSD/svm_classifier_prj/svm_classifier_cascade_prj/solution1/sim/verilog/svm_classifier_alpha_l_V_6.v" into library xil_defaultlib
INFO: [VRFC 10-311] analyzing module svm_classifier_alpha_l_V_6_rom
INFO: [VRFC 10-311] analyzing module svm_classifier_alpha_l_V_6
INFO: [VRFC 10-2263] Analyzing Verilog file "C:/Users/about/Desktop/ADSD/svm_classifier_prj/svm_classifier_cascade_prj/solution1/sim/verilog/svm_classifier_alpha_l_V_7.v" into library xil_defaultlib
INFO: [VRFC 10-311] analyzing module svm_classifier_alpha_l_V_7_rom
INFO: [VRFC 10-311] analyzing module svm_classifier_alpha_l_V_7
INFO: [VRFC 10-2263] Analyzing Verilog file "C:/Users/about/Desktop/ADSD/svm_classifier_prj/svm_classifier_cascade_prj/solution1/sim/verilog/svm_classifier_alpha_l_V_8.v" into library xil_defaultlib
INFO: [VRFC 10-311] analyzing module svm_classifier_alpha_l_V_8_rom
INFO: [VRFC 10-311] analyzing module svm_classifier_alpha_l_V_8
INFO: [VRFC 10-2263] Analyzing Verilog file "C:/Users/about/Desktop/ADSD/svm_classifier_prj/svm_classifier_cascade_prj/solution1/sim/verilog/svm_classifier_alpha_l_V_9.v" into library xil_defaultlib
INFO: [VRFC 10-311] analyzing module svm_classifier_alpha_l_V_9_rom
INFO: [VRFC 10-311] analyzing module svm_classifier_alpha_l_V_9
INFO: [VRFC 10-2263] Analyzing Verilog file "C:/Users/about/Desktop/ADSD/svm_classifier_prj/svm_classifier_cascade_prj/solution1/sim/verilog/svm_classifier_AXILiteS_s_axi.v" into library xil_defaultlib
INFO: [VRFC 10-311] analyzing module svm_classifier_AXILiteS_s_axi
INFO: [VRFC 10-2263] Analyzing Verilog file "C:/Users/about/Desktop/ADSD/svm_classifier_prj/svm_classifier_cascade_prj/solution1/sim/verilog/svm_classifier_getTanh.v" into library xil_defaultlib
INFO: [VRFC 10-311] analyzing module svm_classifier_getTanh
INFO: [VRFC 10-2263] Analyzing Verilog file "C:/Users/about/Desktop/ADSD/svm_classifier_prj/svm_classifier_cascade_prj/solution1/sim/verilog/svm_classifier_getTanh_cosh_lut_V.v" into library xil_defaultlib
INFO: [VRFC 10-311] analyzing module svm_classifier_getTanh_cosh_lut_V_rom
INFO: [VRFC 10-311] analyzing module svm_classifier_getTanh_cosh_lut_V
INFO: [VRFC 10-2263] Analyzing Verilog file "C:/Users/about/Desktop/ADSD/svm_classifier_prj/svm_classifier_cascade_prj/solution1/sim/verilog/svm_classifier_getTanh_sinh_lut_V.v" into library xil_defaultlib
INFO: [VRFC 10-311] analyzing module svm_classifier_getTanh_sinh_lut_V_rom
INFO: [VRFC 10-311] analyzing module svm_classifier_getTanh_sinh_lut_V
INFO: [VRFC 10-2263] Analyzing Verilog file "C:/Users/about/Desktop/ADSD/svm_classifier_prj/svm_classifier_cascade_prj/solution1/sim/verilog/svm_classifier_mul_10s_9ns_19_1.v" into library xil_defaultlib
INFO: [VRFC 10-311] analyzing module svm_classifier_mul_10s_9ns_19_1_Mul_LUT_0
INFO: [VRFC 10-311] analyzing module svm_classifier_mul_10s_9ns_19_1
INFO: [VRFC 10-2263] Analyzing Verilog file "C:/Users/about/Desktop/ADSD/svm_classifier_prj/svm_classifier_cascade_prj/solution1/sim/verilog/svm_classifier_mul_13s_8s_21_1.v" into library xil_defaultlib
INFO: [VRFC 10-311] analyzing module svm_classifier_mul_13s_8s_21_1_Mul_LUT_2
INFO: [VRFC 10-311] analyzing module svm_classifier_mul_13s_8s_21_1
INFO: [VRFC 10-2263] Analyzing Verilog file "C:/Users/about/Desktop/ADSD/svm_classifier_prj/svm_classifier_cascade_prj/solution1/sim/verilog/svm_classifier_mul_15s_13s_28_1.v" into library xil_defaultlib
INFO: [VRFC 10-311] analyzing module svm_classifier_mul_15s_13s_28_1_Mul_LUT_1
INFO: [VRFC 10-311] analyzing module svm_classifier_mul_15s_13s_28_1
INFO: [VRFC 10-2263] Analyzing Verilog file "C:/Users/about/Desktop/ADSD/svm_classifier_prj/svm_classifier_cascade_prj/solution1/sim/verilog/svm_classifier_mul_mul_13s_15s_26_1.v" into library xil_defaultlib
INFO: [VRFC 10-311] analyzing module svm_classifier_mul_mul_13s_15s_26_1_DSP48_0
INFO: [VRFC 10-311] analyzing module svm_classifier_mul_mul_13s_15s_26_1
INFO: [VRFC 10-2263] Analyzing Verilog file "C:/Users/about/Desktop/ADSD/svm_classifier_prj/svm_classifier_cascade_prj/solution1/sim/verilog/svm_classifier_sdiv_13ns_8s_13_17.v" into library xil_defaultlib
INFO: [VRFC 10-311] analyzing module svm_classifier_sdiv_13ns_8s_13_17_div_u
INFO: [VRFC 10-311] analyzing module svm_classifier_sdiv_13ns_8s_13_17_div
INFO: [VRFC 10-311] analyzing module svm_classifier_sdiv_13ns_8s_13_17
INFO: [VRFC 10-2263] Analyzing Verilog file "C:/Users/about/Desktop/ADSD/svm_classifier_prj/svm_classifier_cascade_prj/solution1/sim/verilog/svm_classifier_svm_classifier_process.v" into library xil_defaultlib
INFO: [VRFC 10-311] analyzing module svm_classifier_svm_classifier_process
INFO: [VRFC 10-2263] Analyzing Verilog file "C:/Users/about/Desktop/ADSD/svm_classifier_prj/svm_classifier_cascade_prj/solution1/sim/verilog/svm_classifier_SVs_h_V_0.v" into library xil_defaultlib
INFO: [VRFC 10-311] analyzing module svm_classifier_SVs_h_V_0_rom
INFO: [VRFC 10-311] analyzing module svm_classifier_SVs_h_V_0
INFO: [VRFC 10-2263] Analyzing Verilog file "C:/Users/about/Desktop/ADSD/svm_classifier_prj/svm_classifier_cascade_prj/solution1/sim/verilog/svm_classifier_SVs_h_V_1.v" into library xil_defaultlib
INFO: [VRFC 10-311] analyzing module svm_classifier_SVs_h_V_1_rom
INFO: [VRFC 10-311] analyzing module svm_classifier_SVs_h_V_1
INFO: [VRFC 10-2263] Analyzing Verilog file "C:/Users/about/Desktop/ADSD/svm_classifier_prj/svm_classifier_cascade_prj/solution1/sim/verilog/svm_classifier_SVs_h_V_10.v" into library xil_defaultlib
INFO: [VRFC 10-311] analyzing module svm_classifier_SVs_h_V_10_rom
INFO: [VRFC 10-311] analyzing module svm_classifier_SVs_h_V_10
INFO: [VRFC 10-2263] Analyzing Verilog file "C:/Users/about/Desktop/ADSD/svm_classifier_prj/svm_classifier_cascade_prj/solution1/sim/verilog/svm_classifier_SVs_h_V_11.v" into library xil_defaultlib
INFO: [VRFC 10-311] analyzing module svm_classifier_SVs_h_V_11_rom
INFO: [VRFC 10-311] analyzing module svm_classifier_SVs_h_V_11
INFO: [VRFC 10-2263] Analyzing Verilog file "C:/Users/about/Desktop/ADSD/svm_classifier_prj/svm_classifier_cascade_prj/solution1/sim/verilog/svm_classifier_SVs_h_V_12.v" into library xil_defaultlib
INFO: [VRFC 10-311] analyzing module svm_classifier_SVs_h_V_12_rom
INFO: [VRFC 10-311] analyzing module svm_classifier_SVs_h_V_12
INFO: [VRFC 10-2263] Analyzing Verilog file "C:/Users/about/Desktop/ADSD/svm_classifier_prj/svm_classifier_cascade_prj/solution1/sim/verilog/svm_classifier_SVs_h_V_13.v" into library xil_defaultlib
INFO: [VRFC 10-311] analyzing module svm_classifier_SVs_h_V_13_rom
INFO: [VRFC 10-311] analyzing module svm_classifier_SVs_h_V_13
INFO: [VRFC 10-2263] Analyzing Verilog file "C:/Users/about/Desktop/ADSD/svm_classifier_prj/svm_classifier_cascade_prj/solution1/sim/verilog/svm_classifier_SVs_h_V_14.v" into library xil_defaultlib
INFO: [VRFC 10-311] analyzing module svm_classifier_SVs_h_V_14_rom
INFO: [VRFC 10-311] analyzing module svm_classifier_SVs_h_V_14
INFO: [VRFC 10-2263] Analyzing Verilog file "C:/Users/about/Desktop/ADSD/svm_classifier_prj/svm_classifier_cascade_prj/solution1/sim/verilog/svm_classifier_SVs_h_V_15.v" into library xil_defaultlib
INFO: [VRFC 10-311] analyzing module svm_classifier_SVs_h_V_15_rom
INFO: [VRFC 10-311] analyzing module svm_classifier_SVs_h_V_15
INFO: [VRFC 10-2263] Analyzing Verilog file "C:/Users/about/Desktop/ADSD/svm_classifier_prj/svm_classifier_cascade_prj/solution1/sim/verilog/svm_classifier_SVs_h_V_16.v" into library xil_defaultlib
INFO: [VRFC 10-311] analyzing module svm_classifier_SVs_h_V_16_rom
INFO: [VRFC 10-311] analyzing module svm_classifier_SVs_h_V_16
INFO: [VRFC 10-2263] Analyzing Verilog file "C:/Users/about/Desktop/ADSD/svm_classifier_prj/svm_classifier_cascade_prj/solution1/sim/verilog/svm_classifier_SVs_h_V_17.v" into library xil_defaultlib
INFO: [VRFC 10-311] analyzing module svm_classifier_SVs_h_V_17_rom
INFO: [VRFC 10-311] analyzing module svm_classifier_SVs_h_V_17
INFO: [VRFC 10-2263] Analyzing Verilog file "C:/Users/about/Desktop/ADSD/svm_classifier_prj/svm_classifier_cascade_prj/solution1/sim/verilog/svm_classifier_SVs_h_V_2.v" into library xil_defaultlib
INFO: [VRFC 10-311] analyzing module svm_classifier_SVs_h_V_2_rom
INFO: [VRFC 10-311] analyzing module svm_classifier_SVs_h_V_2
INFO: [VRFC 10-2263] Analyzing Verilog file "C:/Users/about/Desktop/ADSD/svm_classifier_prj/svm_classifier_cascade_prj/solution1/sim/verilog/svm_classifier_SVs_h_V_3.v" into library xil_defaultlib
INFO: [VRFC 10-311] analyzing module svm_classifier_SVs_h_V_3_rom
INFO: [VRFC 10-311] analyzing module svm_classifier_SVs_h_V_3
INFO: [VRFC 10-2263] Analyzing Verilog file "C:/Users/about/Desktop/ADSD/svm_classifier_prj/svm_classifier_cascade_prj/solution1/sim/verilog/svm_classifier_SVs_h_V_4.v" into library xil_defaultlib
INFO: [VRFC 10-311] analyzing module svm_classifier_SVs_h_V_4_rom
INFO: [VRFC 10-311] analyzing module svm_classifier_SVs_h_V_4
INFO: [VRFC 10-2263] Analyzing Verilog file "C:/Users/about/Desktop/ADSD/svm_classifier_prj/svm_classifier_cascade_prj/solution1/sim/verilog/svm_classifier_SVs_h_V_5.v" into library xil_defaultlib
INFO: [VRFC 10-311] analyzing module svm_classifier_SVs_h_V_5_rom
INFO: [VRFC 10-311] analyzing module svm_classifier_SVs_h_V_5
INFO: [VRFC 10-2263] Analyzing Verilog file "C:/Users/about/Desktop/ADSD/svm_classifier_prj/svm_classifier_cascade_prj/solution1/sim/verilog/svm_classifier_SVs_h_V_6.v" into library xil_defaultlib
INFO: [VRFC 10-311] analyzing module svm_classifier_SVs_h_V_6_rom
INFO: [VRFC 10-311] analyzing module svm_classifier_SVs_h_V_6
INFO: [VRFC 10-2263] Analyzing Verilog file "C:/Users/about/Desktop/ADSD/svm_classifier_prj/svm_classifier_cascade_prj/solution1/sim/verilog/svm_classifier_SVs_h_V_7.v" into library xil_defaultlib
INFO: [VRFC 10-311] analyzing module svm_classifier_SVs_h_V_7_rom
INFO: [VRFC 10-311] analyzing module svm_classifier_SVs_h_V_7
INFO: [VRFC 10-2263] Analyzing Verilog file "C:/Users/about/Desktop/ADSD/svm_classifier_prj/svm_classifier_cascade_prj/solution1/sim/verilog/svm_classifier_SVs_h_V_8.v" into library xil_defaultlib
INFO: [VRFC 10-311] analyzing module svm_classifier_SVs_h_V_8_rom
INFO: [VRFC 10-311] analyzing module svm_classifier_SVs_h_V_8
INFO: [VRFC 10-2263] Analyzing Verilog file "C:/Users/about/Desktop/ADSD/svm_classifier_prj/svm_classifier_cascade_prj/solution1/sim/verilog/svm_classifier_SVs_h_V_9.v" into library xil_defaultlib
INFO: [VRFC 10-311] analyzing module svm_classifier_SVs_h_V_9_rom
INFO: [VRFC 10-311] analyzing module svm_classifier_SVs_h_V_9
INFO: [VRFC 10-2263] Analyzing Verilog file "C:/Users/about/Desktop/ADSD/svm_classifier_prj/svm_classifier_cascade_prj/solution1/sim/verilog/svm_classifier_SVs_l_V_0.v" into library xil_defaultlib
INFO: [VRFC 10-311] analyzing module svm_classifier_SVs_l_V_0_rom
INFO: [VRFC 10-311] analyzing module svm_classifier_SVs_l_V_0
INFO: [VRFC 10-2263] Analyzing Verilog file "C:/Users/about/Desktop/ADSD/svm_classifier_prj/svm_classifier_cascade_prj/solution1/sim/verilog/svm_classifier_SVs_l_V_1.v" into library xil_defaultlib
INFO: [VRFC 10-311] analyzing module svm_classifier_SVs_l_V_1_rom
INFO: [VRFC 10-311] analyzing module svm_classifier_SVs_l_V_1
INFO: [VRFC 10-2263] Analyzing Verilog file "C:/Users/about/Desktop/ADSD/svm_classifier_prj/svm_classifier_cascade_prj/solution1/sim/verilog/svm_classifier_SVs_l_V_10.v" into library xil_defaultlib
INFO: [VRFC 10-311] analyzing module svm_classifier_SVs_l_V_10_rom
INFO: [VRFC 10-311] analyzing module svm_classifier_SVs_l_V_10
INFO: [VRFC 10-2263] Analyzing Verilog file "C:/Users/about/Desktop/ADSD/svm_classifier_prj/svm_classifier_cascade_prj/solution1/sim/verilog/svm_classifier_SVs_l_V_11.v" into library xil_defaultlib
INFO: [VRFC 10-311] analyzing module svm_classifier_SVs_l_V_11_rom
INFO: [VRFC 10-311] analyzing module svm_classifier_SVs_l_V_11
INFO: [VRFC 10-2263] Analyzing Verilog file "C:/Users/about/Desktop/ADSD/svm_classifier_prj/svm_classifier_cascade_prj/solution1/sim/verilog/svm_classifier_SVs_l_V_12.v" into library xil_defaultlib
INFO: [VRFC 10-311] analyzing module svm_classifier_SVs_l_V_12_rom
INFO: [VRFC 10-311] analyzing module svm_classifier_SVs_l_V_12
INFO: [VRFC 10-2263] Analyzing Verilog file "C:/Users/about/Desktop/ADSD/svm_classifier_prj/svm_classifier_cascade_prj/solution1/sim/verilog/svm_classifier_SVs_l_V_13.v" into library xil_defaultlib
INFO: [VRFC 10-311] analyzing module svm_classifier_SVs_l_V_13_rom
INFO: [VRFC 10-311] analyzing module svm_classifier_SVs_l_V_13
INFO: [VRFC 10-2263] Analyzing Verilog file "C:/Users/about/Desktop/ADSD/svm_classifier_prj/svm_classifier_cascade_prj/solution1/sim/verilog/svm_classifier_SVs_l_V_14.v" into library xil_defaultlib
INFO: [VRFC 10-311] analyzing module svm_classifier_SVs_l_V_14_rom
INFO: [VRFC 10-311] analyzing module svm_classifier_SVs_l_V_14
INFO: [VRFC 10-2263] Analyzing Verilog file "C:/Users/about/Desktop/ADSD/svm_classifier_prj/svm_classifier_cascade_prj/solution1/sim/verilog/svm_classifier_SVs_l_V_15.v" into library xil_defaultlib
INFO: [VRFC 10-311] analyzing module svm_classifier_SVs_l_V_15_rom
INFO: [VRFC 10-311] analyzing module svm_classifier_SVs_l_V_15
INFO: [VRFC 10-2263] Analyzing Verilog file "C:/Users/about/Desktop/ADSD/svm_classifier_prj/svm_classifier_cascade_prj/solution1/sim/verilog/svm_classifier_SVs_l_V_16.v" into library xil_defaultlib
INFO: [VRFC 10-311] analyzing module svm_classifier_SVs_l_V_16_rom
INFO: [VRFC 10-311] analyzing module svm_classifier_SVs_l_V_16
INFO: [VRFC 10-2263] Analyzing Verilog file "C:/Users/about/Desktop/ADSD/svm_classifier_prj/svm_classifier_cascade_prj/solution1/sim/verilog/svm_classifier_SVs_l_V_17.v" into library xil_defaultlib
INFO: [VRFC 10-311] analyzing module svm_classifier_SVs_l_V_17_rom
INFO: [VRFC 10-311] analyzing module svm_classifier_SVs_l_V_17
INFO: [VRFC 10-2263] Analyzing Verilog file "C:/Users/about/Desktop/ADSD/svm_classifier_prj/svm_classifier_cascade_prj/solution1/sim/verilog/svm_classifier_SVs_l_V_2.v" into library xil_defaultlib
INFO: [VRFC 10-311] analyzing module svm_classifier_SVs_l_V_2_rom
INFO: [VRFC 10-311] analyzing module svm_classifier_SVs_l_V_2
INFO: [VRFC 10-2263] Analyzing Verilog file "C:/Users/about/Desktop/ADSD/svm_classifier_prj/svm_classifier_cascade_prj/solution1/sim/verilog/svm_classifier_SVs_l_V_3.v" into library xil_defaultlib
INFO: [VRFC 10-311] analyzing module svm_classifier_SVs_l_V_3_rom
INFO: [VRFC 10-311] analyzing module svm_classifier_SVs_l_V_3
INFO: [VRFC 10-2263] Analyzing Verilog file "C:/Users/about/Desktop/ADSD/svm_classifier_prj/svm_classifier_cascade_prj/solution1/sim/verilog/svm_classifier_SVs_l_V_4.v" into library xil_defaultlib
INFO: [VRFC 10-311] analyzing module svm_classifier_SVs_l_V_4_rom
INFO: [VRFC 10-311] analyzing module svm_classifier_SVs_l_V_4
INFO: [VRFC 10-2263] Analyzing Verilog file "C:/Users/about/Desktop/ADSD/svm_classifier_prj/svm_classifier_cascade_prj/solution1/sim/verilog/svm_classifier_SVs_l_V_5.v" into library xil_defaultlib
INFO: [VRFC 10-311] analyzing module svm_classifier_SVs_l_V_5_rom
INFO: [VRFC 10-311] analyzing module svm_classifier_SVs_l_V_5
INFO: [VRFC 10-2263] Analyzing Verilog file "C:/Users/about/Desktop/ADSD/svm_classifier_prj/svm_classifier_cascade_prj/solution1/sim/verilog/svm_classifier_SVs_l_V_6.v" into library xil_defaultlib
INFO: [VRFC 10-311] analyzing module svm_classifier_SVs_l_V_6_rom
INFO: [VRFC 10-311] analyzing module svm_classifier_SVs_l_V_6
INFO: [VRFC 10-2263] Analyzing Verilog file "C:/Users/about/Desktop/ADSD/svm_classifier_prj/svm_classifier_cascade_prj/solution1/sim/verilog/svm_classifier_SVs_l_V_7.v" into library xil_defaultlib
INFO: [VRFC 10-311] analyzing module svm_classifier_SVs_l_V_7_rom
INFO: [VRFC 10-311] analyzing module svm_classifier_SVs_l_V_7
INFO: [VRFC 10-2263] Analyzing Verilog file "C:/Users/about/Desktop/ADSD/svm_classifier_prj/svm_classifier_cascade_prj/solution1/sim/verilog/svm_classifier_SVs_l_V_8.v" into library xil_defaultlib
INFO: [VRFC 10-311] analyzing module svm_classifier_SVs_l_V_8_rom
INFO: [VRFC 10-311] analyzing module svm_classifier_SVs_l_V_8
INFO: [VRFC 10-2263] Analyzing Verilog file "C:/Users/about/Desktop/ADSD/svm_classifier_prj/svm_classifier_cascade_prj/solution1/sim/verilog/svm_classifier_SVs_l_V_9.v" into library xil_defaultlib
INFO: [VRFC 10-311] analyzing module svm_classifier_SVs_l_V_9_rom
INFO: [VRFC 10-311] analyzing module svm_classifier_SVs_l_V_9
Starting static elaboration
Completed static elaboration
Starting simulation data flow analysis
Completed simulation data flow analysis
Time Resolution for simulation is 1ps
Compiling module xil_defaultlib.svm_classifier_SVs_l_V_0_rom
Compiling module xil_defaultlib.svm_classifier_SVs_l_V_0(DataWid...
Compiling module xil_defaultlib.svm_classifier_SVs_l_V_1_rom
Compiling module xil_defaultlib.svm_classifier_SVs_l_V_1(DataWid...
Compiling module xil_defaultlib.svm_classifier_SVs_l_V_2_rom
Compiling module xil_defaultlib.svm_classifier_SVs_l_V_2(DataWid...
Compiling module xil_defaultlib.svm_classifier_SVs_l_V_3_rom
Compiling module xil_defaultlib.svm_classifier_SVs_l_V_3(DataWid...
Compiling module xil_defaultlib.svm_classifier_SVs_l_V_4_rom
Compiling module xil_defaultlib.svm_classifier_SVs_l_V_4(DataWid...
Compiling module xil_defaultlib.svm_classifier_SVs_l_V_5_rom
Compiling module xil_defaultlib.svm_classifier_SVs_l_V_5(DataWid...
Compiling module xil_defaultlib.svm_classifier_SVs_l_V_6_rom
Compiling module xil_defaultlib.svm_classifier_SVs_l_V_6(DataWid...
Compiling module xil_defaultlib.svm_classifier_SVs_l_V_7_rom
Compiling module xil_defaultlib.svm_classifier_SVs_l_V_7(DataWid...
Compiling module xil_defaultlib.svm_classifier_SVs_l_V_8_rom
Compiling module xil_defaultlib.svm_classifier_SVs_l_V_8(DataWid...
Compiling module xil_defaultlib.svm_classifier_SVs_l_V_9_rom
Compiling module xil_defaultlib.svm_classifier_SVs_l_V_9(DataWid...
Compiling module xil_defaultlib.svm_classifier_SVs_l_V_10_rom
Compiling module xil_defaultlib.svm_classifier_SVs_l_V_10(DataWi...
Compiling module xil_defaultlib.svm_classifier_SVs_l_V_11_rom
Compiling module xil_defaultlib.svm_classifier_SVs_l_V_11(DataWi...
Compiling module xil_defaultlib.svm_classifier_SVs_l_V_12_rom
Compiling module xil_defaultlib.svm_classifier_SVs_l_V_12(DataWi...
Compiling module xil_defaultlib.svm_classifier_SVs_l_V_13_rom
Compiling module xil_defaultlib.svm_classifier_SVs_l_V_13(DataWi...
Compiling module xil_defaultlib.svm_classifier_SVs_l_V_14_rom
Compiling module xil_defaultlib.svm_classifier_SVs_l_V_14(DataWi...
Compiling module xil_defaultlib.svm_classifier_SVs_l_V_15_rom
Compiling module xil_defaultlib.svm_classifier_SVs_l_V_15(DataWi...
Compiling module xil_defaultlib.svm_classifier_SVs_l_V_16_rom
Compiling module xil_defaultlib.svm_classifier_SVs_l_V_16(DataWi...
Compiling module xil_defaultlib.svm_classifier_SVs_l_V_17_rom
Compiling module xil_defaultlib.svm_classifier_SVs_l_V_17(DataWi...
Compiling module xil_defaultlib.svm_classifier_alpha_l_V_0_rom
Compiling module xil_defaultlib.svm_classifier_alpha_l_V_0(DataW...
Compiling module xil_defaultlib.svm_classifier_alpha_l_V_1_rom
Compiling module xil_defaultlib.svm_classifier_alpha_l_V_1(DataW...
Compiling module xil_defaultlib.svm_classifier_alpha_l_V_2_rom
Compiling module xil_defaultlib.svm_classifier_alpha_l_V_2(DataW...
Compiling module xil_defaultlib.svm_classifier_alpha_l_V_3_rom
Compiling module xil_defaultlib.svm_classifier_alpha_l_V_3(DataW...
Compiling module xil_defaultlib.svm_classifier_alpha_l_V_4_rom
Compiling module xil_defaultlib.svm_classifier_alpha_l_V_4(DataW...
Compiling module xil_defaultlib.svm_classifier_alpha_l_V_5_rom
Compiling module xil_defaultlib.svm_classifier_alpha_l_V_5(DataW...
Compiling module xil_defaultlib.svm_classifier_alpha_l_V_6_rom
Compiling module xil_defaultlib.svm_classifier_alpha_l_V_6(DataW...
Compiling module xil_defaultlib.svm_classifier_alpha_l_V_7_rom
Compiling module xil_defaultlib.svm_classifier_alpha_l_V_7(DataW...
Compiling module xil_defaultlib.svm_classifier_alpha_l_V_8_rom
Compiling module xil_defaultlib.svm_classifier_alpha_l_V_8(DataW...
Compiling module xil_defaultlib.svm_classifier_alpha_l_V_9_rom
Compiling module xil_defaultlib.svm_classifier_alpha_l_V_9(DataW...
Compiling module xil_defaultlib.svm_classifier_alpha_l_V_10_rom
Compiling module xil_defaultlib.svm_classifier_alpha_l_V_10(Data...
Compiling module xil_defaultlib.svm_classifier_alpha_l_V_11_rom
Compiling module xil_defaultlib.svm_classifier_alpha_l_V_11(Data...
Compiling module xil_defaultlib.svm_classifier_alpha_l_V_12_rom
Compiling module xil_defaultlib.svm_classifier_alpha_l_V_12(Data...
Compiling module xil_defaultlib.svm_classifier_alpha_l_V_13_rom
Compiling module xil_defaultlib.svm_classifier_alpha_l_V_13(Data...
Compiling module xil_defaultlib.svm_classifier_alpha_l_V_14_rom
Compiling module xil_defaultlib.svm_classifier_alpha_l_V_14(Data...
Compiling module xil_defaultlib.svm_classifier_alpha_l_V_15_rom
Compiling module xil_defaultlib.svm_classifier_alpha_l_V_15(Data...
Compiling module xil_defaultlib.svm_classifier_alpha_l_V_16_rom
Compiling module xil_defaultlib.svm_classifier_alpha_l_V_16(Data...
Compiling module xil_defaultlib.svm_classifier_alpha_l_V_17_rom
Compiling module xil_defaultlib.svm_classifier_alpha_l_V_17(Data...
Compiling module xil_defaultlib.svm_classifier_SVs_h_V_0_rom
Compiling module xil_defaultlib.svm_classifier_SVs_h_V_0(DataWid...
Compiling module xil_defaultlib.svm_classifier_SVs_h_V_1_rom
Compiling module xil_defaultlib.svm_classifier_SVs_h_V_1(DataWid...
Compiling module xil_defaultlib.svm_classifier_SVs_h_V_2_rom
Compiling module xil_defaultlib.svm_classifier_SVs_h_V_2(DataWid...
Compiling module xil_defaultlib.svm_classifier_SVs_h_V_3_rom
Compiling module xil_defaultlib.svm_classifier_SVs_h_V_3(DataWid...
Compiling module xil_defaultlib.svm_classifier_SVs_h_V_4_rom
Compiling module xil_defaultlib.svm_classifier_SVs_h_V_4(DataWid...
Compiling module xil_defaultlib.svm_classifier_SVs_h_V_5_rom
Compiling module xil_defaultlib.svm_classifier_SVs_h_V_5(DataWid...
Compiling module xil_defaultlib.svm_classifier_SVs_h_V_6_rom
Compiling module xil_defaultlib.svm_classifier_SVs_h_V_6(DataWid...
Compiling module xil_defaultlib.svm_classifier_SVs_h_V_7_rom
Compiling module xil_defaultlib.svm_classifier_SVs_h_V_7(DataWid...
Compiling module xil_defaultlib.svm_classifier_SVs_h_V_8_rom
Compiling module xil_defaultlib.svm_classifier_SVs_h_V_8(DataWid...
Compiling module xil_defaultlib.svm_classifier_SVs_h_V_9_rom
Compiling module xil_defaultlib.svm_classifier_SVs_h_V_9(DataWid...
Compiling module xil_defaultlib.svm_classifier_SVs_h_V_10_rom
Compiling module xil_defaultlib.svm_classifier_SVs_h_V_10(DataWi...
Compiling module xil_defaultlib.svm_classifier_SVs_h_V_11_rom
Compiling module xil_defaultlib.svm_classifier_SVs_h_V_11(DataWi...
Compiling module xil_defaultlib.svm_classifier_SVs_h_V_12_rom
Compiling module xil_defaultlib.svm_classifier_SVs_h_V_12(DataWi...
Compiling module xil_defaultlib.svm_classifier_SVs_h_V_13_rom
Compiling module xil_defaultlib.svm_classifier_SVs_h_V_13(DataWi...
Compiling module xil_defaultlib.svm_classifier_SVs_h_V_14_rom
Compiling module xil_defaultlib.svm_classifier_SVs_h_V_14(DataWi...
Compiling module xil_defaultlib.svm_classifier_SVs_h_V_15_rom
Compiling module xil_defaultlib.svm_classifier_SVs_h_V_15(DataWi...
Compiling module xil_defaultlib.svm_classifier_SVs_h_V_16_rom
Compiling module xil_defaultlib.svm_classifier_SVs_h_V_16(DataWi...
Compiling module xil_defaultlib.svm_classifier_SVs_h_V_17_rom
Compiling module xil_defaultlib.svm_classifier_SVs_h_V_17(DataWi...
Compiling module xil_defaultlib.svm_classifier_alpha_h_V_0_rom
Compiling module xil_defaultlib.svm_classifier_alpha_h_V_0(DataW...
Compiling module xil_defaultlib.svm_classifier_alpha_h_V_1_rom
Compiling module xil_defaultlib.svm_classifier_alpha_h_V_1(DataW...
Compiling module xil_defaultlib.svm_classifier_alpha_h_V_2_rom
Compiling module xil_defaultlib.svm_classifier_alpha_h_V_2(DataW...
Compiling module xil_defaultlib.svm_classifier_alpha_h_V_3_rom
Compiling module xil_defaultlib.svm_classifier_alpha_h_V_3(DataW...
Compiling module xil_defaultlib.svm_classifier_alpha_h_V_4_rom
Compiling module xil_defaultlib.svm_classifier_alpha_h_V_4(DataW...
Compiling module xil_defaultlib.svm_classifier_alpha_h_V_5_rom
Compiling module xil_defaultlib.svm_classifier_alpha_h_V_5(DataW...
Compiling module xil_defaultlib.svm_classifier_alpha_h_V_6_rom
Compiling module xil_defaultlib.svm_classifier_alpha_h_V_6(DataW...
Compiling module xil_defaultlib.svm_classifier_alpha_h_V_7_rom
Compiling module xil_defaultlib.svm_classifier_alpha_h_V_7(DataW...
Compiling module xil_defaultlib.svm_classifier_alpha_h_V_8_rom
Compiling module xil_defaultlib.svm_classifier_alpha_h_V_8(DataW...
Compiling module xil_defaultlib.svm_classifier_alpha_h_V_9_rom
Compiling module xil_defaultlib.svm_classifier_alpha_h_V_9(DataW...
Compiling module xil_defaultlib.svm_classifier_alpha_h_V_10_rom
Compiling module xil_defaultlib.svm_classifier_alpha_h_V_10(Data...
Compiling module xil_defaultlib.svm_classifier_alpha_h_V_11_rom
Compiling module xil_defaultlib.svm_classifier_alpha_h_V_11(Data...
Compiling module xil_defaultlib.svm_classifier_alpha_h_V_12_rom
Compiling module xil_defaultlib.svm_classifier_alpha_h_V_12(Data...
Compiling module xil_defaultlib.svm_classifier_alpha_h_V_13_rom
Compiling module xil_defaultlib.svm_classifier_alpha_h_V_13(Data...
Compiling module xil_defaultlib.svm_classifier_alpha_h_V_14_rom
Compiling module xil_defaultlib.svm_classifier_alpha_h_V_14(Data...
Compiling module xil_defaultlib.svm_classifier_alpha_h_V_15_rom
Compiling module xil_defaultlib.svm_classifier_alpha_h_V_15(Data...
Compiling module xil_defaultlib.svm_classifier_alpha_h_V_16_rom
Compiling module xil_defaultlib.svm_classifier_alpha_h_V_16(Data...
Compiling module xil_defaultlib.svm_classifier_alpha_h_V_17_rom
Compiling module xil_defaultlib.svm_classifier_alpha_h_V_17(Data...
Compiling module xil_defaultlib.svm_classifier_AXILiteS_s_axi(C_...
Compiling module xil_defaultlib.svm_classifier_getTanh_sinh_lut_...
Compiling module xil_defaultlib.svm_classifier_getTanh_sinh_lut_...
Compiling module xil_defaultlib.svm_classifier_getTanh_cosh_lut_...
Compiling module xil_defaultlib.svm_classifier_getTanh_cosh_lut_...
Compiling module xil_defaultlib.svm_classifier_mul_10s_9ns_19_1_...
Compiling module xil_defaultlib.svm_classifier_mul_10s_9ns_19_1(...
Compiling module xil_defaultlib.svm_classifier_sdiv_13ns_8s_13_1...
Compiling module xil_defaultlib.svm_classifier_sdiv_13ns_8s_13_1...
Compiling module xil_defaultlib.svm_classifier_sdiv_13ns_8s_13_1...
Compiling module xil_defaultlib.svm_classifier_getTanh
Compiling module xil_defaultlib.svm_classifier_mul_15s_13s_28_1_...
Compiling module xil_defaultlib.svm_classifier_mul_15s_13s_28_1(...
Compiling module xil_defaultlib.svm_classifier_mul_13s_8s_21_1_M...
Compiling module xil_defaultlib.svm_classifier_mul_13s_8s_21_1(I...
Compiling module xil_defaultlib.svm_classifier_mul_mul_13s_15s_2...
Compiling module xil_defaultlib.svm_classifier_mul_mul_13s_15s_2...
Compiling module xil_defaultlib.svm_classifier_svm_classifier_pr...
Compiling module xil_defaultlib.svm_classifier_default
Compiling module xil_defaultlib.AESL_axi_slave_AXILiteS
Compiling module xil_defaultlib.apatb_svm_classifier_top
Built simulation snapshot svm_classifier

****** Webtalk v2016.2 (64-bit)
  **** SW Build 1577090 on Thu Jun  2 16:32:40 MDT 2016
  **** IP Build 1577682 on Fri Jun  3 12:00:54 MDT 2016
    ** Copyright 1986-2016 Xilinx, Inc. All Rights Reserved.

source C:/Users/about/Desktop/ADSD/svm_classifier_prj/svm_classifier_cascade_prj/solution1/sim/verilog/xsim.dir/svm_classifier/webtalk/xsim_webtalk.tcl -notrace
INFO: [Common 17-206] Exiting Webtalk at Thu Mar 22 12:25:10 2018...

****** xsim v2016.2 (64-bit)
  **** SW Build 1577090 on Thu Jun  2 16:32:40 MDT 2016
  **** IP Build 1577682 on Fri Jun  3 12:00:54 MDT 2016
    ** Copyright 1986-2016 Xilinx, Inc. All Rights Reserved.

source xsim.dir/svm_classifier/xsim_script.tcl
# xsim {svm_classifier} -autoloadwcfg -tclbatch {svm_classifier.tcl}
Vivado Simulator 2016.2
Time resolution is 1 ps
source svm_classifier.tcl
## run all
////////////////////////////////////////////////////////////////////////////////////
// Inter-Transaction Progress: Completed Transaction / Total Transaction
// Intra-Transaction Progress: Measured Latency / Latency Estimation * 100%
////////////////////////////////////////////////////////////////////////////////////
// RTL Simulation : 0 / 2000 [0.00%] @ "125000"
// RTL Simulation : 2000 / 2000 [0.00%] @ "2950235000"
////////////////////////////////////////////////////////////////////////////////////
$finish called at time : 2950275 ns : File "C:/Users/about/Desktop/ADSD/svm_classifier_prj/svm_classifier_cascade_prj/solution1/sim/verilog/svm_classifier.autotb.v" Line 367
run: Time (s): cpu = 00:00:00 ; elapsed = 00:04:02 . Memory (MB): peak = 58.008 ; gain = 0.000
## quit
INFO: [Common 17-206] Exiting xsim at Thu Mar 22 12:29:19 2018...
Comparing against reference data
*******************************************
PASS: The output matches the golden output!
*******************************************
