

================================================================
== Vivado HLS Report for 'svm_classifier_Block_proc'
================================================================
* Date:           Sun Mar 11 20:17:51 2018

* Version:        2016.2 (Build 1577090 on Thu Jun 02 16:59:10 MDT 2016)
* Project:        svm_classifier_prj
* Solution:       solution1
* Product family: zynq
* Target device:  xc7z020clg484-1


================================================================
== Performance Estimates
================================================================
+ Timing (ns): 
    * Summary: 
    +--------+-------+----------+------------+
    |  Clock | Target| Estimated| Uncertainty|
    +--------+-------+----------+------------+
    |ap_clk  |  10.00|      4.38|        1.25|
    +--------+-------+----------+------------+

+ Latency (clock cycles): 
    * Summary: 
    +-----+-----+-----+-----+---------+
    |  Latency  |  Interval | Pipeline|
    | min | max | min | max |   Type  |
    +-----+-----+-----+-----+---------+
    |    0|    0|    0|    0|   none  |
    +-----+-----+-----+-----+---------+

    + Detail: 
        * Instance: 
        N/A

        * Loop: 
        N/A



================================================================
== Utilization Estimates
================================================================
* Summary: 
+-----------------+---------+-------+--------+-------+
|       Name      | BRAM_18K| DSP48E|   FF   |  LUT  |
+-----------------+---------+-------+--------+-------+
|DSP              |        -|      -|       -|      -|
|Expression       |        -|      -|       0|      1|
|FIFO             |        -|      -|       -|      -|
|Instance         |        -|      -|       -|      -|
|Memory           |        -|      -|       -|      -|
|Multiplexer      |        -|      -|       -|    209|
|Register         |        -|      -|     210|      -|
+-----------------+---------+-------+--------+-------+
|Total            |        0|      0|     210|    210|
+-----------------+---------+-------+--------+-------+
|Available        |      280|    220|  106400|  53200|
+-----------------+---------+-------+--------+-------+
|Utilization (%)  |        0|      0|   ~0   |   ~0  |
+-----------------+---------+-------+--------+-------+

+ Detail: 
    * Instance: 
    N/A

    * DSP48: 
    N/A

    * Memory: 
    N/A

    * FIFO: 
    N/A

    * Expression: 
    +--------------+----------+-------+---+----+------------+------------+
    | Variable Name| Operation| DSP48E| FF| LUT| Bitwidth P0| Bitwidth P1|
    +--------------+----------+-------+---+----+------------+------------+
    |ap_sig_54     |    or    |      0|  0|   1|           1|           1|
    +--------------+----------+-------+---+----+------------+------------+
    |Total         |          |      0|  0|   1|           1|           1|
    +--------------+----------+-------+---+----+------------+------------+

    * Multiplexer: 
    +--------------+----+-----------+-----+-----------+
    |     Name     | LUT| Input Size| Bits| Total Bits|
    +--------------+----+-----------+-----+-----------+
    |ap_return_0   |  13|          2|   13|         26|
    |ap_return_1   |  13|          2|   13|         26|
    |ap_return_10  |  13|          2|   13|         26|
    |ap_return_11  |  13|          2|   13|         26|
    |ap_return_12  |  13|          2|   13|         26|
    |ap_return_13  |  13|          2|   13|         26|
    |ap_return_14  |  13|          2|   13|         26|
    |ap_return_15  |  13|          2|   13|         26|
    |ap_return_2   |  13|          2|   13|         26|
    |ap_return_3   |  13|          2|   13|         26|
    |ap_return_4   |  13|          2|   13|         26|
    |ap_return_5   |  13|          2|   13|         26|
    |ap_return_6   |  13|          2|   13|         26|
    |ap_return_7   |  13|          2|   13|         26|
    |ap_return_8   |  13|          2|   13|         26|
    |ap_return_9   |  13|          2|   13|         26|
    |in_V_blk_n    |   1|          2|    1|          2|
    +--------------+----+-----------+-----+-----------+
    |Total         | 209|         34|  209|        418|
    +--------------+----+-----------+-----+-----------+

    * Register: 
    +-------------------+----+----+-----+-----------+
    |        Name       | FF | LUT| Bits| Const Bits|
    +-------------------+----+----+-----+-----------+
    |ap_CS_fsm          |   1|   0|    1|          0|
    |ap_done_reg        |   1|   0|    1|          0|
    |ap_return_0_preg   |  13|   0|   13|          0|
    |ap_return_10_preg  |  13|   0|   13|          0|
    |ap_return_11_preg  |  13|   0|   13|          0|
    |ap_return_12_preg  |  13|   0|   13|          0|
    |ap_return_13_preg  |  13|   0|   13|          0|
    |ap_return_14_preg  |  13|   0|   13|          0|
    |ap_return_15_preg  |  13|   0|   13|          0|
    |ap_return_1_preg   |  13|   0|   13|          0|
    |ap_return_2_preg   |  13|   0|   13|          0|
    |ap_return_3_preg   |  13|   0|   13|          0|
    |ap_return_4_preg   |  13|   0|   13|          0|
    |ap_return_5_preg   |  13|   0|   13|          0|
    |ap_return_6_preg   |  13|   0|   13|          0|
    |ap_return_7_preg   |  13|   0|   13|          0|
    |ap_return_8_preg   |  13|   0|   13|          0|
    |ap_return_9_preg   |  13|   0|   13|          0|
    +-------------------+----+----+-----+-----------+
    |Total              | 210|   0|  210|          0|
    +-------------------+----+----+-----+-----------+



================================================================
== Interface
================================================================
* Summary: 
+--------------+-----+-----+------------+----------------------------+--------------+
|   RTL Ports  | Dir | Bits|  Protocol  |        Source Object       |    C Type    |
+--------------+-----+-----+------------+----------------------------+--------------+
|ap_clk        |  in |    1| ap_ctrl_hs | svm_classifier_Block__proc | return value |
|ap_rst        |  in |    1| ap_ctrl_hs | svm_classifier_Block__proc | return value |
|ap_start      |  in |    1| ap_ctrl_hs | svm_classifier_Block__proc | return value |
|ap_done       | out |    1| ap_ctrl_hs | svm_classifier_Block__proc | return value |
|ap_continue   |  in |    1| ap_ctrl_hs | svm_classifier_Block__proc | return value |
|ap_idle       | out |    1| ap_ctrl_hs | svm_classifier_Block__proc | return value |
|ap_ready      | out |    1| ap_ctrl_hs | svm_classifier_Block__proc | return value |
|ap_return_0   | out |   13| ap_ctrl_hs | svm_classifier_Block__proc | return value |
|ap_return_1   | out |   13| ap_ctrl_hs | svm_classifier_Block__proc | return value |
|ap_return_2   | out |   13| ap_ctrl_hs | svm_classifier_Block__proc | return value |
|ap_return_3   | out |   13| ap_ctrl_hs | svm_classifier_Block__proc | return value |
|ap_return_4   | out |   13| ap_ctrl_hs | svm_classifier_Block__proc | return value |
|ap_return_5   | out |   13| ap_ctrl_hs | svm_classifier_Block__proc | return value |
|ap_return_6   | out |   13| ap_ctrl_hs | svm_classifier_Block__proc | return value |
|ap_return_7   | out |   13| ap_ctrl_hs | svm_classifier_Block__proc | return value |
|ap_return_8   | out |   13| ap_ctrl_hs | svm_classifier_Block__proc | return value |
|ap_return_9   | out |   13| ap_ctrl_hs | svm_classifier_Block__proc | return value |
|ap_return_10  | out |   13| ap_ctrl_hs | svm_classifier_Block__proc | return value |
|ap_return_11  | out |   13| ap_ctrl_hs | svm_classifier_Block__proc | return value |
|ap_return_12  | out |   13| ap_ctrl_hs | svm_classifier_Block__proc | return value |
|ap_return_13  | out |   13| ap_ctrl_hs | svm_classifier_Block__proc | return value |
|ap_return_14  | out |   13| ap_ctrl_hs | svm_classifier_Block__proc | return value |
|ap_return_15  | out |   13| ap_ctrl_hs | svm_classifier_Block__proc | return value |
|in_V_dout     |  in |  256|   ap_fifo  |            in_V            |    pointer   |
|in_V_empty_n  |  in |    1|   ap_fifo  |            in_V            |    pointer   |
|in_V_read     | out |    1|   ap_fifo  |            in_V            |    pointer   |
+--------------+-----+-----+------------+----------------------------+--------------+

============================================================
+ Verbose Summary: Synthesis Manager
============================================================
InlineROM: 1
ExposeGlobal: 0
============================================================
+ Verbose Summary: CDFG Model
============================================================
IsTopModel: 0
ResetActiveHigh: 1
IsCombinational: 2
IsDatapathOnly: 0
HasWiredReturn: 1
HasMFsm: 0
HasVarLatency: 0
IsPipeline: 0
IsRtlPipelined: 0
IsInstanceOverlapped: 0
IsDontTouch: 0
HasImplIP: 0
IsGatedGlobalClock: 0


============================================================
+ Verbose Summary: Schedule
============================================================
* Number of FSM states: 1
* Pipeline: 0
* Dataflow Pipeline: 0

* FSM state transitions: 
1 --> 
* FSM state operations: 

 <State 1>: 4.38ns
ST_1: stg_2 [1/1] 0.00ns
entry:0  call void (...)* @_ssdm_op_SpecInterface(i256* %in_V, [8 x i8]* @ap_fifo_str, i32 0, i32 0, i32 0, i32 0, [1 x i8]* @p_str, [1 x i8]* @p_str, [1 x i8]* @p_str, i32 2, i32 2, i32 16, i32 16, [1 x i8]* @p_str)

ST_1: in_V_read [1/1] 4.38ns
entry:1  %in_V_read = call i256 @_ssdm_op_Read.ap_fifo.i256P(i256* %in_V)

ST_1: s_in_0_V [1/1] 0.00ns
entry:2  %s_in_0_V = call i13 @_ssdm_op_PartSelect.i13.i256.i32.i32(i256 %in_V_read, i32 3, i32 15)

ST_1: s_in_1_V [1/1] 0.00ns
entry:3  %s_in_1_V = call i13 @_ssdm_op_PartSelect.i13.i256.i32.i32(i256 %in_V_read, i32 19, i32 31)

ST_1: s_in_2_V [1/1] 0.00ns
entry:4  %s_in_2_V = call i13 @_ssdm_op_PartSelect.i13.i256.i32.i32(i256 %in_V_read, i32 35, i32 47)

ST_1: s_in_3_V [1/1] 0.00ns
entry:5  %s_in_3_V = call i13 @_ssdm_op_PartSelect.i13.i256.i32.i32(i256 %in_V_read, i32 51, i32 63)

ST_1: s_in_4_V [1/1] 0.00ns
entry:6  %s_in_4_V = call i13 @_ssdm_op_PartSelect.i13.i256.i32.i32(i256 %in_V_read, i32 67, i32 79)

ST_1: s_in_5_V [1/1] 0.00ns
entry:7  %s_in_5_V = call i13 @_ssdm_op_PartSelect.i13.i256.i32.i32(i256 %in_V_read, i32 83, i32 95)

ST_1: s_in_6_V [1/1] 0.00ns
entry:8  %s_in_6_V = call i13 @_ssdm_op_PartSelect.i13.i256.i32.i32(i256 %in_V_read, i32 99, i32 111)

ST_1: s_in_7_V [1/1] 0.00ns
entry:9  %s_in_7_V = call i13 @_ssdm_op_PartSelect.i13.i256.i32.i32(i256 %in_V_read, i32 115, i32 127)

ST_1: s_in_8_V [1/1] 0.00ns
entry:10  %s_in_8_V = call i13 @_ssdm_op_PartSelect.i13.i256.i32.i32(i256 %in_V_read, i32 131, i32 143)

ST_1: s_in_9_V [1/1] 0.00ns
entry:11  %s_in_9_V = call i13 @_ssdm_op_PartSelect.i13.i256.i32.i32(i256 %in_V_read, i32 147, i32 159)

ST_1: s_in_10_V [1/1] 0.00ns
entry:12  %s_in_10_V = call i13 @_ssdm_op_PartSelect.i13.i256.i32.i32(i256 %in_V_read, i32 163, i32 175)

ST_1: s_in_11_V [1/1] 0.00ns
entry:13  %s_in_11_V = call i13 @_ssdm_op_PartSelect.i13.i256.i32.i32(i256 %in_V_read, i32 179, i32 191)

ST_1: s_in_12_V [1/1] 0.00ns
entry:14  %s_in_12_V = call i13 @_ssdm_op_PartSelect.i13.i256.i32.i32(i256 %in_V_read, i32 195, i32 207)

ST_1: s_in_13_V [1/1] 0.00ns
entry:15  %s_in_13_V = call i13 @_ssdm_op_PartSelect.i13.i256.i32.i32(i256 %in_V_read, i32 211, i32 223)

ST_1: s_in_14_V [1/1] 0.00ns
entry:16  %s_in_14_V = call i13 @_ssdm_op_PartSelect.i13.i256.i32.i32(i256 %in_V_read, i32 227, i32 239)

ST_1: s_in_15_V [1/1] 0.00ns
entry:17  %s_in_15_V = call i13 @_ssdm_op_PartSelect.i13.i256.i32.i32(i256 %in_V_read, i32 243, i32 255)

ST_1: mrv_i [1/1] 0.00ns
entry:18  %mrv_i = insertvalue { i13, i13, i13, i13, i13, i13, i13, i13, i13, i13, i13, i13, i13, i13, i13, i13 } undef, i13 %s_in_0_V, 0

ST_1: mrv_1_i [1/1] 0.00ns
entry:19  %mrv_1_i = insertvalue { i13, i13, i13, i13, i13, i13, i13, i13, i13, i13, i13, i13, i13, i13, i13, i13 } %mrv_i, i13 %s_in_1_V, 1

ST_1: mrv_2_i [1/1] 0.00ns
entry:20  %mrv_2_i = insertvalue { i13, i13, i13, i13, i13, i13, i13, i13, i13, i13, i13, i13, i13, i13, i13, i13 } %mrv_1_i, i13 %s_in_2_V, 2

ST_1: mrv_3_i [1/1] 0.00ns
entry:21  %mrv_3_i = insertvalue { i13, i13, i13, i13, i13, i13, i13, i13, i13, i13, i13, i13, i13, i13, i13, i13 } %mrv_2_i, i13 %s_in_3_V, 3

ST_1: mrv_4_i [1/1] 0.00ns
entry:22  %mrv_4_i = insertvalue { i13, i13, i13, i13, i13, i13, i13, i13, i13, i13, i13, i13, i13, i13, i13, i13 } %mrv_3_i, i13 %s_in_4_V, 4

ST_1: mrv_5_i [1/1] 0.00ns
entry:23  %mrv_5_i = insertvalue { i13, i13, i13, i13, i13, i13, i13, i13, i13, i13, i13, i13, i13, i13, i13, i13 } %mrv_4_i, i13 %s_in_5_V, 5

ST_1: mrv_6_i [1/1] 0.00ns
entry:24  %mrv_6_i = insertvalue { i13, i13, i13, i13, i13, i13, i13, i13, i13, i13, i13, i13, i13, i13, i13, i13 } %mrv_5_i, i13 %s_in_6_V, 6

ST_1: mrv_7_i [1/1] 0.00ns
entry:25  %mrv_7_i = insertvalue { i13, i13, i13, i13, i13, i13, i13, i13, i13, i13, i13, i13, i13, i13, i13, i13 } %mrv_6_i, i13 %s_in_7_V, 7

ST_1: mrv_8_i [1/1] 0.00ns
entry:26  %mrv_8_i = insertvalue { i13, i13, i13, i13, i13, i13, i13, i13, i13, i13, i13, i13, i13, i13, i13, i13 } %mrv_7_i, i13 %s_in_8_V, 8

ST_1: mrv_9_i [1/1] 0.00ns
entry:27  %mrv_9_i = insertvalue { i13, i13, i13, i13, i13, i13, i13, i13, i13, i13, i13, i13, i13, i13, i13, i13 } %mrv_8_i, i13 %s_in_9_V, 9

ST_1: mrv_10_i [1/1] 0.00ns
entry:28  %mrv_10_i = insertvalue { i13, i13, i13, i13, i13, i13, i13, i13, i13, i13, i13, i13, i13, i13, i13, i13 } %mrv_9_i, i13 %s_in_10_V, 10

ST_1: mrv_11_i [1/1] 0.00ns
entry:29  %mrv_11_i = insertvalue { i13, i13, i13, i13, i13, i13, i13, i13, i13, i13, i13, i13, i13, i13, i13, i13 } %mrv_10_i, i13 %s_in_11_V, 11

ST_1: mrv_12_i [1/1] 0.00ns
entry:30  %mrv_12_i = insertvalue { i13, i13, i13, i13, i13, i13, i13, i13, i13, i13, i13, i13, i13, i13, i13, i13 } %mrv_11_i, i13 %s_in_12_V, 12

ST_1: mrv_13_i [1/1] 0.00ns
entry:31  %mrv_13_i = insertvalue { i13, i13, i13, i13, i13, i13, i13, i13, i13, i13, i13, i13, i13, i13, i13, i13 } %mrv_12_i, i13 %s_in_13_V, 13

ST_1: mrv_14_i [1/1] 0.00ns
entry:32  %mrv_14_i = insertvalue { i13, i13, i13, i13, i13, i13, i13, i13, i13, i13, i13, i13, i13, i13, i13, i13 } %mrv_13_i, i13 %s_in_14_V, 14

ST_1: mrv_15_i [1/1] 0.00ns
entry:33  %mrv_15_i = insertvalue { i13, i13, i13, i13, i13, i13, i13, i13, i13, i13, i13, i13, i13, i13, i13, i13 } %mrv_14_i, i13 %s_in_15_V, 15

ST_1: stg_36 [1/1] 0.00ns
entry:34  ret { i13, i13, i13, i13, i13, i13, i13, i13, i13, i13, i13, i13, i13, i13, i13, i13 } %mrv_15_i



============================================================
+ Verbose Summary: Binding
============================================================
STG Binding: 
---------------- STG Properties BEGIN ----------------
- Is combinational: 0
- Is one-state seq: 1
- Is datapath-only: 0
- Is clock enabled: 0
- Is pipelined: 0
- Is top level: 0
Port [ Return ] is wired: 1; IO mode=ap_ctrl_hs:ce=0
Port [ in_V]:  wired=1; compound=1; hidden=0; nouse=0; global=0; static=0; extern=0; dir=0; type=3; pingpong=0; private_global=0; IO mode=ap_fifo:ce=0
---------------- STG Properties END ------------------

---------------- Datapath Model BEGIN ----------------

<LifeTime>
<method=bitvector/>
stg_2     (specinterface) [ 00]
in_V_read (read         ) [ 00]
s_in_0_V  (partselect   ) [ 00]
s_in_1_V  (partselect   ) [ 00]
s_in_2_V  (partselect   ) [ 00]
s_in_3_V  (partselect   ) [ 00]
s_in_4_V  (partselect   ) [ 00]
s_in_5_V  (partselect   ) [ 00]
s_in_6_V  (partselect   ) [ 00]
s_in_7_V  (partselect   ) [ 00]
s_in_8_V  (partselect   ) [ 00]
s_in_9_V  (partselect   ) [ 00]
s_in_10_V (partselect   ) [ 00]
s_in_11_V (partselect   ) [ 00]
s_in_12_V (partselect   ) [ 00]
s_in_13_V (partselect   ) [ 00]
s_in_14_V (partselect   ) [ 00]
s_in_15_V (partselect   ) [ 00]
mrv_i     (insertvalue  ) [ 00]
mrv_1_i   (insertvalue  ) [ 00]
mrv_2_i   (insertvalue  ) [ 00]
mrv_3_i   (insertvalue  ) [ 00]
mrv_4_i   (insertvalue  ) [ 00]
mrv_5_i   (insertvalue  ) [ 00]
mrv_6_i   (insertvalue  ) [ 00]
mrv_7_i   (insertvalue  ) [ 00]
mrv_8_i   (insertvalue  ) [ 00]
mrv_9_i   (insertvalue  ) [ 00]
mrv_10_i  (insertvalue  ) [ 00]
mrv_11_i  (insertvalue  ) [ 00]
mrv_12_i  (insertvalue  ) [ 00]
mrv_13_i  (insertvalue  ) [ 00]
mrv_14_i  (insertvalue  ) [ 00]
mrv_15_i  (insertvalue  ) [ 00]
stg_36    (ret          ) [ 00]
</LifeTime>

<model>

<comp_list>
<comp id="0" class="1000" name="in_V">
<pin_list>
<pin id="1" dir="1" index="0" bw="1" slack="0"/>
</pin_list>
<bind>
<StgValue><ssdm name="in_V"/></StgValue>
</bind>
</comp>

<comp id="2" class="1001" name="const_2">
<pin_list>
<pin id="3" dir="1" index="0" bw="1" slack="2147483647"/>
</pin_list>
<bind>
<StgValue><ssdm name="_ssdm_op_SpecInterface"/></StgValue>
</bind>
</comp>

<comp id="4" class="1001" name="const_4">
<pin_list>
<pin id="5" dir="1" index="0" bw="1" slack="2147483647"/>
</pin_list>
<bind>
<StgValue><ssdm name="ap_fifo_str"/></StgValue>
</bind>
</comp>

<comp id="6" class="1001" name="const_6">
<pin_list>
<pin id="7" dir="1" index="0" bw="1" slack="2147483647"/>
</pin_list>
<bind>
<StgValue><ssdm name=""/></StgValue>
</bind>
</comp>

<comp id="8" class="1001" name="const_8">
<pin_list>
<pin id="9" dir="1" index="0" bw="1" slack="2147483647"/>
</pin_list>
<bind>
<StgValue><ssdm name="p_str"/></StgValue>
</bind>
</comp>

<comp id="10" class="1001" name="const_10">
<pin_list>
<pin id="11" dir="1" index="0" bw="1" slack="2147483647"/>
</pin_list>
<bind>
<StgValue><ssdm name=""/></StgValue>
</bind>
</comp>

<comp id="12" class="1001" name="const_12">
<pin_list>
<pin id="13" dir="1" index="0" bw="1" slack="2147483647"/>
</pin_list>
<bind>
<StgValue><ssdm name=""/></StgValue>
</bind>
</comp>

<comp id="14" class="1001" name="const_14">
<pin_list>
<pin id="15" dir="1" index="0" bw="1" slack="0"/>
</pin_list>
<bind>
<StgValue><ssdm name="_ssdm_op_Read.ap_fifo.i256P"/></StgValue>
</bind>
</comp>

<comp id="16" class="1001" name="const_16">
<pin_list>
<pin id="17" dir="1" index="0" bw="1" slack="0"/>
</pin_list>
<bind>
<StgValue><ssdm name="_ssdm_op_PartSelect.i13.i256.i32.i32"/></StgValue>
</bind>
</comp>

<comp id="18" class="1001" name="const_18">
<pin_list>
<pin id="19" dir="1" index="0" bw="1" slack="0"/>
</pin_list>
<bind>
<StgValue><ssdm name=""/></StgValue>
</bind>
</comp>

<comp id="20" class="1001" name="const_20">
<pin_list>
<pin id="21" dir="1" index="0" bw="1" slack="0"/>
</pin_list>
<bind>
<StgValue><ssdm name=""/></StgValue>
</bind>
</comp>

<comp id="22" class="1001" name="const_22">
<pin_list>
<pin id="23" dir="1" index="0" bw="1" slack="0"/>
</pin_list>
<bind>
<StgValue><ssdm name=""/></StgValue>
</bind>
</comp>

<comp id="24" class="1001" name="const_24">
<pin_list>
<pin id="25" dir="1" index="0" bw="1" slack="0"/>
</pin_list>
<bind>
<StgValue><ssdm name=""/></StgValue>
</bind>
</comp>

<comp id="26" class="1001" name="const_26">
<pin_list>
<pin id="27" dir="1" index="0" bw="1" slack="0"/>
</pin_list>
<bind>
<StgValue><ssdm name=""/></StgValue>
</bind>
</comp>

<comp id="28" class="1001" name="const_28">
<pin_list>
<pin id="29" dir="1" index="0" bw="1" slack="0"/>
</pin_list>
<bind>
<StgValue><ssdm name=""/></StgValue>
</bind>
</comp>

<comp id="30" class="1001" name="const_30">
<pin_list>
<pin id="31" dir="1" index="0" bw="1" slack="0"/>
</pin_list>
<bind>
<StgValue><ssdm name=""/></StgValue>
</bind>
</comp>

<comp id="32" class="1001" name="const_32">
<pin_list>
<pin id="33" dir="1" index="0" bw="1" slack="0"/>
</pin_list>
<bind>
<StgValue><ssdm name=""/></StgValue>
</bind>
</comp>

<comp id="34" class="1001" name="const_34">
<pin_list>
<pin id="35" dir="1" index="0" bw="1" slack="0"/>
</pin_list>
<bind>
<StgValue><ssdm name=""/></StgValue>
</bind>
</comp>

<comp id="36" class="1001" name="const_36">
<pin_list>
<pin id="37" dir="1" index="0" bw="1" slack="0"/>
</pin_list>
<bind>
<StgValue><ssdm name=""/></StgValue>
</bind>
</comp>

<comp id="38" class="1001" name="const_38">
<pin_list>
<pin id="39" dir="1" index="0" bw="1" slack="0"/>
</pin_list>
<bind>
<StgValue><ssdm name=""/></StgValue>
</bind>
</comp>

<comp id="40" class="1001" name="const_40">
<pin_list>
<pin id="41" dir="1" index="0" bw="1" slack="0"/>
</pin_list>
<bind>
<StgValue><ssdm name=""/></StgValue>
</bind>
</comp>

<comp id="42" class="1001" name="const_42">
<pin_list>
<pin id="43" dir="1" index="0" bw="1" slack="0"/>
</pin_list>
<bind>
<StgValue><ssdm name=""/></StgValue>
</bind>
</comp>

<comp id="44" class="1001" name="const_44">
<pin_list>
<pin id="45" dir="1" index="0" bw="1" slack="0"/>
</pin_list>
<bind>
<StgValue><ssdm name=""/></StgValue>
</bind>
</comp>

<comp id="46" class="1001" name="const_46">
<pin_list>
<pin id="47" dir="1" index="0" bw="1" slack="0"/>
</pin_list>
<bind>
<StgValue><ssdm name=""/></StgValue>
</bind>
</comp>

<comp id="48" class="1001" name="const_48">
<pin_list>
<pin id="49" dir="1" index="0" bw="1" slack="0"/>
</pin_list>
<bind>
<StgValue><ssdm name=""/></StgValue>
</bind>
</comp>

<comp id="50" class="1001" name="const_50">
<pin_list>
<pin id="51" dir="1" index="0" bw="1" slack="0"/>
</pin_list>
<bind>
<StgValue><ssdm name=""/></StgValue>
</bind>
</comp>

<comp id="52" class="1001" name="const_52">
<pin_list>
<pin id="53" dir="1" index="0" bw="1" slack="0"/>
</pin_list>
<bind>
<StgValue><ssdm name=""/></StgValue>
</bind>
</comp>

<comp id="54" class="1001" name="const_54">
<pin_list>
<pin id="55" dir="1" index="0" bw="1" slack="0"/>
</pin_list>
<bind>
<StgValue><ssdm name=""/></StgValue>
</bind>
</comp>

<comp id="56" class="1001" name="const_56">
<pin_list>
<pin id="57" dir="1" index="0" bw="1" slack="0"/>
</pin_list>
<bind>
<StgValue><ssdm name=""/></StgValue>
</bind>
</comp>

<comp id="58" class="1001" name="const_58">
<pin_list>
<pin id="59" dir="1" index="0" bw="1" slack="0"/>
</pin_list>
<bind>
<StgValue><ssdm name=""/></StgValue>
</bind>
</comp>

<comp id="60" class="1001" name="const_60">
<pin_list>
<pin id="61" dir="1" index="0" bw="1" slack="0"/>
</pin_list>
<bind>
<StgValue><ssdm name=""/></StgValue>
</bind>
</comp>

<comp id="62" class="1001" name="const_62">
<pin_list>
<pin id="63" dir="1" index="0" bw="1" slack="0"/>
</pin_list>
<bind>
<StgValue><ssdm name=""/></StgValue>
</bind>
</comp>

<comp id="64" class="1001" name="const_64">
<pin_list>
<pin id="65" dir="1" index="0" bw="1" slack="0"/>
</pin_list>
<bind>
<StgValue><ssdm name=""/></StgValue>
</bind>
</comp>

<comp id="66" class="1001" name="const_66">
<pin_list>
<pin id="67" dir="1" index="0" bw="1" slack="0"/>
</pin_list>
<bind>
<StgValue><ssdm name=""/></StgValue>
</bind>
</comp>

<comp id="68" class="1001" name="const_68">
<pin_list>
<pin id="69" dir="1" index="0" bw="1" slack="0"/>
</pin_list>
<bind>
<StgValue><ssdm name=""/></StgValue>
</bind>
</comp>

<comp id="70" class="1001" name="const_70">
<pin_list>
<pin id="71" dir="1" index="0" bw="1" slack="0"/>
</pin_list>
<bind>
<StgValue><ssdm name=""/></StgValue>
</bind>
</comp>

<comp id="72" class="1001" name="const_72">
<pin_list>
<pin id="73" dir="1" index="0" bw="1" slack="0"/>
</pin_list>
<bind>
<StgValue><ssdm name=""/></StgValue>
</bind>
</comp>

<comp id="74" class="1001" name="const_74">
<pin_list>
<pin id="75" dir="1" index="0" bw="1" slack="0"/>
</pin_list>
<bind>
<StgValue><ssdm name=""/></StgValue>
</bind>
</comp>

<comp id="76" class="1001" name="const_76">
<pin_list>
<pin id="77" dir="1" index="0" bw="1" slack="0"/>
</pin_list>
<bind>
<StgValue><ssdm name=""/></StgValue>
</bind>
</comp>

<comp id="78" class="1001" name="const_78">
<pin_list>
<pin id="79" dir="1" index="0" bw="1" slack="0"/>
</pin_list>
<bind>
<StgValue><ssdm name=""/></StgValue>
</bind>
</comp>

<comp id="80" class="1001" name="const_80">
<pin_list>
<pin id="81" dir="1" index="0" bw="1" slack="0"/>
</pin_list>
<bind>
<StgValue><ssdm name=""/></StgValue>
</bind>
</comp>

<comp id="82" class="1001" name="const_82">
<pin_list>
<pin id="83" dir="1" index="0" bw="1" slack="0"/>
</pin_list>
<bind>
<StgValue><ssdm name=""/></StgValue>
</bind>
</comp>

<comp id="84" class="1004" name="in_V_read_read_fu_84">
<pin_list>
<pin id="85" dir="0" index="0" bw="256" slack="0"/>
<pin id="86" dir="0" index="1" bw="256" slack="0"/>
<pin id="87" dir="1" index="2" bw="256" slack="0"/>
</pin_list>
<bind>
<opcode="read(1150) " fcode="read"/>
<opset="in_V_read/1 "/>
</bind>
</comp>

<comp id="90" class="1004" name="s_in_0_V_fu_90">
<pin_list>
<pin id="91" dir="0" index="0" bw="13" slack="0"/>
<pin id="92" dir="0" index="1" bw="256" slack="0"/>
<pin id="93" dir="0" index="2" bw="3" slack="0"/>
<pin id="94" dir="0" index="3" bw="5" slack="0"/>
<pin id="95" dir="1" index="4" bw="13" slack="0"/>
</pin_list>
<bind>
<opcode="partselect(1002) " fcode="partselect"/>
<opset="s_in_0_V/1 "/>
</bind>
</comp>

<comp id="100" class="1004" name="s_in_1_V_fu_100">
<pin_list>
<pin id="101" dir="0" index="0" bw="13" slack="0"/>
<pin id="102" dir="0" index="1" bw="256" slack="0"/>
<pin id="103" dir="0" index="2" bw="6" slack="0"/>
<pin id="104" dir="0" index="3" bw="6" slack="0"/>
<pin id="105" dir="1" index="4" bw="13" slack="0"/>
</pin_list>
<bind>
<opcode="partselect(1002) " fcode="partselect"/>
<opset="s_in_1_V/1 "/>
</bind>
</comp>

<comp id="110" class="1004" name="s_in_2_V_fu_110">
<pin_list>
<pin id="111" dir="0" index="0" bw="13" slack="0"/>
<pin id="112" dir="0" index="1" bw="256" slack="0"/>
<pin id="113" dir="0" index="2" bw="7" slack="0"/>
<pin id="114" dir="0" index="3" bw="7" slack="0"/>
<pin id="115" dir="1" index="4" bw="13" slack="0"/>
</pin_list>
<bind>
<opcode="partselect(1002) " fcode="partselect"/>
<opset="s_in_2_V/1 "/>
</bind>
</comp>

<comp id="120" class="1004" name="s_in_3_V_fu_120">
<pin_list>
<pin id="121" dir="0" index="0" bw="13" slack="0"/>
<pin id="122" dir="0" index="1" bw="256" slack="0"/>
<pin id="123" dir="0" index="2" bw="7" slack="0"/>
<pin id="124" dir="0" index="3" bw="7" slack="0"/>
<pin id="125" dir="1" index="4" bw="13" slack="0"/>
</pin_list>
<bind>
<opcode="partselect(1002) " fcode="partselect"/>
<opset="s_in_3_V/1 "/>
</bind>
</comp>

<comp id="130" class="1004" name="s_in_4_V_fu_130">
<pin_list>
<pin id="131" dir="0" index="0" bw="13" slack="0"/>
<pin id="132" dir="0" index="1" bw="256" slack="0"/>
<pin id="133" dir="0" index="2" bw="8" slack="0"/>
<pin id="134" dir="0" index="3" bw="8" slack="0"/>
<pin id="135" dir="1" index="4" bw="13" slack="0"/>
</pin_list>
<bind>
<opcode="partselect(1002) " fcode="partselect"/>
<opset="s_in_4_V/1 "/>
</bind>
</comp>

<comp id="140" class="1004" name="s_in_5_V_fu_140">
<pin_list>
<pin id="141" dir="0" index="0" bw="13" slack="0"/>
<pin id="142" dir="0" index="1" bw="256" slack="0"/>
<pin id="143" dir="0" index="2" bw="8" slack="0"/>
<pin id="144" dir="0" index="3" bw="8" slack="0"/>
<pin id="145" dir="1" index="4" bw="13" slack="0"/>
</pin_list>
<bind>
<opcode="partselect(1002) " fcode="partselect"/>
<opset="s_in_5_V/1 "/>
</bind>
</comp>

<comp id="150" class="1004" name="s_in_6_V_fu_150">
<pin_list>
<pin id="151" dir="0" index="0" bw="13" slack="0"/>
<pin id="152" dir="0" index="1" bw="256" slack="0"/>
<pin id="153" dir="0" index="2" bw="8" slack="0"/>
<pin id="154" dir="0" index="3" bw="8" slack="0"/>
<pin id="155" dir="1" index="4" bw="13" slack="0"/>
</pin_list>
<bind>
<opcode="partselect(1002) " fcode="partselect"/>
<opset="s_in_6_V/1 "/>
</bind>
</comp>

<comp id="160" class="1004" name="s_in_7_V_fu_160">
<pin_list>
<pin id="161" dir="0" index="0" bw="13" slack="0"/>
<pin id="162" dir="0" index="1" bw="256" slack="0"/>
<pin id="163" dir="0" index="2" bw="8" slack="0"/>
<pin id="164" dir="0" index="3" bw="8" slack="0"/>
<pin id="165" dir="1" index="4" bw="13" slack="0"/>
</pin_list>
<bind>
<opcode="partselect(1002) " fcode="partselect"/>
<opset="s_in_7_V/1 "/>
</bind>
</comp>

<comp id="170" class="1004" name="s_in_8_V_fu_170">
<pin_list>
<pin id="171" dir="0" index="0" bw="13" slack="0"/>
<pin id="172" dir="0" index="1" bw="256" slack="0"/>
<pin id="173" dir="0" index="2" bw="9" slack="0"/>
<pin id="174" dir="0" index="3" bw="9" slack="0"/>
<pin id="175" dir="1" index="4" bw="13" slack="0"/>
</pin_list>
<bind>
<opcode="partselect(1002) " fcode="partselect"/>
<opset="s_in_8_V/1 "/>
</bind>
</comp>

<comp id="180" class="1004" name="s_in_9_V_fu_180">
<pin_list>
<pin id="181" dir="0" index="0" bw="13" slack="0"/>
<pin id="182" dir="0" index="1" bw="256" slack="0"/>
<pin id="183" dir="0" index="2" bw="9" slack="0"/>
<pin id="184" dir="0" index="3" bw="9" slack="0"/>
<pin id="185" dir="1" index="4" bw="13" slack="0"/>
</pin_list>
<bind>
<opcode="partselect(1002) " fcode="partselect"/>
<opset="s_in_9_V/1 "/>
</bind>
</comp>

<comp id="190" class="1004" name="s_in_10_V_fu_190">
<pin_list>
<pin id="191" dir="0" index="0" bw="13" slack="0"/>
<pin id="192" dir="0" index="1" bw="256" slack="0"/>
<pin id="193" dir="0" index="2" bw="9" slack="0"/>
<pin id="194" dir="0" index="3" bw="9" slack="0"/>
<pin id="195" dir="1" index="4" bw="13" slack="0"/>
</pin_list>
<bind>
<opcode="partselect(1002) " fcode="partselect"/>
<opset="s_in_10_V/1 "/>
</bind>
</comp>

<comp id="200" class="1004" name="s_in_11_V_fu_200">
<pin_list>
<pin id="201" dir="0" index="0" bw="13" slack="0"/>
<pin id="202" dir="0" index="1" bw="256" slack="0"/>
<pin id="203" dir="0" index="2" bw="9" slack="0"/>
<pin id="204" dir="0" index="3" bw="9" slack="0"/>
<pin id="205" dir="1" index="4" bw="13" slack="0"/>
</pin_list>
<bind>
<opcode="partselect(1002) " fcode="partselect"/>
<opset="s_in_11_V/1 "/>
</bind>
</comp>

<comp id="210" class="1004" name="s_in_12_V_fu_210">
<pin_list>
<pin id="211" dir="0" index="0" bw="13" slack="0"/>
<pin id="212" dir="0" index="1" bw="256" slack="0"/>
<pin id="213" dir="0" index="2" bw="9" slack="0"/>
<pin id="214" dir="0" index="3" bw="9" slack="0"/>
<pin id="215" dir="1" index="4" bw="13" slack="0"/>
</pin_list>
<bind>
<opcode="partselect(1002) " fcode="partselect"/>
<opset="s_in_12_V/1 "/>
</bind>
</comp>

<comp id="220" class="1004" name="s_in_13_V_fu_220">
<pin_list>
<pin id="221" dir="0" index="0" bw="13" slack="0"/>
<pin id="222" dir="0" index="1" bw="256" slack="0"/>
<pin id="223" dir="0" index="2" bw="9" slack="0"/>
<pin id="224" dir="0" index="3" bw="9" slack="0"/>
<pin id="225" dir="1" index="4" bw="13" slack="0"/>
</pin_list>
<bind>
<opcode="partselect(1002) " fcode="partselect"/>
<opset="s_in_13_V/1 "/>
</bind>
</comp>

<comp id="230" class="1004" name="s_in_14_V_fu_230">
<pin_list>
<pin id="231" dir="0" index="0" bw="13" slack="0"/>
<pin id="232" dir="0" index="1" bw="256" slack="0"/>
<pin id="233" dir="0" index="2" bw="9" slack="0"/>
<pin id="234" dir="0" index="3" bw="9" slack="0"/>
<pin id="235" dir="1" index="4" bw="13" slack="0"/>
</pin_list>
<bind>
<opcode="partselect(1002) " fcode="partselect"/>
<opset="s_in_14_V/1 "/>
</bind>
</comp>

<comp id="240" class="1004" name="s_in_15_V_fu_240">
<pin_list>
<pin id="241" dir="0" index="0" bw="13" slack="0"/>
<pin id="242" dir="0" index="1" bw="256" slack="0"/>
<pin id="243" dir="0" index="2" bw="9" slack="0"/>
<pin id="244" dir="0" index="3" bw="9" slack="0"/>
<pin id="245" dir="1" index="4" bw="13" slack="0"/>
</pin_list>
<bind>
<opcode="partselect(1002) " fcode="partselect"/>
<opset="s_in_15_V/1 "/>
</bind>
</comp>

<comp id="250" class="1004" name="mrv_i_fu_250">
<pin_list>
<pin id="251" dir="0" index="0" bw="208" slack="0"/>
<pin id="252" dir="0" index="1" bw="13" slack="0"/>
<pin id="253" dir="1" index="2" bw="208" slack="0"/>
</pin_list>
<bind>
<opcode="insertvalue(57) " fcode="insertvalue"/>
<opset="mrv_i/1 "/>
</bind>
</comp>

<comp id="256" class="1004" name="mrv_1_i_fu_256">
<pin_list>
<pin id="257" dir="0" index="0" bw="208" slack="0"/>
<pin id="258" dir="0" index="1" bw="13" slack="0"/>
<pin id="259" dir="1" index="2" bw="208" slack="0"/>
</pin_list>
<bind>
<opcode="insertvalue(57) " fcode="insertvalue"/>
<opset="mrv_1_i/1 "/>
</bind>
</comp>

<comp id="262" class="1004" name="mrv_2_i_fu_262">
<pin_list>
<pin id="263" dir="0" index="0" bw="208" slack="0"/>
<pin id="264" dir="0" index="1" bw="13" slack="0"/>
<pin id="265" dir="1" index="2" bw="208" slack="0"/>
</pin_list>
<bind>
<opcode="insertvalue(57) " fcode="insertvalue"/>
<opset="mrv_2_i/1 "/>
</bind>
</comp>

<comp id="268" class="1004" name="mrv_3_i_fu_268">
<pin_list>
<pin id="269" dir="0" index="0" bw="208" slack="0"/>
<pin id="270" dir="0" index="1" bw="13" slack="0"/>
<pin id="271" dir="1" index="2" bw="208" slack="0"/>
</pin_list>
<bind>
<opcode="insertvalue(57) " fcode="insertvalue"/>
<opset="mrv_3_i/1 "/>
</bind>
</comp>

<comp id="274" class="1004" name="mrv_4_i_fu_274">
<pin_list>
<pin id="275" dir="0" index="0" bw="208" slack="0"/>
<pin id="276" dir="0" index="1" bw="13" slack="0"/>
<pin id="277" dir="1" index="2" bw="208" slack="0"/>
</pin_list>
<bind>
<opcode="insertvalue(57) " fcode="insertvalue"/>
<opset="mrv_4_i/1 "/>
</bind>
</comp>

<comp id="280" class="1004" name="mrv_5_i_fu_280">
<pin_list>
<pin id="281" dir="0" index="0" bw="208" slack="0"/>
<pin id="282" dir="0" index="1" bw="13" slack="0"/>
<pin id="283" dir="1" index="2" bw="208" slack="0"/>
</pin_list>
<bind>
<opcode="insertvalue(57) " fcode="insertvalue"/>
<opset="mrv_5_i/1 "/>
</bind>
</comp>

<comp id="286" class="1004" name="mrv_6_i_fu_286">
<pin_list>
<pin id="287" dir="0" index="0" bw="208" slack="0"/>
<pin id="288" dir="0" index="1" bw="13" slack="0"/>
<pin id="289" dir="1" index="2" bw="208" slack="0"/>
</pin_list>
<bind>
<opcode="insertvalue(57) " fcode="insertvalue"/>
<opset="mrv_6_i/1 "/>
</bind>
</comp>

<comp id="292" class="1004" name="mrv_7_i_fu_292">
<pin_list>
<pin id="293" dir="0" index="0" bw="208" slack="0"/>
<pin id="294" dir="0" index="1" bw="13" slack="0"/>
<pin id="295" dir="1" index="2" bw="208" slack="0"/>
</pin_list>
<bind>
<opcode="insertvalue(57) " fcode="insertvalue"/>
<opset="mrv_7_i/1 "/>
</bind>
</comp>

<comp id="298" class="1004" name="mrv_8_i_fu_298">
<pin_list>
<pin id="299" dir="0" index="0" bw="208" slack="0"/>
<pin id="300" dir="0" index="1" bw="13" slack="0"/>
<pin id="301" dir="1" index="2" bw="208" slack="0"/>
</pin_list>
<bind>
<opcode="insertvalue(57) " fcode="insertvalue"/>
<opset="mrv_8_i/1 "/>
</bind>
</comp>

<comp id="304" class="1004" name="mrv_9_i_fu_304">
<pin_list>
<pin id="305" dir="0" index="0" bw="208" slack="0"/>
<pin id="306" dir="0" index="1" bw="13" slack="0"/>
<pin id="307" dir="1" index="2" bw="208" slack="0"/>
</pin_list>
<bind>
<opcode="insertvalue(57) " fcode="insertvalue"/>
<opset="mrv_9_i/1 "/>
</bind>
</comp>

<comp id="310" class="1004" name="mrv_10_i_fu_310">
<pin_list>
<pin id="311" dir="0" index="0" bw="208" slack="0"/>
<pin id="312" dir="0" index="1" bw="13" slack="0"/>
<pin id="313" dir="1" index="2" bw="208" slack="0"/>
</pin_list>
<bind>
<opcode="insertvalue(57) " fcode="insertvalue"/>
<opset="mrv_10_i/1 "/>
</bind>
</comp>

<comp id="316" class="1004" name="mrv_11_i_fu_316">
<pin_list>
<pin id="317" dir="0" index="0" bw="208" slack="0"/>
<pin id="318" dir="0" index="1" bw="13" slack="0"/>
<pin id="319" dir="1" index="2" bw="208" slack="0"/>
</pin_list>
<bind>
<opcode="insertvalue(57) " fcode="insertvalue"/>
<opset="mrv_11_i/1 "/>
</bind>
</comp>

<comp id="322" class="1004" name="mrv_12_i_fu_322">
<pin_list>
<pin id="323" dir="0" index="0" bw="208" slack="0"/>
<pin id="324" dir="0" index="1" bw="13" slack="0"/>
<pin id="325" dir="1" index="2" bw="208" slack="0"/>
</pin_list>
<bind>
<opcode="insertvalue(57) " fcode="insertvalue"/>
<opset="mrv_12_i/1 "/>
</bind>
</comp>

<comp id="328" class="1004" name="mrv_13_i_fu_328">
<pin_list>
<pin id="329" dir="0" index="0" bw="208" slack="0"/>
<pin id="330" dir="0" index="1" bw="13" slack="0"/>
<pin id="331" dir="1" index="2" bw="208" slack="0"/>
</pin_list>
<bind>
<opcode="insertvalue(57) " fcode="insertvalue"/>
<opset="mrv_13_i/1 "/>
</bind>
</comp>

<comp id="334" class="1004" name="mrv_14_i_fu_334">
<pin_list>
<pin id="335" dir="0" index="0" bw="208" slack="0"/>
<pin id="336" dir="0" index="1" bw="13" slack="0"/>
<pin id="337" dir="1" index="2" bw="208" slack="0"/>
</pin_list>
<bind>
<opcode="insertvalue(57) " fcode="insertvalue"/>
<opset="mrv_14_i/1 "/>
</bind>
</comp>

<comp id="340" class="1004" name="mrv_15_i_fu_340">
<pin_list>
<pin id="341" dir="0" index="0" bw="208" slack="0"/>
<pin id="342" dir="0" index="1" bw="13" slack="0"/>
<pin id="343" dir="1" index="2" bw="208" slack="2147483647"/>
</pin_list>
<bind>
<opcode="insertvalue(57) " fcode="insertvalue"/>
<opset="mrv_15_i/1 "/>
</bind>
</comp>

</comp_list>

<net_list>
<net id="88"><net_src comp="14" pin="0"/><net_sink comp="84" pin=0"/></net>

<net id="89"><net_src comp="0" pin="0"/><net_sink comp="84" pin=1"/></net>

<net id="96"><net_src comp="16" pin="0"/><net_sink comp="90" pin=0"/></net>

<net id="97"><net_src comp="84" pin="2"/><net_sink comp="90" pin=1"/></net>

<net id="98"><net_src comp="18" pin="0"/><net_sink comp="90" pin=2"/></net>

<net id="99"><net_src comp="20" pin="0"/><net_sink comp="90" pin=3"/></net>

<net id="106"><net_src comp="16" pin="0"/><net_sink comp="100" pin=0"/></net>

<net id="107"><net_src comp="84" pin="2"/><net_sink comp="100" pin=1"/></net>

<net id="108"><net_src comp="22" pin="0"/><net_sink comp="100" pin=2"/></net>

<net id="109"><net_src comp="24" pin="0"/><net_sink comp="100" pin=3"/></net>

<net id="116"><net_src comp="16" pin="0"/><net_sink comp="110" pin=0"/></net>

<net id="117"><net_src comp="84" pin="2"/><net_sink comp="110" pin=1"/></net>

<net id="118"><net_src comp="26" pin="0"/><net_sink comp="110" pin=2"/></net>

<net id="119"><net_src comp="28" pin="0"/><net_sink comp="110" pin=3"/></net>

<net id="126"><net_src comp="16" pin="0"/><net_sink comp="120" pin=0"/></net>

<net id="127"><net_src comp="84" pin="2"/><net_sink comp="120" pin=1"/></net>

<net id="128"><net_src comp="30" pin="0"/><net_sink comp="120" pin=2"/></net>

<net id="129"><net_src comp="32" pin="0"/><net_sink comp="120" pin=3"/></net>

<net id="136"><net_src comp="16" pin="0"/><net_sink comp="130" pin=0"/></net>

<net id="137"><net_src comp="84" pin="2"/><net_sink comp="130" pin=1"/></net>

<net id="138"><net_src comp="34" pin="0"/><net_sink comp="130" pin=2"/></net>

<net id="139"><net_src comp="36" pin="0"/><net_sink comp="130" pin=3"/></net>

<net id="146"><net_src comp="16" pin="0"/><net_sink comp="140" pin=0"/></net>

<net id="147"><net_src comp="84" pin="2"/><net_sink comp="140" pin=1"/></net>

<net id="148"><net_src comp="38" pin="0"/><net_sink comp="140" pin=2"/></net>

<net id="149"><net_src comp="40" pin="0"/><net_sink comp="140" pin=3"/></net>

<net id="156"><net_src comp="16" pin="0"/><net_sink comp="150" pin=0"/></net>

<net id="157"><net_src comp="84" pin="2"/><net_sink comp="150" pin=1"/></net>

<net id="158"><net_src comp="42" pin="0"/><net_sink comp="150" pin=2"/></net>

<net id="159"><net_src comp="44" pin="0"/><net_sink comp="150" pin=3"/></net>

<net id="166"><net_src comp="16" pin="0"/><net_sink comp="160" pin=0"/></net>

<net id="167"><net_src comp="84" pin="2"/><net_sink comp="160" pin=1"/></net>

<net id="168"><net_src comp="46" pin="0"/><net_sink comp="160" pin=2"/></net>

<net id="169"><net_src comp="48" pin="0"/><net_sink comp="160" pin=3"/></net>

<net id="176"><net_src comp="16" pin="0"/><net_sink comp="170" pin=0"/></net>

<net id="177"><net_src comp="84" pin="2"/><net_sink comp="170" pin=1"/></net>

<net id="178"><net_src comp="50" pin="0"/><net_sink comp="170" pin=2"/></net>

<net id="179"><net_src comp="52" pin="0"/><net_sink comp="170" pin=3"/></net>

<net id="186"><net_src comp="16" pin="0"/><net_sink comp="180" pin=0"/></net>

<net id="187"><net_src comp="84" pin="2"/><net_sink comp="180" pin=1"/></net>

<net id="188"><net_src comp="54" pin="0"/><net_sink comp="180" pin=2"/></net>

<net id="189"><net_src comp="56" pin="0"/><net_sink comp="180" pin=3"/></net>

<net id="196"><net_src comp="16" pin="0"/><net_sink comp="190" pin=0"/></net>

<net id="197"><net_src comp="84" pin="2"/><net_sink comp="190" pin=1"/></net>

<net id="198"><net_src comp="58" pin="0"/><net_sink comp="190" pin=2"/></net>

<net id="199"><net_src comp="60" pin="0"/><net_sink comp="190" pin=3"/></net>

<net id="206"><net_src comp="16" pin="0"/><net_sink comp="200" pin=0"/></net>

<net id="207"><net_src comp="84" pin="2"/><net_sink comp="200" pin=1"/></net>

<net id="208"><net_src comp="62" pin="0"/><net_sink comp="200" pin=2"/></net>

<net id="209"><net_src comp="64" pin="0"/><net_sink comp="200" pin=3"/></net>

<net id="216"><net_src comp="16" pin="0"/><net_sink comp="210" pin=0"/></net>

<net id="217"><net_src comp="84" pin="2"/><net_sink comp="210" pin=1"/></net>

<net id="218"><net_src comp="66" pin="0"/><net_sink comp="210" pin=2"/></net>

<net id="219"><net_src comp="68" pin="0"/><net_sink comp="210" pin=3"/></net>

<net id="226"><net_src comp="16" pin="0"/><net_sink comp="220" pin=0"/></net>

<net id="227"><net_src comp="84" pin="2"/><net_sink comp="220" pin=1"/></net>

<net id="228"><net_src comp="70" pin="0"/><net_sink comp="220" pin=2"/></net>

<net id="229"><net_src comp="72" pin="0"/><net_sink comp="220" pin=3"/></net>

<net id="236"><net_src comp="16" pin="0"/><net_sink comp="230" pin=0"/></net>

<net id="237"><net_src comp="84" pin="2"/><net_sink comp="230" pin=1"/></net>

<net id="238"><net_src comp="74" pin="0"/><net_sink comp="230" pin=2"/></net>

<net id="239"><net_src comp="76" pin="0"/><net_sink comp="230" pin=3"/></net>

<net id="246"><net_src comp="16" pin="0"/><net_sink comp="240" pin=0"/></net>

<net id="247"><net_src comp="84" pin="2"/><net_sink comp="240" pin=1"/></net>

<net id="248"><net_src comp="78" pin="0"/><net_sink comp="240" pin=2"/></net>

<net id="249"><net_src comp="80" pin="0"/><net_sink comp="240" pin=3"/></net>

<net id="254"><net_src comp="82" pin="0"/><net_sink comp="250" pin=0"/></net>

<net id="255"><net_src comp="90" pin="4"/><net_sink comp="250" pin=1"/></net>

<net id="260"><net_src comp="250" pin="2"/><net_sink comp="256" pin=0"/></net>

<net id="261"><net_src comp="100" pin="4"/><net_sink comp="256" pin=1"/></net>

<net id="266"><net_src comp="256" pin="2"/><net_sink comp="262" pin=0"/></net>

<net id="267"><net_src comp="110" pin="4"/><net_sink comp="262" pin=1"/></net>

<net id="272"><net_src comp="262" pin="2"/><net_sink comp="268" pin=0"/></net>

<net id="273"><net_src comp="120" pin="4"/><net_sink comp="268" pin=1"/></net>

<net id="278"><net_src comp="268" pin="2"/><net_sink comp="274" pin=0"/></net>

<net id="279"><net_src comp="130" pin="4"/><net_sink comp="274" pin=1"/></net>

<net id="284"><net_src comp="274" pin="2"/><net_sink comp="280" pin=0"/></net>

<net id="285"><net_src comp="140" pin="4"/><net_sink comp="280" pin=1"/></net>

<net id="290"><net_src comp="280" pin="2"/><net_sink comp="286" pin=0"/></net>

<net id="291"><net_src comp="150" pin="4"/><net_sink comp="286" pin=1"/></net>

<net id="296"><net_src comp="286" pin="2"/><net_sink comp="292" pin=0"/></net>

<net id="297"><net_src comp="160" pin="4"/><net_sink comp="292" pin=1"/></net>

<net id="302"><net_src comp="292" pin="2"/><net_sink comp="298" pin=0"/></net>

<net id="303"><net_src comp="170" pin="4"/><net_sink comp="298" pin=1"/></net>

<net id="308"><net_src comp="298" pin="2"/><net_sink comp="304" pin=0"/></net>

<net id="309"><net_src comp="180" pin="4"/><net_sink comp="304" pin=1"/></net>

<net id="314"><net_src comp="304" pin="2"/><net_sink comp="310" pin=0"/></net>

<net id="315"><net_src comp="190" pin="4"/><net_sink comp="310" pin=1"/></net>

<net id="320"><net_src comp="310" pin="2"/><net_sink comp="316" pin=0"/></net>

<net id="321"><net_src comp="200" pin="4"/><net_sink comp="316" pin=1"/></net>

<net id="326"><net_src comp="316" pin="2"/><net_sink comp="322" pin=0"/></net>

<net id="327"><net_src comp="210" pin="4"/><net_sink comp="322" pin=1"/></net>

<net id="332"><net_src comp="322" pin="2"/><net_sink comp="328" pin=0"/></net>

<net id="333"><net_src comp="220" pin="4"/><net_sink comp="328" pin=1"/></net>

<net id="338"><net_src comp="328" pin="2"/><net_sink comp="334" pin=0"/></net>

<net id="339"><net_src comp="230" pin="4"/><net_sink comp="334" pin=1"/></net>

<net id="344"><net_src comp="334" pin="2"/><net_sink comp="340" pin=0"/></net>

<net id="345"><net_src comp="240" pin="4"/><net_sink comp="340" pin=1"/></net>

</net_list>

</model> 
---------------- Datapath Model END ------------------

* FSMD analyzer results:
  - Output states:
 - Input state : 
	Port: svm_classifier_Block__proc : in_V | {1 }
  - Chain level:
	State 1
		mrv_i : 1
		mrv_1_i : 2
		mrv_2_i : 3
		mrv_3_i : 4
		mrv_4_i : 5
		mrv_5_i : 6
		mrv_6_i : 7
		mrv_7_i : 8
		mrv_8_i : 9
		mrv_9_i : 10
		mrv_10_i : 11
		mrv_11_i : 12
		mrv_12_i : 13
		mrv_13_i : 14
		mrv_14_i : 15
		mrv_15_i : 16
		stg_36 : 17


============================================================
+ Verbose Summary: Datapath Resource usage 
============================================================

* Functional unit list:
|----------|----------------------|
| Operation|    Functional Unit   |
|----------|----------------------|
|   read   | in_V_read_read_fu_84 |
|----------|----------------------|
|          |    s_in_0_V_fu_90    |
|          |    s_in_1_V_fu_100   |
|          |    s_in_2_V_fu_110   |
|          |    s_in_3_V_fu_120   |
|          |    s_in_4_V_fu_130   |
|          |    s_in_5_V_fu_140   |
|          |    s_in_6_V_fu_150   |
|partselect|    s_in_7_V_fu_160   |
|          |    s_in_8_V_fu_170   |
|          |    s_in_9_V_fu_180   |
|          |   s_in_10_V_fu_190   |
|          |   s_in_11_V_fu_200   |
|          |   s_in_12_V_fu_210   |
|          |   s_in_13_V_fu_220   |
|          |   s_in_14_V_fu_230   |
|          |   s_in_15_V_fu_240   |
|----------|----------------------|
|          |     mrv_i_fu_250     |
|          |    mrv_1_i_fu_256    |
|          |    mrv_2_i_fu_262    |
|          |    mrv_3_i_fu_268    |
|          |    mrv_4_i_fu_274    |
|          |    mrv_5_i_fu_280    |
|          |    mrv_6_i_fu_286    |
|insertvalue|    mrv_7_i_fu_292    |
|          |    mrv_8_i_fu_298    |
|          |    mrv_9_i_fu_304    |
|          |    mrv_10_i_fu_310   |
|          |    mrv_11_i_fu_316   |
|          |    mrv_12_i_fu_322   |
|          |    mrv_13_i_fu_328   |
|          |    mrv_14_i_fu_334   |
|          |    mrv_15_i_fu_340   |
|----------|----------------------|
|   Total  |                      |
|----------|----------------------|

Memories:
N/A

* Register list:
N/A

* Multiplexer (MUX) list: 
|--------|------|------|------|--------|
|  Comp  |  Pin | Size |  BW  | S x BW |
|--------|------|------|------|--------|
|  Total |      |      |      |    0   |
|--------|------|------|------|--------|



* Summary:
+-----------+
|           |
+-----------+
|  Function |
|   Memory  |
|Multiplexer|
|  Register |
+-----------+
|   Total   |
+-----------+
