

================================================================
== Vivado HLS Report for 'svm_classifier_svm_classifier_entry3'
================================================================
* Date:           Sun Mar 11 20:16:54 2018

* Version:        2016.2 (Build 1577090 on Thu Jun 02 16:59:10 MDT 2016)
* Project:        svm_classifier_prj
* Solution:       solution1
* Product family: zynq
* Target device:  xc7z020clg484-1


================================================================
== Performance Estimates
================================================================
+ Timing (ns): 
    * Summary: 
    +--------+-------+----------+------------+
    |  Clock | Target| Estimated| Uncertainty|
    +--------+-------+----------+------------+
    |ap_clk  |  10.00|      4.38|        1.25|
    +--------+-------+----------+------------+

+ Latency (clock cycles): 
    * Summary: 
    +-----+-----+-----+-----+---------+
    |  Latency  |  Interval | Pipeline|
    | min | max | min | max |   Type  |
    +-----+-----+-----+-----+---------+
    |    0|    0|    0|    0|   none  |
    +-----+-----+-----+-----+---------+

    + Detail: 
        * Instance: 
        N/A

        * Loop: 
        N/A

============================================================
+ Verbose Summary: Synthesis Manager
============================================================
InlineROM: 1
ExposeGlobal: 0
============================================================
+ Verbose Summary: CDFG Model
============================================================
IsTopModel: 0
ResetActiveHigh: 1
IsCombinational: 2
IsDatapathOnly: 0
HasWiredReturn: 1
HasMFsm: 0
HasVarLatency: 0
IsPipeline: 0
IsRtlPipelined: 0
IsInstanceOverlapped: 0
IsDontTouch: 0
HasImplIP: 0
IsGatedGlobalClock: 0


============================================================
+ Verbose Summary: Schedule
============================================================
* Number of FSM states: 1
* Pipeline: 0
* Dataflow Pipeline: 0

* FSM state transitions: 
1 --> 
* FSM state operations: 

 <State 1>: 4.38ns
ST_1: in_V_read [1/1] 0.00ns
entry:0  %in_V_read = call i256 @_ssdm_op_Read.ap_auto.i256P(i256* %in_V)

ST_1: stg_3 [1/1] 0.00ns
entry:1  call void (...)* @_ssdm_op_SpecInterface(i256* %in_V_out, [8 x i8]* @ap_fifo_str, i32 0, i32 0, i32 0, i32 0, [1 x i8]* @p_str, [1 x i8]* @p_str, [1 x i8]* @p_str, i32 2, i32 2, i32 16, i32 16, [1 x i8]* @p_str)

ST_1: stg_4 [1/1] 4.38ns
entry:2  call void @_ssdm_op_Write.ap_fifo.i256P(i256* %in_V_out, i256 %in_V_read)

ST_1: stg_5 [1/1] 0.00ns
entry:3  ret void



============================================================
+ Verbose Summary: Timing violations
============================================================
Target clock period: 10ns, clock uncertainty: 1.25ns.

 No timing violations. 


============================================================
+ Verbose Summary: Binding
============================================================
N/A
* FSMD analyzer results:
  - Output states:
 - Input state : 
  - Chain level:
	State 1


============================================================
+ Verbose Summary: Datapath Resource usage 
============================================================
N/A
